Log file open, 03/22/22 18:09:24
LogWindows: Failed to load 'aqProf.dll' (GetLastError=126)
LogWindows: File 'aqProf.dll' does not exist
LogWindows: Failed to load 'VtuneApi.dll' (GetLastError=126)
LogWindows: File 'VtuneApi.dll' does not exist
LogWindows: Failed to load 'VtuneApi32e.dll' (GetLastError=126)
LogWindows: File 'VtuneApi32e.dll' does not exist
LogConsoleResponse: Display: Failed to find resolution value strings in scalability ini. Falling back to default.
LogConsoleResponse: Display: Failed to find resolution value strings in scalability ini. Falling back to default.
LogInit: Display: Running engine for game: ArenaBattle
LogPlatformFile: Not using cached read wrapper
LogTaskGraph: Started task graph with 5 named threads and 35 total threads with 3 sets of task threads.
LogStats: Stats thread started at 0.712645
LogICUInternationalization: ICU TimeZone Detection - Raw Offset: +9:00, Platform Override: ''
LogInit: Display: Loading text-based GConfig....
LogPluginManager: Mounting plugin MeshPainting
LogPluginManager: Mounting plugin XGEController
LogPluginManager: Mounting plugin LiveLink
LogPluginManager: Mounting plugin Paper2D
LogPluginManager: Mounting plugin EnvironmentQueryEditor
LogPluginManager: Mounting plugin LightPropagationVolume
LogPluginManager: Mounting plugin GameplayCameras
LogPluginManager: Mounting plugin OodleData
LogPluginManager: Mounting plugin DatasmithContent
LogPluginManager: Mounting plugin CameraShakePreviewer
LogPluginManager: Mounting plugin AISupport
LogPluginManager: Mounting plugin AssetManagerEditor
LogPluginManager: Mounting plugin OodleNetwork
LogPluginManager: Mounting plugin VariantManagerContent
LogPluginManager: Mounting plugin CryptoKeys
LogPluginManager: Mounting plugin CurveEditorTools
LogPluginManager: Mounting plugin FacialAnimation
LogPluginManager: Mounting plugin GeometryMode
LogPluginManager: Mounting plugin MaterialAnalyzer
LogPluginManager: Mounting plugin MacGraphicsSwitching
LogPluginManager: Mounting plugin DataValidation
LogPluginManager: Mounting plugin AnimationSharing
LogPluginManager: Mounting plugin GameplayTagsEditor
LogPluginManager: Mounting plugin PluginBrowser
LogPluginManager: Mounting plugin MobileLauncherProfileWizard
LogPluginManager: Mounting plugin SpeedTreeImporter
LogPluginManager: Mounting plugin PixWinPlugin
LogPluginManager: Mounting plugin KDevelopSourceCodeAccess
LogPluginManager: Mounting plugin NullSourceCodeAccess
LogPluginManager: Mounting plugin CodeLiteSourceCodeAccess
LogPluginManager: Mounting plugin RiderSourceCodeAccess
LogPluginManager: Mounting plugin CLionSourceCodeAccess
LogPluginManager: Mounting plugin GitSourceControl
LogPluginManager: Mounting plugin PerforceSourceControl
LogPluginManager: Mounting plugin PluginUtils
LogPluginManager: Mounting plugin SubversionSourceControl
LogPluginManager: Mounting plugin PlasticSourceControl
LogPluginManager: Mounting plugin PropertyAccessNode
LogPluginManager: Mounting plugin VisualStudioSourceCodeAccess
LogPluginManager: Mounting plugin MagicLeap
LogPluginManager: Mounting plugin TextureFormatOodle
LogPluginManager: Mounting plugin LuminPlatformFeatures
LogPluginManager: Mounting plugin UObjectPlugin
LogPluginManager: Mounting plugin VisualStudioCodeSourceCodeAccess
LogPluginManager: Mounting plugin MagicLeapMedia
LogPluginManager: Mounting plugin XCodeSourceCodeAccess
LogPluginManager: Mounting plugin MagicLeapLightEstimation
LogPluginManager: Mounting plugin MagicLeapPassableWorld
LogPluginManager: Mounting plugin Niagara
LogPluginManager: Mounting plugin MLSDK
LogPluginManager: Mounting plugin AutomationUtils
LogPluginManager: Mounting plugin AlembicImporter
LogPluginManager: Mounting plugin BackChannel
LogPluginManager: Mounting plugin ChaosCloth
LogPluginManager: Mounting plugin ChaosEditor
LogPluginManager: Mounting plugin ChaosNiagara
LogPluginManager: Mounting plugin ChaosClothEditor
LogPluginManager: Mounting plugin ChaosSolverPlugin
LogPluginManager: Mounting plugin CharacterAI
LogPluginManager: Mounting plugin GeometryCollectionPlugin
LogPluginManager: Mounting plugin GeometryCache
LogPluginManager: Mounting plugin TcpMessaging
LogPluginManager: Mounting plugin UdpMessaging
LogPluginManager: Mounting plugin AndroidMedia
LogPluginManager: Mounting plugin AvfMedia
LogPluginManager: Mounting plugin ImgMedia
LogPluginManager: Mounting plugin GeometryProcessing
LogPluginManager: Mounting plugin MediaCompositing
LogPluginManager: Mounting plugin MediaPlayerEditor
LogPluginManager: Mounting plugin ActorSequence
LogPluginManager: Mounting plugin WebMMedia
LogPluginManager: Mounting plugin LevelSequenceEditor
LogPluginManager: Mounting plugin WmfMedia
LogPluginManager: Mounting plugin TemplateSequence
LogPluginManager: Mounting plugin MotoSynth
LogPluginManager: Mounting plugin MatineeToLevelSequence
LogPluginManager: Mounting plugin PlatformCrypto
LogPluginManager: Mounting plugin ProxyLODPlugin
LogPluginManager: Mounting plugin PythonScriptPlugin
LogPluginManager: Mounting plugin OpenImageDenoise
LogPluginManager: Mounting plugin PlanarCut
LogPluginManager: Mounting plugin SkeletalReduction
LogPluginManager: Mounting plugin OnlineSubsystem
LogPluginManager: Mounting plugin OnlineSubsystemUtils
LogPluginManager: Mounting plugin ActorLayerUtilities
LogPluginManager: Mounting plugin OnlineSubsystemNull
LogPluginManager: Mounting plugin AndroidPermission
LogPluginManager: Mounting plugin AppleImageUtils
LogPluginManager: Mounting plugin LauncherChunkInstaller
LogPluginManager: Mounting plugin AudioCapture
LogPluginManager: Mounting plugin AudioSynesthesia
LogPluginManager: Mounting plugin AppleMoviePlayer
LogPluginManager: Mounting plugin AndroidDeviceProfileSelector
LogPluginManager: Mounting plugin AndroidMoviePlayer
LogPluginManager: Mounting plugin EditableMesh
LogPluginManager: Mounting plugin ArchVisCharacter
LogPluginManager: Mounting plugin ExampleDeviceProfileSelector
LogPluginManager: Mounting plugin AssetTags
LogPluginManager: Mounting plugin ChunkDownloader
LogPluginManager: Mounting plugin GooglePAD
LogPluginManager: Mounting plugin CustomMeshComponent
LogPluginManager: Mounting plugin GoogleCloudMessaging
LogPluginManager: Mounting plugin CableComponent
LogPluginManager: Mounting plugin LocationServicesBPLibrary
LogPluginManager: Mounting plugin LinuxDeviceProfileSelector
LogPluginManager: Mounting plugin IOSDeviceProfileSelector
LogPluginManager: Mounting plugin OpenXR
LogPluginManager: Mounting plugin MobilePatchingUtils
LogPluginManager: Mounting plugin PhysXVehicles
LogPluginManager: Mounting plugin OpenXREyeTracker
LogPluginManager: Mounting plugin OpenXRHandTracking
LogPluginManager: Mounting plugin ProceduralMeshComponent
LogPluginManager: Mounting plugin PostSplashScreen
LogPluginManager: Mounting plugin ScreenshotTools
LogPluginManager: Mounting plugin PropertyAccessEditor
LogPluginManager: Mounting plugin RuntimePhysXCooking
LogPluginManager: Mounting plugin Synthesis
LogPluginManager: Mounting plugin SignificanceManager
LogPluginManager: Mounting plugin SoundFields
LogPluginManager: Mounting plugin WebMMoviePlayer
LogPluginManager: Mounting plugin WindowsMoviePlayer
LogPluginManager: Mounting plugin Takes
LogPluginManager: Mounting plugin ContentBrowserAssetDataSource
LogPluginManager: Mounting plugin ContentBrowserClassDataSource
LogPluginManager: Mounting plugin ContentBrowserFileDataSource
LogPluginManager: Mounting plugin OnlineSubsystemGooglePlay
LogPluginManager: Mounting plugin OnlineSubsystemIOS
LogPluginManager: Mounting plugin OculusVR
LogPluginManager: Mounting plugin SteamVR
PixWinPlugin: PIX capture plugin failed to initialize! Check that the process is launched from PIX.
LogInit: Using libcurl 7.55.1-DEV
LogInit:  - built for x86_64-pc-win32
LogInit:  - supports SSL with OpenSSL/1.1.1
LogInit:  - supports HTTP deflate (compression) using libz 1.2.8
LogInit:  - other features:
LogInit:      CURL_VERSION_SSL
LogInit:      CURL_VERSION_LIBZ
LogInit:      CURL_VERSION_IPV6
LogInit:      CURL_VERSION_ASYNCHDNS
LogInit:      CURL_VERSION_LARGEFILE
LogInit:      CURL_VERSION_IDN
LogInit:  CurlRequestOptions (configurable via config and command line):
LogInit:  - bVerifyPeer = true  - Libcurl will verify peer certificate
LogInit:  - bUseHttpProxy = false  - Libcurl will NOT use HTTP proxy
LogInit:  - bDontReuseConnections = false  - Libcurl will reuse connections
LogInit:  - MaxHostConnections = 16  - Libcurl will limit the number of connections to a host
LogInit:  - LocalHostAddr = Default
LogInit:  - BufferSize = 65536
LogOnline: OSS: Creating online subsystem instance for: NULL
LogInit: WinSock: version 1.1 (2.2), MaxSocks=32767, MaxUdp=65467
LogOnline: OSS: TryLoadSubsystemAndSetDefault: Loaded subsystem for module [NULL]
LogOculusPluginWrapper: OculusPlugin initialized successfully
LogHMD: Failed initializing OVRPlugin 1.59.0
LogInit: Build: ++UE4+Release-4.27-CL-18319896
LogInit: Engine Version: 4.27.2-18319896+++UE4+Release-4.27
LogInit: Compatible Engine Version: 4.27.0-17155196+++UE4+Release-4.27
LogInit: Net CL: 17155196
LogInit: OS: Windows 10 (Release 2009) (), CPU: AMD Ryzen 5 3600 6-Core Processor              , GPU: AMD Radeon RX 6700 XT
LogInit: Compiled (64-bit): Nov 30 2021 07:12:08
LogInit: Compiled with Visual C++: 19.24.28315.00
LogInit: Build Configuration: Development
LogInit: Branch Name: ++UE4+Release-4.27
LogInit: Command Line: 
LogInit: Base Directory: C:/Program Files/Epic Games/UE_4.27/Engine/Binaries/Win64/
LogInit: Allocator: TBB
LogInit: Installed Engine Build: 1
LogDevObjectVersion: Number of dev versions registered: 29
LogDevObjectVersion:   Dev-Blueprints (B0D832E4-1F89-4F0D-ACCF-7EB736FD4AA2): 10
LogDevObjectVersion:   Dev-Build (E1C64328-A22C-4D53-A36C-8E866417BD8C): 0
LogDevObjectVersion:   Dev-Core (375EC13C-06E4-48FB-B500-84F0262A717E): 4
LogDevObjectVersion:   Dev-Editor (E4B068ED-F494-42E9-A231-DA0B2E46BB41): 40
LogDevObjectVersion:   Dev-Framework (CFFC743F-43B0-4480-9391-14DF171D2073): 37
LogDevObjectVersion:   Dev-Mobile (B02B49B5-BB20-44E9-A304-32B752E40360): 3
LogDevObjectVersion:   Dev-Networking (A4E4105C-59A1-49B5-A7C5-40C4547EDFEE): 0
LogDevObjectVersion:   Dev-Online (39C831C9-5AE6-47DC-9A44-9C173E1C8E7C): 0
LogDevObjectVersion:   Dev-Physics (78F01B33-EBEA-4F98-B9B4-84EACCB95AA2): 14
LogDevObjectVersion:   Dev-Platform (6631380F-2D4D-43E0-8009-CF276956A95A): 0
LogDevObjectVersion:   Dev-Rendering (12F88B9F-8875-4AFC-A67C-D90C383ABD29): 45
LogDevObjectVersion:   Dev-Sequencer (7B5AE74C-D270-4C10-A958-57980B212A5A): 13
LogDevObjectVersion:   Dev-VR (D7296918-1DD6-4BDD-9DE2-64A83CC13884): 3
LogDevObjectVersion:   Dev-LoadTimes (C2A15278-BFE7-4AFE-6C17-90FF531DF755): 1
LogDevObjectVersion:   Private-Geometry (6EACA3D4-40EC-4CC1-B786-8BED09428FC5): 3
LogDevObjectVersion:   Dev-AnimPhys (29E575DD-E0A3-4627-9D10-D276232CDCEA): 17
LogDevObjectVersion:   Dev-Anim (AF43A65D-7FD3-4947-9873-3E8ED9C1BB05): 15
LogDevObjectVersion:   Dev-ReflectionCapture (6B266CEC-1EC7-4B8F-A30B-E4D90942FC07): 1
LogDevObjectVersion:   Dev-Automation (0DF73D61-A23F-47EA-B727-89E90C41499A): 1
LogDevObjectVersion:   FortniteMain (601D1886-AC64-4F84-AA16-D3DE0DEAC7D6): 47
LogDevObjectVersion:   FortniteRelease (E7086368-6B23-4C58-8439-1B7016265E91): 1
LogDevObjectVersion:   Dev-Enterprise (9DFFBCD6-494F-0158-E221-12823C92A888): 10
LogDevObjectVersion:   Dev-Niagara (F2AED0AC-9AFE-416F-8664-AA7FFA26D6FC): 1
LogDevObjectVersion:   Dev-Destruction (174F1F0B-B4C6-45A5-B13F-2EE8D0FB917D): 10
LogDevObjectVersion:   Dev-Physics-Ext (35F94A83-E258-406C-A318-09F59610247C): 41
LogDevObjectVersion:   Dev-PhysicsMaterial-Chaos (B68FC16E-8B1B-42E2-B453-215C058844FE): 1
LogDevObjectVersion:   Dev-CineCamera (B2E18506-4273-CFC2-A54E-F4BB758BBA07): 1
LogDevObjectVersion:   Dev-VirtualProduction (64F58936-FD1B-42BA-BA96-7289D5D0FA4E): 1
LogDevObjectVersion:   Dev-MediaFramework (6F0ED827-A609-4895-9C91-998D90180EA4): 2
LogInit: Presizing for max 25165824 objects, including 0 objects not considered by GC, pre-allocating 0 bytes for permanent pool.
LogConfig: Applying CVar settings from Section [/Script/Engine.StreamingSettings] File [D:/OneDrive - SNU/github/CPP_Portfolio_2022/ArenaBattle/Saved/Config/Windows/Engine.ini]
LogConfig: Setting CVar [[s.MinBulkDataSizeForAsyncLoading:131072]]
LogConfig: Setting CVar [[s.AsyncLoadingThreadEnabled:0]]
LogConfig: Setting CVar [[s.EventDrivenLoaderEnabled:1]]
LogConfig: Setting CVar [[s.WarnIfTimeLimitExceeded:0]]
LogConfig: Setting CVar [[s.TimeLimitExceededMultiplier:1.5]]
LogConfig: Setting CVar [[s.TimeLimitExceededMinTime:0.005]]
LogConfig: Setting CVar [[s.UseBackgroundLevelStreaming:1]]
LogConfig: Setting CVar [[s.PriorityAsyncLoadingExtraTime:15.0]]
LogConfig: Setting CVar [[s.LevelStreamingActorsUpdateTimeLimit:5.0]]
LogConfig: Setting CVar [[s.PriorityLevelStreamingActorsUpdateExtraTime:5.0]]
LogConfig: Setting CVar [[s.LevelStreamingComponentsRegistrationGranularity:10]]
LogConfig: Setting CVar [[s.UnregisterComponentsTimeLimit:1.0]]
LogConfig: Setting CVar [[s.LevelStreamingComponentsUnregistrationGranularity:5]]
LogConfig: Setting CVar [[s.FlushStreamingOnExit:1]]
LogInit: Object subsystem initialized
LogConfig: Setting CVar [[con.DebugEarlyDefault:1]]
LogConfig: Setting CVar [[r.setres:1280x720]]
[2022.03.22-09.09.29:953][  0]LogConfig: Setting CVar [[r.VSync:0]]
[2022.03.22-09.09.29:953][  0]LogConfig: Setting CVar [[r.RHICmdBypass:0]]
[2022.03.22-09.09.29:953][  0]LogConfig: Applying CVar settings from Section [/Script/Engine.RendererSettings] File [D:/OneDrive - SNU/github/CPP_Portfolio_2022/ArenaBattle/Saved/Config/Windows/Engine.ini]
[2022.03.22-09.09.29:953][  0]LogConfig: Setting CVar [[r.GPUCrashDebugging:0]]
[2022.03.22-09.09.29:953][  0]LogConfig: Applying CVar settings from Section [/Script/Engine.RendererOverrideSettings] File [D:/OneDrive - SNU/github/CPP_Portfolio_2022/ArenaBattle/Saved/Config/Windows/Engine.ini]
[2022.03.22-09.09.29:953][  0]LogConfig: Applying CVar settings from Section [/Script/Engine.StreamingSettings] File [D:/OneDrive - SNU/github/CPP_Portfolio_2022/ArenaBattle/Saved/Config/Windows/Engine.ini]
[2022.03.22-09.09.29:953][  0]LogConfig: Setting CVar [[s.MinBulkDataSizeForAsyncLoading:131072]]
[2022.03.22-09.09.29:953][  0]LogConfig: Setting CVar [[s.AsyncLoadingThreadEnabled:0]]
[2022.03.22-09.09.29:953][  0]LogConfig: Setting CVar [[s.EventDrivenLoaderEnabled:1]]
[2022.03.22-09.09.29:953][  0]LogConfig: Setting CVar [[s.WarnIfTimeLimitExceeded:0]]
[2022.03.22-09.09.29:953][  0]LogConfig: Setting CVar [[s.TimeLimitExceededMultiplier:1.5]]
[2022.03.22-09.09.29:953][  0]LogConfig: Setting CVar [[s.TimeLimitExceededMinTime:0.005]]
[2022.03.22-09.09.29:953][  0]LogConfig: Setting CVar [[s.UseBackgroundLevelStreaming:1]]
[2022.03.22-09.09.29:953][  0]LogConfig: Setting CVar [[s.PriorityAsyncLoadingExtraTime:15.0]]
[2022.03.22-09.09.29:953][  0]LogConfig: Setting CVar [[s.LevelStreamingActorsUpdateTimeLimit:5.0]]
[2022.03.22-09.09.29:953][  0]LogConfig: Setting CVar [[s.PriorityLevelStreamingActorsUpdateExtraTime:5.0]]
[2022.03.22-09.09.29:953][  0]LogConfig: Setting CVar [[s.LevelStreamingComponentsRegistrationGranularity:10]]
[2022.03.22-09.09.29:953][  0]LogConfig: Setting CVar [[s.UnregisterComponentsTimeLimit:1.0]]
[2022.03.22-09.09.29:953][  0]LogConfig: Setting CVar [[s.LevelStreamingComponentsUnregistrationGranularity:5]]
[2022.03.22-09.09.29:953][  0]LogConfig: Setting CVar [[s.FlushStreamingOnExit:1]]
[2022.03.22-09.09.29:953][  0]LogConfig: Applying CVar settings from Section [/Script/Engine.GarbageCollectionSettings] File [D:/OneDrive - SNU/github/CPP_Portfolio_2022/ArenaBattle/Saved/Config/Windows/Engine.ini]
[2022.03.22-09.09.29:953][  0]LogConfig: Setting CVar [[gc.MaxObjectsNotConsideredByGC:1]]
[2022.03.22-09.09.29:953][  0]LogConfig: Setting CVar [[gc.SizeOfPermanentObjectPool:0]]
[2022.03.22-09.09.29:953][  0]LogConfig: Setting CVar [[gc.FlushStreamingOnGC:0]]
[2022.03.22-09.09.29:953][  0]LogConfig: Setting CVar [[gc.NumRetriesBeforeForcingGC:10]]
[2022.03.22-09.09.29:953][  0]LogConfig: Setting CVar [[gc.AllowParallelGC:1]]
[2022.03.22-09.09.29:953][  0]LogConfig: Setting CVar [[gc.TimeBetweenPurgingPendingKillObjects:61.1]]
[2022.03.22-09.09.29:953][  0]LogConfig: Setting CVar [[gc.MaxObjectsInEditor:25165824]]
[2022.03.22-09.09.29:953][  0]LogConfig: Setting CVar [[gc.IncrementalBeginDestroyEnabled:1]]
[2022.03.22-09.09.29:953][  0]LogConfig: Setting CVar [[gc.CreateGCClusters:1]]
[2022.03.22-09.09.29:953][  0]LogConfig: Setting CVar [[gc.MinGCClusterSize:5]]
[2022.03.22-09.09.29:953][  0]LogConfig: Setting CVar [[gc.ActorClusteringEnabled:0]]
[2022.03.22-09.09.29:953][  0]LogConfig: Setting CVar [[gc.BlueprintClusteringEnabled:0]]
[2022.03.22-09.09.29:953][  0]LogConfig: Setting CVar [[gc.UseDisregardForGCOnDedicatedServers:0]]
[2022.03.22-09.09.29:953][  0]LogConfig: Setting CVar [[gc.MultithreadedDestructionEnabled:1]]
[2022.03.22-09.09.29:953][  0]LogConfig: Applying CVar settings from Section [/Script/Engine.NetworkSettings] File [D:/OneDrive - SNU/github/CPP_Portfolio_2022/ArenaBattle/Saved/Config/Windows/Engine.ini]
[2022.03.22-09.09.29:953][  0]LogConfig: Applying CVar settings from Section [/Script/UnrealEd.CookerSettings] File [D:/OneDrive - SNU/github/CPP_Portfolio_2022/ArenaBattle/Saved/Config/Windows/Engine.ini]
[2022.03.22-09.09.29:979][  0]LogConfig: Applying CVar settings from Section [ViewDistanceQuality@3] File [D:/OneDrive - SNU/github/CPP_Portfolio_2022/ArenaBattle/Saved/Config/Windows/Scalability.ini]
[2022.03.22-09.09.29:979][  0]LogConfig: Setting CVar [[r.SkeletalMeshLODBias:0]]
[2022.03.22-09.09.29:979][  0]LogConfig: Setting CVar [[r.ViewDistanceScale:1.0]]
[2022.03.22-09.09.29:979][  0]LogConfig: Applying CVar settings from Section [AntiAliasingQuality@3] File [D:/OneDrive - SNU/github/CPP_Portfolio_2022/ArenaBattle/Saved/Config/Windows/Scalability.ini]
[2022.03.22-09.09.29:979][  0]LogConfig: Setting CVar [[r.PostProcessAAQuality:4]]
[2022.03.22-09.09.29:979][  0]LogConfig: Applying CVar settings from Section [ShadowQuality@3] File [D:/OneDrive - SNU/github/CPP_Portfolio_2022/ArenaBattle/Saved/Config/Windows/Scalability.ini]
[2022.03.22-09.09.29:979][  0]LogConfig: Setting CVar [[r.LightFunctionQuality:1]]
[2022.03.22-09.09.29:979][  0]LogConfig: Setting CVar [[r.ShadowQuality:5]]
[2022.03.22-09.09.29:979][  0]LogConfig: Setting CVar [[r.Shadow.CSM.MaxCascades:10]]
[2022.03.22-09.09.29:979][  0]LogConfig: Setting CVar [[r.Shadow.MaxResolution:2048]]
[2022.03.22-09.09.29:979][  0]LogConfig: Setting CVar [[r.Shadow.MaxCSMResolution:2048]]
[2022.03.22-09.09.29:979][  0]LogConfig: Setting CVar [[r.Shadow.RadiusThreshold:0.01]]
[2022.03.22-09.09.29:979][  0]LogConfig: Setting CVar [[r.Shadow.DistanceScale:1.0]]
[2022.03.22-09.09.29:979][  0]LogConfig: Setting CVar [[r.Shadow.CSM.TransitionScale:1.0]]
[2022.03.22-09.09.29:979][  0]LogConfig: Setting CVar [[r.Shadow.PreShadowResolutionFactor:1.0]]
[2022.03.22-09.09.29:979][  0]LogConfig: Setting CVar [[r.DistanceFieldShadowing:1]]
[2022.03.22-09.09.29:979][  0]LogConfig: Setting CVar [[r.DistanceFieldAO:1]]
[2022.03.22-09.09.29:979][  0]LogConfig: Setting CVar [[r.AOQuality:2]]
[2022.03.22-09.09.29:979][  0]LogConfig: Setting CVar [[r.VolumetricFog:1]]
[2022.03.22-09.09.29:979][  0]LogConfig: Setting CVar [[r.VolumetricFog.GridPixelSize:8]]
[2022.03.22-09.09.29:979][  0]LogConfig: Setting CVar [[r.VolumetricFog.GridSizeZ:128]]
[2022.03.22-09.09.29:979][  0]LogConfig: Setting CVar [[r.VolumetricFog.HistoryMissSupersampleCount:4]]
[2022.03.22-09.09.29:979][  0]LogConfig: Setting CVar [[r.LightMaxDrawDistanceScale:1]]
[2022.03.22-09.09.29:979][  0]LogConfig: Setting CVar [[r.CapsuleShadows:1]]
[2022.03.22-09.09.29:979][  0]LogConfig: Applying CVar settings from Section [PostProcessQuality@3] File [D:/OneDrive - SNU/github/CPP_Portfolio_2022/ArenaBattle/Saved/Config/Windows/Scalability.ini]
[2022.03.22-09.09.29:979][  0]LogConfig: Setting CVar [[r.MotionBlurQuality:4]]
[2022.03.22-09.09.29:979][  0]LogConfig: Setting CVar [[r.AmbientOcclusionMipLevelFactor:0.4]]
[2022.03.22-09.09.29:979][  0]LogConfig: Setting CVar [[r.AmbientOcclusionMaxQuality:100]]
[2022.03.22-09.09.29:979][  0]LogConfig: Setting CVar [[r.AmbientOcclusionLevels:-1]]
[2022.03.22-09.09.29:980][  0]LogConfig: Setting CVar [[r.AmbientOcclusionRadiusScale:1.0]]
[2022.03.22-09.09.29:980][  0]LogConfig: Setting CVar [[r.DepthOfFieldQuality:2]]
[2022.03.22-09.09.29:980][  0]LogConfig: Setting CVar [[r.RenderTargetPoolMin:400]]
[2022.03.22-09.09.29:980][  0]LogConfig: Setting CVar [[r.LensFlareQuality:2]]
[2022.03.22-09.09.29:980][  0]LogConfig: Setting CVar [[r.SceneColorFringeQuality:1]]
[2022.03.22-09.09.29:980][  0]LogConfig: Setting CVar [[r.EyeAdaptationQuality:2]]
[2022.03.22-09.09.29:980][  0]LogConfig: Setting CVar [[r.BloomQuality:5]]
[2022.03.22-09.09.29:980][  0]LogConfig: Setting CVar [[r.FastBlurThreshold:100]]
[2022.03.22-09.09.29:980][  0]LogConfig: Setting CVar [[r.Upscale.Quality:3]]
[2022.03.22-09.09.29:980][  0]LogConfig: Setting CVar [[r.Tonemapper.GrainQuantization:1]]
[2022.03.22-09.09.29:980][  0]LogConfig: Setting CVar [[r.LightShaftQuality:1]]
[2022.03.22-09.09.29:980][  0]LogConfig: Setting CVar [[r.Filter.SizeScale:1]]
[2022.03.22-09.09.29:980][  0]LogConfig: Setting CVar [[r.Tonemapper.Quality:5]]
[2022.03.22-09.09.29:980][  0]LogConfig: Setting CVar [[r.DOF.Gather.AccumulatorQuality:1        ; higher gathering accumulator quality]]
[2022.03.22-09.09.29:980][  0]LogConfig: Setting CVar [[r.DOF.Gather.PostfilterMethod:1          ; Median3x3 postfilering method]]
[2022.03.22-09.09.29:980][  0]LogConfig: Setting CVar [[r.DOF.Gather.EnableBokehSettings:0       ; no bokeh simulation when gathering]]
[2022.03.22-09.09.29:980][  0]LogConfig: Setting CVar [[r.DOF.Gather.RingCount:4                 ; medium number of samples when gathering]]
[2022.03.22-09.09.29:980][  0]LogConfig: Setting CVar [[r.DOF.Scatter.ForegroundCompositing:1    ; additive foreground scattering]]
[2022.03.22-09.09.29:980][  0]LogConfig: Setting CVar [[r.DOF.Scatter.BackgroundCompositing:2    ; additive background scattering]]
[2022.03.22-09.09.29:980][  0]LogConfig: Setting CVar [[r.DOF.Scatter.EnableBokehSettings:1      ; bokeh simulation when scattering]]
[2022.03.22-09.09.29:980][  0]LogConfig: Setting CVar [[r.DOF.Scatter.MaxSpriteRatio:0.1         ; only a maximum of 10% of scattered bokeh]]
[2022.03.22-09.09.29:980][  0]LogConfig: Setting CVar [[r.DOF.Recombine.Quality:1                ; cheap slight out of focus]]
[2022.03.22-09.09.29:980][  0]LogConfig: Setting CVar [[r.DOF.Recombine.EnableBokehSettings:0    ; no bokeh simulation on slight out of focus]]
[2022.03.22-09.09.29:980][  0]LogConfig: Setting CVar [[r.DOF.TemporalAAQuality:1                ; more stable temporal accumulation]]
[2022.03.22-09.09.29:980][  0]LogConfig: Setting CVar [[r.DOF.Kernel.MaxForegroundRadius:0.025]]
[2022.03.22-09.09.29:980][  0]LogConfig: Setting CVar [[r.DOF.Kernel.MaxBackgroundRadius:0.025]]
[2022.03.22-09.09.29:980][  0]LogConfig: Applying CVar settings from Section [TextureQuality@3] File [D:/OneDrive - SNU/github/CPP_Portfolio_2022/ArenaBattle/Saved/Config/Windows/Scalability.ini]
[2022.03.22-09.09.29:980][  0]LogConfig: Setting CVar [[r.Streaming.MipBias:0]]
[2022.03.22-09.09.29:980][  0]LogConfig: Setting CVar [[r.Streaming.AmortizeCPUToGPUCopy:0]]
[2022.03.22-09.09.29:980][  0]LogConfig: Setting CVar [[r.Streaming.MaxNumTexturesToStreamPerFrame:0]]
[2022.03.22-09.09.29:980][  0]LogConfig: Setting CVar [[r.Streaming.Boost:1]]
[2022.03.22-09.09.29:980][  0]LogConfig: Setting CVar [[r.MaxAnisotropy:8]]
[2022.03.22-09.09.29:980][  0]LogConfig: Setting CVar [[r.VT.MaxAnisotropy:8]]
[2022.03.22-09.09.29:980][  0]LogConfig: Setting CVar [[r.Streaming.LimitPoolSizeToVRAM:0]]
[2022.03.22-09.09.29:980][  0]LogConfig: Setting CVar [[r.Streaming.PoolSize:1000]]
[2022.03.22-09.09.29:980][  0]LogConfig: Setting CVar [[r.Streaming.MaxEffectiveScreenSize:0]]
[2022.03.22-09.09.29:980][  0]LogConfig: Applying CVar settings from Section [EffectsQuality@3] File [D:/OneDrive - SNU/github/CPP_Portfolio_2022/ArenaBattle/Saved/Config/Windows/Scalability.ini]
[2022.03.22-09.09.29:980][  0]LogConfig: Setting CVar [[r.TranslucencyLightingVolumeDim:64]]
[2022.03.22-09.09.29:980][  0]LogConfig: Setting CVar [[r.RefractionQuality:2]]
[2022.03.22-09.09.29:980][  0]LogConfig: Setting CVar [[r.SSR.Quality:3]]
[2022.03.22-09.09.29:980][  0]LogConfig: Setting CVar [[r.SSR.HalfResSceneColor:0]]
[2022.03.22-09.09.29:980][  0]LogConfig: Setting CVar [[r.SceneColorFormat:4]]
[2022.03.22-09.09.29:980][  0]LogConfig: Setting CVar [[r.DetailMode:2]]
[2022.03.22-09.09.29:980][  0]LogConfig: Setting CVar [[r.TranslucencyVolumeBlur:1]]
[2022.03.22-09.09.29:980][  0]LogConfig: Setting CVar [[r.MaterialQualityLevel:1 ; High quality]]
[2022.03.22-09.09.29:980][  0]LogConfig: Setting CVar [[r.AnisotropicMaterials:1]]
[2022.03.22-09.09.29:980][  0]LogConfig: Setting CVar [[r.SSS.Scale:1]]
[2022.03.22-09.09.29:980][  0]LogConfig: Setting CVar [[r.SSS.SampleSet:2]]
[2022.03.22-09.09.29:980][  0]LogConfig: Setting CVar [[r.SSS.Quality:1]]
[2022.03.22-09.09.29:980][  0]LogConfig: Setting CVar [[r.SSS.HalfRes:0]]
[2022.03.22-09.09.29:980][  0]LogConfig: Setting CVar [[r.SSGI.Quality:3]]
[2022.03.22-09.09.29:980][  0]LogConfig: Setting CVar [[r.EmitterSpawnRateScale:1.0]]
[2022.03.22-09.09.29:980][  0]LogConfig: Setting CVar [[r.ParticleLightQuality:2]]
[2022.03.22-09.09.29:980][  0]LogConfig: Setting CVar [[r.SkyAtmosphere.AerialPerspectiveLUT.FastApplyOnOpaque:1 ; Always have FastSkyLUT 1 in this case to avoid wrong sky]]
[2022.03.22-09.09.29:980][  0]LogConfig: Setting CVar [[r.SkyAtmosphere.AerialPerspectiveLUT.SampleCountMaxPerSlice:4]]
[2022.03.22-09.09.29:980][  0]LogConfig: Setting CVar [[r.SkyAtmosphere.AerialPerspectiveLUT.DepthResolution:16.0]]
[2022.03.22-09.09.29:980][  0]LogConfig: Setting CVar [[r.SkyAtmosphere.FastSkyLUT:1]]
[2022.03.22-09.09.29:980][  0]LogConfig: Setting CVar [[r.SkyAtmosphere.FastSkyLUT.SampleCountMin:4.0]]
[2022.03.22-09.09.29:980][  0]LogConfig: Setting CVar [[r.SkyAtmosphere.FastSkyLUT.SampleCountMax:128.0]]
[2022.03.22-09.09.29:980][  0]LogConfig: Setting CVar [[r.SkyAtmosphere.SampleCountMin:4.0]]
[2022.03.22-09.09.29:980][  0]LogConfig: Setting CVar [[r.SkyAtmosphere.SampleCountMax:128.0]]
[2022.03.22-09.09.29:980][  0]LogConfig: Setting CVar [[r.SkyAtmosphere.TransmittanceLUT.UseSmallFormat:0]]
[2022.03.22-09.09.29:980][  0]LogConfig: Setting CVar [[r.SkyAtmosphere.TransmittanceLUT.SampleCount:10.0]]
[2022.03.22-09.09.29:980][  0]LogConfig: Setting CVar [[r.SkyAtmosphere.MultiScatteringLUT.SampleCount:15.0]]
[2022.03.22-09.09.29:980][  0]LogConfig: Setting CVar [[r.SkyLight.RealTimeReflectionCapture:1]]
[2022.03.22-09.09.29:980][  0]LogConfig: Applying CVar settings from Section [FoliageQuality@3] File [D:/OneDrive - SNU/github/CPP_Portfolio_2022/ArenaBattle/Saved/Config/Windows/Scalability.ini]
[2022.03.22-09.09.29:980][  0]LogConfig: Setting CVar [[foliage.DensityScale:1.0]]
[2022.03.22-09.09.29:980][  0]LogConfig: Setting CVar [[grass.DensityScale:1.0]]
[2022.03.22-09.09.29:980][  0]LogConfig: Applying CVar settings from Section [ShadingQuality@3] File [D:/OneDrive - SNU/github/CPP_Portfolio_2022/ArenaBattle/Saved/Config/Windows/Scalability.ini]
[2022.03.22-09.09.29:980][  0]LogConfig: Setting CVar [[r.HairStrands.SkyLighting.IntegrationType:2]]
[2022.03.22-09.09.29:980][  0]LogConfig: Setting CVar [[r.HairStrands.SkyAO.SampleCount:4]]
[2022.03.22-09.09.29:980][  0]LogConfig: Setting CVar [[r.HairStrands.Visibility.MSAA.SamplePerPixel:4]]
[2022.03.22-09.09.29:981][  0]LogInit: Selected Device Profile: [Windows]
[2022.03.22-09.09.29:981][  0]LogInit: Applying CVar settings loaded from the selected device profile: [Windows]
[2022.03.22-09.09.29:981][  0]LogHAL: Display: Platform has ~ 16 GB [17101971456 / 17179869184 / 16], which maps to Larger [LargestMinGB=32, LargerMinGB=12, DefaultMinGB=8, SmallerMinGB=6, SmallestMinGB=0)
[2022.03.22-09.09.29:981][  0]LogInit: Going up to parent DeviceProfile []
[2022.03.22-09.09.29:982][  0]LogConfig: Applying CVar settings from Section [ViewDistanceQuality@3] File [D:/OneDrive - SNU/github/CPP_Portfolio_2022/ArenaBattle/Saved/Config/Windows/Scalability.ini]
[2022.03.22-09.09.29:982][  0]LogConfig: Setting CVar [[r.SkeletalMeshLODBias:0]]
[2022.03.22-09.09.29:982][  0]LogConfig: Setting CVar [[r.ViewDistanceScale:1.0]]
[2022.03.22-09.09.29:982][  0]LogConfig: Applying CVar settings from Section [AntiAliasingQuality@3] File [D:/OneDrive - SNU/github/CPP_Portfolio_2022/ArenaBattle/Saved/Config/Windows/Scalability.ini]
[2022.03.22-09.09.29:982][  0]LogConfig: Setting CVar [[r.PostProcessAAQuality:4]]
[2022.03.22-09.09.29:982][  0]LogConfig: Applying CVar settings from Section [ShadowQuality@3] File [D:/OneDrive - SNU/github/CPP_Portfolio_2022/ArenaBattle/Saved/Config/Windows/Scalability.ini]
[2022.03.22-09.09.29:982][  0]LogConfig: Setting CVar [[r.LightFunctionQuality:1]]
[2022.03.22-09.09.29:982][  0]LogConfig: Setting CVar [[r.ShadowQuality:5]]
[2022.03.22-09.09.29:982][  0]LogConfig: Setting CVar [[r.Shadow.CSM.MaxCascades:10]]
[2022.03.22-09.09.29:982][  0]LogConfig: Setting CVar [[r.Shadow.MaxResolution:2048]]
[2022.03.22-09.09.29:982][  0]LogConfig: Setting CVar [[r.Shadow.MaxCSMResolution:2048]]
[2022.03.22-09.09.29:982][  0]LogConfig: Setting CVar [[r.Shadow.RadiusThreshold:0.01]]
[2022.03.22-09.09.29:982][  0]LogConfig: Setting CVar [[r.Shadow.DistanceScale:1.0]]
[2022.03.22-09.09.29:982][  0]LogConfig: Setting CVar [[r.Shadow.CSM.TransitionScale:1.0]]
[2022.03.22-09.09.29:982][  0]LogConfig: Setting CVar [[r.Shadow.PreShadowResolutionFactor:1.0]]
[2022.03.22-09.09.29:982][  0]LogConfig: Setting CVar [[r.DistanceFieldShadowing:1]]
[2022.03.22-09.09.29:982][  0]LogConfig: Setting CVar [[r.DistanceFieldAO:1]]
[2022.03.22-09.09.29:982][  0]LogConfig: Setting CVar [[r.AOQuality:2]]
[2022.03.22-09.09.29:982][  0]LogConfig: Setting CVar [[r.VolumetricFog:1]]
[2022.03.22-09.09.29:982][  0]LogConfig: Setting CVar [[r.VolumetricFog.GridPixelSize:8]]
[2022.03.22-09.09.29:982][  0]LogConfig: Setting CVar [[r.VolumetricFog.GridSizeZ:128]]
[2022.03.22-09.09.29:982][  0]LogConfig: Setting CVar [[r.VolumetricFog.HistoryMissSupersampleCount:4]]
[2022.03.22-09.09.29:982][  0]LogConfig: Setting CVar [[r.LightMaxDrawDistanceScale:1]]
[2022.03.22-09.09.29:982][  0]LogConfig: Setting CVar [[r.CapsuleShadows:1]]
[2022.03.22-09.09.29:982][  0]LogConfig: Applying CVar settings from Section [PostProcessQuality@3] File [D:/OneDrive - SNU/github/CPP_Portfolio_2022/ArenaBattle/Saved/Config/Windows/Scalability.ini]
[2022.03.22-09.09.29:982][  0]LogConfig: Setting CVar [[r.MotionBlurQuality:4]]
[2022.03.22-09.09.29:982][  0]LogConfig: Setting CVar [[r.AmbientOcclusionMipLevelFactor:0.4]]
[2022.03.22-09.09.29:982][  0]LogConfig: Setting CVar [[r.AmbientOcclusionMaxQuality:100]]
[2022.03.22-09.09.29:982][  0]LogConfig: Setting CVar [[r.AmbientOcclusionLevels:-1]]
[2022.03.22-09.09.29:982][  0]LogConfig: Setting CVar [[r.AmbientOcclusionRadiusScale:1.0]]
[2022.03.22-09.09.29:982][  0]LogConfig: Setting CVar [[r.DepthOfFieldQuality:2]]
[2022.03.22-09.09.29:982][  0]LogConfig: Setting CVar [[r.RenderTargetPoolMin:400]]
[2022.03.22-09.09.29:982][  0]LogConfig: Setting CVar [[r.LensFlareQuality:2]]
[2022.03.22-09.09.29:982][  0]LogConfig: Setting CVar [[r.SceneColorFringeQuality:1]]
[2022.03.22-09.09.29:982][  0]LogConfig: Setting CVar [[r.EyeAdaptationQuality:2]]
[2022.03.22-09.09.29:982][  0]LogConfig: Setting CVar [[r.BloomQuality:5]]
[2022.03.22-09.09.29:982][  0]LogConfig: Setting CVar [[r.FastBlurThreshold:100]]
[2022.03.22-09.09.29:982][  0]LogConfig: Setting CVar [[r.Upscale.Quality:3]]
[2022.03.22-09.09.29:982][  0]LogConfig: Setting CVar [[r.Tonemapper.GrainQuantization:1]]
[2022.03.22-09.09.29:982][  0]LogConfig: Setting CVar [[r.LightShaftQuality:1]]
[2022.03.22-09.09.29:982][  0]LogConfig: Setting CVar [[r.Filter.SizeScale:1]]
[2022.03.22-09.09.29:982][  0]LogConfig: Setting CVar [[r.Tonemapper.Quality:5]]
[2022.03.22-09.09.29:982][  0]LogConfig: Setting CVar [[r.DOF.Gather.AccumulatorQuality:1        ; higher gathering accumulator quality]]
[2022.03.22-09.09.29:982][  0]LogConfig: Setting CVar [[r.DOF.Gather.PostfilterMethod:1          ; Median3x3 postfilering method]]
[2022.03.22-09.09.29:982][  0]LogConfig: Setting CVar [[r.DOF.Gather.EnableBokehSettings:0       ; no bokeh simulation when gathering]]
[2022.03.22-09.09.29:982][  0]LogConfig: Setting CVar [[r.DOF.Gather.RingCount:4                 ; medium number of samples when gathering]]
[2022.03.22-09.09.29:982][  0]LogConfig: Setting CVar [[r.DOF.Scatter.ForegroundCompositing:1    ; additive foreground scattering]]
[2022.03.22-09.09.29:982][  0]LogConfig: Setting CVar [[r.DOF.Scatter.BackgroundCompositing:2    ; additive background scattering]]
[2022.03.22-09.09.29:982][  0]LogConfig: Setting CVar [[r.DOF.Scatter.EnableBokehSettings:1      ; bokeh simulation when scattering]]
[2022.03.22-09.09.29:982][  0]LogConfig: Setting CVar [[r.DOF.Scatter.MaxSpriteRatio:0.1         ; only a maximum of 10% of scattered bokeh]]
[2022.03.22-09.09.29:982][  0]LogConfig: Setting CVar [[r.DOF.Recombine.Quality:1                ; cheap slight out of focus]]
[2022.03.22-09.09.29:982][  0]LogConfig: Setting CVar [[r.DOF.Recombine.EnableBokehSettings:0    ; no bokeh simulation on slight out of focus]]
[2022.03.22-09.09.29:982][  0]LogConfig: Setting CVar [[r.DOF.TemporalAAQuality:1                ; more stable temporal accumulation]]
[2022.03.22-09.09.29:982][  0]LogConfig: Setting CVar [[r.DOF.Kernel.MaxForegroundRadius:0.025]]
[2022.03.22-09.09.29:982][  0]LogConfig: Setting CVar [[r.DOF.Kernel.MaxBackgroundRadius:0.025]]
[2022.03.22-09.09.29:982][  0]LogConfig: Applying CVar settings from Section [TextureQuality@3] File [D:/OneDrive - SNU/github/CPP_Portfolio_2022/ArenaBattle/Saved/Config/Windows/Scalability.ini]
[2022.03.22-09.09.29:982][  0]LogConfig: Setting CVar [[r.Streaming.MipBias:0]]
[2022.03.22-09.09.29:982][  0]LogConfig: Setting CVar [[r.Streaming.AmortizeCPUToGPUCopy:0]]
[2022.03.22-09.09.29:982][  0]LogConfig: Setting CVar [[r.Streaming.MaxNumTexturesToStreamPerFrame:0]]
[2022.03.22-09.09.29:982][  0]LogConfig: Setting CVar [[r.Streaming.Boost:1]]
[2022.03.22-09.09.29:982][  0]LogConfig: Setting CVar [[r.MaxAnisotropy:8]]
[2022.03.22-09.09.29:982][  0]LogConfig: Setting CVar [[r.VT.MaxAnisotropy:8]]
[2022.03.22-09.09.29:982][  0]LogConfig: Setting CVar [[r.Streaming.LimitPoolSizeToVRAM:0]]
[2022.03.22-09.09.29:982][  0]LogConfig: Setting CVar [[r.Streaming.PoolSize:1000]]
[2022.03.22-09.09.29:982][  0]LogConfig: Setting CVar [[r.Streaming.MaxEffectiveScreenSize:0]]
[2022.03.22-09.09.29:982][  0]LogConfig: Applying CVar settings from Section [EffectsQuality@3] File [D:/OneDrive - SNU/github/CPP_Portfolio_2022/ArenaBattle/Saved/Config/Windows/Scalability.ini]
[2022.03.22-09.09.29:982][  0]LogConfig: Setting CVar [[r.TranslucencyLightingVolumeDim:64]]
[2022.03.22-09.09.29:982][  0]LogConfig: Setting CVar [[r.RefractionQuality:2]]
[2022.03.22-09.09.29:982][  0]LogConfig: Setting CVar [[r.SSR.Quality:3]]
[2022.03.22-09.09.29:982][  0]LogConfig: Setting CVar [[r.SSR.HalfResSceneColor:0]]
[2022.03.22-09.09.29:982][  0]LogConfig: Setting CVar [[r.SceneColorFormat:4]]
[2022.03.22-09.09.29:982][  0]LogConfig: Setting CVar [[r.DetailMode:2]]
[2022.03.22-09.09.29:982][  0]LogConfig: Setting CVar [[r.TranslucencyVolumeBlur:1]]
[2022.03.22-09.09.29:982][  0]LogConfig: Setting CVar [[r.MaterialQualityLevel:1 ; High quality]]
[2022.03.22-09.09.29:982][  0]LogConfig: Setting CVar [[r.AnisotropicMaterials:1]]
[2022.03.22-09.09.29:982][  0]LogConfig: Setting CVar [[r.SSS.Scale:1]]
[2022.03.22-09.09.29:982][  0]LogConfig: Setting CVar [[r.SSS.SampleSet:2]]
[2022.03.22-09.09.29:982][  0]LogConfig: Setting CVar [[r.SSS.Quality:1]]
[2022.03.22-09.09.29:983][  0]LogConfig: Setting CVar [[r.SSS.HalfRes:0]]
[2022.03.22-09.09.29:983][  0]LogConfig: Setting CVar [[r.SSGI.Quality:3]]
[2022.03.22-09.09.29:983][  0]LogConfig: Setting CVar [[r.EmitterSpawnRateScale:1.0]]
[2022.03.22-09.09.29:983][  0]LogConfig: Setting CVar [[r.ParticleLightQuality:2]]
[2022.03.22-09.09.29:983][  0]LogConfig: Setting CVar [[r.SkyAtmosphere.AerialPerspectiveLUT.FastApplyOnOpaque:1 ; Always have FastSkyLUT 1 in this case to avoid wrong sky]]
[2022.03.22-09.09.29:983][  0]LogConfig: Setting CVar [[r.SkyAtmosphere.AerialPerspectiveLUT.SampleCountMaxPerSlice:4]]
[2022.03.22-09.09.29:983][  0]LogConfig: Setting CVar [[r.SkyAtmosphere.AerialPerspectiveLUT.DepthResolution:16.0]]
[2022.03.22-09.09.29:983][  0]LogConfig: Setting CVar [[r.SkyAtmosphere.FastSkyLUT:1]]
[2022.03.22-09.09.29:983][  0]LogConfig: Setting CVar [[r.SkyAtmosphere.FastSkyLUT.SampleCountMin:4.0]]
[2022.03.22-09.09.29:983][  0]LogConfig: Setting CVar [[r.SkyAtmosphere.FastSkyLUT.SampleCountMax:128.0]]
[2022.03.22-09.09.29:983][  0]LogConfig: Setting CVar [[r.SkyAtmosphere.SampleCountMin:4.0]]
[2022.03.22-09.09.29:983][  0]LogConfig: Setting CVar [[r.SkyAtmosphere.SampleCountMax:128.0]]
[2022.03.22-09.09.29:983][  0]LogConfig: Setting CVar [[r.SkyAtmosphere.TransmittanceLUT.UseSmallFormat:0]]
[2022.03.22-09.09.29:983][  0]LogConfig: Setting CVar [[r.SkyAtmosphere.TransmittanceLUT.SampleCount:10.0]]
[2022.03.22-09.09.29:983][  0]LogConfig: Setting CVar [[r.SkyAtmosphere.MultiScatteringLUT.SampleCount:15.0]]
[2022.03.22-09.09.29:983][  0]LogConfig: Setting CVar [[r.SkyLight.RealTimeReflectionCapture:1]]
[2022.03.22-09.09.29:983][  0]LogConfig: Applying CVar settings from Section [FoliageQuality@3] File [D:/OneDrive - SNU/github/CPP_Portfolio_2022/ArenaBattle/Saved/Config/Windows/Scalability.ini]
[2022.03.22-09.09.29:983][  0]LogConfig: Setting CVar [[foliage.DensityScale:1.0]]
[2022.03.22-09.09.29:983][  0]LogConfig: Setting CVar [[grass.DensityScale:1.0]]
[2022.03.22-09.09.29:983][  0]LogConfig: Applying CVar settings from Section [ShadingQuality@3] File [D:/OneDrive - SNU/github/CPP_Portfolio_2022/ArenaBattle/Saved/Config/Windows/Scalability.ini]
[2022.03.22-09.09.29:983][  0]LogConfig: Setting CVar [[r.HairStrands.SkyLighting.IntegrationType:2]]
[2022.03.22-09.09.29:983][  0]LogConfig: Setting CVar [[r.HairStrands.SkyAO.SampleCount:4]]
[2022.03.22-09.09.29:983][  0]LogConfig: Setting CVar [[r.HairStrands.Visibility.MSAA.SamplePerPixel:4]]
[2022.03.22-09.09.29:983][  0]LogConfig: Applying CVar settings from Section [Startup] File [../../../Engine/Config/ConsoleVariables.ini]
[2022.03.22-09.09.29:984][  0]LogConfig: Setting CVar [[net.UseAdaptiveNetUpdateFrequency:0]]
[2022.03.22-09.09.29:984][  0]LogConfig: Setting CVar [[p.chaos.AllowCreatePhysxBodies:1]]
[2022.03.22-09.09.29:984][  0]LogConfig: Setting CVar [[fx.SkipVectorVMBackendOptimizations:1]]
[2022.03.22-09.09.29:984][  0]LogConfig: Applying CVar settings from Section [ConsoleVariables] File [D:/OneDrive - SNU/github/CPP_Portfolio_2022/ArenaBattle/Saved/Config/Windows/Engine.ini]
[2022.03.22-09.09.29:984][  0]LogConfig: Applying CVar settings from Section [ConsoleVariables] File [D:/OneDrive - SNU/github/CPP_Portfolio_2022/ArenaBattle/Saved/Config/Windows/Editor.ini]
[2022.03.22-09.09.29:984][  0]LogInit: Computer: DESKTOP-79EDH39
[2022.03.22-09.09.29:985][  0]LogInit: User: Tony
[2022.03.22-09.09.29:985][  0]LogInit: CPU Page size=4096, Cores=6
[2022.03.22-09.09.29:985][  0]LogInit: High frequency timer resolution =10.000000 MHz
[2022.03.22-09.09.29:985][  0]LogMemory: Memory total: Physical=15.9GB (16GB approx)
[2022.03.22-09.09.29:985][  0]LogMemory: Platform Memory Stats for Windows
[2022.03.22-09.09.29:985][  0]LogMemory: Process Physical Memory: 152.90 MB used, 152.90 MB peak
[2022.03.22-09.09.29:985][  0]LogMemory: Process Virtual Memory: 138.05 MB used, 138.05 MB peak
[2022.03.22-09.09.29:985][  0]LogMemory: Physical Memory: 5227.75 MB used,  11081.96 MB free, 16309.71 MB total
[2022.03.22-09.09.29:985][  0]LogMemory: Virtual Memory: 134201216.00 MB used,  16508.75 MB free, 134217728.00 MB total
[2022.03.22-09.09.29:992][  0]LogWindows: WindowsPlatformFeatures enabled
[2022.03.22-09.09.30:066][  0]LogInit: Physics initialised using underlying interface: PhysX
[2022.03.22-09.09.30:069][  0]LogInit: Using OS detected language (ko-KR).
[2022.03.22-09.09.30:069][  0]LogInit: Using OS detected locale (ko-KR).
[2022.03.22-09.09.30:086][  0]LogTextLocalizationManager: No specific localization for 'ko-KR' exists, so the 'ko' localization will be used.
[2022.03.22-09.09.30:366][  0]LogInit: Setting process to per monitor DPI aware
[2022.03.22-09.09.30:406][  0]LogWindowsTextInputMethodSystem: Display: IME system deactivated.
[2022.03.22-09.09.30:514][  0]LogSlate: New Slate User Created.  User Index 0, Is Virtual User: 0
[2022.03.22-09.09.30:514][  0]LogSlate: Slate User Registered.  User Index 0, Is Virtual User: 0
[2022.03.22-09.09.32:618][  0]LogD3D11RHI: Loaded GFSDK_Aftermath_Lib.x64.dll
[2022.03.22-09.09.38:526][  0]LogHMD: Failed to initialize OpenVR with code 108
[2022.03.22-09.09.38:526][  0]LogD3D11RHI: D3D11 min allowed feature level: 11_0
[2022.03.22-09.09.38:526][  0]LogD3D11RHI: D3D11 max allowed feature level: 11_0
[2022.03.22-09.09.38:526][  0]LogD3D11RHI: D3D11 adapters:
[2022.03.22-09.09.38:579][  0]LogD3D11RHI:    0. 'AMD Radeon RX 6700 XT' (Feature Level 11_0)
[2022.03.22-09.09.38:579][  0]LogD3D11RHI:       12243/0/8154 MB DedicatedVideo/DedicatedSystem/SharedSystem, Outputs:3, VendorId:0x1002
[2022.03.22-09.09.38:582][  0]LogD3D11RHI:    1. 'Microsoft Basic Render Driver' (Feature Level 11_0)
[2022.03.22-09.09.38:582][  0]LogD3D11RHI:       0/0/8154 MB DedicatedVideo/DedicatedSystem/SharedSystem, Outputs:0, VendorId:0x1414
[2022.03.22-09.09.38:628][  0]LogD3D11RHI:    2. 'AMD Radeon RX 6700 XT' (Feature Level 11_0)
[2022.03.22-09.09.38:628][  0]LogD3D11RHI:       12243/0/8154 MB DedicatedVideo/DedicatedSystem/SharedSystem, Outputs:0, VendorId:0x1002
[2022.03.22-09.09.38:628][  0]LogD3D11RHI: Chosen D3D11 Adapter:
[2022.03.22-09.09.38:628][  0]LogD3D11RHI:     Description : AMD Radeon RX 6700 XT
[2022.03.22-09.09.38:628][  0]LogD3D11RHI:     VendorId    : 1002
[2022.03.22-09.09.38:628][  0]LogD3D11RHI:     DeviceId    : 73df
[2022.03.22-09.09.38:628][  0]LogD3D11RHI:     SubSysId    : 66011eae
[2022.03.22-09.09.38:628][  0]LogD3D11RHI:     Revision    : 00c1
[2022.03.22-09.09.38:628][  0]LogD3D11RHI:     DedicatedVideoMemory : 12838318080 bytes
[2022.03.22-09.09.38:628][  0]LogD3D11RHI:     DedicatedSystemMemory : 0 bytes
[2022.03.22-09.09.38:628][  0]LogD3D11RHI:     SharedSystemMemory : 8550985728 bytes
[2022.03.22-09.09.38:628][  0]LogD3D11RHI:     AdapterLuid : 0 50140
[2022.03.22-09.09.38:634][  0]LogD3D11RHI: Creating new Direct3DDevice
[2022.03.22-09.09.38:634][  0]LogD3D11RHI:     GPU DeviceId: 0x73df (for the marketing name, search the web for "GPU Device Id")
[2022.03.22-09.09.38:634][  0]LogWindows: EnumDisplayDevices:
[2022.03.22-09.09.38:634][  0]LogWindows:    0. 'AMD Radeon RX 6700 XT' (P:0 D:1)
[2022.03.22-09.09.38:634][  0]LogWindows:    1. 'AMD Radeon RX 6700 XT' (P:1 D:1)
[2022.03.22-09.09.38:635][  0]LogWindows:    2. 'AMD Radeon RX 6700 XT' (P:0 D:1)
[2022.03.22-09.09.38:635][  0]LogWindows:    3. 'AMD Radeon RX 6700 XT' (P:0 D:0)
[2022.03.22-09.09.38:636][  0]LogWindows:    4. 'AMD Radeon RX 6700 XT' (P:0 D:0)
[2022.03.22-09.09.38:636][  0]LogWindows:    5. 'AMD Radeon RX 6700 XT' (P:0 D:0)
[2022.03.22-09.09.38:636][  0]LogWindows:    6. 'AMD Radeon RX 6700 XT' (P:0 D:0)
[2022.03.22-09.09.38:636][  0]LogWindows:    7. 'Citrix Indirect Display Adapter' (P:0 D:0)
[2022.03.22-09.09.38:637][  0]LogWindows:    8. 'Citrix Indirect Display Adapter' (P:0 D:0)
[2022.03.22-09.09.38:637][  0]LogWindows:    9. 'Citrix Indirect Display Adapter' (P:0 D:0)
[2022.03.22-09.09.38:637][  0]LogWindows:    10. 'Citrix Indirect Display Adapter' (P:0 D:0)
[2022.03.22-09.09.38:637][  0]LogWindows:    11. 'Citrix Indirect Display Adapter' (P:0 D:0)
[2022.03.22-09.09.38:637][  0]LogWindows:    12. 'Citrix Indirect Display Adapter' (P:0 D:0)
[2022.03.22-09.09.38:637][  0]LogWindows:    13. 'Citrix Indirect Display Adapter' (P:0 D:0)
[2022.03.22-09.09.38:637][  0]LogWindows:    14. 'Citrix Indirect Display Adapter' (P:0 D:0)
[2022.03.22-09.09.38:638][  0]LogWindows: DebugString: GetVideoDriverDetailsInvalid PrimaryIsNotTheChoosenAdapter GetVideoDriverDetailsInvalid PrimaryIsNotTheChoosenAdapter GetVideoDriverDetailsInvalid PrimaryIsNotTheChoosenAdapter GetVideoDriverDetailsInvalid PrimaryIsNotTheChoosenAdapter GetVideoDriverDetailsInvalid PrimaryIsNotTheChoosenAdapter GetVideoDriverDetailsInvalid PrimaryIsNotTheChoosenAdapter GetVideoDriverDetailsInvalid PrimaryIsNotTheChoosenAdapter GetVideoDriverDetailsInvalid PrimaryIsNotTheChoosenAdapter FoundDriverCount:7 
[2022.03.22-09.09.38:638][  0]LogD3D11RHI:     Adapter Name: AMD Radeon RX 6700 XT
[2022.03.22-09.09.38:638][  0]LogD3D11RHI:   Driver Version: Adrenalin 21.30.23.04 (internal:30.0.13023.4001, unified:30.0.13023.4001)
[2022.03.22-09.09.38:638][  0]LogD3D11RHI:      Driver Date: 12-16-2021
[2022.03.22-09.09.38:638][  0]LogRHI: Texture pool is 8032 MB (70% of 11475 MB)
[2022.03.22-09.09.38:679][  0]LogD3D11RHI: Creating D3DDevice with AMD AGS, using adapter:
[2022.03.22-09.09.38:679][  0]LogD3D11RHI:     Description : AMD Radeon RX 6700 XT
[2022.03.22-09.09.38:679][  0]LogD3D11RHI:     VendorId    : 1002
[2022.03.22-09.09.38:679][  0]LogD3D11RHI:     DeviceId    : 73df
[2022.03.22-09.09.38:679][  0]LogD3D11RHI:     SubSysId    : 66011eae
[2022.03.22-09.09.38:679][  0]LogD3D11RHI:     Revision    : 00c1
[2022.03.22-09.09.38:679][  0]LogD3D11RHI:     DedicatedVideoMemory : 12838318080 bytes
[2022.03.22-09.09.38:679][  0]LogD3D11RHI:     DedicatedSystemMemory : 0 bytes
[2022.03.22-09.09.38:679][  0]LogD3D11RHI:     SharedSystemMemory : 8550985728 bytes
[2022.03.22-09.09.38:679][  0]LogD3D11RHI:     AdapterLuid : 0 50140
[2022.03.22-09.09.38:719][  0]LogD3D11RHI: Created device via AGS, feature level 11_0, supported extensions 1fffffbf.
[2022.03.22-09.09.38:719][  0]LogD3D11RHI: RHI has support for 64 bit atomics
[2022.03.22-09.09.38:719][  0]LogD3D11RHI: Async texture creation enabled
[2022.03.22-09.09.38:719][  0]LogD3D11RHI: Array index from any shader is supported
[2022.03.22-09.09.38:753][  0]LogD3D11RHI: GPU Timing Frequency: 100.000000 (Debug: 2 1)
[2022.03.22-09.09.39:425][  0]LogTargetPlatformManager: Display: Loaded TargetPlatform 'AllDesktop'
[2022.03.22-09.09.39:450][  0]LogTargetPlatformManager: Display: Loaded TargetPlatform 'Android'
[2022.03.22-09.09.39:450][  0]LogTargetPlatformManager: Display: Loaded TargetPlatform 'Android_ASTC'
[2022.03.22-09.09.39:450][  0]LogTargetPlatformManager: Display: Loaded TargetPlatform 'Android_DXT'
[2022.03.22-09.09.39:450][  0]LogTargetPlatformManager: Display: Loaded TargetPlatform 'Android_ETC2'
[2022.03.22-09.09.39:450][  0]LogTargetPlatformManager: Display: Loaded TargetPlatform 'AndroidClient'
[2022.03.22-09.09.39:450][  0]LogTargetPlatformManager: Display: Loaded TargetPlatform 'Android_ASTCClient'
[2022.03.22-09.09.39:450][  0]LogTargetPlatformManager: Display: Loaded TargetPlatform 'Android_DXTClient'
[2022.03.22-09.09.39:450][  0]LogTargetPlatformManager: Display: Loaded TargetPlatform 'Android_ETC2Client'
[2022.03.22-09.09.39:450][  0]LogTargetPlatformManager: Display: Loaded TargetPlatform 'Android_Multi'
[2022.03.22-09.09.39:450][  0]LogTargetPlatformManager: Display: Loaded TargetPlatform 'Android_MultiClient'
[2022.03.22-09.09.39:478][  0]LogTargetPlatformManager: Display: Loaded TargetPlatform 'IOSClient'
[2022.03.22-09.09.39:478][  0]LogTargetPlatformManager: Display: Loaded TargetPlatform 'IOS'
[2022.03.22-09.09.39:492][  0]LogTargetPlatformManager: Display: Loaded TargetPlatform 'Linux'
[2022.03.22-09.09.39:498][  0]LogTargetPlatformManager: Display: Loaded TargetPlatform 'LinuxNoEditor'
[2022.03.22-09.09.39:505][  0]LogTargetPlatformManager: Display: Loaded TargetPlatform 'LinuxClient'
[2022.03.22-09.09.39:511][  0]LogTargetPlatformManager: Display: Loaded TargetPlatform 'LinuxServer'
[2022.03.22-09.09.39:525][  0]LogTargetPlatformManager: Display: Loaded TargetPlatform 'LinuxAArch64NoEditor'
[2022.03.22-09.09.39:533][  0]LogTargetPlatformManager: Display: Loaded TargetPlatform 'LinuxAArch64Client'
[2022.03.22-09.09.39:541][  0]LogTargetPlatformManager: Display: Loaded TargetPlatform 'LinuxAArch64Server'
[2022.03.22-09.09.39:579][  0]LogTargetPlatformManager: Display: Loaded TargetPlatform 'Lumin'
[2022.03.22-09.09.39:579][  0]LogTargetPlatformManager: Display: Loaded TargetPlatform 'LuminClient'
[2022.03.22-09.09.39:592][  0]LogTargetPlatformManager: Display: Loaded TargetPlatform 'MacNoEditor'
[2022.03.22-09.09.39:599][  0]LogTargetPlatformManager: Display: Loaded TargetPlatform 'Mac'
[2022.03.22-09.09.39:606][  0]LogTargetPlatformManager: Display: Loaded TargetPlatform 'MacClient'
[2022.03.22-09.09.39:613][  0]LogTargetPlatformManager: Display: Loaded TargetPlatform 'MacServer'
[2022.03.22-09.09.39:631][  0]LogTargetPlatformManager: Display: Loaded TargetPlatform 'TVOSClient'
[2022.03.22-09.09.39:631][  0]LogTargetPlatformManager: Display: Loaded TargetPlatform 'TVOS'
[2022.03.22-09.09.39:647][  0]LogTargetPlatformManager: Display: Loaded TargetPlatform 'WindowsNoEditor'
[2022.03.22-09.09.39:655][  0]LogTargetPlatformManager: Display: Loaded TargetPlatform 'Windows'
[2022.03.22-09.09.39:663][  0]LogTargetPlatformManager: Display: Loaded TargetPlatform 'WindowsClient'
[2022.03.22-09.09.39:672][  0]LogTargetPlatformManager: Display: Loaded TargetPlatform 'WindowsServer'
[2022.03.22-09.09.39:672][  0]LogTargetPlatformManager: Display: Building Assets For Windows
[2022.03.22-09.09.39:686][  0]LogAudioDebug: Display: Lib vorbis DLL was dynamically loaded.
[2022.03.22-09.09.39:746][  0]LogTextureFormatOodle: Display: Oodle Texture 2.9.0 init RDO Off
[2022.03.22-09.09.39:843][  0]LogRendererCore: Ray tracing is disabled. Reason: r.RayTracing=0.
[2022.03.22-09.09.39:845][  0]LogShaderCompilers: Guid format shader working directory is -10 characters bigger than the processId version (D:/OneDrive - SNU/github/CPP_Portfolio_2022/ArenaBattle/Intermediate/Shaders/WorkingDirectory/14444/).
[2022.03.22-09.09.39:845][  0]LogShaderCompilers: Cleaned the shader compiler working directory 'C:/Users/ejrrb/AppData/Local/Temp/UnrealShaderWorkingDir/D9308CF144F5FBD6B7046CAA18CDFFCE/'.
[2022.03.22-09.09.39:846][  0]LogXGEController: Cannot use XGE Controller as Incredibuild is not installed on this machine.
[2022.03.22-09.09.39:846][  0]LogShaderCompilers: Cannot use XGE Shader Compiler as Incredibuild is not installed on this machine.
[2022.03.22-09.09.39:846][  0]LogShaderCompilers: Display: Using Local Shader Compiler.
[2022.03.22-09.09.42:745][  0]LogDerivedDataCache: Display: Max Cache Size: 512 MB
[2022.03.22-09.09.42:858][  0]LogDerivedDataCache: Loaded boot cache 0.11s 114MB C:/Users/ejrrb/AppData/Local/UnrealEngine/4.27/DerivedDataCache/Boot.ddc.
[2022.03.22-09.09.42:858][  0]LogDerivedDataCache: Display: Loaded Boot cache: C:/Users/ejrrb/AppData/Local/UnrealEngine/4.27/DerivedDataCache/Boot.ddc
[2022.03.22-09.09.42:926][  0]LogDerivedDataCache: FDerivedDataBackendGraph:  Pak pak cache file D:/OneDrive - SNU/github/CPP_Portfolio_2022/ArenaBattle/DerivedDataCache/DDC.ddp not found, will not use a pak cache.
[2022.03.22-09.09.42:926][  0]LogDerivedDataCache: Unable to find inner node Pak for hierarchical cache Hierarchy.
[2022.03.22-09.09.42:926][  0]LogDerivedDataCache: FDerivedDataBackendGraph:  CompressedPak pak cache file D:/OneDrive - SNU/github/CPP_Portfolio_2022/ArenaBattle/DerivedDataCache/Compressed.ddp not found, will not use a pak cache.
[2022.03.22-09.09.42:926][  0]LogDerivedDataCache: Unable to find inner node CompressedPak for hierarchical cache Hierarchy.
[2022.03.22-09.09.42:951][  0]LogDerivedDataCache: Display: Pak cache opened for reading ../../../Engine/DerivedDataCache/Compressed.ddp.
[2022.03.22-09.09.42:951][  0]LogDerivedDataCache: FDerivedDataBackendGraph:  EnterprisePak pak cache file ../../../Enterprise/DerivedDataCache/Compressed.ddp not found, will not use a pak cache.
[2022.03.22-09.09.42:951][  0]LogDerivedDataCache: Unable to find inner node EnterprisePak for hierarchical cache Hierarchy.
[2022.03.22-09.09.42:968][  0]LogDerivedDataCache: Speed tests for C:/Users/ejrrb/AppData/Local/UnrealEngine/Common/DerivedDataCache took 0.02 seconds
[2022.03.22-09.09.42:968][  0]LogDerivedDataCache: Display: Performance to C:/Users/ejrrb/AppData/Local/UnrealEngine/Common/DerivedDataCache: Latency=0.13ms. RandomReadSpeed=107.75MBs, RandomWriteSpeed=139.89MBs. Assigned SpeedClass 'Local'
[2022.03.22-09.09.42:969][  0]LogDerivedDataCache: Using Local data cache path C:/Users/ejrrb/AppData/Local/UnrealEngine/Common/DerivedDataCache: Writable
[2022.03.22-09.09.42:969][  0]LogDerivedDataCache: Shared data cache path not found in *engine.ini, will not use an Shared cache.
[2022.03.22-09.09.42:969][  0]LogDerivedDataCache: Unable to find inner node Shared for hierarchical cache Hierarchy.
[2022.03.22-09.09.43:024][  0]LogSlate: Using FreeType 2.10.0
[2022.03.22-09.09.43:034][  0]LogSlate: SlateFontServices - WITH_FREETYPE: 1, WITH_HARFBUZZ: 1
[2022.03.22-09.09.43:078][  0]LogAssetRegistry: FAssetRegistry took 0.0058 seconds to start up
[2022.03.22-09.09.43:666][  0]LogInit: Selected Device Profile: [Windows]
[2022.03.22-09.09.43:666][  0]LogInit: Active device profile: [000001CE8A2C0900][000001CE81270880 49] Windows
[2022.03.22-09.09.43:667][  0]LogInit: Profiles: [000001CE8A2C0900][000001CE81270880 49] Windows, [000001CE8A1F7800][000001CE810509C0 49] WindowsNoEditor, [000001CE8A2C3500][000001CE81054B00 49] WindowsServer, [000001CE8A1F4E00][000001CE88930C80 49] WindowsClient, [000001CE8A2C3800][000001CE88934E00 49] IOS, [000001CE8A1F6800][000001CE88938F80 49] iPadAir, [000001CE8A2C2000][000001CE8893D100 49] iPadAir2, [000001CE8A198A00][000001CE889453C0 49] IPadPro, [000001CE8A198B00][000001CE88941400 49] iPadAir3, [000001CE8A1F5900][000001CE88949580 49] iPadAir4, [000001CE8A19B400][000001CE8894D700 49] iPadMini2, [000001CE8A1F6A00][000001CE88951880 49] iPadMini3, [000001CE8A199700][000001CE88955A00 49] iPadMini4, [000001CE8A2C1100][000001CE88959B80 49] iPadMini5, [000001CE8A1B8300][000001CE889602C0 49] iPhone6, [000001CE8A1B8400][000001CE8895C300 49] iPodTouch6, [000001CE8A15FF00][000001CE889685C0 49] iPhone7, [000001CE8A15FE00][000001CE88964600 49] iPodTouch7, [000001CE8A1F6000][000001CE8896C780 49] iPhone5S, [000001CE8A15DA00][000001CE88970900 49] iPhone6Plus, [000001CE8A1B8200][000001CE81058A40 49] iPhone6S, [000001CE8A15C600][000001CE88974B80 49] iPhone6SPlus, [000001CE8A1BA900][000001CE88978CC0 49] iPhone7Plus, [000001CE8A15F100][000001CE8AA72E40 49] iPhoneSE, [000001CE8A1BA200][000001CE8AA76FC0 49] iPhone8, [000001CE8A15FB00][000001CE8AA7B140 49] iPhone8Plus, [000001CE8A1B8A00][000001CE8AA7F2C0 49] iPhoneX, [000001CE8A15D400][000001CE8AA83440 49] iPhoneXS, [000001CE8A1BB900][000001CE8AA875C0 49] iPhoneXSMax, [000001CE8A15C900][000001CE8AA8B740 49] iPhoneXR, [000001CE8A1BAF00][000001CE8AA8F8C0 49] iPhone11, [000001CE8A15D300][000001CE8AA93A40 49] iPhone11Pro, [000001CE8A1B9000][000001CE8AA97BC0 49] iPhone11ProMax, [000001CE8A15EA00][000001CE8AA9A1C0 49] iPhoneSE2, [000001CE8A1B9400][000001CE8AA9E340 49] iPhone12Mini, [000001CE8A15E400][000001CE8AAA24C0 49] iPhone12, [000001CE8A1B8D00][000001CE8AAA6640 49] iPhone12Pro, [000001CE8A15EB00][000001CE8AAAA7C0 49] iPhone12ProMax, [000001CE8A1BB000][000001CE8AAAE940 49] iPadPro105, [000001CE8A15C700][000001CE8AAB2AC0 49] iPadPro129, [000001CE8A1BA800][000001CE8897CC00 49] iPadPro97, [000001CE8A15E600][000001CE8AAB6D40 49] iPadPro2_129, [000001CE8A1BBC00][000001CE8AABAE80 49] iPad5, [000001CE8A15E200][000001CE8AABEFC0 49] iPad6, [000001CE8A1B8F00][000001CE8AAC7140 49] iPad7, [000001CE8A15ED00][000001CE8AACB2C0 49] iPad8, [000001CE8A1B9100][000001CE8AACF440 49] iPadPro11, [000001CE8A15D600][000001CE8AAD35C0 49] iPadPro2_11, [000001CE8A1BB400][000001CE8AAD7740 49] iPadPro3_129, [000001CE8A15E800][000001CE8AADB8C0 49] iPadPro4_129, [000001CE8A1BBA00][000001CE8AADFA40 49] AppleTV, [000001CE8A15E100][000001CE8AAE3BC0 49] AppleTV4K, [000001CE8A1B9F00][000001CE8AAE61C0 49] TVOS, [000001CE8A15F400][000001CE8AAEA340 49] Mac, [000001CE8A1BB800][000001CE8AAEE4C0 49] MacClient, [000001CE8A15DE00][000001CE8AAF2640 49] MacNoEditor, [000001CE8A1BBF00][000001CE8AAF67C0 49] MacServer, [000001CE8A15F500][000001CE8AAFA940 49] Linux, [000001CE8A1B8C00][000001CE8AAFEAC0 49] LinuxAArch64, [000001CE8A15EF00][000001CE8AB02C40 49] LinuxNoEditor, [000001CE8A1B8B00][000001CE8AAC2D80 49] LinuxAArch64NoEditor, [000001CE8A15F700][000001CE8AB06EC0 49] LinuxClient, [000001CE8A1B9A00][000001CE8AB0B000 49] LinuxAArch64Client, [000001CE8A15D000][000001CE8AB0F140 49] LinuxServer, [000001CE8A1BA500][000001CE8AB172C0 49] LinuxAArch64Server, [000001CE8A15D900][000001CE8AB1B440 49] Android, [000001CE8A1B9300][000001CE8AB1F5C0 49] Android_Low, [000001CE8A15E700][000001CE8AB23740 49] Android_Mid, [000001CE8A1BAB00][000001CE8AB278C0 49] Android_High, [000001CE8A15F800][000001CE8AB2BA40 49] Android_Default, [000001CE8A1B9600][000001CE8AB2FBC0 49] Android_Adreno4xx, [000001CE8A15D500][000001CE8AB321C0 49] Android_Adreno5xx_Low, [000001CE8A19B600][000001CE8AB36340 49] Android_Adreno5xx, [000001CE8A1F5800][000001CE8AB3A4C0 49] Android_Adreno6xx, [000001CE8A199200][000001CE8AB3E640 49] Android_Adreno6xx_Vulkan, [000001CE8A1F7C00][000001CE8AB427C0 49] Android_Mali_T6xx, [000001CE8A199100][000001CE8AB46940 49] Android_Mali_T7xx, [000001CE8A1F5600][000001CE8AB4AAC0 49] Android_Mali_T8xx, [000001CE8A199E00][000001CE8AB4EC40 49] Android_Mali_G71, [000001CE8A1F4500][000001CE8AB52DC0 49] Android_Mali_G72, [000001CE8A198800][000001CE8AB56F40 49] Android_Mali_G72_Vulkan, [000001CE8A1F5300][000001CE8AB13080 49] Android_Mali_G76, [000001CE8A198100][000001CE8AB5B1C0 49] Android_Mali_G76_Vulkan, [000001CE8A1F5F00][000001CE8AB5F300 49] Android_Mali_G77, [000001CE8A199000][000001CE8AB67480 49] Android_Mali_G77_Vulkan, [000001CE8A1F4A00][000001CE8AB6B600 49] Android_Mali_G78, [000001CE8A19AC00][000001CE8AB6F780 49] Android_Mali_G78_Vulkan, [000001CE8A1F7600][000001CE8AB73900 49] Android_Mali_G710, [000001CE8A19AA00][000001CE8AB77A80 49] Android_Mali_G710_Vulkan, [000001CE8A1F7F00][000001CE8AB7BC00 49] Android_Vulkan_SM5, [000001CE8A19BB00][000001CE8AB7E200 49] Android_PowerVR_G6xxx, [000001CE8A1F7B00][000001CE8AB82380 49] Android_PowerVR_GT7xxx, [000001CE8A19B900][000001CE8AB86500 49] Android_PowerVR_GE8xxx, [000001CE8A1F4C00][000001CE8AB8A680 49] Android_PowerVR_GM9xxx, [000001CE8A19A700][000001CE8AB8E800 49] Android_PowerVR_GM9xxx_Vulkan, [000001CE8A1F6700][000001CE8AB92980 49] Android_TegraK1, [000001CE8A198900][000001CE8AB96B00 49] Android_Unknown_Vulkan, [000001CE8A1F5D00][000001CE8AB9AC80 49] Lumin, [000001CE8A198500][000001CE8AB9EE00 49] Lumin_Desktop, [000001CE8A1F7300][000001CE8ABA2F80 49] HoloLens, 
[2022.03.22-09.09.44:711][  0]LogMeshReduction: Using QuadricMeshReduction for automatic static mesh reduction
[2022.03.22-09.09.44:711][  0]LogMeshReduction: Using SimplygonMeshReduction for automatic skeletal mesh reduction
[2022.03.22-09.09.44:711][  0]LogMeshReduction: Using ProxyLODMeshReduction for automatic mesh merging
[2022.03.22-09.09.44:711][  0]LogMeshReduction: No distributed automatic mesh merging module available
[2022.03.22-09.09.44:711][  0]LogMeshMerging: No distributed automatic mesh merging module available
[2022.03.22-09.09.44:745][  0]LogNetVersion: ArenaBattle 1.0.0, NetCL: 17155196, EngineNetVer: 17, GameNetVer: 0 (Checksum: 2964408555)
[2022.03.22-09.09.45:408][  0]LogTexture: Default maximum texture size for cubemaps generated from long-lat sources has been changed from 512 to unlimited. In order to preserve old behaiour for '/Engine/MapTemplates/Sky/DaylightAmbientCubemap.DaylightAmbientCubemap', its maximum texture size has been explicitly set to 512.
[2022.03.22-09.09.45:478][  0]LogHMD: PokeAHoleMaterial loaded successfully
[2022.03.22-09.09.45:486][  0]LogUObjectArray: 17178 objects as part of root set at end of initial load.
[2022.03.22-09.09.45:486][  0]LogUObjectAllocator: 4302048 out of 0 bytes used by permanent object pool.
[2022.03.22-09.09.45:486][  0]LogUObjectArray: CloseDisregardForGC: 0/0 objects in disregard for GC pool
[2022.03.22-09.09.47:221][  0]LogNiagaraDebuggerClient: Niagara Debugger Client Initialized | Session: 8A13B3BA4463AA8C9A76ACBF3EB973AA | Instance: 4328D5B141DFA2B3B38B6499661395AD (DESKTOP-79EDH39-14444).
[2022.03.22-09.09.47:316][  0]LogTcpMessaging: Initializing TcpMessaging bridge
[2022.03.22-09.09.47:326][  0]LogUdpMessaging: Initializing bridge on interface 0.0.0.0:0 to multicast group 230.0.0.1:6666.
[2022.03.22-09.09.47:358][  0]LogPython: Using Python 3.7.7
[2022.03.22-09.09.49:372][  0]LogOutputDevice: Warning: 

Script Stack (0 frames):

[2022.03.22-09.09.49:372][  0]LogWindows: Windows GetLastError: 작업을 완료했습니다. (0)
[2022.03.22-09.09.53:660][  0]LogWindows: Failed to preload 'D:/OneDrive - SNU/github/CPP_Portfolio_2022/ArenaBattle/Binaries/Win64/UE4Editor-ArenaBattleSetting-0006.dll' (GetLastError=1114)
[2022.03.22-09.09.53:668][  0]LogWindows: Error: Error reentered: Assertion failed: GIsHotReload [File:D:/Build/++UE4/Sync/Engine/Source/Runtime/CoreUObject/Private/UObject/UObjectBase.cpp] [Line: 704] 
Trying to recreate class 'UABCharacterSetting' outside of hot reload!

[2022.03.22-09.09.57:349][  0]LogWindows: Failed to load 'D:/OneDrive - SNU/github/CPP_Portfolio_2022/ArenaBattle/Binaries/Win64/UE4Editor-ArenaBattle-8656.dll' (GetLastError=1114)
[2022.03.22-09.09.57:350][  0]LogWindows:   Missing import: UE4Editor-ArenaBattleSetting-0006.dll
[2022.03.22-09.09.57:350][  0]LogWindows:   Looked in: ../../../Engine/Binaries/Win64
[2022.03.22-09.09.57:350][  0]LogWindows:   Looked in: D:/OneDrive - SNU/github/CPP_Portfolio_2022/ArenaBattle/Binaries/Win64
[2022.03.22-09.09.57:350][  0]LogWindows:   Looked in: D:\OneDrive - SNU\github\CPP_Portfolio_2022\ArenaBattle\Binaries\Win64
[2022.03.22-09.09.57:350][  0]LogWindows:   Looked in: C:\Program Files\Epic Games\UE_4.27\Engine\Plugins\MeshPainting\Binaries\Win64
[2022.03.22-09.09.57:350][  0]LogWindows:   Looked in: C:\Program Files\Epic Games\UE_4.27\Engine\Plugins\Experimental\GeometryProcessing\Binaries\Win64
[2022.03.22-09.09.57:350][  0]LogWindows:   Looked in: C:\Program Files\Epic Games\UE_4.27\Engine\Plugins\XGEController\Binaries\Win64
[2022.03.22-09.09.57:350][  0]LogWindows:   Looked in: C:\Program Files\Epic Games\UE_4.27\Engine\Plugins\2D\Paper2D\Binaries\Win64
[2022.03.22-09.09.57:350][  0]LogWindows:   Looked in: C:\Program Files\Epic Games\UE_4.27\Engine\Plugins\AI\EnvironmentQueryEditor\Binaries\Win64
[2022.03.22-09.09.57:350][  0]LogWindows:   Looked in: C:\Program Files\Epic Games\UE_4.27\Engine\Plugins\AI\AISupport\Binaries\Win64
[2022.03.22-09.09.57:350][  0]LogWindows:   Looked in: C:\Program Files\Epic Games\UE_4.27\Engine\Plugins\Blendables\LightPropagationVolume\Binaries\Win64
[2022.03.22-09.09.57:350][  0]LogWindows:   Looked in: C:\Program Files\Epic Games\UE_4.27\Engine\Plugins\Cameras\GameplayCameras\Binaries\Win64
[2022.03.22-09.09.57:350][  0]LogWindows:   Looked in: C:\Program Files\Epic Games\UE_4.27\Engine\Plugins\MovieScene\TemplateSequence\Binaries\Win64
[2022.03.22-09.09.57:350][  0]LogWindows:   Looked in: C:\Program Files\Epic Games\UE_4.27\Engine\Plugins\MovieScene\LevelSequenceEditor\Binaries\Win64
[2022.03.22-09.09.57:350][  0]LogWindows:   Looked in: C:\Program Files\Epic Games\UE_4.27\Engine\Plugins\Compression\OodleData\Binaries\Win64
[2022.03.22-09.09.57:350][  0]LogWindows:   Looked in: C:\Program Files\Epic Games\UE_4.27\Engine\Plugins\Enterprise\DatasmithContent\Binaries\Win64
[2022.03.22-09.09.57:350][  0]LogWindows:   Looked in: C:\Program Files\Epic Games\UE_4.27\Engine\Plugins\Enterprise\VariantManagerContent\Binaries\Win64
[2022.03.22-09.09.57:350][  0]LogWindows:   Looked in: C:\Program Files\Epic Games\UE_4.27\Engine\Plugins\Cameras\CameraShakePreviewer\Binaries\Win64
[2022.03.22-09.09.57:350][  0]LogWindows:   Looked in: C:\Program Files\Epic Games\UE_4.27\Engine\Plugins\Editor\AssetManagerEditor\Binaries\Win64
[2022.03.22-09.09.57:350][  0]LogWindows:   Looked in: C:\Program Files\Epic Games\UE_4.27\Engine\Plugins\Compression\OodleNetwork\Binaries\Win64
[2022.03.22-09.09.57:350][  0]LogWindows:   Looked in: C:\Program Files\Epic Games\UE_4.27\Engine\Plugins\Editor\CryptoKeys\Binaries\Win64
[2022.03.22-09.09.57:350][  0]LogWindows:   Looked in: C:\Program Files\Epic Games\UE_4.27\Engine\Plugins\Editor\CurveEditorTools\Binaries\Win64
[2022.03.22-09.09.57:350][  0]LogWindows:   Looked in: C:\Program Files\Epic Games\UE_4.27\Engine\Plugins\Editor\FacialAnimation\Binaries\Win64
[2022.03.22-09.09.57:350][  0]LogWindows:   Looked in: C:\Program Files\Epic Games\UE_4.27\Engine\Plugins\Editor\GeometryMode\Binaries\Win64
[2022.03.22-09.09.57:350][  0]LogWindows:   Looked in: C:\Program Files\Epic Games\UE_4.27\Engine\Plugins\Editor\MaterialAnalyzer\Binaries\Win64
[2022.03.22-09.09.57:350][  0]LogWindows:   Looked in: C:\Program Files\Epic Games\UE_4.27\Engine\Plugins\Editor\MacGraphicsSwitching\Binaries\Win64
[2022.03.22-09.09.57:350][  0]LogWindows:   Looked in: C:\Program Files\Epic Games\UE_4.27\Engine\Plugins\Editor\DataValidation\Binaries\Win64
[2022.03.22-09.09.57:350][  0]LogWindows:   Looked in: C:\Program Files\Epic Games\UE_4.27\Engine\Plugins\Developer\AnimationSharing\Binaries\Win64
[2022.03.22-09.09.57:350][  0]LogWindows:   Looked in: C:\Program Files\Epic Games\UE_4.27\Engine\Plugins\Runtime\SignificanceManager\Binaries\Win64
[2022.03.22-09.09.57:350][  0]LogWindows:   Looked in: C:\Program Files\Epic Games\UE_4.27\Engine\Plugins\Editor\GameplayTagsEditor\Binaries\Win64
[2022.03.22-09.09.57:350][  0]LogWindows:   Looked in: C:\Program Files\Epic Games\UE_4.27\Engine\Plugins\Editor\PluginBrowser\Binaries\Win64
[2022.03.22-09.09.57:350][  0]LogWindows:   Looked in: C:\Program Files\Epic Games\UE_4.27\Engine\Plugins\Developer\PluginUtils\Binaries\Win64
[2022.03.22-09.09.57:350][  0]LogWindows:   Looked in: C:\Program Files\Epic Games\UE_4.27\Engine\Plugins\Editor\MobileLauncherProfileWizard\Binaries\Win64
[2022.03.22-09.09.57:350][  0]LogWindows:   Looked in: C:\Program Files\Epic Games\UE_4.27\Engine\Plugins\Editor\SpeedTreeImporter\Binaries\Win64
[2022.03.22-09.09.57:350][  0]LogWindows:   Looked in: C:\Program Files\Epic Games\UE_4.27\Engine\Plugins\Developer\PixWinPlugin\Binaries\Win64
[2022.03.22-09.09.57:350][  0]LogWindows:   Looked in: C:\Program Files\Epic Games\UE_4.27\Engine\Plugins\Developer\KDevelopSourceCodeAccess\Binaries\Win64
[2022.03.22-09.09.57:350][  0]LogWindows:   Looked in: C:\Program Files\Epic Games\UE_4.27\Engine\Plugins\Developer\NullSourceCodeAccess\Binaries\Win64
[2022.03.22-09.09.57:350][  0]LogWindows:   Looked in: C:\Program Files\Epic Games\UE_4.27\Engine\Plugins\Developer\CodeLiteSourceCodeAccess\Binaries\Win64
[2022.03.22-09.09.57:350][  0]LogWindows:   Looked in: C:\Program Files\Epic Games\UE_4.27\Engine\Plugins\Developer\RiderSourceCodeAccess\Binaries\Win64
[2022.03.22-09.09.57:350][  0]LogWindows:   Looked in: C:\Program Files\Epic Games\UE_4.27\Engine\Plugins\Developer\CLionSourceCodeAccess\Binaries\Win64
[2022.03.22-09.09.57:350][  0]LogWindows:   Looked in: C:\Program Files\Epic Games\UE_4.27\Engine\Plugins\Developer\GitSourceControl\Binaries\Win64
[2022.03.22-09.09.57:350][  0]LogWindows:   Looked in: C:\Program Files\Epic Games\UE_4.27\Engine\Plugins\Developer\PerforceSourceControl\Binaries\Win64
[2022.03.22-09.09.57:350][  0]LogWindows:   Looked in: C:\Program Files\Epic Games\UE_4.27\Engine\Plugins\Developer\SubversionSourceControl\Binaries\Win64
[2022.03.22-09.09.57:350][  0]LogWindows:   Looked in: C:\Program Files\Epic Games\UE_4.27\Engine\Plugins\Developer\PlasticSourceControl\Binaries\Win64
[2022.03.22-09.09.57:350][  0]LogWindows:   Looked in: C:\Program Files\Epic Games\UE_4.27\Engine\Plugins\Developer\PropertyAccessNode\Binaries\Win64
[2022.03.22-09.09.57:350][  0]LogWindows:   Looked in: C:\Program Files\Epic Games\UE_4.27\Engine\Plugins\Runtime\PropertyAccess\Binaries\Win64
[2022.03.22-09.09.57:350][  0]LogWindows:   Looked in: C:\Program Files\Epic Games\UE_4.27\Engine\Plugins\Developer\VisualStudioSourceCodeAccess\Binaries\Win64
[2022.03.22-09.09.57:350][  0]LogWindows:   Looked in: C:\Program Files\Epic Games\UE_4.27\Engine\Plugins\Lumin\MagicLeap\Binaries\Win64
[2022.03.22-09.09.57:350][  0]LogWindows:   Looked in: C:\Program Files\Epic Games\UE_4.27\Engine\Plugins\Lumin\MLSDK\Binaries\Win64
[2022.03.22-09.09.57:350][  0]LogWindows:   Looked in: C:\Program Files\Epic Games\UE_4.27\Engine\Plugins\Lumin\MagicLeapPassableWorld\Binaries\Win64
[2022.03.22-09.09.57:350][  0]LogWindows:   Looked in: C:\Program Files\Epic Games\UE_4.27\Engine\Plugins\Lumin\MagicLeapLightEstimation\Binaries\Win64
[2022.03.22-09.09.57:350][  0]LogWindows:   Looked in: C:\Program Files\Epic Games\UE_4.27\Engine\Plugins\Developer\TextureFormatOodle\Binaries\Win64
[2022.03.22-09.09.57:350][  0]LogWindows:   Looked in: C:\Program Files\Epic Games\UE_4.27\Engine\Plugins\Lumin\LuminPlatformFeatures\Binaries\Win64
[2022.03.22-09.09.57:350][  0]LogWindows:   Looked in: C:\Program Files\Epic Games\UE_4.27\Engine\Plugins\Developer\UObjectPlugin\Binaries\Win64
[2022.03.22-09.09.57:350][  0]LogWindows:   Looked in: C:\Program Files\Epic Games\UE_4.27\Engine\Plugins\Developer\VisualStudioCodeSourceCodeAccess\Binaries\Win64
[2022.03.22-09.09.57:350][  0]LogWindows:   Looked in: C:\Program Files\Epic Games\UE_4.27\Engine\Plugins\Lumin\MagicLeapMedia\Binaries\Win64
[2022.03.22-09.09.57:350][  0]LogWindows:   Looked in: C:\Program Files\Epic Games\UE_4.27\Engine\Plugins\Developer\XCodeSourceCodeAccess\Binaries\Win64
[2022.03.22-09.09.57:350][  0]LogWindows:   Looked in: C:\Program Files\Epic Games\UE_4.27\Engine\Plugins\Experimental\AutomationUtils\Binaries\Win64
[2022.03.22-09.09.57:350][  0]LogWindows:   Looked in: C:\Program Files\Epic Games\UE_4.27\Engine\Plugins\Tests\ScreenshotTools\Binaries\Win64
[2022.03.22-09.09.57:350][  0]LogWindows:   Looked in: C:\Program Files\Epic Games\UE_4.27\Engine\Plugins\Experimental\AlembicImporter\Binaries\Win64
[2022.03.22-09.09.57:350][  0]LogWindows:   Looked in: C:\Program Files\Epic Games\UE_4.27\Engine\Plugins\Experimental\GeometryCache\Binaries\Win64
[2022.03.22-09.09.57:350][  0]LogWindows:   Looked in: C:\Program Files\Epic Games\UE_4.27\Engine\Plugins\Experimental\BackChannel\Binaries\Win64
[2022.03.22-09.09.57:350][  0]LogWindows:   Looked in: C:\Program Files\Epic Games\UE_4.27\Engine\Plugins\Experimental\ChaosCloth\Binaries\Win64
[2022.03.22-09.09.57:350][  0]LogWindows:   Looked in: C:\Program Files\Epic Games\UE_4.27\Engine\Plugins\Experimental\ChaosEditor\Binaries\Win64
[2022.03.22-09.09.57:350][  0]LogWindows:   Looked in: C:\Program Files\Epic Games\UE_4.27\Engine\Plugins\Experimental\PlanarCutPlugin\Binaries\Win64
[2022.03.22-09.09.57:350][  0]LogWindows:   Looked in: C:\Program Files\Epic Games\UE_4.27\Engine\Plugins\Runtime\EditableMesh\Binaries\Win64
[2022.03.22-09.09.57:350][  0]LogWindows:   Looked in: C:\Program Files\Epic Games\UE_4.27\Engine\Plugins\Experimental\GeometryCollectionPlugin\Binaries\Win64
[2022.03.22-09.09.57:350][  0]LogWindows:   Looked in: C:\Program Files\Epic Games\UE_4.27\Engine\Plugins\Runtime\ProceduralMeshComponent\Binaries\Win64
[2022.03.22-09.09.57:350][  0]LogWindows:   Looked in: C:\Program Files\Epic Games\UE_4.27\Engine\Plugins\Experimental\ChaosSolverPlugin\Binaries\Win64
[2022.03.22-09.09.57:350][  0]LogWindows:   Looked in: C:\Program Files\Epic Games\UE_4.27\Engine\Plugins\Experimental\ChaosNiagara\Binaries\Win64
[2022.03.22-09.09.57:350][  0]LogWindows:   Looked in: C:\Program Files\Epic Games\UE_4.27\Engine\Plugins\FX\Niagara\Binaries\Win64
[2022.03.22-09.09.57:350][  0]LogWindows:   Looked in: C:\Program Files\Epic Games\UE_4.27\Engine\Plugins\Experimental\PythonScriptPlugin\Binaries\Win64
[2022.03.22-09.09.57:350][  0]LogWindows:   Looked in: C:\Program Files\Epic Games\UE_4.27\Engine\Plugins\Editor\ContentBrowser\ContentBrowserFileDataSource\Binaries\Win64
[2022.03.22-09.09.57:350][  0]LogWindows:   Looked in: C:\Program Files\Epic Games\UE_4.27\Engine\Plugins\Experimental\ChaosClothEditor\Binaries\Win64
[2022.03.22-09.09.57:350][  0]LogWindows:   Looked in: C:\Program Files\Epic Games\UE_4.27\Engine\Plugins\Experimental\CharacterAI\Binaries\Win64
[2022.03.22-09.09.57:350][  0]LogWindows:   Looked in: C:\Program Files\Epic Games\UE_4.27\Engine\Plugins\Messaging\TcpMessaging\Binaries\Win64
[2022.03.22-09.09.57:350][  0]LogWindows:   Looked in: C:\Program Files\Epic Games\UE_4.27\Engine\Plugins\Messaging\UdpMessaging\Binaries\Win64
[2022.03.22-09.09.57:350][  0]LogWindows:   Looked in: C:\Program Files\Epic Games\UE_4.27\Engine\Plugins\Media\AndroidMedia\Binaries\Win64
[2022.03.22-09.09.57:350][  0]LogWindows:   Looked in: C:\Program Files\Epic Games\UE_4.27\Engine\Plugins\Media\AvfMedia\Binaries\Win64
[2022.03.22-09.09.57:350][  0]LogWindows:   Looked in: C:\Program Files\Epic Games\UE_4.27\Engine\Plugins\Media\ImgMedia\Binaries\Win64
[2022.03.22-09.09.57:350][  0]LogWindows:   Looked in: C:\Program Files\Epic Games\UE_4.27\Engine\Plugins\Media\MediaCompositing\Binaries\Win64
[2022.03.22-09.09.57:350][  0]LogWindows:   Looked in: C:\Program Files\Epic Games\UE_4.27\Engine\Plugins\Media\MediaPlayerEditor\Binaries\Win64
[2022.03.22-09.09.57:351][  0]LogWindows:   Looked in: C:\Program Files\Epic Games\UE_4.27\Engine\Plugins\MovieScene\ActorSequence\Binaries\Win64
[2022.03.22-09.09.57:351][  0]LogWindows:   Looked in: C:\Program Files\Epic Games\UE_4.27\Engine\Plugins\Media\WmfMedia\Binaries\Win64
[2022.03.22-09.09.57:351][  0]LogWindows:   Looked in: C:\Program Files\Epic Games\UE_4.27\Engine\Plugins\Experimental\MotoSynth\Binaries\Win64
[2022.03.22-09.09.57:351][  0]LogWindows:   Looked in: C:\Program Files\Epic Games\UE_4.27\Engine\Plugins\MovieScene\MatineeToLevelSequence\Binaries\Win64
[2022.03.22-09.09.57:351][  0]LogWindows:   Looked in: C:\Program Files\Epic Games\UE_4.27\Engine\Plugins\Experimental\PlatformCrypto\Binaries\Win64
[2022.03.22-09.09.57:351][  0]LogWindows:   Looked in: C:\Program Files\Epic Games\UE_4.27\Engine\Plugins\Experimental\ProxyLODPlugin\Binaries\Win64
[2022.03.22-09.09.57:351][  0]LogWindows:   Looked in: C:\Program Files\Epic Games\UE_4.27\Engine\Plugins\Experimental\OpenImageDenoise\Binaries\Win64
[2022.03.22-09.09.57:351][  0]LogWindows:   Looked in: C:\Program Files\Epic Games\UE_4.27\Engine\Plugins\Experimental\SkeletalReduction\Binaries\Win64
[2022.03.22-09.09.57:351][  0]LogWindows:   Looked in: C:\Program Files\Epic Games\UE_4.27\Engine\Plugins\Online\OnlineSubsystem\Binaries\Win64
[2022.03.22-09.09.57:351][  0]LogWindows:   Looked in: C:\Program Files\Epic Games\UE_4.27\Engine\Plugins\Online\OnlineSubsystemUtils\Binaries\Win64
[2022.03.22-09.09.57:351][  0]LogWindows:   Looked in: C:\Program Files\Epic Games\UE_4.27\Engine\Plugins\Runtime\ActorLayerUtilities\Binaries\Win64
[2022.03.22-09.09.57:351][  0]LogWindows:   Looked in: C:\Program Files\Epic Games\UE_4.27\Engine\Plugins\Online\OnlineSubsystemNull\Binaries\Win64
[2022.03.22-09.09.57:351][  0]LogWindows:   Looked in: C:\Program Files\Epic Games\UE_4.27\Engine\Plugins\Runtime\AndroidPermission\Binaries\Win64
[2022.03.22-09.09.57:351][  0]LogWindows:   Looked in: C:\Program Files\Epic Games\UE_4.27\Engine\Plugins\Runtime\AppleImageUtils\Binaries\Win64
[2022.03.22-09.09.57:351][  0]LogWindows:   Looked in: C:\Program Files\Epic Games\UE_4.27\Engine\Plugins\Portal\LauncherChunkInstaller\Binaries\Win64
[2022.03.22-09.09.57:351][  0]LogWindows:   Looked in: C:\Program Files\Epic Games\UE_4.27\Engine\Plugins\Runtime\AudioCapture\Binaries\Win64
[2022.03.22-09.09.57:351][  0]LogWindows:   Looked in: C:\Program Files\Epic Games\UE_4.27\Engine\Plugins\Runtime\AppleMoviePlayer\Binaries\Win64
[2022.03.22-09.09.57:351][  0]LogWindows:   Looked in: C:\Program Files\Epic Games\UE_4.27\Engine\Plugins\Runtime\AndroidDeviceProfileSelector\Binaries\Win64
[2022.03.22-09.09.57:351][  0]LogWindows:   Looked in: C:\Program Files\Epic Games\UE_4.27\Engine\Plugins\Runtime\AndroidMoviePlayer\Binaries\Win64
[2022.03.22-09.09.57:351][  0]LogWindows:   Looked in: C:\Program Files\Epic Games\UE_4.27\Engine\Plugins\Runtime\ArchVisCharacter\Binaries\Win64
[2022.03.22-09.09.57:351][  0]LogWindows:   Looked in: C:\Program Files\Epic Games\UE_4.27\Engine\Plugins\Runtime\ExampleDeviceProfileSelector\Binaries\Win64
[2022.03.22-09.09.57:351][  0]LogWindows:   Looked in: C:\Program Files\Epic Games\UE_4.27\Engine\Plugins\Runtime\AssetTags\Binaries\Win64
[2022.03.22-09.09.57:351][  0]LogWindows:   Looked in: C:\Program Files\Epic Games\UE_4.27\Engine\Plugins\Runtime\ChunkDownloader\Binaries\Win64
[2022.03.22-09.09.57:351][  0]LogWindows:   Looked in: C:\Program Files\Epic Games\UE_4.27\Engine\Plugins\Runtime\GooglePAD\Binaries\Win64
[2022.03.22-09.09.57:351][  0]LogWindows:   Looked in: C:\Program Files\Epic Games\UE_4.27\Engine\Plugins\Runtime\CustomMeshComponent\Binaries\Win64
[2022.03.22-09.09.57:351][  0]LogWindows:   Looked in: C:\Program Files\Epic Games\UE_4.27\Engine\Plugins\Runtime\GoogleCloudMessaging\Binaries\Win64
[2022.03.22-09.09.57:351][  0]LogWindows:   Looked in: C:\Program Files\Epic Games\UE_4.27\Engine\Plugins\Runtime\CableComponent\Binaries\Win64
[2022.03.22-09.09.57:351][  0]LogWindows:   Looked in: C:\Program Files\Epic Games\UE_4.27\Engine\Plugins\Runtime\LocationServicesBPLibrary\Binaries\Win64
[2022.03.22-09.09.57:351][  0]LogWindows:   Looked in: C:\Program Files\Epic Games\UE_4.27\Engine\Plugins\Runtime\LinuxDeviceProfileSelector\Binaries\Win64
[2022.03.22-09.09.57:351][  0]LogWindows:   Looked in: C:\Program Files\Epic Games\UE_4.27\Engine\Plugins\Runtime\IOSDeviceProfileSelector\Binaries\Win64
[2022.03.22-09.09.57:351][  0]LogWindows:   Looked in: C:\Program Files\Epic Games\UE_4.27\Engine\Plugins\Runtime\OpenXR\Binaries\Win64
[2022.03.22-09.09.57:351][  0]LogWindows:   Looked in: C:\Program Files\Epic Games\UE_4.27\Engine\Plugins\Runtime\MobilePatchingUtils\Binaries\Win64
[2022.03.22-09.09.57:351][  0]LogWindows:   Looked in: C:\Program Files\Epic Games\UE_4.27\Engine\Plugins\Runtime\PhysXVehicles\Binaries\Win64
[2022.03.22-09.09.57:351][  0]LogWindows:   Looked in: C:\Program Files\Epic Games\UE_4.27\Engine\Plugins\Runtime\OpenXREyeTracker\Binaries\Win64
[2022.03.22-09.09.57:351][  0]LogWindows:   Looked in: C:\Program Files\Epic Games\UE_4.27\Engine\Plugins\Runtime\OpenXRHandTracking\Binaries\Win64
[2022.03.22-09.09.57:351][  0]LogWindows:   Looked in: C:\Program Files\Epic Games\UE_4.27\Engine\Plugins\Animation\LiveLink\Binaries\Win64
[2022.03.22-09.09.57:351][  0]LogWindows:   Looked in: C:\Program Files\Epic Games\UE_4.27\Engine\Plugins\VirtualProduction\Takes\Binaries\Win64
[2022.03.22-09.09.57:351][  0]LogWindows:   Looked in: C:\Program Files\Epic Games\UE_4.27\Engine\Plugins\Runtime\PostSplashScreen\Binaries\Win64
[2022.03.22-09.09.57:351][  0]LogWindows:   Looked in: C:\Program Files\Epic Games\UE_4.27\Engine\Plugins\Runtime\RuntimePhysXCooking\Binaries\Win64
[2022.03.22-09.09.57:351][  0]LogWindows:   Looked in: C:\Program Files\Epic Games\UE_4.27\Engine\Plugins\Runtime\Synthesis\Binaries\Win64
[2022.03.22-09.09.57:351][  0]LogWindows:   Looked in: C:\Program Files\Epic Games\UE_4.27\Engine\Plugins\Runtime\AudioSynesthesia\Binaries\Win64
[2022.03.22-09.09.57:351][  0]LogWindows:   Looked in: C:\Program Files\Epic Games\UE_4.27\Engine\Plugins\Runtime\SoundFields\Binaries\Win64
[2022.03.22-09.09.57:351][  0]LogWindows:   Looked in: C:\Program Files\Epic Games\UE_4.27\Engine\Plugins\Runtime\WebMMoviePlayer\Binaries\Win64
[2022.03.22-09.09.57:351][  0]LogWindows:   Looked in: C:\Program Files\Epic Games\UE_4.27\Engine\Plugins\Media\WebMMedia\Binaries\Win64
[2022.03.22-09.09.57:351][  0]LogWindows:   Looked in: C:\Program Files\Epic Games\UE_4.27\Engine\Plugins\Runtime\WindowsMoviePlayer\Binaries\Win64
[2022.03.22-09.09.57:351][  0]LogWindows:   Looked in: C:\Program Files\Epic Games\UE_4.27\Engine\Plugins\Editor\ContentBrowser\ContentBrowserAssetDataSource\Binaries\Win64
[2022.03.22-09.09.57:351][  0]LogWindows:   Looked in: C:\Program Files\Epic Games\UE_4.27\Engine\Plugins\Editor\ContentBrowser\ContentBrowserClassDataSource\Binaries\Win64
[2022.03.22-09.09.57:351][  0]LogWindows:   Looked in: C:\Program Files\Epic Games\UE_4.27\Engine\Plugins\Online\Android\OnlineSubsystemGooglePlay\Binaries\Win64
[2022.03.22-09.09.57:351][  0]LogWindows:   Looked in: C:\Program Files\Epic Games\UE_4.27\Engine\Plugins\Online\IOS\OnlineSubsystemIOS\Binaries\Win64
[2022.03.22-09.09.57:351][  0]LogWindows:   Looked in: C:\Program Files\Epic Games\UE_4.27\Engine\Plugins\Runtime\Oculus\OculusVR\Binaries\Win64
[2022.03.22-09.09.57:351][  0]LogWindows:   Looked in: C:\Program Files\Epic Games\UE_4.27\Engine\Plugins\Runtime\Steam\SteamVR\Binaries\Win64
[2022.03.22-09.09.57:351][  0]LogWindows:   Looked in: C:\Program Files\Epic Games\UE_4.27\Engine\Binaries\Win64\(Path="")\lib\win64
[2022.03.22-09.09.57:351][  0]LogWindows:   Looked in: C:\Program Files\Epic Games\UE_4.27\Engine\Binaries\Win64\Android
[2022.03.22-09.09.57:351][  0]LogWindows:   Looked in: C:\Program Files\Epic Games\UE_4.27\Engine\Binaries\Win64\IOS
[2022.03.22-09.09.57:351][  0]LogWindows:   Looked in: C:\Program Files\Epic Games\UE_4.27\Engine\Binaries\Win64\Linux
[2022.03.22-09.09.57:351][  0]LogWindows:   Looked in: C:\Program Files\Epic Games\UE_4.27\Engine\Binaries\Win64\Lumin
[2022.03.22-09.09.57:351][  0]LogModuleManager: Warning: ModuleManager: Unable to load module 'D:/OneDrive - SNU/github/CPP_Portfolio_2022/ArenaBattle/Binaries/Win64/UE4Editor-ArenaBattle-8656.dll' because the file couldn't be loaded by the OS.
[2022.03.22-09.10.04:380][  0]Message dialog closed, result: Ok, title: 메시지, text: ArenaBattle' 게임 모듈을 로드하지 못했습니다. 운영체제 오류가 있거나 모듈 설정이 제대로 되지 않았을 수 있습니다. 또는 빌드에 포함된 플러그인이 켜짐 상태가 아닐 수 있습니다.
[2022.03.22-09.10.04:380][  0]LogCore: Engine exit requested (reason: EngineExit() was called)
[2022.03.22-09.10.04:405][  0]LogSlate: Slate User Destroyed.  User Index 0, Is Virtual User: 0
[2022.03.22-09.10.04:405][  0]LogExit: Preparing to exit.
[2022.03.22-09.10.04:417][  0]LogUObjectHash: Compacting FUObjectHashTables data took   1.52ms
[2022.03.22-09.10.06:365][  0]LogWindows: Error: === Critical error: ===
[2022.03.22-09.10.06:365][  0]LogWindows: Error: 
[2022.03.22-09.10.06:365][  0]LogWindows: Error: Assertion failed: GIsHotReload [File:D:/Build/++UE4/Sync/Engine/Source/Runtime/CoreUObject/Private/UObject/UObjectBase.cpp] [Line: 704] 
[2022.03.22-09.10.06:365][  0]LogWindows: Error: Trying to recreate class 'UABCharacterSetting' outside of hot reload!
[2022.03.22-09.10.06:365][  0]LogWindows: Error: 
[2022.03.22-09.10.06:365][  0]LogWindows: Error: 
[2022.03.22-09.10.06:365][  0]LogWindows: Error: Unhandled Exception: EXCEPTION_ACCESS_VIOLATION reading address 0xffffffffffffffff
[2022.03.22-09.10.06:365][  0]LogWindows: Error: 
[2022.03.22-09.10.06:365][  0]LogWindows: Error: [Callstack] 0x00007ffcf3e61dc5 UE4Editor-CoreUObject.dll!UnknownFunction []
[2022.03.22-09.10.06:365][  0]LogWindows: Error: [Callstack] 0x00007ffcf404eb25 UE4Editor-CoreUObject.dll!UnknownFunction []
[2022.03.22-09.10.06:365][  0]LogWindows: Error: [Callstack] 0x00007ffcf3eb9bd7 UE4Editor-CoreUObject.dll!UnknownFunction []
[2022.03.22-09.10.06:365][  0]LogWindows: Error: [Callstack] 0x00007ff6965488ed UE4Editor.exe!UnknownFunction []
[2022.03.22-09.10.06:365][  0]LogWindows: Error: [Callstack] 0x00007ff69654823d UE4Editor.exe!UnknownFunction []
[2022.03.22-09.10.06:365][  0]LogWindows: Error: [Callstack] 0x00007ff69655048a UE4Editor.exe!UnknownFunction []
[2022.03.22-09.10.06:365][  0]LogWindows: Error: [Callstack] 0x00007ff696551063 UE4Editor.exe!UnknownFunction []
[2022.03.22-09.10.06:365][  0]LogWindows: Error: [Callstack] 0x00007ff6965510ba UE4Editor.exe!UnknownFunction []
[2022.03.22-09.10.06:365][  0]LogWindows: Error: [Callstack] 0x00007ff6965540dd UE4Editor.exe!UnknownFunction []
[2022.03.22-09.10.06:365][  0]LogWindows: Error: [Callstack] 0x00007ff696565984 UE4Editor.exe!UnknownFunction []
[2022.03.22-09.10.06:365][  0]LogWindows: Error: [Callstack] 0x00007ff69656853a UE4Editor.exe!UnknownFunction []
[2022.03.22-09.10.06:365][  0]LogWindows: Error: [Callstack] 0x00007ffd46d154e0 KERNEL32.DLL!UnknownFunction []
[2022.03.22-09.10.06:365][  0]LogWindows: Error: [Callstack] 0x00007ffd48e0485b ntdll.dll!UnknownFunction []
[2022.03.22-09.10.06:365][  0]LogWindows: Error: 
[2022.03.22-09.10.06:390][  0]LogExit: Executing StaticShutdownAfterError
[2022.03.22-09.10.06:391][  0]LogWindows: FPlatformMisc::RequestExit(1)
[2022.03.22-09.10.06:391][  0]LogWindows: FPlatformMisc::RequestExitWithStatus(1, 3)
[2022.03.22-09.10.06:391][  0]LogCore: Engine exit requested (reason: Win RequestExit; note: exit was already requested)
[2022.03.22-09.10.06:404][  0]Log file closed, 03/22/22 18:10:06
