Log file open, 02/13/22 18:35:04
LogWindows: Failed to load 'aqProf.dll' (GetLastError=126)
LogWindows: File 'aqProf.dll' does not exist
LogWindows: Failed to load 'VtuneApi.dll' (GetLastError=126)
LogWindows: File 'VtuneApi.dll' does not exist
LogWindows: Failed to load 'VtuneApi32e.dll' (GetLastError=126)
LogWindows: File 'VtuneApi32e.dll' does not exist
LogConsoleResponse: Display: Failed to find resolution value strings in scalability ini. Falling back to default.
LogConsoleResponse: Display: Failed to find resolution value strings in scalability ini. Falling back to default.
LogInit: Display: Running engine for game: ArenaBattle
LogPlatformFile: Not using cached read wrapper
LogTaskGraph: Started task graph with 5 named threads and 35 total threads with 3 sets of task threads.
LogStats: Stats thread started at 0.431501
LogICUInternationalization: ICU TimeZone Detection - Raw Offset: +9:00, Platform Override: ''
LogInit: Display: Loading text-based GConfig....
LogPluginManager: Mounting plugin MeshPainting
LogPluginManager: Mounting plugin XGEController
LogPluginManager: Mounting plugin Paper2D
LogPluginManager: Mounting plugin LiveLink
LogPluginManager: Mounting plugin AISupport
LogPluginManager: Mounting plugin EnvironmentQueryEditor
LogPluginManager: Mounting plugin LightPropagationVolume
LogPluginManager: Mounting plugin GameplayCameras
LogPluginManager: Mounting plugin AnimationSharing
LogPluginManager: Mounting plugin CameraShakePreviewer
LogPluginManager: Mounting plugin AssetManagerEditor
LogPluginManager: Mounting plugin CLionSourceCodeAccess
LogPluginManager: Mounting plugin CodeLiteSourceCodeAccess
LogPluginManager: Mounting plugin CurveEditorTools
LogPluginManager: Mounting plugin CryptoKeys
LogPluginManager: Mounting plugin DataValidation
LogPluginManager: Mounting plugin FacialAnimation
LogPluginManager: Mounting plugin GitSourceControl
LogPluginManager: Mounting plugin KDevelopSourceCodeAccess
LogPluginManager: Mounting plugin NullSourceCodeAccess
LogPluginManager: Mounting plugin GameplayTagsEditor
LogPluginManager: Mounting plugin PixWinPlugin
LogPluginManager: Mounting plugin PluginUtils
LogPluginManager: Mounting plugin PerforceSourceControl
LogPluginManager: Mounting plugin PlasticSourceControl
LogPluginManager: Mounting plugin OodleData
LogPluginManager: Mounting plugin OodleNetwork
LogPluginManager: Mounting plugin RiderSourceCodeAccess
LogPluginManager: Mounting plugin GeometryMode
LogPluginManager: Mounting plugin SubversionSourceControl
LogPluginManager: Mounting plugin PropertyAccessNode
LogPluginManager: Mounting plugin TextureFormatOodle
LogPluginManager: Mounting plugin MacGraphicsSwitching
LogPluginManager: Mounting plugin MaterialAnalyzer
LogPluginManager: Mounting plugin MobileLauncherProfileWizard
LogPluginManager: Mounting plugin PluginBrowser
LogPluginManager: Mounting plugin SpeedTreeImporter
LogPluginManager: Mounting plugin UObjectPlugin
LogPluginManager: Mounting plugin VisualStudioCodeSourceCodeAccess
LogPluginManager: Mounting plugin DatasmithContent
LogPluginManager: Mounting plugin VisualStudioSourceCodeAccess
LogPluginManager: Mounting plugin XCodeSourceCodeAccess
LogPluginManager: Mounting plugin VariantManagerContent
LogPluginManager: Mounting plugin Niagara
LogPluginManager: Mounting plugin AlembicImporter
LogPluginManager: Mounting plugin BackChannel
LogPluginManager: Mounting plugin AutomationUtils
LogPluginManager: Mounting plugin ChaosCloth
LogPluginManager: Mounting plugin ChaosClothEditor
LogPluginManager: Mounting plugin ChaosEditor
LogPluginManager: Mounting plugin ChaosNiagara
LogPluginManager: Mounting plugin ChaosSolverPlugin
LogPluginManager: Mounting plugin CharacterAI
LogPluginManager: Mounting plugin LuminPlatformFeatures
LogPluginManager: Mounting plugin MagicLeap
LogPluginManager: Mounting plugin GeometryCache
LogPluginManager: Mounting plugin GeometryCollectionPlugin
LogPluginManager: Mounting plugin MagicLeapLightEstimation
LogPluginManager: Mounting plugin MagicLeapMedia
LogPluginManager: Mounting plugin MagicLeapPassableWorld
LogPluginManager: Mounting plugin GeometryProcessing
LogPluginManager: Mounting plugin MLSDK
LogPluginManager: Mounting plugin MotoSynth
LogPluginManager: Mounting plugin OpenImageDenoise
LogPluginManager: Mounting plugin PlanarCut
LogPluginManager: Mounting plugin PlatformCrypto
LogPluginManager: Mounting plugin ProxyLODPlugin
LogPluginManager: Mounting plugin PythonScriptPlugin
LogPluginManager: Mounting plugin SkeletalReduction
LogPluginManager: Mounting plugin AndroidMedia
LogPluginManager: Mounting plugin AvfMedia
LogPluginManager: Mounting plugin ImgMedia
LogPluginManager: Mounting plugin MediaCompositing
LogPluginManager: Mounting plugin MediaPlayerEditor
LogPluginManager: Mounting plugin WebMMedia
LogPluginManager: Mounting plugin WmfMedia
LogPluginManager: Mounting plugin TcpMessaging
LogPluginManager: Mounting plugin LevelSequenceEditor
LogPluginManager: Mounting plugin ActorSequence
LogPluginManager: Mounting plugin UdpMessaging
LogPluginManager: Mounting plugin MatineeToLevelSequence
LogPluginManager: Mounting plugin TemplateSequence
LogPluginManager: Mounting plugin OnlineSubsystem
LogPluginManager: Mounting plugin OnlineSubsystemNull
LogPluginManager: Mounting plugin OnlineSubsystemUtils
LogPluginManager: Mounting plugin LauncherChunkInstaller
LogPluginManager: Mounting plugin ActorLayerUtilities
LogPluginManager: Mounting plugin AndroidDeviceProfileSelector
LogPluginManager: Mounting plugin AndroidMoviePlayer
LogPluginManager: Mounting plugin AndroidPermission
LogPluginManager: Mounting plugin AppleMoviePlayer
LogPluginManager: Mounting plugin AppleImageUtils
LogPluginManager: Mounting plugin ArchVisCharacter
LogPluginManager: Mounting plugin AssetTags
LogPluginManager: Mounting plugin AudioCapture
LogPluginManager: Mounting plugin AudioSynesthesia
LogPluginManager: Mounting plugin CableComponent
LogPluginManager: Mounting plugin ChunkDownloader
LogPluginManager: Mounting plugin CustomMeshComponent
LogPluginManager: Mounting plugin EditableMesh
LogPluginManager: Mounting plugin ExampleDeviceProfileSelector
LogPluginManager: Mounting plugin GoogleCloudMessaging
LogPluginManager: Mounting plugin GooglePAD
LogPluginManager: Mounting plugin ScreenshotTools
LogPluginManager: Mounting plugin IOSDeviceProfileSelector
LogPluginManager: Mounting plugin LinuxDeviceProfileSelector
LogPluginManager: Mounting plugin LocationServicesBPLibrary
LogPluginManager: Mounting plugin MobilePatchingUtils
LogPluginManager: Mounting plugin OpenXR
LogPluginManager: Mounting plugin OpenXREyeTracker
LogPluginManager: Mounting plugin OpenXRHandTracking
LogPluginManager: Mounting plugin PhysXVehicles
LogPluginManager: Mounting plugin ProceduralMeshComponent
LogPluginManager: Mounting plugin PostSplashScreen
LogPluginManager: Mounting plugin PropertyAccessEditor
LogPluginManager: Mounting plugin SignificanceManager
LogPluginManager: Mounting plugin RuntimePhysXCooking
LogPluginManager: Mounting plugin SoundFields
LogPluginManager: Mounting plugin Synthesis
LogPluginManager: Mounting plugin Takes
LogPluginManager: Mounting plugin WebMMoviePlayer
LogPluginManager: Mounting plugin WindowsMoviePlayer
LogPluginManager: Mounting plugin ContentBrowserAssetDataSource
LogPluginManager: Mounting plugin ContentBrowserFileDataSource
LogPluginManager: Mounting plugin ContentBrowserClassDataSource
LogPluginManager: Mounting plugin OnlineSubsystemGooglePlay
LogPluginManager: Mounting plugin OnlineSubsystemIOS
LogPluginManager: Mounting plugin OculusVR
LogPluginManager: Mounting plugin SteamVR
PixWinPlugin: PIX capture plugin failed to initialize! Check that the process is launched from PIX.
LogInit: Using libcurl 7.55.1-DEV
LogInit:  - built for x86_64-pc-win32
LogInit:  - supports SSL with OpenSSL/1.1.1
LogInit:  - supports HTTP deflate (compression) using libz 1.2.8
LogInit:  - other features:
LogInit:      CURL_VERSION_SSL
LogInit:      CURL_VERSION_LIBZ
LogInit:      CURL_VERSION_IPV6
LogInit:      CURL_VERSION_ASYNCHDNS
LogInit:      CURL_VERSION_LARGEFILE
LogInit:      CURL_VERSION_IDN
LogInit:  CurlRequestOptions (configurable via config and command line):
LogInit:  - bVerifyPeer = true  - Libcurl will verify peer certificate
LogInit:  - bUseHttpProxy = false  - Libcurl will NOT use HTTP proxy
LogInit:  - bDontReuseConnections = false  - Libcurl will reuse connections
LogInit:  - MaxHostConnections = 16  - Libcurl will limit the number of connections to a host
LogInit:  - LocalHostAddr = Default
LogInit:  - BufferSize = 65536
LogOnline: OSS: Creating online subsystem instance for: NULL
LogInit: WinSock: version 1.1 (2.2), MaxSocks=32767, MaxUdp=65467
LogOnline: OSS: TryLoadSubsystemAndSetDefault: Loaded subsystem for module [NULL]
LogOculusPluginWrapper: OculusPlugin initialized successfully
LogHMD: Failed initializing OVRPlugin 1.59.0
LogInit: Build: ++UE4+Release-4.27-CL-18319896
LogInit: Engine Version: 4.27.2-18319896+++UE4+Release-4.27
LogInit: Compatible Engine Version: 4.27.0-17155196+++UE4+Release-4.27
LogInit: Net CL: 17155196
LogInit: OS: Windows 10 (Release 2009) (), CPU: AMD Ryzen 5 3600 6-Core Processor              , GPU: AMD Radeon RX 6700 XT
LogInit: Compiled (64-bit): Nov 30 2021 07:12:08
LogInit: Compiled with Visual C++: 19.24.28315.00
LogInit: Build Configuration: Development
LogInit: Branch Name: ++UE4+Release-4.27
LogInit: Command Line: 
LogInit: Base Directory: C:/Program Files/Epic Games/UE_4.27/Engine/Binaries/Win64/
LogInit: Allocator: TBB
LogInit: Installed Engine Build: 1
LogDevObjectVersion: Number of dev versions registered: 29
LogDevObjectVersion:   Dev-Blueprints (B0D832E4-1F89-4F0D-ACCF-7EB736FD4AA2): 10
LogDevObjectVersion:   Dev-Build (E1C64328-A22C-4D53-A36C-8E866417BD8C): 0
LogDevObjectVersion:   Dev-Core (375EC13C-06E4-48FB-B500-84F0262A717E): 4
LogDevObjectVersion:   Dev-Editor (E4B068ED-F494-42E9-A231-DA0B2E46BB41): 40
LogDevObjectVersion:   Dev-Framework (CFFC743F-43B0-4480-9391-14DF171D2073): 37
LogDevObjectVersion:   Dev-Mobile (B02B49B5-BB20-44E9-A304-32B752E40360): 3
LogDevObjectVersion:   Dev-Networking (A4E4105C-59A1-49B5-A7C5-40C4547EDFEE): 0
LogDevObjectVersion:   Dev-Online (39C831C9-5AE6-47DC-9A44-9C173E1C8E7C): 0
LogDevObjectVersion:   Dev-Physics (78F01B33-EBEA-4F98-B9B4-84EACCB95AA2): 14
LogDevObjectVersion:   Dev-Platform (6631380F-2D4D-43E0-8009-CF276956A95A): 0
LogDevObjectVersion:   Dev-Rendering (12F88B9F-8875-4AFC-A67C-D90C383ABD29): 45
LogDevObjectVersion:   Dev-Sequencer (7B5AE74C-D270-4C10-A958-57980B212A5A): 13
LogDevObjectVersion:   Dev-VR (D7296918-1DD6-4BDD-9DE2-64A83CC13884): 3
LogDevObjectVersion:   Dev-LoadTimes (C2A15278-BFE7-4AFE-6C17-90FF531DF755): 1
LogDevObjectVersion:   Private-Geometry (6EACA3D4-40EC-4CC1-B786-8BED09428FC5): 3
LogDevObjectVersion:   Dev-AnimPhys (29E575DD-E0A3-4627-9D10-D276232CDCEA): 17
LogDevObjectVersion:   Dev-Anim (AF43A65D-7FD3-4947-9873-3E8ED9C1BB05): 15
LogDevObjectVersion:   Dev-ReflectionCapture (6B266CEC-1EC7-4B8F-A30B-E4D90942FC07): 1
LogDevObjectVersion:   Dev-Automation (0DF73D61-A23F-47EA-B727-89E90C41499A): 1
LogDevObjectVersion:   FortniteMain (601D1886-AC64-4F84-AA16-D3DE0DEAC7D6): 47
LogDevObjectVersion:   FortniteRelease (E7086368-6B23-4C58-8439-1B7016265E91): 1
LogDevObjectVersion:   Dev-Enterprise (9DFFBCD6-494F-0158-E221-12823C92A888): 10
LogDevObjectVersion:   Dev-Niagara (F2AED0AC-9AFE-416F-8664-AA7FFA26D6FC): 1
LogDevObjectVersion:   Dev-Destruction (174F1F0B-B4C6-45A5-B13F-2EE8D0FB917D): 10
LogDevObjectVersion:   Dev-Physics-Ext (35F94A83-E258-406C-A318-09F59610247C): 41
LogDevObjectVersion:   Dev-PhysicsMaterial-Chaos (B68FC16E-8B1B-42E2-B453-215C058844FE): 1
LogDevObjectVersion:   Dev-CineCamera (B2E18506-4273-CFC2-A54E-F4BB758BBA07): 1
LogDevObjectVersion:   Dev-VirtualProduction (64F58936-FD1B-42BA-BA96-7289D5D0FA4E): 1
LogDevObjectVersion:   Dev-MediaFramework (6F0ED827-A609-4895-9C91-998D90180EA4): 2
LogInit: Presizing for max 25165824 objects, including 0 objects not considered by GC, pre-allocating 0 bytes for permanent pool.
LogConfig: Applying CVar settings from Section [/Script/Engine.StreamingSettings] File [D:/OneDrive - SNU/github/CPP_Portfolio_2022/ArenaBattle/Saved/Config/Windows/Engine.ini]
LogConfig: Setting CVar [[s.MinBulkDataSizeForAsyncLoading:131072]]
LogConfig: Setting CVar [[s.AsyncLoadingThreadEnabled:0]]
LogConfig: Setting CVar [[s.EventDrivenLoaderEnabled:1]]
LogConfig: Setting CVar [[s.WarnIfTimeLimitExceeded:0]]
LogConfig: Setting CVar [[s.TimeLimitExceededMultiplier:1.5]]
LogConfig: Setting CVar [[s.TimeLimitExceededMinTime:0.005]]
LogConfig: Setting CVar [[s.UseBackgroundLevelStreaming:1]]
LogConfig: Setting CVar [[s.PriorityAsyncLoadingExtraTime:15.0]]
LogConfig: Setting CVar [[s.LevelStreamingActorsUpdateTimeLimit:5.0]]
LogConfig: Setting CVar [[s.PriorityLevelStreamingActorsUpdateExtraTime:5.0]]
LogConfig: Setting CVar [[s.LevelStreamingComponentsRegistrationGranularity:10]]
LogConfig: Setting CVar [[s.UnregisterComponentsTimeLimit:1.0]]
LogConfig: Setting CVar [[s.LevelStreamingComponentsUnregistrationGranularity:5]]
LogConfig: Setting CVar [[s.FlushStreamingOnExit:1]]
LogInit: Object subsystem initialized
LogConfig: Setting CVar [[con.DebugEarlyDefault:1]]
LogConfig: Setting CVar [[r.setres:1280x720]]
[2022.02.13-09.35.05:263][  0]LogConfig: Setting CVar [[r.VSync:0]]
[2022.02.13-09.35.05:263][  0]LogConfig: Setting CVar [[r.RHICmdBypass:0]]
[2022.02.13-09.35.05:263][  0]LogConfig: Applying CVar settings from Section [/Script/Engine.RendererSettings] File [D:/OneDrive - SNU/github/CPP_Portfolio_2022/ArenaBattle/Saved/Config/Windows/Engine.ini]
[2022.02.13-09.35.05:263][  0]LogConfig: Setting CVar [[r.GPUCrashDebugging:0]]
[2022.02.13-09.35.05:263][  0]LogConfig: Applying CVar settings from Section [/Script/Engine.RendererOverrideSettings] File [D:/OneDrive - SNU/github/CPP_Portfolio_2022/ArenaBattle/Saved/Config/Windows/Engine.ini]
[2022.02.13-09.35.05:263][  0]LogConfig: Applying CVar settings from Section [/Script/Engine.StreamingSettings] File [D:/OneDrive - SNU/github/CPP_Portfolio_2022/ArenaBattle/Saved/Config/Windows/Engine.ini]
[2022.02.13-09.35.05:263][  0]LogConfig: Setting CVar [[s.MinBulkDataSizeForAsyncLoading:131072]]
[2022.02.13-09.35.05:263][  0]LogConfig: Setting CVar [[s.AsyncLoadingThreadEnabled:0]]
[2022.02.13-09.35.05:263][  0]LogConfig: Setting CVar [[s.EventDrivenLoaderEnabled:1]]
[2022.02.13-09.35.05:263][  0]LogConfig: Setting CVar [[s.WarnIfTimeLimitExceeded:0]]
[2022.02.13-09.35.05:263][  0]LogConfig: Setting CVar [[s.TimeLimitExceededMultiplier:1.5]]
[2022.02.13-09.35.05:263][  0]LogConfig: Setting CVar [[s.TimeLimitExceededMinTime:0.005]]
[2022.02.13-09.35.05:263][  0]LogConfig: Setting CVar [[s.UseBackgroundLevelStreaming:1]]
[2022.02.13-09.35.05:263][  0]LogConfig: Setting CVar [[s.PriorityAsyncLoadingExtraTime:15.0]]
[2022.02.13-09.35.05:263][  0]LogConfig: Setting CVar [[s.LevelStreamingActorsUpdateTimeLimit:5.0]]
[2022.02.13-09.35.05:263][  0]LogConfig: Setting CVar [[s.PriorityLevelStreamingActorsUpdateExtraTime:5.0]]
[2022.02.13-09.35.05:263][  0]LogConfig: Setting CVar [[s.LevelStreamingComponentsRegistrationGranularity:10]]
[2022.02.13-09.35.05:263][  0]LogConfig: Setting CVar [[s.UnregisterComponentsTimeLimit:1.0]]
[2022.02.13-09.35.05:263][  0]LogConfig: Setting CVar [[s.LevelStreamingComponentsUnregistrationGranularity:5]]
[2022.02.13-09.35.05:263][  0]LogConfig: Setting CVar [[s.FlushStreamingOnExit:1]]
[2022.02.13-09.35.05:263][  0]LogConfig: Applying CVar settings from Section [/Script/Engine.GarbageCollectionSettings] File [D:/OneDrive - SNU/github/CPP_Portfolio_2022/ArenaBattle/Saved/Config/Windows/Engine.ini]
[2022.02.13-09.35.05:263][  0]LogConfig: Setting CVar [[gc.MaxObjectsNotConsideredByGC:1]]
[2022.02.13-09.35.05:263][  0]LogConfig: Setting CVar [[gc.SizeOfPermanentObjectPool:0]]
[2022.02.13-09.35.05:263][  0]LogConfig: Setting CVar [[gc.FlushStreamingOnGC:0]]
[2022.02.13-09.35.05:263][  0]LogConfig: Setting CVar [[gc.NumRetriesBeforeForcingGC:10]]
[2022.02.13-09.35.05:263][  0]LogConfig: Setting CVar [[gc.AllowParallelGC:1]]
[2022.02.13-09.35.05:263][  0]LogConfig: Setting CVar [[gc.TimeBetweenPurgingPendingKillObjects:61.1]]
[2022.02.13-09.35.05:263][  0]LogConfig: Setting CVar [[gc.MaxObjectsInEditor:25165824]]
[2022.02.13-09.35.05:263][  0]LogConfig: Setting CVar [[gc.IncrementalBeginDestroyEnabled:1]]
[2022.02.13-09.35.05:263][  0]LogConfig: Setting CVar [[gc.CreateGCClusters:1]]
[2022.02.13-09.35.05:263][  0]LogConfig: Setting CVar [[gc.MinGCClusterSize:5]]
[2022.02.13-09.35.05:263][  0]LogConfig: Setting CVar [[gc.ActorClusteringEnabled:0]]
[2022.02.13-09.35.05:263][  0]LogConfig: Setting CVar [[gc.BlueprintClusteringEnabled:0]]
[2022.02.13-09.35.05:263][  0]LogConfig: Setting CVar [[gc.UseDisregardForGCOnDedicatedServers:0]]
[2022.02.13-09.35.05:263][  0]LogConfig: Setting CVar [[gc.MultithreadedDestructionEnabled:1]]
[2022.02.13-09.35.05:263][  0]LogConfig: Applying CVar settings from Section [/Script/Engine.NetworkSettings] File [D:/OneDrive - SNU/github/CPP_Portfolio_2022/ArenaBattle/Saved/Config/Windows/Engine.ini]
[2022.02.13-09.35.05:263][  0]LogConfig: Applying CVar settings from Section [/Script/UnrealEd.CookerSettings] File [D:/OneDrive - SNU/github/CPP_Portfolio_2022/ArenaBattle/Saved/Config/Windows/Engine.ini]
[2022.02.13-09.35.05:283][  0]LogConfig: Applying CVar settings from Section [ViewDistanceQuality@3] File [D:/OneDrive - SNU/github/CPP_Portfolio_2022/ArenaBattle/Saved/Config/Windows/Scalability.ini]
[2022.02.13-09.35.05:283][  0]LogConfig: Setting CVar [[r.SkeletalMeshLODBias:0]]
[2022.02.13-09.35.05:283][  0]LogConfig: Setting CVar [[r.ViewDistanceScale:1.0]]
[2022.02.13-09.35.05:283][  0]LogConfig: Applying CVar settings from Section [AntiAliasingQuality@3] File [D:/OneDrive - SNU/github/CPP_Portfolio_2022/ArenaBattle/Saved/Config/Windows/Scalability.ini]
[2022.02.13-09.35.05:283][  0]LogConfig: Setting CVar [[r.PostProcessAAQuality:4]]
[2022.02.13-09.35.05:283][  0]LogConfig: Applying CVar settings from Section [ShadowQuality@3] File [D:/OneDrive - SNU/github/CPP_Portfolio_2022/ArenaBattle/Saved/Config/Windows/Scalability.ini]
[2022.02.13-09.35.05:283][  0]LogConfig: Setting CVar [[r.LightFunctionQuality:1]]
[2022.02.13-09.35.05:283][  0]LogConfig: Setting CVar [[r.ShadowQuality:5]]
[2022.02.13-09.35.05:283][  0]LogConfig: Setting CVar [[r.Shadow.CSM.MaxCascades:10]]
[2022.02.13-09.35.05:283][  0]LogConfig: Setting CVar [[r.Shadow.MaxResolution:2048]]
[2022.02.13-09.35.05:283][  0]LogConfig: Setting CVar [[r.Shadow.MaxCSMResolution:2048]]
[2022.02.13-09.35.05:283][  0]LogConfig: Setting CVar [[r.Shadow.RadiusThreshold:0.01]]
[2022.02.13-09.35.05:283][  0]LogConfig: Setting CVar [[r.Shadow.DistanceScale:1.0]]
[2022.02.13-09.35.05:283][  0]LogConfig: Setting CVar [[r.Shadow.CSM.TransitionScale:1.0]]
[2022.02.13-09.35.05:283][  0]LogConfig: Setting CVar [[r.Shadow.PreShadowResolutionFactor:1.0]]
[2022.02.13-09.35.05:283][  0]LogConfig: Setting CVar [[r.DistanceFieldShadowing:1]]
[2022.02.13-09.35.05:283][  0]LogConfig: Setting CVar [[r.DistanceFieldAO:1]]
[2022.02.13-09.35.05:283][  0]LogConfig: Setting CVar [[r.AOQuality:2]]
[2022.02.13-09.35.05:283][  0]LogConfig: Setting CVar [[r.VolumetricFog:1]]
[2022.02.13-09.35.05:283][  0]LogConfig: Setting CVar [[r.VolumetricFog.GridPixelSize:8]]
[2022.02.13-09.35.05:283][  0]LogConfig: Setting CVar [[r.VolumetricFog.GridSizeZ:128]]
[2022.02.13-09.35.05:283][  0]LogConfig: Setting CVar [[r.VolumetricFog.HistoryMissSupersampleCount:4]]
[2022.02.13-09.35.05:283][  0]LogConfig: Setting CVar [[r.LightMaxDrawDistanceScale:1]]
[2022.02.13-09.35.05:283][  0]LogConfig: Setting CVar [[r.CapsuleShadows:1]]
[2022.02.13-09.35.05:283][  0]LogConfig: Applying CVar settings from Section [PostProcessQuality@3] File [D:/OneDrive - SNU/github/CPP_Portfolio_2022/ArenaBattle/Saved/Config/Windows/Scalability.ini]
[2022.02.13-09.35.05:283][  0]LogConfig: Setting CVar [[r.MotionBlurQuality:4]]
[2022.02.13-09.35.05:283][  0]LogConfig: Setting CVar [[r.AmbientOcclusionMipLevelFactor:0.4]]
[2022.02.13-09.35.05:283][  0]LogConfig: Setting CVar [[r.AmbientOcclusionMaxQuality:100]]
[2022.02.13-09.35.05:283][  0]LogConfig: Setting CVar [[r.AmbientOcclusionLevels:-1]]
[2022.02.13-09.35.05:283][  0]LogConfig: Setting CVar [[r.AmbientOcclusionRadiusScale:1.0]]
[2022.02.13-09.35.05:283][  0]LogConfig: Setting CVar [[r.DepthOfFieldQuality:2]]
[2022.02.13-09.35.05:283][  0]LogConfig: Setting CVar [[r.RenderTargetPoolMin:400]]
[2022.02.13-09.35.05:283][  0]LogConfig: Setting CVar [[r.LensFlareQuality:2]]
[2022.02.13-09.35.05:283][  0]LogConfig: Setting CVar [[r.SceneColorFringeQuality:1]]
[2022.02.13-09.35.05:283][  0]LogConfig: Setting CVar [[r.EyeAdaptationQuality:2]]
[2022.02.13-09.35.05:283][  0]LogConfig: Setting CVar [[r.BloomQuality:5]]
[2022.02.13-09.35.05:284][  0]LogConfig: Setting CVar [[r.FastBlurThreshold:100]]
[2022.02.13-09.35.05:284][  0]LogConfig: Setting CVar [[r.Upscale.Quality:3]]
[2022.02.13-09.35.05:284][  0]LogConfig: Setting CVar [[r.Tonemapper.GrainQuantization:1]]
[2022.02.13-09.35.05:284][  0]LogConfig: Setting CVar [[r.LightShaftQuality:1]]
[2022.02.13-09.35.05:284][  0]LogConfig: Setting CVar [[r.Filter.SizeScale:1]]
[2022.02.13-09.35.05:284][  0]LogConfig: Setting CVar [[r.Tonemapper.Quality:5]]
[2022.02.13-09.35.05:284][  0]LogConfig: Setting CVar [[r.DOF.Gather.AccumulatorQuality:1        ; higher gathering accumulator quality]]
[2022.02.13-09.35.05:284][  0]LogConfig: Setting CVar [[r.DOF.Gather.PostfilterMethod:1          ; Median3x3 postfilering method]]
[2022.02.13-09.35.05:284][  0]LogConfig: Setting CVar [[r.DOF.Gather.EnableBokehSettings:0       ; no bokeh simulation when gathering]]
[2022.02.13-09.35.05:284][  0]LogConfig: Setting CVar [[r.DOF.Gather.RingCount:4                 ; medium number of samples when gathering]]
[2022.02.13-09.35.05:284][  0]LogConfig: Setting CVar [[r.DOF.Scatter.ForegroundCompositing:1    ; additive foreground scattering]]
[2022.02.13-09.35.05:284][  0]LogConfig: Setting CVar [[r.DOF.Scatter.BackgroundCompositing:2    ; additive background scattering]]
[2022.02.13-09.35.05:284][  0]LogConfig: Setting CVar [[r.DOF.Scatter.EnableBokehSettings:1      ; bokeh simulation when scattering]]
[2022.02.13-09.35.05:284][  0]LogConfig: Setting CVar [[r.DOF.Scatter.MaxSpriteRatio:0.1         ; only a maximum of 10% of scattered bokeh]]
[2022.02.13-09.35.05:284][  0]LogConfig: Setting CVar [[r.DOF.Recombine.Quality:1                ; cheap slight out of focus]]
[2022.02.13-09.35.05:284][  0]LogConfig: Setting CVar [[r.DOF.Recombine.EnableBokehSettings:0    ; no bokeh simulation on slight out of focus]]
[2022.02.13-09.35.05:284][  0]LogConfig: Setting CVar [[r.DOF.TemporalAAQuality:1                ; more stable temporal accumulation]]
[2022.02.13-09.35.05:284][  0]LogConfig: Setting CVar [[r.DOF.Kernel.MaxForegroundRadius:0.025]]
[2022.02.13-09.35.05:284][  0]LogConfig: Setting CVar [[r.DOF.Kernel.MaxBackgroundRadius:0.025]]
[2022.02.13-09.35.05:284][  0]LogConfig: Applying CVar settings from Section [TextureQuality@3] File [D:/OneDrive - SNU/github/CPP_Portfolio_2022/ArenaBattle/Saved/Config/Windows/Scalability.ini]
[2022.02.13-09.35.05:284][  0]LogConfig: Setting CVar [[r.Streaming.MipBias:0]]
[2022.02.13-09.35.05:284][  0]LogConfig: Setting CVar [[r.Streaming.AmortizeCPUToGPUCopy:0]]
[2022.02.13-09.35.05:284][  0]LogConfig: Setting CVar [[r.Streaming.MaxNumTexturesToStreamPerFrame:0]]
[2022.02.13-09.35.05:284][  0]LogConfig: Setting CVar [[r.Streaming.Boost:1]]
[2022.02.13-09.35.05:284][  0]LogConfig: Setting CVar [[r.MaxAnisotropy:8]]
[2022.02.13-09.35.05:284][  0]LogConfig: Setting CVar [[r.VT.MaxAnisotropy:8]]
[2022.02.13-09.35.05:284][  0]LogConfig: Setting CVar [[r.Streaming.LimitPoolSizeToVRAM:0]]
[2022.02.13-09.35.05:284][  0]LogConfig: Setting CVar [[r.Streaming.PoolSize:1000]]
[2022.02.13-09.35.05:284][  0]LogConfig: Setting CVar [[r.Streaming.MaxEffectiveScreenSize:0]]
[2022.02.13-09.35.05:284][  0]LogConfig: Applying CVar settings from Section [EffectsQuality@3] File [D:/OneDrive - SNU/github/CPP_Portfolio_2022/ArenaBattle/Saved/Config/Windows/Scalability.ini]
[2022.02.13-09.35.05:284][  0]LogConfig: Setting CVar [[r.TranslucencyLightingVolumeDim:64]]
[2022.02.13-09.35.05:284][  0]LogConfig: Setting CVar [[r.RefractionQuality:2]]
[2022.02.13-09.35.05:284][  0]LogConfig: Setting CVar [[r.SSR.Quality:3]]
[2022.02.13-09.35.05:284][  0]LogConfig: Setting CVar [[r.SSR.HalfResSceneColor:0]]
[2022.02.13-09.35.05:284][  0]LogConfig: Setting CVar [[r.SceneColorFormat:4]]
[2022.02.13-09.35.05:284][  0]LogConfig: Setting CVar [[r.DetailMode:2]]
[2022.02.13-09.35.05:284][  0]LogConfig: Setting CVar [[r.TranslucencyVolumeBlur:1]]
[2022.02.13-09.35.05:284][  0]LogConfig: Setting CVar [[r.MaterialQualityLevel:1 ; High quality]]
[2022.02.13-09.35.05:284][  0]LogConfig: Setting CVar [[r.AnisotropicMaterials:1]]
[2022.02.13-09.35.05:284][  0]LogConfig: Setting CVar [[r.SSS.Scale:1]]
[2022.02.13-09.35.05:284][  0]LogConfig: Setting CVar [[r.SSS.SampleSet:2]]
[2022.02.13-09.35.05:284][  0]LogConfig: Setting CVar [[r.SSS.Quality:1]]
[2022.02.13-09.35.05:284][  0]LogConfig: Setting CVar [[r.SSS.HalfRes:0]]
[2022.02.13-09.35.05:284][  0]LogConfig: Setting CVar [[r.SSGI.Quality:3]]
[2022.02.13-09.35.05:284][  0]LogConfig: Setting CVar [[r.EmitterSpawnRateScale:1.0]]
[2022.02.13-09.35.05:284][  0]LogConfig: Setting CVar [[r.ParticleLightQuality:2]]
[2022.02.13-09.35.05:284][  0]LogConfig: Setting CVar [[r.SkyAtmosphere.AerialPerspectiveLUT.FastApplyOnOpaque:1 ; Always have FastSkyLUT 1 in this case to avoid wrong sky]]
[2022.02.13-09.35.05:284][  0]LogConfig: Setting CVar [[r.SkyAtmosphere.AerialPerspectiveLUT.SampleCountMaxPerSlice:4]]
[2022.02.13-09.35.05:284][  0]LogConfig: Setting CVar [[r.SkyAtmosphere.AerialPerspectiveLUT.DepthResolution:16.0]]
[2022.02.13-09.35.05:284][  0]LogConfig: Setting CVar [[r.SkyAtmosphere.FastSkyLUT:1]]
[2022.02.13-09.35.05:284][  0]LogConfig: Setting CVar [[r.SkyAtmosphere.FastSkyLUT.SampleCountMin:4.0]]
[2022.02.13-09.35.05:284][  0]LogConfig: Setting CVar [[r.SkyAtmosphere.FastSkyLUT.SampleCountMax:128.0]]
[2022.02.13-09.35.05:284][  0]LogConfig: Setting CVar [[r.SkyAtmosphere.SampleCountMin:4.0]]
[2022.02.13-09.35.05:284][  0]LogConfig: Setting CVar [[r.SkyAtmosphere.SampleCountMax:128.0]]
[2022.02.13-09.35.05:284][  0]LogConfig: Setting CVar [[r.SkyAtmosphere.TransmittanceLUT.UseSmallFormat:0]]
[2022.02.13-09.35.05:284][  0]LogConfig: Setting CVar [[r.SkyAtmosphere.TransmittanceLUT.SampleCount:10.0]]
[2022.02.13-09.35.05:284][  0]LogConfig: Setting CVar [[r.SkyAtmosphere.MultiScatteringLUT.SampleCount:15.0]]
[2022.02.13-09.35.05:284][  0]LogConfig: Setting CVar [[r.SkyLight.RealTimeReflectionCapture:1]]
[2022.02.13-09.35.05:284][  0]LogConfig: Applying CVar settings from Section [FoliageQuality@3] File [D:/OneDrive - SNU/github/CPP_Portfolio_2022/ArenaBattle/Saved/Config/Windows/Scalability.ini]
[2022.02.13-09.35.05:284][  0]LogConfig: Setting CVar [[foliage.DensityScale:1.0]]
[2022.02.13-09.35.05:284][  0]LogConfig: Setting CVar [[grass.DensityScale:1.0]]
[2022.02.13-09.35.05:284][  0]LogConfig: Applying CVar settings from Section [ShadingQuality@3] File [D:/OneDrive - SNU/github/CPP_Portfolio_2022/ArenaBattle/Saved/Config/Windows/Scalability.ini]
[2022.02.13-09.35.05:284][  0]LogConfig: Setting CVar [[r.HairStrands.SkyLighting.IntegrationType:2]]
[2022.02.13-09.35.05:284][  0]LogConfig: Setting CVar [[r.HairStrands.SkyAO.SampleCount:4]]
[2022.02.13-09.35.05:284][  0]LogConfig: Setting CVar [[r.HairStrands.Visibility.MSAA.SamplePerPixel:4]]
[2022.02.13-09.35.05:284][  0]LogInit: Selected Device Profile: [Windows]
[2022.02.13-09.35.05:284][  0]LogInit: Applying CVar settings loaded from the selected device profile: [Windows]
[2022.02.13-09.35.05:284][  0]LogHAL: Display: Platform has ~ 16 GB [17101971456 / 17179869184 / 16], which maps to Larger [LargestMinGB=32, LargerMinGB=12, DefaultMinGB=8, SmallerMinGB=6, SmallestMinGB=0)
[2022.02.13-09.35.05:284][  0]LogInit: Going up to parent DeviceProfile []
[2022.02.13-09.35.05:284][  0]LogConfig: Applying CVar settings from Section [ViewDistanceQuality@3] File [D:/OneDrive - SNU/github/CPP_Portfolio_2022/ArenaBattle/Saved/Config/Windows/Scalability.ini]
[2022.02.13-09.35.05:284][  0]LogConfig: Setting CVar [[r.SkeletalMeshLODBias:0]]
[2022.02.13-09.35.05:284][  0]LogConfig: Setting CVar [[r.ViewDistanceScale:1.0]]
[2022.02.13-09.35.05:284][  0]LogConfig: Applying CVar settings from Section [AntiAliasingQuality@3] File [D:/OneDrive - SNU/github/CPP_Portfolio_2022/ArenaBattle/Saved/Config/Windows/Scalability.ini]
[2022.02.13-09.35.05:284][  0]LogConfig: Setting CVar [[r.PostProcessAAQuality:4]]
[2022.02.13-09.35.05:284][  0]LogConfig: Applying CVar settings from Section [ShadowQuality@3] File [D:/OneDrive - SNU/github/CPP_Portfolio_2022/ArenaBattle/Saved/Config/Windows/Scalability.ini]
[2022.02.13-09.35.05:284][  0]LogConfig: Setting CVar [[r.LightFunctionQuality:1]]
[2022.02.13-09.35.05:284][  0]LogConfig: Setting CVar [[r.ShadowQuality:5]]
[2022.02.13-09.35.05:284][  0]LogConfig: Setting CVar [[r.Shadow.CSM.MaxCascades:10]]
[2022.02.13-09.35.05:284][  0]LogConfig: Setting CVar [[r.Shadow.MaxResolution:2048]]
[2022.02.13-09.35.05:284][  0]LogConfig: Setting CVar [[r.Shadow.MaxCSMResolution:2048]]
[2022.02.13-09.35.05:284][  0]LogConfig: Setting CVar [[r.Shadow.RadiusThreshold:0.01]]
[2022.02.13-09.35.05:284][  0]LogConfig: Setting CVar [[r.Shadow.DistanceScale:1.0]]
[2022.02.13-09.35.05:284][  0]LogConfig: Setting CVar [[r.Shadow.CSM.TransitionScale:1.0]]
[2022.02.13-09.35.05:284][  0]LogConfig: Setting CVar [[r.Shadow.PreShadowResolutionFactor:1.0]]
[2022.02.13-09.35.05:284][  0]LogConfig: Setting CVar [[r.DistanceFieldShadowing:1]]
[2022.02.13-09.35.05:284][  0]LogConfig: Setting CVar [[r.DistanceFieldAO:1]]
[2022.02.13-09.35.05:284][  0]LogConfig: Setting CVar [[r.AOQuality:2]]
[2022.02.13-09.35.05:284][  0]LogConfig: Setting CVar [[r.VolumetricFog:1]]
[2022.02.13-09.35.05:284][  0]LogConfig: Setting CVar [[r.VolumetricFog.GridPixelSize:8]]
[2022.02.13-09.35.05:284][  0]LogConfig: Setting CVar [[r.VolumetricFog.GridSizeZ:128]]
[2022.02.13-09.35.05:284][  0]LogConfig: Setting CVar [[r.VolumetricFog.HistoryMissSupersampleCount:4]]
[2022.02.13-09.35.05:284][  0]LogConfig: Setting CVar [[r.LightMaxDrawDistanceScale:1]]
[2022.02.13-09.35.05:285][  0]LogConfig: Setting CVar [[r.CapsuleShadows:1]]
[2022.02.13-09.35.05:285][  0]LogConfig: Applying CVar settings from Section [PostProcessQuality@3] File [D:/OneDrive - SNU/github/CPP_Portfolio_2022/ArenaBattle/Saved/Config/Windows/Scalability.ini]
[2022.02.13-09.35.05:285][  0]LogConfig: Setting CVar [[r.MotionBlurQuality:4]]
[2022.02.13-09.35.05:285][  0]LogConfig: Setting CVar [[r.AmbientOcclusionMipLevelFactor:0.4]]
[2022.02.13-09.35.05:285][  0]LogConfig: Setting CVar [[r.AmbientOcclusionMaxQuality:100]]
[2022.02.13-09.35.05:285][  0]LogConfig: Setting CVar [[r.AmbientOcclusionLevels:-1]]
[2022.02.13-09.35.05:285][  0]LogConfig: Setting CVar [[r.AmbientOcclusionRadiusScale:1.0]]
[2022.02.13-09.35.05:285][  0]LogConfig: Setting CVar [[r.DepthOfFieldQuality:2]]
[2022.02.13-09.35.05:285][  0]LogConfig: Setting CVar [[r.RenderTargetPoolMin:400]]
[2022.02.13-09.35.05:285][  0]LogConfig: Setting CVar [[r.LensFlareQuality:2]]
[2022.02.13-09.35.05:285][  0]LogConfig: Setting CVar [[r.SceneColorFringeQuality:1]]
[2022.02.13-09.35.05:285][  0]LogConfig: Setting CVar [[r.EyeAdaptationQuality:2]]
[2022.02.13-09.35.05:285][  0]LogConfig: Setting CVar [[r.BloomQuality:5]]
[2022.02.13-09.35.05:285][  0]LogConfig: Setting CVar [[r.FastBlurThreshold:100]]
[2022.02.13-09.35.05:285][  0]LogConfig: Setting CVar [[r.Upscale.Quality:3]]
[2022.02.13-09.35.05:285][  0]LogConfig: Setting CVar [[r.Tonemapper.GrainQuantization:1]]
[2022.02.13-09.35.05:285][  0]LogConfig: Setting CVar [[r.LightShaftQuality:1]]
[2022.02.13-09.35.05:285][  0]LogConfig: Setting CVar [[r.Filter.SizeScale:1]]
[2022.02.13-09.35.05:285][  0]LogConfig: Setting CVar [[r.Tonemapper.Quality:5]]
[2022.02.13-09.35.05:285][  0]LogConfig: Setting CVar [[r.DOF.Gather.AccumulatorQuality:1        ; higher gathering accumulator quality]]
[2022.02.13-09.35.05:285][  0]LogConfig: Setting CVar [[r.DOF.Gather.PostfilterMethod:1          ; Median3x3 postfilering method]]
[2022.02.13-09.35.05:285][  0]LogConfig: Setting CVar [[r.DOF.Gather.EnableBokehSettings:0       ; no bokeh simulation when gathering]]
[2022.02.13-09.35.05:285][  0]LogConfig: Setting CVar [[r.DOF.Gather.RingCount:4                 ; medium number of samples when gathering]]
[2022.02.13-09.35.05:285][  0]LogConfig: Setting CVar [[r.DOF.Scatter.ForegroundCompositing:1    ; additive foreground scattering]]
[2022.02.13-09.35.05:285][  0]LogConfig: Setting CVar [[r.DOF.Scatter.BackgroundCompositing:2    ; additive background scattering]]
[2022.02.13-09.35.05:285][  0]LogConfig: Setting CVar [[r.DOF.Scatter.EnableBokehSettings:1      ; bokeh simulation when scattering]]
[2022.02.13-09.35.05:285][  0]LogConfig: Setting CVar [[r.DOF.Scatter.MaxSpriteRatio:0.1         ; only a maximum of 10% of scattered bokeh]]
[2022.02.13-09.35.05:285][  0]LogConfig: Setting CVar [[r.DOF.Recombine.Quality:1                ; cheap slight out of focus]]
[2022.02.13-09.35.05:285][  0]LogConfig: Setting CVar [[r.DOF.Recombine.EnableBokehSettings:0    ; no bokeh simulation on slight out of focus]]
[2022.02.13-09.35.05:285][  0]LogConfig: Setting CVar [[r.DOF.TemporalAAQuality:1                ; more stable temporal accumulation]]
[2022.02.13-09.35.05:285][  0]LogConfig: Setting CVar [[r.DOF.Kernel.MaxForegroundRadius:0.025]]
[2022.02.13-09.35.05:285][  0]LogConfig: Setting CVar [[r.DOF.Kernel.MaxBackgroundRadius:0.025]]
[2022.02.13-09.35.05:285][  0]LogConfig: Applying CVar settings from Section [TextureQuality@3] File [D:/OneDrive - SNU/github/CPP_Portfolio_2022/ArenaBattle/Saved/Config/Windows/Scalability.ini]
[2022.02.13-09.35.05:285][  0]LogConfig: Setting CVar [[r.Streaming.MipBias:0]]
[2022.02.13-09.35.05:285][  0]LogConfig: Setting CVar [[r.Streaming.AmortizeCPUToGPUCopy:0]]
[2022.02.13-09.35.05:285][  0]LogConfig: Setting CVar [[r.Streaming.MaxNumTexturesToStreamPerFrame:0]]
[2022.02.13-09.35.05:285][  0]LogConfig: Setting CVar [[r.Streaming.Boost:1]]
[2022.02.13-09.35.05:285][  0]LogConfig: Setting CVar [[r.MaxAnisotropy:8]]
[2022.02.13-09.35.05:285][  0]LogConfig: Setting CVar [[r.VT.MaxAnisotropy:8]]
[2022.02.13-09.35.05:285][  0]LogConfig: Setting CVar [[r.Streaming.LimitPoolSizeToVRAM:0]]
[2022.02.13-09.35.05:285][  0]LogConfig: Setting CVar [[r.Streaming.PoolSize:1000]]
[2022.02.13-09.35.05:285][  0]LogConfig: Setting CVar [[r.Streaming.MaxEffectiveScreenSize:0]]
[2022.02.13-09.35.05:285][  0]LogConfig: Applying CVar settings from Section [EffectsQuality@3] File [D:/OneDrive - SNU/github/CPP_Portfolio_2022/ArenaBattle/Saved/Config/Windows/Scalability.ini]
[2022.02.13-09.35.05:285][  0]LogConfig: Setting CVar [[r.TranslucencyLightingVolumeDim:64]]
[2022.02.13-09.35.05:285][  0]LogConfig: Setting CVar [[r.RefractionQuality:2]]
[2022.02.13-09.35.05:285][  0]LogConfig: Setting CVar [[r.SSR.Quality:3]]
[2022.02.13-09.35.05:285][  0]LogConfig: Setting CVar [[r.SSR.HalfResSceneColor:0]]
[2022.02.13-09.35.05:285][  0]LogConfig: Setting CVar [[r.SceneColorFormat:4]]
[2022.02.13-09.35.05:285][  0]LogConfig: Setting CVar [[r.DetailMode:2]]
[2022.02.13-09.35.05:285][  0]LogConfig: Setting CVar [[r.TranslucencyVolumeBlur:1]]
[2022.02.13-09.35.05:285][  0]LogConfig: Setting CVar [[r.MaterialQualityLevel:1 ; High quality]]
[2022.02.13-09.35.05:285][  0]LogConfig: Setting CVar [[r.AnisotropicMaterials:1]]
[2022.02.13-09.35.05:285][  0]LogConfig: Setting CVar [[r.SSS.Scale:1]]
[2022.02.13-09.35.05:285][  0]LogConfig: Setting CVar [[r.SSS.SampleSet:2]]
[2022.02.13-09.35.05:285][  0]LogConfig: Setting CVar [[r.SSS.Quality:1]]
[2022.02.13-09.35.05:285][  0]LogConfig: Setting CVar [[r.SSS.HalfRes:0]]
[2022.02.13-09.35.05:285][  0]LogConfig: Setting CVar [[r.SSGI.Quality:3]]
[2022.02.13-09.35.05:285][  0]LogConfig: Setting CVar [[r.EmitterSpawnRateScale:1.0]]
[2022.02.13-09.35.05:285][  0]LogConfig: Setting CVar [[r.ParticleLightQuality:2]]
[2022.02.13-09.35.05:285][  0]LogConfig: Setting CVar [[r.SkyAtmosphere.AerialPerspectiveLUT.FastApplyOnOpaque:1 ; Always have FastSkyLUT 1 in this case to avoid wrong sky]]
[2022.02.13-09.35.05:285][  0]LogConfig: Setting CVar [[r.SkyAtmosphere.AerialPerspectiveLUT.SampleCountMaxPerSlice:4]]
[2022.02.13-09.35.05:285][  0]LogConfig: Setting CVar [[r.SkyAtmosphere.AerialPerspectiveLUT.DepthResolution:16.0]]
[2022.02.13-09.35.05:285][  0]LogConfig: Setting CVar [[r.SkyAtmosphere.FastSkyLUT:1]]
[2022.02.13-09.35.05:285][  0]LogConfig: Setting CVar [[r.SkyAtmosphere.FastSkyLUT.SampleCountMin:4.0]]
[2022.02.13-09.35.05:285][  0]LogConfig: Setting CVar [[r.SkyAtmosphere.FastSkyLUT.SampleCountMax:128.0]]
[2022.02.13-09.35.05:285][  0]LogConfig: Setting CVar [[r.SkyAtmosphere.SampleCountMin:4.0]]
[2022.02.13-09.35.05:285][  0]LogConfig: Setting CVar [[r.SkyAtmosphere.SampleCountMax:128.0]]
[2022.02.13-09.35.05:285][  0]LogConfig: Setting CVar [[r.SkyAtmosphere.TransmittanceLUT.UseSmallFormat:0]]
[2022.02.13-09.35.05:285][  0]LogConfig: Setting CVar [[r.SkyAtmosphere.TransmittanceLUT.SampleCount:10.0]]
[2022.02.13-09.35.05:285][  0]LogConfig: Setting CVar [[r.SkyAtmosphere.MultiScatteringLUT.SampleCount:15.0]]
[2022.02.13-09.35.05:285][  0]LogConfig: Setting CVar [[r.SkyLight.RealTimeReflectionCapture:1]]
[2022.02.13-09.35.05:285][  0]LogConfig: Applying CVar settings from Section [FoliageQuality@3] File [D:/OneDrive - SNU/github/CPP_Portfolio_2022/ArenaBattle/Saved/Config/Windows/Scalability.ini]
[2022.02.13-09.35.05:285][  0]LogConfig: Setting CVar [[foliage.DensityScale:1.0]]
[2022.02.13-09.35.05:285][  0]LogConfig: Setting CVar [[grass.DensityScale:1.0]]
[2022.02.13-09.35.05:285][  0]LogConfig: Applying CVar settings from Section [ShadingQuality@3] File [D:/OneDrive - SNU/github/CPP_Portfolio_2022/ArenaBattle/Saved/Config/Windows/Scalability.ini]
[2022.02.13-09.35.05:285][  0]LogConfig: Setting CVar [[r.HairStrands.SkyLighting.IntegrationType:2]]
[2022.02.13-09.35.05:285][  0]LogConfig: Setting CVar [[r.HairStrands.SkyAO.SampleCount:4]]
[2022.02.13-09.35.05:285][  0]LogConfig: Setting CVar [[r.HairStrands.Visibility.MSAA.SamplePerPixel:4]]
[2022.02.13-09.35.05:285][  0]LogConfig: Applying CVar settings from Section [Startup] File [../../../Engine/Config/ConsoleVariables.ini]
[2022.02.13-09.35.05:286][  0]LogConfig: Setting CVar [[net.UseAdaptiveNetUpdateFrequency:0]]
[2022.02.13-09.35.05:286][  0]LogConfig: Setting CVar [[p.chaos.AllowCreatePhysxBodies:1]]
[2022.02.13-09.35.05:286][  0]LogConfig: Setting CVar [[fx.SkipVectorVMBackendOptimizations:1]]
[2022.02.13-09.35.05:286][  0]LogConfig: Applying CVar settings from Section [ConsoleVariables] File [D:/OneDrive - SNU/github/CPP_Portfolio_2022/ArenaBattle/Saved/Config/Windows/Engine.ini]
[2022.02.13-09.35.05:286][  0]LogConfig: Applying CVar settings from Section [ConsoleVariables] File [D:/OneDrive - SNU/github/CPP_Portfolio_2022/ArenaBattle/Saved/Config/Windows/Editor.ini]
[2022.02.13-09.35.05:286][  0]LogInit: Computer: DESKTOP-79EDH39
[2022.02.13-09.35.05:286][  0]LogInit: User: Tony
[2022.02.13-09.35.05:286][  0]LogInit: CPU Page size=4096, Cores=6
[2022.02.13-09.35.05:286][  0]LogInit: High frequency timer resolution =10.000000 MHz
[2022.02.13-09.35.05:286][  0]LogMemory: Memory total: Physical=15.9GB (16GB approx)
[2022.02.13-09.35.05:286][  0]LogMemory: Platform Memory Stats for Windows
[2022.02.13-09.35.05:286][  0]LogMemory: Process Physical Memory: 151.02 MB used, 151.02 MB peak
[2022.02.13-09.35.05:286][  0]LogMemory: Process Virtual Memory: 133.99 MB used, 133.99 MB peak
[2022.02.13-09.35.05:286][  0]LogMemory: Physical Memory: 9166.46 MB used,  7143.25 MB free, 16309.71 MB total
[2022.02.13-09.35.05:286][  0]LogMemory: Virtual Memory: 134211176.00 MB used,  6550.44 MB free, 134217728.00 MB total
[2022.02.13-09.35.05:290][  0]LogWindows: WindowsPlatformFeatures enabled
[2022.02.13-09.35.05:309][  0]LogInit: Physics initialised using underlying interface: PhysX
[2022.02.13-09.35.05:309][  0]LogInit: Using OS detected language (ko-KR).
[2022.02.13-09.35.05:309][  0]LogInit: Using OS detected locale (ko-KR).
[2022.02.13-09.35.05:311][  0]LogTextLocalizationManager: No specific localization for 'ko-KR' exists, so the 'ko' localization will be used.
[2022.02.13-09.35.05:397][  0]LogInit: Setting process to per monitor DPI aware
[2022.02.13-09.35.05:416][  0]LogWindowsTextInputMethodSystem: Display: IME system deactivated.
[2022.02.13-09.35.05:440][  0]LogSlate: New Slate User Created.  User Index 0, Is Virtual User: 0
[2022.02.13-09.35.05:440][  0]LogSlate: Slate User Registered.  User Index 0, Is Virtual User: 0
[2022.02.13-09.35.05:599][  0]LogD3D11RHI: Loaded GFSDK_Aftermath_Lib.x64.dll
[2022.02.13-09.35.10:996][  0]LogHMD: Failed to initialize OpenVR with code 108
[2022.02.13-09.35.10:996][  0]LogD3D11RHI: D3D11 min allowed feature level: 11_0
[2022.02.13-09.35.10:996][  0]LogD3D11RHI: D3D11 max allowed feature level: 11_0
[2022.02.13-09.35.10:996][  0]LogD3D11RHI: D3D11 adapters:
[2022.02.13-09.35.11:039][  0]LogD3D11RHI:    0. 'AMD Radeon RX 6700 XT' (Feature Level 11_0)
[2022.02.13-09.35.11:039][  0]LogD3D11RHI:       12243/0/8154 MB DedicatedVideo/DedicatedSystem/SharedSystem, Outputs:3, VendorId:0x1002
[2022.02.13-09.35.11:041][  0]LogD3D11RHI:    1. 'Microsoft Basic Render Driver' (Feature Level 11_0)
[2022.02.13-09.35.11:041][  0]LogD3D11RHI:       0/0/8154 MB DedicatedVideo/DedicatedSystem/SharedSystem, Outputs:0, VendorId:0x1414
[2022.02.13-09.35.11:082][  0]LogD3D11RHI:    2. 'AMD Radeon RX 6700 XT' (Feature Level 11_0)
[2022.02.13-09.35.11:082][  0]LogD3D11RHI:       12243/0/8154 MB DedicatedVideo/DedicatedSystem/SharedSystem, Outputs:0, VendorId:0x1002
[2022.02.13-09.35.11:082][  0]LogD3D11RHI: Chosen D3D11 Adapter:
[2022.02.13-09.35.11:082][  0]LogD3D11RHI:     Description : AMD Radeon RX 6700 XT
[2022.02.13-09.35.11:082][  0]LogD3D11RHI:     VendorId    : 1002
[2022.02.13-09.35.11:082][  0]LogD3D11RHI:     DeviceId    : 73df
[2022.02.13-09.35.11:082][  0]LogD3D11RHI:     SubSysId    : 66011eae
[2022.02.13-09.35.11:082][  0]LogD3D11RHI:     Revision    : 00c1
[2022.02.13-09.35.11:082][  0]LogD3D11RHI:     DedicatedVideoMemory : 12838350848 bytes
[2022.02.13-09.35.11:082][  0]LogD3D11RHI:     DedicatedSystemMemory : 0 bytes
[2022.02.13-09.35.11:082][  0]LogD3D11RHI:     SharedSystemMemory : 8550985728 bytes
[2022.02.13-09.35.11:082][  0]LogD3D11RHI:     AdapterLuid : 0 50007
[2022.02.13-09.35.11:087][  0]LogD3D11RHI: Creating new Direct3DDevice
[2022.02.13-09.35.11:087][  0]LogD3D11RHI:     GPU DeviceId: 0x73df (for the marketing name, search the web for "GPU Device Id")
[2022.02.13-09.35.11:087][  0]LogWindows: EnumDisplayDevices:
[2022.02.13-09.35.11:087][  0]LogWindows:    0. 'AMD Radeon RX 6700 XT' (P:0 D:1)
[2022.02.13-09.35.11:088][  0]LogWindows:    1. 'AMD Radeon RX 6700 XT' (P:1 D:1)
[2022.02.13-09.35.11:088][  0]LogWindows:    2. 'AMD Radeon RX 6700 XT' (P:0 D:1)
[2022.02.13-09.35.11:089][  0]LogWindows:    3. 'AMD Radeon RX 6700 XT' (P:0 D:0)
[2022.02.13-09.35.11:090][  0]LogWindows:    4. 'AMD Radeon RX 6700 XT' (P:0 D:0)
[2022.02.13-09.35.11:090][  0]LogWindows:    5. 'AMD Radeon RX 6700 XT' (P:0 D:0)
[2022.02.13-09.35.11:090][  0]LogWindows:    6. 'AMD Radeon RX 6700 XT' (P:0 D:0)
[2022.02.13-09.35.11:090][  0]LogWindows:    7. 'Citrix Indirect Display Adapter' (P:0 D:0)
[2022.02.13-09.35.11:090][  0]LogWindows:    8. 'Citrix Indirect Display Adapter' (P:0 D:0)
[2022.02.13-09.35.11:090][  0]LogWindows:    9. 'Citrix Indirect Display Adapter' (P:0 D:0)
[2022.02.13-09.35.11:091][  0]LogWindows:    10. 'Citrix Indirect Display Adapter' (P:0 D:0)
[2022.02.13-09.35.11:091][  0]LogWindows:    11. 'Citrix Indirect Display Adapter' (P:0 D:0)
[2022.02.13-09.35.11:091][  0]LogWindows:    12. 'Citrix Indirect Display Adapter' (P:0 D:0)
[2022.02.13-09.35.11:091][  0]LogWindows:    13. 'Citrix Indirect Display Adapter' (P:0 D:0)
[2022.02.13-09.35.11:091][  0]LogWindows:    14. 'Citrix Indirect Display Adapter' (P:0 D:0)
[2022.02.13-09.35.11:091][  0]LogWindows: DebugString: GetVideoDriverDetailsInvalid PrimaryIsNotTheChoosenAdapter GetVideoDriverDetailsInvalid PrimaryIsNotTheChoosenAdapter GetVideoDriverDetailsInvalid PrimaryIsNotTheChoosenAdapter GetVideoDriverDetailsInvalid PrimaryIsNotTheChoosenAdapter GetVideoDriverDetailsInvalid PrimaryIsNotTheChoosenAdapter GetVideoDriverDetailsInvalid PrimaryIsNotTheChoosenAdapter GetVideoDriverDetailsInvalid PrimaryIsNotTheChoosenAdapter GetVideoDriverDetailsInvalid PrimaryIsNotTheChoosenAdapter FoundDriverCount:7 
[2022.02.13-09.35.11:091][  0]LogD3D11RHI:     Adapter Name: AMD Radeon RX 6700 XT
[2022.02.13-09.35.11:091][  0]LogD3D11RHI:   Driver Version: Adrenalin 2020 21.10.2 (internal:30.0.13025.5005, unified:30.0.13025.5005)
[2022.02.13-09.35.11:091][  0]LogD3D11RHI:      Driver Date: 10-5-2021
[2022.02.13-09.35.11:091][  0]LogRHI: Texture pool is 8032 MB (70% of 11475 MB)
[2022.02.13-09.35.11:122][  0]LogD3D11RHI: Creating D3DDevice with AMD AGS, using adapter:
[2022.02.13-09.35.11:122][  0]LogD3D11RHI:     Description : AMD Radeon RX 6700 XT
[2022.02.13-09.35.11:122][  0]LogD3D11RHI:     VendorId    : 1002
[2022.02.13-09.35.11:122][  0]LogD3D11RHI:     DeviceId    : 73df
[2022.02.13-09.35.11:122][  0]LogD3D11RHI:     SubSysId    : 66011eae
[2022.02.13-09.35.11:122][  0]LogD3D11RHI:     Revision    : 00c1
[2022.02.13-09.35.11:122][  0]LogD3D11RHI:     DedicatedVideoMemory : 12838350848 bytes
[2022.02.13-09.35.11:122][  0]LogD3D11RHI:     DedicatedSystemMemory : 0 bytes
[2022.02.13-09.35.11:122][  0]LogD3D11RHI:     SharedSystemMemory : 8550985728 bytes
[2022.02.13-09.35.11:122][  0]LogD3D11RHI:     AdapterLuid : 0 50007
[2022.02.13-09.35.11:160][  0]LogD3D11RHI: Created device via AGS, feature level 11_0, supported extensions 1fffffbf.
[2022.02.13-09.35.11:160][  0]LogD3D11RHI: RHI has support for 64 bit atomics
[2022.02.13-09.35.11:160][  0]LogD3D11RHI: Async texture creation enabled
[2022.02.13-09.35.11:160][  0]LogD3D11RHI: Array index from any shader is supported
[2022.02.13-09.35.11:171][  0]LogD3D11RHI: GPU Timing Frequency: 100.000000 (Debug: 2 1)
[2022.02.13-09.35.11:578][  0]LogTargetPlatformManager: Display: Loaded TargetPlatform 'AllDesktop'
[2022.02.13-09.35.11:598][  0]LogTargetPlatformManager: Display: Loaded TargetPlatform 'Android'
[2022.02.13-09.35.11:598][  0]LogTargetPlatformManager: Display: Loaded TargetPlatform 'Android_ASTC'
[2022.02.13-09.35.11:598][  0]LogTargetPlatformManager: Display: Loaded TargetPlatform 'Android_DXT'
[2022.02.13-09.35.11:598][  0]LogTargetPlatformManager: Display: Loaded TargetPlatform 'Android_ETC2'
[2022.02.13-09.35.11:598][  0]LogTargetPlatformManager: Display: Loaded TargetPlatform 'AndroidClient'
[2022.02.13-09.35.11:598][  0]LogTargetPlatformManager: Display: Loaded TargetPlatform 'Android_ASTCClient'
[2022.02.13-09.35.11:598][  0]LogTargetPlatformManager: Display: Loaded TargetPlatform 'Android_DXTClient'
[2022.02.13-09.35.11:598][  0]LogTargetPlatformManager: Display: Loaded TargetPlatform 'Android_ETC2Client'
[2022.02.13-09.35.11:598][  0]LogTargetPlatformManager: Display: Loaded TargetPlatform 'Android_Multi'
[2022.02.13-09.35.11:598][  0]LogTargetPlatformManager: Display: Loaded TargetPlatform 'Android_MultiClient'
[2022.02.13-09.35.11:616][  0]LogTargetPlatformManager: Display: Loaded TargetPlatform 'IOSClient'
[2022.02.13-09.35.11:616][  0]LogTargetPlatformManager: Display: Loaded TargetPlatform 'IOS'
[2022.02.13-09.35.11:624][  0]LogTargetPlatformManager: Display: Loaded TargetPlatform 'Linux'
[2022.02.13-09.35.11:628][  0]LogTargetPlatformManager: Display: Loaded TargetPlatform 'LinuxNoEditor'
[2022.02.13-09.35.11:633][  0]LogTargetPlatformManager: Display: Loaded TargetPlatform 'LinuxClient'
[2022.02.13-09.35.11:637][  0]LogTargetPlatformManager: Display: Loaded TargetPlatform 'LinuxServer'
[2022.02.13-09.35.11:645][  0]LogTargetPlatformManager: Display: Loaded TargetPlatform 'LinuxAArch64NoEditor'
[2022.02.13-09.35.11:650][  0]LogTargetPlatformManager: Display: Loaded TargetPlatform 'LinuxAArch64Client'
[2022.02.13-09.35.11:654][  0]LogTargetPlatformManager: Display: Loaded TargetPlatform 'LinuxAArch64Server'
[2022.02.13-09.35.11:676][  0]LogTargetPlatformManager: Display: Loaded TargetPlatform 'Lumin'
[2022.02.13-09.35.11:676][  0]LogTargetPlatformManager: Display: Loaded TargetPlatform 'LuminClient'
[2022.02.13-09.35.11:684][  0]LogTargetPlatformManager: Display: Loaded TargetPlatform 'MacNoEditor'
[2022.02.13-09.35.11:689][  0]LogTargetPlatformManager: Display: Loaded TargetPlatform 'Mac'
[2022.02.13-09.35.11:693][  0]LogTargetPlatformManager: Display: Loaded TargetPlatform 'MacClient'
[2022.02.13-09.35.11:698][  0]LogTargetPlatformManager: Display: Loaded TargetPlatform 'MacServer'
[2022.02.13-09.35.11:708][  0]LogTargetPlatformManager: Display: Loaded TargetPlatform 'TVOSClient'
[2022.02.13-09.35.11:708][  0]LogTargetPlatformManager: Display: Loaded TargetPlatform 'TVOS'
[2022.02.13-09.35.11:717][  0]LogTargetPlatformManager: Display: Loaded TargetPlatform 'WindowsNoEditor'
[2022.02.13-09.35.11:721][  0]LogTargetPlatformManager: Display: Loaded TargetPlatform 'Windows'
[2022.02.13-09.35.11:726][  0]LogTargetPlatformManager: Display: Loaded TargetPlatform 'WindowsClient'
[2022.02.13-09.35.11:730][  0]LogTargetPlatformManager: Display: Loaded TargetPlatform 'WindowsServer'
[2022.02.13-09.35.11:730][  0]LogTargetPlatformManager: Display: Building Assets For Windows
[2022.02.13-09.35.11:737][  0]LogAudioDebug: Display: Lib vorbis DLL was dynamically loaded.
[2022.02.13-09.35.11:765][  0]LogTextureFormatOodle: Display: Oodle Texture 2.9.0 init RDO Off
[2022.02.13-09.35.11:794][  0]LogRendererCore: Ray tracing is disabled. Reason: r.RayTracing=0.
[2022.02.13-09.35.11:794][  0]LogShaderCompilers: Guid format shader working directory is -10 characters bigger than the processId version (D:/OneDrive - SNU/github/CPP_Portfolio_2022/ArenaBattle/Intermediate/Shaders/WorkingDirectory/17264/).
[2022.02.13-09.35.11:794][  0]LogShaderCompilers: Cleaned the shader compiler working directory 'C:/Users/ejrrb/AppData/Local/Temp/UnrealShaderWorkingDir/8158157D449549BC6FDF799C6567E694/'.
[2022.02.13-09.35.11:794][  0]LogXGEController: Cannot use XGE Controller as Incredibuild is not installed on this machine.
[2022.02.13-09.35.11:794][  0]LogShaderCompilers: Cannot use XGE Shader Compiler as Incredibuild is not installed on this machine.
[2022.02.13-09.35.11:794][  0]LogShaderCompilers: Display: Using Local Shader Compiler.
[2022.02.13-09.35.12:419][  0]LogDerivedDataCache: Display: Max Cache Size: 512 MB
[2022.02.13-09.35.12:463][  0]LogDerivedDataCache: Loaded boot cache 0.04s 103MB C:/Users/ejrrb/AppData/Local/UnrealEngine/4.27/DerivedDataCache/Boot.ddc.
[2022.02.13-09.35.12:463][  0]LogDerivedDataCache: Display: Loaded Boot cache: C:/Users/ejrrb/AppData/Local/UnrealEngine/4.27/DerivedDataCache/Boot.ddc
[2022.02.13-09.35.12:463][  0]LogDerivedDataCache: FDerivedDataBackendGraph:  Pak pak cache file D:/OneDrive - SNU/github/CPP_Portfolio_2022/ArenaBattle/DerivedDataCache/DDC.ddp not found, will not use a pak cache.
[2022.02.13-09.35.12:463][  0]LogDerivedDataCache: Unable to find inner node Pak for hierarchical cache Hierarchy.
[2022.02.13-09.35.12:463][  0]LogDerivedDataCache: FDerivedDataBackendGraph:  CompressedPak pak cache file D:/OneDrive - SNU/github/CPP_Portfolio_2022/ArenaBattle/DerivedDataCache/Compressed.ddp not found, will not use a pak cache.
[2022.02.13-09.35.12:463][  0]LogDerivedDataCache: Unable to find inner node CompressedPak for hierarchical cache Hierarchy.
[2022.02.13-09.35.12:479][  0]LogDerivedDataCache: Display: Pak cache opened for reading ../../../Engine/DerivedDataCache/Compressed.ddp.
[2022.02.13-09.35.12:479][  0]LogDerivedDataCache: FDerivedDataBackendGraph:  EnterprisePak pak cache file ../../../Enterprise/DerivedDataCache/Compressed.ddp not found, will not use a pak cache.
[2022.02.13-09.35.12:479][  0]LogDerivedDataCache: Unable to find inner node EnterprisePak for hierarchical cache Hierarchy.
[2022.02.13-09.35.12:486][  0]LogDerivedDataCache: Speed tests for C:/Users/ejrrb/AppData/Local/UnrealEngine/Common/DerivedDataCache took 0.01 seconds
[2022.02.13-09.35.12:486][  0]LogDerivedDataCache: Display: Performance to C:/Users/ejrrb/AppData/Local/UnrealEngine/Common/DerivedDataCache: Latency=0.02ms. RandomReadSpeed=1007.25MBs, RandomWriteSpeed=176.06MBs. Assigned SpeedClass 'Local'
[2022.02.13-09.35.12:487][  0]LogDerivedDataCache: Using Local data cache path C:/Users/ejrrb/AppData/Local/UnrealEngine/Common/DerivedDataCache: Writable
[2022.02.13-09.35.12:487][  0]LogDerivedDataCache: Shared data cache path not found in *engine.ini, will not use an Shared cache.
[2022.02.13-09.35.12:487][  0]LogDerivedDataCache: Unable to find inner node Shared for hierarchical cache Hierarchy.
[2022.02.13-09.35.12:529][  0]LogSlate: Using FreeType 2.10.0
[2022.02.13-09.35.12:530][  0]LogSlate: SlateFontServices - WITH_FREETYPE: 1, WITH_HARFBUZZ: 1
[2022.02.13-09.35.12:551][  0]LogAssetRegistry: FAssetRegistry took 0.0026 seconds to start up
[2022.02.13-09.35.12:752][  0]LogInit: Selected Device Profile: [Windows]
[2022.02.13-09.35.12:752][  0]LogInit: Active device profile: [0000018C63501400][0000018C5FDA04C0 49] Windows
[2022.02.13-09.35.12:752][  0]LogInit: Profiles: [0000018C63501400][0000018C5FDA04C0 49] Windows, [0000018C634A7100][0000018C61CE0600 49] WindowsNoEditor, [0000018C63501100][0000018C61CE4740 49] WindowsServer, [0000018C634A5100][0000018C61CE8880 49] WindowsClient, [0000018C63502500][0000018C61CEC9C0 49] IOS, [0000018C63501200][0000018C61CF4B40 49] iPadAir, [0000018C634B9B00][0000018C61CF8CC0 49] iPadAir2, [0000018C63460700][0000018C61D00F80 49] IPadPro, [0000018C63460800][0000018C61CFCFC0 49] iPadAir3, [0000018C634B8100][0000018C61D05140 49] iPadAir4, [0000018C63460300][0000018C61D092C0 49] iPadMini2, [0000018C634BB200][0000018C61D0D440 49] iPadMini3, [0000018C63463100][0000018C61D115C0 49] iPadMini4, [0000018C634BBA00][0000018C61D15740 49] iPadMini5, [0000018C63447F00][0000018C61D1DA00 49] iPhone6, [0000018C63447E00][0000018C61D19A40 49] iPodTouch6, [0000018C634A5F00][0000018C61D24180 49] iPhone7, [0000018C634A5E00][0000018C61D201C0 49] iPodTouch7, [0000018C63444500][0000018C61D28340 49] iPhone5S, [0000018C634A7200][0000018C61D2C4C0 49] iPhone6Plus, [0000018C63445600][0000018C61D30640 49] iPhone6S, [0000018C634A6800][0000018C61CF0780 49] iPhone6SPlus, [0000018C63446300][0000018C61D348C0 49] iPhone7Plus, [0000018C634A5200][0000018C61D38A00 49] iPhoneSE, [0000018C63444100][0000018C61D3CB40 49] iPhone8, [0000018C634A4A00][0000018C61D44CC0 49] iPhone8Plus, [0000018C63447100][0000018C61D48E40 49] iPhoneX, [0000018C634A5700][0000018C61D4CFC0 49] iPhoneXS, [0000018C63445200][0000018C63D61140 49] iPhoneXSMax, [0000018C634A7A00][0000018C63D652C0 49] iPhoneXR, [0000018C63444A00][0000018C63D69440 49] iPhone11, [0000018C634A6300][0000018C63D6D5C0 49] iPhone11Pro, [0000018C63446B00][0000018C63D71740 49] iPhone11ProMax, [0000018C634A5A00][0000018C63D758C0 49] iPhoneSE2, [0000018C63447A00][0000018C63D79A40 49] iPhone12Mini, [0000018C634A6400][0000018C63D7DBC0 49] iPhone12, [0000018C63444400][0000018C63D801C0 49] iPhone12Pro, [0000018C634A4E00][0000018C63D84340 49] iPhone12ProMax, [0000018C63445A00][0000018C63D884C0 49] iPadPro105, [0000018C634A5400][0000018C63D8C640 49] iPadPro129, [0000018C63444900][0000018C63D907C0 49] iPadPro97, [0000018C634A6200][0000018C63D94940 49] iPadPro2_129, [0000018C63447800][0000018C61D40A80 49] iPad5, [0000018C634A7D00][0000018C63D98BC0 49] iPad6, [0000018C63446400][0000018C63D9CD00 49] iPad7, [0000018C634A7700][0000018C63DA4E80 49] iPad8, [0000018C63444E00][0000018C63DA9000 49] iPadPro11, [0000018C634A6E00][0000018C63DAD180 49] iPadPro2_11, [0000018C63444F00][0000018C63DB1300 49] iPadPro3_129, [0000018C634A4300][0000018C63DB5480 49] iPadPro4_129, [0000018C63445D00][0000018C63DB9600 49] AppleTV, [0000018C634A7400][0000018C63ED9780 49] AppleTV4K, [0000018C63446A00][0000018C63EDD900 49] TVOS, [0000018C634A6C00][0000018C63EE1A80 49] Mac, [0000018C63445800][0000018C63EE5C00 49] MacClient, [0000018C634A5D00][0000018C63EE8200 49] MacNoEditor, [0000018C63447900][0000018C63EEC380 49] MacServer, [0000018C634A4600][0000018C63EF0500 49] Linux, [0000018C63446F00][0000018C63EF4680 49] LinuxAArch64, [0000018C634A7800][0000018C63EF8800 49] LinuxNoEditor, [0000018C63447300][0000018C63EFC980 49] LinuxAArch64NoEditor, [0000018C634A5600][0000018C63F00B00 49] LinuxClient, [0000018C63445900][0000018C63DA0C40 49] LinuxAArch64Client, [0000018C634A6A00][0000018C63F08D80 49] LinuxServer, [0000018C63447D00][0000018C63F10EC0 49] LinuxAArch64Server, [0000018C634A5300][0000018C63F21040 49] Android, [0000018C63445F00][0000018C63F251C0 49] Android_Low, [0000018C634B8500][0000018C63F49340 49] Android_Mid, [0000018C63501F00][0000018C63F814C0 49] Android_High, [0000018C634BB900][0000018C63F85640 49] Android_Default, [0000018C63500E00][0000018C63F897C0 49] Android_Adreno4xx, [0000018C634B8200][0000018C63F8D940 49] Android_Adreno5xx_Low, [0000018C63500700][0000018C63F91AC0 49] Android_Adreno5xx, [0000018C634BBB00][0000018C63F940C0 49] Android_Adreno6xx, [0000018C63502A00][0000018C63F98240 49] Android_Adreno6xx_Vulkan, [0000018C634B9800][0000018C63FA03C0 49] Android_Mali_T6xx, [0000018C63502200][0000018C63FA4540 49] Android_Mali_T7xx, [0000018C634B8F00][0000018C63FB06C0 49] Android_Mali_T8xx, [0000018C63503800][0000018C63FB4840 49] Android_Mali_G71, [0000018C634BA900][0000018C63FB89C0 49] Android_Mali_G72, [0000018C63500900][0000018C63FC8B40 49] Android_Mali_G72_Vulkan, [0000018C634B9A00][0000018C63FE8CC0 49] Android_Mali_G76, [0000018C63501B00][0000018C63F1CE00 49] Android_Mali_G76_Vulkan, [0000018C634B9300][0000018C6400EF40 49] Android_Mali_G77, [0000018C63501D00][0000018C64013080 49] Android_Mali_G77_Vulkan, [0000018C634BB500][0000018C640171C0 49] Android_Mali_G78, [0000018C63503E00][0000018C6401F340 49] Android_Mali_G78_Vulkan, [0000018C634BA800][0000018C640774C0 49] Android_Mali_G710, [0000018C63503000][0000018C6407B640 49] Android_Mali_G710_Vulkan, [0000018C634B9600][0000018C640E37C0 49] Android_Vulkan_SM5, [0000018C63500B00][0000018C64991940 49] Android_PowerVR_G6xxx, [0000018C634BA400][0000018C64999AC0 49] Android_PowerVR_GT7xxx, [0000018C63501000][0000018C6499C0C0 49] Android_PowerVR_GE8xxx, [0000018C634B8E00][0000018C649A0240 49] Android_PowerVR_GM9xxx, [0000018C63444D00][0000018C649A43C0 49] Android_PowerVR_GM9xxx_Vulkan, [0000018C634B9F00][0000018C649A8540 49] Android_TegraK1, [0000018C63446200][0000018C649AC6C0 49] Android_Unknown_Vulkan, [0000018C634B9900][0000018C649B0840 49] Lumin, [0000018C63447200][0000018C649B49C0 49] Lumin_Desktop, [0000018C634B9500][0000018C649B8B40 49] HoloLens, 
[2022.02.13-09.35.12:997][  0]LogMeshReduction: Using QuadricMeshReduction for automatic static mesh reduction
[2022.02.13-09.35.12:998][  0]LogMeshReduction: Using SimplygonMeshReduction for automatic skeletal mesh reduction
[2022.02.13-09.35.12:998][  0]LogMeshReduction: Using ProxyLODMeshReduction for automatic mesh merging
[2022.02.13-09.35.12:998][  0]LogMeshReduction: No distributed automatic mesh merging module available
[2022.02.13-09.35.12:998][  0]LogMeshMerging: No distributed automatic mesh merging module available
[2022.02.13-09.35.13:011][  0]LogNetVersion: ArenaBattle 1.0.0, NetCL: 17155196, EngineNetVer: 17, GameNetVer: 0 (Checksum: 2964408555)
[2022.02.13-09.35.13:363][  0]LogTexture: Default maximum texture size for cubemaps generated from long-lat sources has been changed from 512 to unlimited. In order to preserve old behaiour for '/Engine/MapTemplates/Sky/DaylightAmbientCubemap.DaylightAmbientCubemap', its maximum texture size has been explicitly set to 512.
[2022.02.13-09.35.13:405][  0]LogHMD: PokeAHoleMaterial loaded successfully
[2022.02.13-09.35.13:411][  0]LogUObjectArray: 17178 objects as part of root set at end of initial load.
[2022.02.13-09.35.13:411][  0]LogUObjectAllocator: 4302048 out of 0 bytes used by permanent object pool.
[2022.02.13-09.35.13:411][  0]LogUObjectArray: CloseDisregardForGC: 0/0 objects in disregard for GC pool
[2022.02.13-09.35.13:687][  0]LogNiagaraDebuggerClient: Niagara Debugger Client Initialized | Session: 3CD82632476EF78B63E26A83FA36FCA3 | Instance: B7BBCDC44C46A947F860E6B4AE25999F (DESKTOP-79EDH39-17264).
[2022.02.13-09.35.13:789][  0]LogPython: Using Python 3.7.7
[2022.02.13-09.35.14:244][  0]LogTcpMessaging: Initializing TcpMessaging bridge
[2022.02.13-09.35.14:252][  0]LogUdpMessaging: Initializing bridge on interface 0.0.0.0:0 to multicast group 230.0.0.1:6666.
[2022.02.13-09.35.14:786][  0]SourceControl: 소스 컨트롤이 꺼졌습니다.
[2022.02.13-09.35.14:786][  0]SourceControl: 소스 컨트롤이 꺼졌습니다.
[2022.02.13-09.35.14:792][  0]SourceControl: 소스 컨트롤이 꺼졌습니다.
[2022.02.13-09.35.14:794][  0]SourceControl: 소스 컨트롤이 꺼졌습니다.
[2022.02.13-09.35.14:804][  0]SourceControl: 소스 컨트롤이 꺼졌습니다.
[2022.02.13-09.35.14:846][  0]LogUProjectInfo: Found projects:
[2022.02.13-09.35.14:995][  0]LogOpenImageDenoise: OIDN starting up
[2022.02.13-09.35.15:022][  0]LogAndroidPermission: UAndroidPermissionCallbackProxy::GetInstance
[2022.02.13-09.35.15:042][  0]LogAudioCaptureCore: Display: No Audio Capture implementations found. Audio input will be silent.
[2022.02.13-09.35.15:042][  0]LogAudioCaptureCore: Display: No Audio Capture implementations found. Audio input will be silent.
[2022.02.13-09.35.15:158][  0]LogCollectionManager: Loaded 0 collections in 0.001495 seconds
[2022.02.13-09.35.15:222][  0]LogFileCache: Scanning file cache for directory 'D:/OneDrive - SNU/github/CPP_Portfolio_2022/ArenaBattle/Saved/Collections/' took 0.00s
[2022.02.13-09.35.15:222][  0]LogFileCache: Scanning file cache for directory 'D:/OneDrive - SNU/github/CPP_Portfolio_2022/ArenaBattle/Content/Developers/Tony/Collections/' took 0.00s
[2022.02.13-09.35.15:222][  0]LogFileCache: Scanning file cache for directory 'D:/OneDrive - SNU/github/CPP_Portfolio_2022/ArenaBattle/Content/Collections/' took 0.00s
[2022.02.13-09.35.15:222][  0]LogOcInput: OculusInput pre-init called
[2022.02.13-09.35.15:456][  0]LogEngine: Initializing Engine...
[2022.02.13-09.35.20:905][  0]LogHMD: Failed to initialize OpenVR with code 108
[2022.02.13-09.35.20:924][  0]LogHMD: Optional extension XR_VARJO_quad_views is not available
[2022.02.13-09.35.20:924][  0]LogHMD: Warning: Required extension XR_EXT_eye_gaze_interaction is not available
[2022.02.13-09.35.20:924][  0]LogHMD: Could not enable all required OpenXR extensions for OpenXREyeTracker on current system. This plugin will be loaded but ignored, but will be enabled on a target platform that supports the required extension.
[2022.02.13-09.35.26:361][  0]LogHMD: Failed to create an OpenXR instance, result is XR_ERROR_RUNTIME_FAILURE. Please check if you have an OpenXR runtime installed. The following extensions were enabled:
[2022.02.13-09.35.26:361][  0]LogHMD: - XR_KHR_D3D11_enable
[2022.02.13-09.35.26:361][  0]LogHMD: - XR_KHR_D3D12_enable
[2022.02.13-09.35.26:361][  0]LogHMD: - XR_KHR_opengl_enable
[2022.02.13-09.35.26:361][  0]LogHMD: - XR_KHR_vulkan_enable
[2022.02.13-09.35.26:361][  0]LogHMD: - XR_KHR_composition_layer_depth
[2022.02.13-09.35.26:361][  0]LogHMD: - XR_KHR_visibility_mask
[2022.02.13-09.35.26:361][  0]LogHMD: - XR_EXT_hand_tracking
[2022.02.13-09.35.26:361][  0]LogMagicLeap: Warning: VR disabled because ZI is not enabled.  To enable, in the editor, Edit -> Project Settings -> Plugins -> Magic Leap Plugin -> Enable Zero Iteration
[2022.02.13-09.35.26:362][  0]LogStats: UGameplayTagsManager::InitializeManager -  0.000 s
[2022.02.13-09.35.26:464][  0]LogInit: Initializing FReadOnlyCVARCache
[2022.02.13-09.35.26:472][  0]LogAIModule: Creating AISystem for world Untitled
[2022.02.13-09.35.26:472][  0]LogAudio: Display: Initializing Audio Device Manager...
[2022.02.13-09.35.26:476][  0]LogAudio: Display: Loading Default Audio Settings Objects...
[2022.02.13-09.35.26:476][  0]LogAudio: Display: No default SoundConcurrencyObject specified (or failed to load).
[2022.02.13-09.35.26:476][  0]LogAudio: Display: Audio Device Manager Initialized
[2022.02.13-09.35.26:476][  0]LogAudio: Display: Creating Audio Device:                 Id: 1, Scope: Shared, Realtime: True
[2022.02.13-09.35.26:477][  0]LogAudioMixer: Display: Audio Mixer Platform Settings:
[2022.02.13-09.35.26:477][  0]LogAudioMixer: Display: 	Sample Rate:						  48000
[2022.02.13-09.35.26:477][  0]LogAudioMixer: Display: 	Callback Buffer Frame Size Requested: 1024
[2022.02.13-09.35.26:477][  0]LogAudioMixer: Display: 	Callback Buffer Frame Size To Use:	  1024
[2022.02.13-09.35.26:477][  0]LogAudioMixer: Display: 	Number of buffers to queue:			  2
[2022.02.13-09.35.26:477][  0]LogAudioMixer: Display: 	Max Channels (voices):				  32
[2022.02.13-09.35.26:477][  0]LogAudioMixer: Display: 	Number of Async Source Workers:		  0
[2022.02.13-09.35.26:477][  0]LogAudio: Display: AudioDevice MaxSources: 32
[2022.02.13-09.35.26:477][  0]LogAudio: Display: Audio Spatialization Plugin: None (built-in).
[2022.02.13-09.35.26:477][  0]LogAudio: Display: Audio Reverb Plugin: None (built-in).
[2022.02.13-09.35.26:477][  0]LogAudio: Display: Audio Occlusion Plugin: None (built-in).
[2022.02.13-09.35.26:477][  0]LogAudioMixer: Display: Initializing audio mixer.
[2022.02.13-09.35.26:489][  0]LogAudioMixer: Display: 0: FrontLeft
[2022.02.13-09.35.26:489][  0]LogAudioMixer: Display: 1: FrontRight
[2022.02.13-09.35.26:531][  0]LogAudioMixer: Display: Using Audio Device 페블스피커(Realtek High Definition Audio)
[2022.02.13-09.35.26:531][  0]LogAudioMixer: Display: Initializing Sound Submixes...
[2022.02.13-09.35.26:533][  0]LogAudioMixer: Display: Creating Master Submix 'MasterSubmixDefault'
[2022.02.13-09.35.26:533][  0]LogAudioMixer: Display: Creating Master Submix 'MasterReverbSubmixDefault'
[2022.02.13-09.35.26:534][  0]LogAudioMixer: Display: Creating Master Submix 'MasterEQSubmixDefault'
[2022.02.13-09.35.26:534][  0]LogAudioMixer: FMixerPlatformXAudio2::StartAudioStream() called
[2022.02.13-09.35.26:534][  0]LogAudioMixer: Display: Output buffers initialized: Frames=1024, Channels=2, Samples=2048
[2022.02.13-09.35.26:535][  0]LogAudioMixer: Display: Starting AudioMixerPlatformInterface::RunInternal()
[2022.02.13-09.35.26:535][  0]LogAudioMixer: Display: FMixerPlatformXAudio2::SubmitBuffer() called for the first time
[2022.02.13-09.35.26:535][  0]LogInit: FAudioDevice initialized.
[2022.02.13-09.35.26:535][  0]LogAudio: Display: Audio Device (ID: 1) registered with world 'Untitled'.
[2022.02.13-09.35.26:535][  0]LogNetVersion: Set ProjectVersion to 1.0.0.0. Version Checksum will be recalculated on next use.
[2022.02.13-09.35.26:590][  0]LogDerivedDataCache: Saved boot cache 0.06s 103MB C:/Users/ejrrb/AppData/Local/UnrealEngine/4.27/DerivedDataCache/Boot.ddc.
[2022.02.13-09.35.26:592][  0]LogInit: Texture streaming: Enabled
[2022.02.13-09.35.26:604][  0]LogAnalytics: Display: [UEEditor.Rocket.Release] APIServer = https://datarouter.ol.epicgames.com/. AppVersion = 4.27.2-18319896+++UE4+Release-4.27
[2022.02.13-09.35.26:607][  0]LogEngineSessionManager: EngineSessionManager initialized
[2022.02.13-09.35.26:607][  0]LogEditorSessionSummary: Verbose: Initializing EditorSessionSummaryWriter for editor session tracking
[2022.02.13-09.35.26:609][  0]LogEditorSessionSummary: EditorSessionSummaryWriter initialized
[2022.02.13-09.35.26:686][  0]LogInit: Transaction tracking system initialized
[2022.02.13-09.35.26:705][  0]BlueprintLog: New page: 에디터 로드
[2022.02.13-09.35.26:761][  0]LocalizationService: 현지화 서비스가 비활성화되었습니다.
[2022.02.13-09.35.26:782][  0]TimingProfiler: Initialize
[2022.02.13-09.35.26:782][  0]TimingProfiler: OnSessionChanged
[2022.02.13-09.35.26:782][  0]LoadingProfiler: Initialize
[2022.02.13-09.35.26:782][  0]LoadingProfiler: OnSessionChanged
[2022.02.13-09.35.26:782][  0]NetworkingProfiler: Initialize
[2022.02.13-09.35.26:782][  0]NetworkingProfiler: OnSessionChanged
[2022.02.13-09.35.26:782][  0]MemoryProfiler: Initialize
[2022.02.13-09.35.26:782][  0]MemoryProfiler: OnSessionChanged
[2022.02.13-09.35.26:918][  0]LogCook: Display: CookSettings for Memory: MemoryMaxUsedVirtual 0MiB, MemoryMaxUsedPhysical 16384MiB, MemoryMinFreeVirtual 0MiB, MemoryMinFreePhysical 1024MiB
[2022.02.13-09.35.26:918][  0]LogCook: Display: Mobile HDR setting 1
[2022.02.13-09.35.27:093][  0]LogFileCache: Scanning file cache for directory 'D:/OneDrive - SNU/github/CPP_Portfolio_2022/ArenaBattle/Content/' took 0.01s
[2022.02.13-09.35.27:274][  0]LogInit: Display: Engine is initialized. Leaving FEngineLoop::Init()
[2022.02.13-09.35.27:276][  0]SourceControl: 소스 컨트롤이 꺼졌습니다.
[2022.02.13-09.35.27:277][  0]LogUnrealEdMisc: Loading editor; pre map load, took 23.741
[2022.02.13-09.35.27:277][  0]Cmd: MAP LOAD FILE="D:/OneDrive - SNU/github/CPP_Portfolio_2022/ArenaBattle/Content/Book/Maps/Step1.umap" TEMPLATE=0 SHOWPROGRESS=1 FEATURELEVEL=3
[2022.02.13-09.35.27:277][  0]LightingResults: New page: 라이팅 빌드
[2022.02.13-09.35.27:278][  0]LogWorld: UWorld::CleanupWorld for Untitled, bSessionEnded=true, bCleanupResources=true
[2022.02.13-09.35.27:278][  0]LogSlate: InvalidateAllWidgets triggered.  All widgets were invalidated
[2022.02.13-09.35.27:278][  0]MapCheck: New page: 맵 체크
[2022.02.13-09.35.27:278][  0]LightingResults: New page: 라이팅 빌드
[2022.02.13-09.35.27:281][  0]LogAudio: Display: Audio Device unregistered from world 'None'.
[2022.02.13-09.35.27:284][  0]LogUObjectHash: Compacting FUObjectHashTables data took   0.86ms
[2022.02.13-09.35.27:393][  0]LogStaticMesh: SM_SQUARE 스태틱 메시 빌드중...
[2022.02.13-09.35.29:176][  0]LogStaticMesh: Built static mesh [1.78s] /Game/Book/StaticMesh/SM_SQUARE.SM_SQUARE
[2022.02.13-09.35.29:191][  0]LogAudio: Display: Audio Device (ID: 1) registered with world 'Step1'.
[2022.02.13-09.35.29:192][  0]LogAIModule: Creating AISystem for world Step1
[2022.02.13-09.35.29:195][  0]LogEditorServer: Finished looking for orphan Actors (0.000 secs)
[2022.02.13-09.35.29:218][  0]LogUObjectHash: Compacting FUObjectHashTables data took   0.88ms
[2022.02.13-09.35.29:220][  0]Cmd: MAP CHECKDEP NOCLEARLOG
[2022.02.13-09.35.29:220][  0]MapCheck: 맵 체크 완료: 오류 0 회, 경고 0 회, 소요 시간 0.193ms.
[2022.02.13-09.35.29:220][  0]LogFileHelpers: Loading map 'Step1' took 1.944
[2022.02.13-09.35.29:222][  0]LogUnrealEdMisc: Total Editor Startup Time, took 25.687
[2022.02.13-09.35.29:369][  0]LogSlate: Updating window title bar state: overlay mode, drag disabled, window buttons hidden, title bar hidden
[2022.02.13-09.35.29:374][  0]LogSlate: Updating window title bar state: overlay mode, drag disabled, window buttons hidden, title bar hidden
[2022.02.13-09.35.29:379][  0]LogSlate: Updating window title bar state: overlay mode, drag disabled, window buttons hidden, title bar hidden
[2022.02.13-09.35.29:383][  0]LogSlate: Updating window title bar state: overlay mode, drag disabled, window buttons hidden, title bar hidden
[2022.02.13-09.35.29:406][  0]LogNativeClassHierarchy: Verbose: Native class hierarchy populated in 0.0097 seconds. Added 3825 classes and 930 folders.
[2022.02.13-09.35.29:409][  0]LogNativeClassHierarchy: Verbose: Native class hierarchy updated for 'WidgetCarousel' in 0.0003 seconds. Added 0 classes and 0 folders.
[2022.02.13-09.35.29:425][  0]LogPakFile: PakFile PrimaryIndexSize=187
[2022.02.13-09.35.29:425][  0]LogPakFile: PakFile PathHashIndexSize=101
[2022.02.13-09.35.29:425][  0]LogPakFile: PakFile FullDirectoryIndexSize=148
[2022.02.13-09.35.29:425][  0]LogShaderLibrary: Display: ShaderCodeLibraryPakFileMountedCallback: PakFile 'C:/Program Files/Epic Games/UE_4.27/FeaturePacks/FP_FirstPerson.upack' (chunk index -1, root 'root:/') mounted
[2022.02.13-09.35.29:425][  0]LogShaderLibrary: Display: ShaderCodeLibraryPakFileMountedCallback: pending pak file info (ChunkID:-1 Root:root:/ File:C:/Program Files/Epic Games/UE_4.27/FeaturePacks/FP_FirstPerson.upack)
[2022.02.13-09.35.29:425][  0]LogPakFile: OnPakFileMounted2Time == 0.000060
[2022.02.13-09.35.29:433][  0]LogPakFile: PakFile PrimaryIndexSize=189
[2022.02.13-09.35.29:433][  0]LogPakFile: PakFile PathHashIndexSize=101
[2022.02.13-09.35.29:433][  0]LogPakFile: PakFile FullDirectoryIndexSize=152
[2022.02.13-09.35.29:433][  0]LogShaderLibrary: Display: ShaderCodeLibraryPakFileMountedCallback: PakFile 'C:/Program Files/Epic Games/UE_4.27/FeaturePacks/FP_FirstPersonBP.upack' (chunk index -1, root 'root:/') mounted
[2022.02.13-09.35.29:433][  0]LogShaderLibrary: Display: ShaderCodeLibraryPakFileMountedCallback: pending pak file info (ChunkID:-1 Root:root:/ File:C:/Program Files/Epic Games/UE_4.27/FeaturePacks/FP_FirstPersonBP.upack)
[2022.02.13-09.35.29:433][  0]LogPakFile: OnPakFileMounted2Time == 0.000046
[2022.02.13-09.35.29:440][  0]LogPakFile: PakFile PrimaryIndexSize=191
[2022.02.13-09.35.29:440][  0]LogPakFile: PakFile PathHashIndexSize=101
[2022.02.13-09.35.29:440][  0]LogPakFile: PakFile FullDirectoryIndexSize=160
[2022.02.13-09.35.29:440][  0]LogShaderLibrary: Display: ShaderCodeLibraryPakFileMountedCallback: PakFile 'C:/Program Files/Epic Games/UE_4.27/FeaturePacks/MobileStarterContent.upack' (chunk index -1, root 'root:/') mounted
[2022.02.13-09.35.29:440][  0]LogShaderLibrary: Display: ShaderCodeLibraryPakFileMountedCallback: pending pak file info (ChunkID:-1 Root:root:/ File:C:/Program Files/Epic Games/UE_4.27/FeaturePacks/MobileStarterContent.upack)
[2022.02.13-09.35.29:440][  0]LogPakFile: OnPakFileMounted2Time == 0.000054
[2022.02.13-09.35.29:446][  0]LogPakFile: PakFile PrimaryIndexSize=185
[2022.02.13-09.35.29:446][  0]LogPakFile: PakFile PathHashIndexSize=101
[2022.02.13-09.35.29:446][  0]LogPakFile: PakFile FullDirectoryIndexSize=148
[2022.02.13-09.35.29:446][  0]LogShaderLibrary: Display: ShaderCodeLibraryPakFileMountedCallback: PakFile 'C:/Program Files/Epic Games/UE_4.27/FeaturePacks/StarterContent.upack' (chunk index -1, root 'root:/') mounted
[2022.02.13-09.35.29:446][  0]LogShaderLibrary: Display: ShaderCodeLibraryPakFileMountedCallback: pending pak file info (ChunkID:-1 Root:root:/ File:C:/Program Files/Epic Games/UE_4.27/FeaturePacks/StarterContent.upack)
[2022.02.13-09.35.29:446][  0]LogPakFile: OnPakFileMounted2Time == 0.000047
[2022.02.13-09.35.29:453][  0]LogPakFile: PakFile PrimaryIndexSize=190
[2022.02.13-09.35.29:453][  0]LogPakFile: PakFile PathHashIndexSize=101
[2022.02.13-09.35.29:453][  0]LogPakFile: PakFile FullDirectoryIndexSize=154
[2022.02.13-09.35.29:453][  0]LogShaderLibrary: Display: ShaderCodeLibraryPakFileMountedCallback: PakFile 'C:/Program Files/Epic Games/UE_4.27/FeaturePacks/TP_2DSideScroller.upack' (chunk index -1, root 'root:/') mounted
[2022.02.13-09.35.29:453][  0]LogShaderLibrary: Display: ShaderCodeLibraryPakFileMountedCallback: pending pak file info (ChunkID:-1 Root:root:/ File:C:/Program Files/Epic Games/UE_4.27/FeaturePacks/TP_2DSideScroller.upack)
[2022.02.13-09.35.29:453][  0]LogPakFile: OnPakFileMounted2Time == 0.000046
[2022.02.13-09.35.29:459][  0]LogPakFile: PakFile PrimaryIndexSize=192
[2022.02.13-09.35.29:459][  0]LogPakFile: PakFile PathHashIndexSize=101
[2022.02.13-09.35.29:459][  0]LogPakFile: PakFile FullDirectoryIndexSize=158
[2022.02.13-09.35.29:459][  0]LogShaderLibrary: Display: ShaderCodeLibraryPakFileMountedCallback: PakFile 'C:/Program Files/Epic Games/UE_4.27/FeaturePacks/TP_2DSideScrollerBP.upack' (chunk index -1, root 'root:/') mounted
[2022.02.13-09.35.29:459][  0]LogShaderLibrary: Display: ShaderCodeLibraryPakFileMountedCallback: pending pak file info (ChunkID:-1 Root:root:/ File:C:/Program Files/Epic Games/UE_4.27/FeaturePacks/TP_2DSideScrollerBP.upack)
[2022.02.13-09.35.29:459][  0]LogPakFile: OnPakFileMounted2Time == 0.000042
[2022.02.13-09.35.29:466][  0]LogPakFile: PakFile PrimaryIndexSize=182
[2022.02.13-09.35.29:466][  0]LogPakFile: PakFile PathHashIndexSize=101
[2022.02.13-09.35.29:466][  0]LogPakFile: PakFile FullDirectoryIndexSize=138
[2022.02.13-09.35.29:466][  0]LogShaderLibrary: Display: ShaderCodeLibraryPakFileMountedCallback: PakFile 'C:/Program Files/Epic Games/UE_4.27/FeaturePacks/TP_Flying.upack' (chunk index -1, root 'root:/') mounted
[2022.02.13-09.35.29:466][  0]LogShaderLibrary: Display: ShaderCodeLibraryPakFileMountedCallback: pending pak file info (ChunkID:-1 Root:root:/ File:C:/Program Files/Epic Games/UE_4.27/FeaturePacks/TP_Flying.upack)
[2022.02.13-09.35.29:466][  0]LogPakFile: OnPakFileMounted2Time == 0.000043
[2022.02.13-09.35.29:473][  0]LogPakFile: PakFile PrimaryIndexSize=184
[2022.02.13-09.35.29:473][  0]LogPakFile: PakFile PathHashIndexSize=101
[2022.02.13-09.35.29:473][  0]LogPakFile: PakFile FullDirectoryIndexSize=142
[2022.02.13-09.35.29:473][  0]LogShaderLibrary: Display: ShaderCodeLibraryPakFileMountedCallback: PakFile 'C:/Program Files/Epic Games/UE_4.27/FeaturePacks/TP_FlyingBP.upack' (chunk index -1, root 'root:/') mounted
[2022.02.13-09.35.29:473][  0]LogShaderLibrary: Display: ShaderCodeLibraryPakFileMountedCallback: pending pak file info (ChunkID:-1 Root:root:/ File:C:/Program Files/Epic Games/UE_4.27/FeaturePacks/TP_FlyingBP.upack)
[2022.02.13-09.35.29:473][  0]LogPakFile: OnPakFileMounted2Time == 0.000045
[2022.02.13-09.35.29:480][  0]LogPakFile: PakFile PrimaryIndexSize=188
[2022.02.13-09.35.29:480][  0]LogPakFile: PakFile PathHashIndexSize=101
[2022.02.13-09.35.29:480][  0]LogPakFile: PakFile FullDirectoryIndexSize=150
[2022.02.13-09.35.29:480][  0]LogShaderLibrary: Display: ShaderCodeLibraryPakFileMountedCallback: PakFile 'C:/Program Files/Epic Games/UE_4.27/FeaturePacks/TP_HandheldARBP.upack' (chunk index -1, root 'root:/') mounted
[2022.02.13-09.35.29:480][  0]LogShaderLibrary: Display: ShaderCodeLibraryPakFileMountedCallback: pending pak file info (ChunkID:-1 Root:root:/ File:C:/Program Files/Epic Games/UE_4.27/FeaturePacks/TP_HandheldARBP.upack)
[2022.02.13-09.35.29:480][  0]LogPakFile: OnPakFileMounted2Time == 0.000040
[2022.02.13-09.35.29:488][  0]LogPakFile: PakFile PrimaryIndexSize=182
[2022.02.13-09.35.29:488][  0]LogPakFile: PakFile PathHashIndexSize=101
[2022.02.13-09.35.29:488][  0]LogPakFile: PakFile FullDirectoryIndexSize=138
[2022.02.13-09.35.29:488][  0]LogShaderLibrary: Display: ShaderCodeLibraryPakFileMountedCallback: PakFile 'C:/Program Files/Epic Games/UE_4.27/FeaturePacks/TP_Puzzle.upack' (chunk index -1, root 'root:/') mounted
[2022.02.13-09.35.29:488][  0]LogShaderLibrary: Display: ShaderCodeLibraryPakFileMountedCallback: pending pak file info (ChunkID:-1 Root:root:/ File:C:/Program Files/Epic Games/UE_4.27/FeaturePacks/TP_Puzzle.upack)
[2022.02.13-09.35.29:488][  0]LogPakFile: OnPakFileMounted2Time == 0.000041
[2022.02.13-09.35.29:493][  0]LogPakFile: PakFile PrimaryIndexSize=184
[2022.02.13-09.35.29:493][  0]LogPakFile: PakFile PathHashIndexSize=101
[2022.02.13-09.35.29:493][  0]LogPakFile: PakFile FullDirectoryIndexSize=142
[2022.02.13-09.35.29:493][  0]LogShaderLibrary: Display: ShaderCodeLibraryPakFileMountedCallback: PakFile 'C:/Program Files/Epic Games/UE_4.27/FeaturePacks/TP_PuzzleBP.upack' (chunk index -1, root 'root:/') mounted
[2022.02.13-09.35.29:493][  0]LogShaderLibrary: Display: ShaderCodeLibraryPakFileMountedCallback: pending pak file info (ChunkID:-1 Root:root:/ File:C:/Program Files/Epic Games/UE_4.27/FeaturePacks/TP_PuzzleBP.upack)
[2022.02.13-09.35.29:493][  0]LogPakFile: OnPakFileMounted2Time == 0.000039
[2022.02.13-09.35.29:501][  0]LogPakFile: PakFile PrimaryIndexSize=183
[2022.02.13-09.35.29:501][  0]LogPakFile: PakFile PathHashIndexSize=101
[2022.02.13-09.35.29:501][  0]LogPakFile: PakFile FullDirectoryIndexSize=140
[2022.02.13-09.35.29:501][  0]LogShaderLibrary: Display: ShaderCodeLibraryPakFileMountedCallback: PakFile 'C:/Program Files/Epic Games/UE_4.27/FeaturePacks/TP_Rolling.upack' (chunk index -1, root 'root:/') mounted
[2022.02.13-09.35.29:501][  0]LogShaderLibrary: Display: ShaderCodeLibraryPakFileMountedCallback: pending pak file info (ChunkID:-1 Root:root:/ File:C:/Program Files/Epic Games/UE_4.27/FeaturePacks/TP_Rolling.upack)
[2022.02.13-09.35.29:501][  0]LogPakFile: OnPakFileMounted2Time == 0.000046
[2022.02.13-09.35.29:507][  0]LogPakFile: PakFile PrimaryIndexSize=185
[2022.02.13-09.35.29:507][  0]LogPakFile: PakFile PathHashIndexSize=101
[2022.02.13-09.35.29:507][  0]LogPakFile: PakFile FullDirectoryIndexSize=144
[2022.02.13-09.35.29:507][  0]LogShaderLibrary: Display: ShaderCodeLibraryPakFileMountedCallback: PakFile 'C:/Program Files/Epic Games/UE_4.27/FeaturePacks/TP_RollingBP.upack' (chunk index -1, root 'root:/') mounted
[2022.02.13-09.35.29:507][  0]LogShaderLibrary: Display: ShaderCodeLibraryPakFileMountedCallback: pending pak file info (ChunkID:-1 Root:root:/ File:C:/Program Files/Epic Games/UE_4.27/FeaturePacks/TP_RollingBP.upack)
[2022.02.13-09.35.29:507][  0]LogPakFile: OnPakFileMounted2Time == 0.000041
[2022.02.13-09.35.29:513][  0]LogPakFile: PakFile PrimaryIndexSize=188
[2022.02.13-09.35.29:513][  0]LogPakFile: PakFile PathHashIndexSize=101
[2022.02.13-09.35.29:513][  0]LogPakFile: PakFile FullDirectoryIndexSize=150
[2022.02.13-09.35.29:513][  0]LogShaderLibrary: Display: ShaderCodeLibraryPakFileMountedCallback: PakFile 'C:/Program Files/Epic Games/UE_4.27/FeaturePacks/TP_SideScroller.upack' (chunk index -1, root 'root:/') mounted
[2022.02.13-09.35.29:513][  0]LogShaderLibrary: Display: ShaderCodeLibraryPakFileMountedCallback: pending pak file info (ChunkID:-1 Root:root:/ File:C:/Program Files/Epic Games/UE_4.27/FeaturePacks/TP_SideScroller.upack)
[2022.02.13-09.35.29:513][  0]LogPakFile: OnPakFileMounted2Time == 0.000053
[2022.02.13-09.35.29:520][  0]LogPakFile: PakFile PrimaryIndexSize=190
[2022.02.13-09.35.29:520][  0]LogPakFile: PakFile PathHashIndexSize=101
[2022.02.13-09.35.29:520][  0]LogPakFile: PakFile FullDirectoryIndexSize=154
[2022.02.13-09.35.29:520][  0]LogShaderLibrary: Display: ShaderCodeLibraryPakFileMountedCallback: PakFile 'C:/Program Files/Epic Games/UE_4.27/FeaturePacks/TP_SideScrollerBP.upack' (chunk index -1, root 'root:/') mounted
[2022.02.13-09.35.29:520][  0]LogShaderLibrary: Display: ShaderCodeLibraryPakFileMountedCallback: pending pak file info (ChunkID:-1 Root:root:/ File:C:/Program Files/Epic Games/UE_4.27/FeaturePacks/TP_SideScrollerBP.upack)
[2022.02.13-09.35.29:520][  0]LogPakFile: OnPakFileMounted2Time == 0.000045
[2022.02.13-09.35.29:525][  0]LogPakFile: PakFile PrimaryIndexSize=187
[2022.02.13-09.35.29:525][  0]LogPakFile: PakFile PathHashIndexSize=101
[2022.02.13-09.35.29:525][  0]LogPakFile: PakFile FullDirectoryIndexSize=148
[2022.02.13-09.35.29:526][  0]LogShaderLibrary: Display: ShaderCodeLibraryPakFileMountedCallback: PakFile 'C:/Program Files/Epic Games/UE_4.27/FeaturePacks/TP_ThirdPerson.upack' (chunk index -1, root 'root:/') mounted
[2022.02.13-09.35.29:526][  0]LogShaderLibrary: Display: ShaderCodeLibraryPakFileMountedCallback: pending pak file info (ChunkID:-1 Root:root:/ File:C:/Program Files/Epic Games/UE_4.27/FeaturePacks/TP_ThirdPerson.upack)
[2022.02.13-09.35.29:526][  0]LogPakFile: OnPakFileMounted2Time == 0.000051
[2022.02.13-09.35.29:531][  0]LogPakFile: PakFile PrimaryIndexSize=189
[2022.02.13-09.35.29:531][  0]LogPakFile: PakFile PathHashIndexSize=101
[2022.02.13-09.35.29:531][  0]LogPakFile: PakFile FullDirectoryIndexSize=152
[2022.02.13-09.35.29:531][  0]LogShaderLibrary: Display: ShaderCodeLibraryPakFileMountedCallback: PakFile 'C:/Program Files/Epic Games/UE_4.27/FeaturePacks/TP_ThirdPersonBP.upack' (chunk index -1, root 'root:/') mounted
[2022.02.13-09.35.29:531][  0]LogShaderLibrary: Display: ShaderCodeLibraryPakFileMountedCallback: pending pak file info (ChunkID:-1 Root:root:/ File:C:/Program Files/Epic Games/UE_4.27/FeaturePacks/TP_ThirdPersonBP.upack)
[2022.02.13-09.35.29:531][  0]LogPakFile: OnPakFileMounted2Time == 0.000035
[2022.02.13-09.35.29:538][  0]LogPakFile: PakFile PrimaryIndexSize=183
[2022.02.13-09.35.29:538][  0]LogPakFile: PakFile PathHashIndexSize=101
[2022.02.13-09.35.29:538][  0]LogPakFile: PakFile FullDirectoryIndexSize=140
[2022.02.13-09.35.29:538][  0]LogShaderLibrary: Display: ShaderCodeLibraryPakFileMountedCallback: PakFile 'C:/Program Files/Epic Games/UE_4.27/FeaturePacks/TP_TopDown.upack' (chunk index -1, root 'root:/') mounted
[2022.02.13-09.35.29:538][  0]LogShaderLibrary: Display: ShaderCodeLibraryPakFileMountedCallback: pending pak file info (ChunkID:-1 Root:root:/ File:C:/Program Files/Epic Games/UE_4.27/FeaturePacks/TP_TopDown.upack)
[2022.02.13-09.35.29:538][  0]LogPakFile: OnPakFileMounted2Time == 0.000040
[2022.02.13-09.35.29:545][  0]LogPakFile: PakFile PrimaryIndexSize=185
[2022.02.13-09.35.29:545][  0]LogPakFile: PakFile PathHashIndexSize=101
[2022.02.13-09.35.29:545][  0]LogPakFile: PakFile FullDirectoryIndexSize=144
[2022.02.13-09.35.29:545][  0]LogShaderLibrary: Display: ShaderCodeLibraryPakFileMountedCallback: PakFile 'C:/Program Files/Epic Games/UE_4.27/FeaturePacks/TP_TopDownBP.upack' (chunk index -1, root 'root:/') mounted
[2022.02.13-09.35.29:545][  0]LogShaderLibrary: Display: ShaderCodeLibraryPakFileMountedCallback: pending pak file info (ChunkID:-1 Root:root:/ File:C:/Program Files/Epic Games/UE_4.27/FeaturePacks/TP_TopDownBP.upack)
[2022.02.13-09.35.29:545][  0]LogPakFile: OnPakFileMounted2Time == 0.000034
[2022.02.13-09.35.29:555][  0]LogPakFile: PakFile PrimaryIndexSize=185
[2022.02.13-09.35.29:555][  0]LogPakFile: PakFile PathHashIndexSize=101
[2022.02.13-09.35.29:555][  0]LogPakFile: PakFile FullDirectoryIndexSize=144
[2022.02.13-09.35.29:555][  0]LogShaderLibrary: Display: ShaderCodeLibraryPakFileMountedCallback: PakFile 'C:/Program Files/Epic Games/UE_4.27/FeaturePacks/TP_TwinStick.upack' (chunk index -1, root 'root:/') mounted
[2022.02.13-09.35.29:555][  0]LogShaderLibrary: Display: ShaderCodeLibraryPakFileMountedCallback: pending pak file info (ChunkID:-1 Root:root:/ File:C:/Program Files/Epic Games/UE_4.27/FeaturePacks/TP_TwinStick.upack)
[2022.02.13-09.35.29:555][  0]LogPakFile: OnPakFileMounted2Time == 0.000046
[2022.02.13-09.35.29:561][  0]LogPakFile: PakFile PrimaryIndexSize=187
[2022.02.13-09.35.29:561][  0]LogPakFile: PakFile PathHashIndexSize=101
[2022.02.13-09.35.29:561][  0]LogPakFile: PakFile FullDirectoryIndexSize=148
[2022.02.13-09.35.29:561][  0]LogShaderLibrary: Display: ShaderCodeLibraryPakFileMountedCallback: PakFile 'C:/Program Files/Epic Games/UE_4.27/FeaturePacks/TP_TwinStickBP.upack' (chunk index -1, root 'root:/') mounted
[2022.02.13-09.35.29:561][  0]LogShaderLibrary: Display: ShaderCodeLibraryPakFileMountedCallback: pending pak file info (ChunkID:-1 Root:root:/ File:C:/Program Files/Epic Games/UE_4.27/FeaturePacks/TP_TwinStickBP.upack)
[2022.02.13-09.35.29:561][  0]LogPakFile: OnPakFileMounted2Time == 0.000041
[2022.02.13-09.35.29:567][  0]LogPakFile: PakFile PrimaryIndexSize=183
[2022.02.13-09.35.29:567][  0]LogPakFile: PakFile PathHashIndexSize=101
[2022.02.13-09.35.29:567][  0]LogPakFile: PakFile FullDirectoryIndexSize=140
[2022.02.13-09.35.29:567][  0]LogShaderLibrary: Display: ShaderCodeLibraryPakFileMountedCallback: PakFile 'C:/Program Files/Epic Games/UE_4.27/FeaturePacks/TP_Vehicle.upack' (chunk index -1, root 'root:/') mounted
[2022.02.13-09.35.29:567][  0]LogShaderLibrary: Display: ShaderCodeLibraryPakFileMountedCallback: pending pak file info (ChunkID:-1 Root:root:/ File:C:/Program Files/Epic Games/UE_4.27/FeaturePacks/TP_Vehicle.upack)
[2022.02.13-09.35.29:567][  0]LogPakFile: OnPakFileMounted2Time == 0.000033
[2022.02.13-09.35.29:573][  0]LogPakFile: PakFile PrimaryIndexSize=186
[2022.02.13-09.35.29:573][  0]LogPakFile: PakFile PathHashIndexSize=101
[2022.02.13-09.35.29:573][  0]LogPakFile: PakFile FullDirectoryIndexSize=146
[2022.02.13-09.35.29:573][  0]LogShaderLibrary: Display: ShaderCodeLibraryPakFileMountedCallback: PakFile 'C:/Program Files/Epic Games/UE_4.27/FeaturePacks/TP_VehicleAdv.upack' (chunk index -1, root 'root:/') mounted
[2022.02.13-09.35.29:573][  0]LogShaderLibrary: Display: ShaderCodeLibraryPakFileMountedCallback: pending pak file info (ChunkID:-1 Root:root:/ File:C:/Program Files/Epic Games/UE_4.27/FeaturePacks/TP_VehicleAdv.upack)
[2022.02.13-09.35.29:573][  0]LogPakFile: OnPakFileMounted2Time == 0.000033
[2022.02.13-09.35.29:579][  0]LogPakFile: PakFile PrimaryIndexSize=188
[2022.02.13-09.35.29:579][  0]LogPakFile: PakFile PathHashIndexSize=101
[2022.02.13-09.35.29:579][  0]LogPakFile: PakFile FullDirectoryIndexSize=150
[2022.02.13-09.35.29:579][  0]LogShaderLibrary: Display: ShaderCodeLibraryPakFileMountedCallback: PakFile 'C:/Program Files/Epic Games/UE_4.27/FeaturePacks/TP_VehicleAdvBP.upack' (chunk index -1, root 'root:/') mounted
[2022.02.13-09.35.29:579][  0]LogShaderLibrary: Display: ShaderCodeLibraryPakFileMountedCallback: pending pak file info (ChunkID:-1 Root:root:/ File:C:/Program Files/Epic Games/UE_4.27/FeaturePacks/TP_VehicleAdvBP.upack)
[2022.02.13-09.35.29:579][  0]LogPakFile: OnPakFileMounted2Time == 0.000033
[2022.02.13-09.35.29:585][  0]LogPakFile: PakFile PrimaryIndexSize=185
[2022.02.13-09.35.29:585][  0]LogPakFile: PakFile PathHashIndexSize=101
[2022.02.13-09.35.29:585][  0]LogPakFile: PakFile FullDirectoryIndexSize=144
[2022.02.13-09.35.29:585][  0]LogShaderLibrary: Display: ShaderCodeLibraryPakFileMountedCallback: PakFile 'C:/Program Files/Epic Games/UE_4.27/FeaturePacks/TP_VehicleBP.upack' (chunk index -1, root 'root:/') mounted
[2022.02.13-09.35.29:585][  0]LogShaderLibrary: Display: ShaderCodeLibraryPakFileMountedCallback: pending pak file info (ChunkID:-1 Root:root:/ File:C:/Program Files/Epic Games/UE_4.27/FeaturePacks/TP_VehicleBP.upack)
[2022.02.13-09.35.29:585][  0]LogPakFile: OnPakFileMounted2Time == 0.000035
[2022.02.13-09.35.29:591][  0]LogPakFile: PakFile PrimaryIndexSize=192
[2022.02.13-09.35.29:591][  0]LogPakFile: PakFile PathHashIndexSize=101
[2022.02.13-09.35.29:591][  0]LogPakFile: PakFile FullDirectoryIndexSize=158
[2022.02.13-09.35.29:591][  0]LogShaderLibrary: Display: ShaderCodeLibraryPakFileMountedCallback: PakFile 'C:/Program Files/Epic Games/UE_4.27/FeaturePacks/TP_VirtualRealityBP.upack' (chunk index -1, root 'root:/') mounted
[2022.02.13-09.35.29:591][  0]LogShaderLibrary: Display: ShaderCodeLibraryPakFileMountedCallback: pending pak file info (ChunkID:-1 Root:root:/ File:C:/Program Files/Epic Games/UE_4.27/FeaturePacks/TP_VirtualRealityBP.upack)
[2022.02.13-09.35.29:591][  0]LogPakFile: OnPakFileMounted2Time == 0.000033
[2022.02.13-09.35.29:953][  0]LogNativeClassHierarchy: Verbose: Native class hierarchy updated for 'AddContentDialog' in 0.0003 seconds. Added 0 classes and 0 folders.
[2022.02.13-09.35.29:957][  0]LogNativeClassHierarchy: Verbose: Native class hierarchy updated for 'SceneOutliner' in 0.0002 seconds. Added 2 classes and 0 folders.
[2022.02.13-09.35.30:030][  0]LogSlate: Took 0.000193 seconds to synchronously load lazily loaded font '../../../Engine/Content/Slate/Fonts/Roboto-Regular.ttf' (155K)
[2022.02.13-09.35.30:037][  0]LogSlate: Took 0.006529 seconds to synchronously load lazily loaded font '../../../Engine/Content/Editor/Slate/Fonts/FontAwesome.ttf' (139K)
[2022.02.13-09.35.30:039][  0]LogSlate: Took 0.001490 seconds to synchronously load lazily loaded font '../../../Engine/Content/Editor/Slate/Fonts/NanumGothic.ttf' (4243K)
[2022.02.13-09.35.30:041][  0]LogSlate: Took 0.001320 seconds to synchronously load lazily loaded font '../../../Engine/Content/Editor/Slate/Fonts/NanumGothicBold.ttf' (4188K)
[2022.02.13-09.35.30:041][  0]LogSlate: Took 0.000131 seconds to synchronously load lazily loaded font '../../../Engine/Content/Slate/Fonts/Roboto-Bold.ttf' (160K)
[2022.02.13-09.35.30:049][  0]LogSlate: Took 0.007367 seconds to synchronously load lazily loaded font '../../../Engine/Content/Slate/Fonts/DroidSansMono.ttf' (77K)
[2022.02.13-09.35.30:099][  0]LogSlate: Took 0.009786 seconds to synchronously load lazily loaded font '../../../Engine/Content/Editor/Slate/Fonts/NanumGothicExtraBold.ttf' (4074K)
[2022.02.13-09.35.30:180][  0]LogRenderer: Reallocating scene render targets to support 1044x568 Format 10 NumSamples 1 (Frame:1).
[2022.02.13-09.35.30:268][  0]LogSlate: Took 0.011506 seconds to synchronously load lazily loaded font '../../../Engine/Content/Slate/Fonts/Roboto-Light.ttf' (167K)
[2022.02.13-09.35.30:343][  0]LogNativeClassHierarchy: Verbose: Native class hierarchy updated for 'HierarchicalLODOutliner' in 0.0003 seconds. Added 0 classes and 0 folders.
[2022.02.13-09.35.30:343][  0]LogInput: Warning: Action Jump uses invalid key OculusGo_Left_Trigger_Click.
[2022.02.13-09.35.30:343][  0]LogInput: Warning: Action ResetVR uses invalid key OculusGo_Left_Trackpad_Click.
[2022.02.13-09.35.30:343][  0]LogInput: Warning: Use -RemoveInvalidKeys to remove instances of these keys from the action mapping.
[2022.02.13-09.35.30:343][  0]LogLoad: (Engine Initialization) Total time: 26.81 seconds
[2022.02.13-09.35.30:343][  0]LogLoad: (Engine Initialization) Total Blueprint compile time: 0.00 seconds
[2022.02.13-09.35.30:406][  0]LogAssetRegistry: Asset discovery search completed in 17.8554 seconds
[2022.02.13-09.35.30:411][  0]LogCollectionManager: Fixed up redirectors for 0 collections in 0.000003 seconds (updated 0 objects)
[2022.02.13-09.35.30:412][  0]LogContentStreaming: Texture pool size now 1000 MB
[2022.02.13-09.35.32:659][209]LogTemp: Repeating last play command: 선택된 뷰포트
[2022.02.13-09.35.32:676][209]LogPlayLevel: PlayLevel: No blueprints needed recompiling
[2022.02.13-09.35.32:677][209]PIE: New page: PIE 세션: Step1 (2022. 2. 14. 오전 3:35:32)
[2022.02.13-09.35.32:678][209]LogOnline: OSS: Creating online subsystem instance for: NULL
[2022.02.13-09.35.32:679][209]LogOnline: OSS: TryLoadSubsystemAndSetDefault: Loaded subsystem for module [NULL]
[2022.02.13-09.35.32:679][209]LogPlayLevel: Creating play world package: /Game/Book/Maps/UEDPIE_0_Step1
[2022.02.13-09.35.32:681][209]LogPlayLevel: PIE: StaticDuplicateObject took: (0.002491s)
[2022.02.13-09.35.32:682][209]LogAIModule: Creating AISystem for world Step1
[2022.02.13-09.35.32:682][209]LogPlayLevel: PIE: World Init took: (0.001027s)
[2022.02.13-09.35.32:683][209]LogPlayLevel: PIE: Created PIE world by copying editor world from /Game/Book/Maps/Step1.Step1 to /Game/Book/Maps/UEDPIE_0_Step1.Step1 (0.003627s)
[2022.02.13-09.35.32:686][209]LogUObjectHash: Compacting FUObjectHashTables data took   0.67ms
[2022.02.13-09.35.32:687][209]LogAudio: Display: Creating Audio Device:                 Id: 2, Scope: Unique, Realtime: True
[2022.02.13-09.35.32:687][209]LogAudioMixer: Display: Audio Mixer Platform Settings:
[2022.02.13-09.35.32:687][209]LogAudioMixer: Display: 	Sample Rate:						  48000
[2022.02.13-09.35.32:687][209]LogAudioMixer: Display: 	Callback Buffer Frame Size Requested: 1024
[2022.02.13-09.35.32:687][209]LogAudioMixer: Display: 	Callback Buffer Frame Size To Use:	  1024
[2022.02.13-09.35.32:687][209]LogAudioMixer: Display: 	Number of buffers to queue:			  2
[2022.02.13-09.35.32:687][209]LogAudioMixer: Display: 	Max Channels (voices):				  32
[2022.02.13-09.35.32:687][209]LogAudioMixer: Display: 	Number of Async Source Workers:		  0
[2022.02.13-09.35.32:687][209]LogAudio: Display: AudioDevice MaxSources: 32
[2022.02.13-09.35.32:687][209]LogAudio: Display: Audio Spatialization Plugin: None (built-in).
[2022.02.13-09.35.32:687][209]LogAudio: Display: Audio Reverb Plugin: None (built-in).
[2022.02.13-09.35.32:687][209]LogAudio: Display: Audio Occlusion Plugin: None (built-in).
[2022.02.13-09.35.32:687][209]LogAudioMixer: Display: Initializing audio mixer.
[2022.02.13-09.35.32:690][209]LogAudioMixer: Display: 0: FrontLeft
[2022.02.13-09.35.32:690][209]LogAudioMixer: Display: 1: FrontRight
[2022.02.13-09.35.32:702][209]LogAudioMixer: Display: Using Audio Device 페블스피커(Realtek High Definition Audio)
[2022.02.13-09.35.32:702][209]LogAudioMixer: Display: Initializing Sound Submixes...
[2022.02.13-09.35.32:702][209]LogAudioMixer: Display: Creating Master Submix 'MasterSubmixDefault'
[2022.02.13-09.35.32:702][209]LogAudioMixer: Display: Creating Master Submix 'MasterReverbSubmixDefault'
[2022.02.13-09.35.32:703][209]LogAudioMixer: Display: Creating Master Submix 'MasterEQSubmixDefault'
[2022.02.13-09.35.32:703][209]LogAudioMixer: FMixerPlatformXAudio2::StartAudioStream() called
[2022.02.13-09.35.32:703][209]LogAudioMixer: Display: Output buffers initialized: Frames=1024, Channels=2, Samples=2048
[2022.02.13-09.35.32:704][209]LogAudioMixer: Display: Starting AudioMixerPlatformInterface::RunInternal()
[2022.02.13-09.35.32:704][209]LogAudioMixer: Display: FMixerPlatformXAudio2::SubmitBuffer() called for the first time
[2022.02.13-09.35.32:704][209]LogInit: FAudioDevice initialized.
[2022.02.13-09.35.32:704][209]LogAudio: Display: Audio Device (ID: 2) registered with world 'Step1'.
[2022.02.13-09.35.32:715][209]LogLoad: Game class is 'ArenaBattleGameMode'
[2022.02.13-09.35.32:716][209]LogWorld: Bringing World /Game/Book/Maps/UEDPIE_0_Step1.Step1 up for play (max tick rate 0) at 2022.02.13-18.35.32
[2022.02.13-09.35.32:716][209]LogWorld: Bringing up level for play took: 0.000812
[2022.02.13-09.35.32:717][209]LogOnline: OSS: Creating online subsystem instance for: :Context_2
[2022.02.13-09.35.32:719][209]LogNativeClassHierarchy: Verbose: Native class hierarchy updated for 'MovieSceneCapture' in 0.0003 seconds. Added 20 classes and 0 folders.
[2022.02.13-09.35.32:721][209]ArenaBattle: Warning: AFountain::BeginPlay(54)
[2022.02.13-09.35.33:834][209]LogWindows: Error: === Critical error: ===
[2022.02.13-09.35.33:835][209]LogWindows: Error: 
[2022.02.13-09.35.33:835][209]LogWindows: Error: Fatal error!
[2022.02.13-09.35.33:835][209]LogWindows: Error: 
[2022.02.13-09.35.33:835][209]LogWindows: Error: Unhandled Exception: EXCEPTION_ACCESS_VIOLATION reading address 0xffffffffffffffff
[2022.02.13-09.35.33:835][209]LogWindows: Error: 
[2022.02.13-09.35.33:835][209]LogWindows: Error: [Callstack] 0x00007ffd1d75b4db ucrtbase.dll!UnknownFunction []
[2022.02.13-09.35.33:835][209]LogWindows: Error: [Callstack] 0x00007ffd1d7426c9 ucrtbase.dll!UnknownFunction []
[2022.02.13-09.35.33:835][209]LogWindows: Error: [Callstack] 0x0000001af1577180 UnknownFunction []
[2022.02.13-09.35.33:835][209]LogWindows: Error: 
[2022.02.13-09.35.33:858][209]LogExit: Executing StaticShutdownAfterError
[2022.02.13-09.35.33:860][209]LogWindows: FPlatformMisc::RequestExit(1)
[2022.02.13-09.35.33:860][209]LogWindows: FPlatformMisc::RequestExitWithStatus(1, 3)
[2022.02.13-09.35.33:860][209]LogCore: Engine exit requested (reason: Win RequestExit)
[2022.02.13-09.35.33:864][209]Log file closed, 02/13/22 18:35:33
