Log file open, 03/22/22 21:55:07
LogWindows: Failed to load 'aqProf.dll' (GetLastError=126)
LogWindows: File 'aqProf.dll' does not exist
LogWindows: Failed to load 'VtuneApi.dll' (GetLastError=126)
LogWindows: File 'VtuneApi.dll' does not exist
LogWindows: Failed to load 'VtuneApi32e.dll' (GetLastError=126)
LogWindows: File 'VtuneApi32e.dll' does not exist
LogConsoleResponse: Display: Failed to find resolution value strings in scalability ini. Falling back to default.
LogConsoleResponse: Display: Failed to find resolution value strings in scalability ini. Falling back to default.
LogInit: Display: Running engine for game: ArenaBattle
LogPlatformFile: Not using cached read wrapper
LogTaskGraph: Started task graph with 5 named threads and 35 total threads with 3 sets of task threads.
LogStats: Stats thread started at 0.505878
LogICUInternationalization: ICU TimeZone Detection - Raw Offset: +9:00, Platform Override: ''
LogInit: Display: Loading text-based GConfig....
LogPluginManager: Mounting plugin MeshPainting
LogPluginManager: Mounting plugin XGEController
LogPluginManager: Mounting plugin LiveLink
LogPluginManager: Mounting plugin Paper2D
LogPluginManager: Mounting plugin AISupport
LogPluginManager: Mounting plugin EnvironmentQueryEditor
LogPluginManager: Mounting plugin LightPropagationVolume
LogPluginManager: Mounting plugin AssetManagerEditor
LogPluginManager: Mounting plugin CryptoKeys
LogPluginManager: Mounting plugin CurveEditorTools
LogPluginManager: Mounting plugin DataValidation
LogPluginManager: Mounting plugin FacialAnimation
LogPluginManager: Mounting plugin GeometryMode
LogPluginManager: Mounting plugin MaterialAnalyzer
LogPluginManager: Mounting plugin MacGraphicsSwitching
LogPluginManager: Mounting plugin OodleData
LogPluginManager: Mounting plugin GameplayTagsEditor
LogPluginManager: Mounting plugin PluginBrowser
LogPluginManager: Mounting plugin OodleNetwork
LogPluginManager: Mounting plugin SpeedTreeImporter
LogPluginManager: Mounting plugin Niagara
LogPluginManager: Mounting plugin MobileLauncherProfileWizard
LogPluginManager: Mounting plugin AlembicImporter
LogPluginManager: Mounting plugin BackChannel
LogPluginManager: Mounting plugin AutomationUtils
LogPluginManager: Mounting plugin ChaosCloth
LogPluginManager: Mounting plugin ChaosNiagara
LogPluginManager: Mounting plugin ChaosSolverPlugin
LogPluginManager: Mounting plugin ChaosEditor
LogPluginManager: Mounting plugin CharacterAI
LogPluginManager: Mounting plugin GeometryCache
LogPluginManager: Mounting plugin ChaosClothEditor
LogPluginManager: Mounting plugin GeometryCollectionPlugin
LogPluginManager: Mounting plugin MagicLeap
LogPluginManager: Mounting plugin LuminPlatformFeatures
LogPluginManager: Mounting plugin MagicLeapLightEstimation
LogPluginManager: Mounting plugin DatasmithContent
LogPluginManager: Mounting plugin MagicLeapMedia
LogPluginManager: Mounting plugin VariantManagerContent
LogPluginManager: Mounting plugin MagicLeapPassableWorld
LogPluginManager: Mounting plugin GeometryProcessing
LogPluginManager: Mounting plugin MLSDK
LogPluginManager: Mounting plugin MotoSynth
LogPluginManager: Mounting plugin PlanarCut
LogPluginManager: Mounting plugin PlatformCrypto
LogPluginManager: Mounting plugin PythonScriptPlugin
LogPluginManager: Mounting plugin ProxyLODPlugin
LogPluginManager: Mounting plugin OpenImageDenoise
LogPluginManager: Mounting plugin AndroidMedia
LogPluginManager: Mounting plugin SkeletalReduction
LogPluginManager: Mounting plugin AvfMedia
LogPluginManager: Mounting plugin ImgMedia
LogPluginManager: Mounting plugin MediaCompositing
LogPluginManager: Mounting plugin MediaPlayerEditor
LogPluginManager: Mounting plugin WebMMedia
LogPluginManager: Mounting plugin WmfMedia
LogPluginManager: Mounting plugin ActorLayerUtilities
LogPluginManager: Mounting plugin AndroidDeviceProfileSelector
LogPluginManager: Mounting plugin AndroidPermission
LogPluginManager: Mounting plugin AppleImageUtils
LogPluginManager: Mounting plugin ArchVisCharacter
LogPluginManager: Mounting plugin AssetTags
LogPluginManager: Mounting plugin AudioCapture
LogPluginManager: Mounting plugin AudioSynesthesia
LogPluginManager: Mounting plugin CableComponent
LogPluginManager: Mounting plugin ChunkDownloader
LogPluginManager: Mounting plugin EditableMesh
LogPluginManager: Mounting plugin CustomMeshComponent
LogPluginManager: Mounting plugin ExampleDeviceProfileSelector
LogPluginManager: Mounting plugin AppleMoviePlayer
LogPluginManager: Mounting plugin GoogleCloudMessaging
LogPluginManager: Mounting plugin AndroidMoviePlayer
LogPluginManager: Mounting plugin GooglePAD
LogPluginManager: Mounting plugin OnlineSubsystem
LogPluginManager: Mounting plugin LauncherChunkInstaller
LogPluginManager: Mounting plugin OnlineSubsystemNull
LogPluginManager: Mounting plugin OnlineSubsystemUtils
LogPluginManager: Mounting plugin LocationServicesBPLibrary
LogPluginManager: Mounting plugin IOSDeviceProfileSelector
LogPluginManager: Mounting plugin LinuxDeviceProfileSelector
LogPluginManager: Mounting plugin MobilePatchingUtils
LogPluginManager: Mounting plugin OpenXR
LogPluginManager: Mounting plugin OpenXRHandTracking
LogPluginManager: Mounting plugin PhysXVehicles
LogPluginManager: Mounting plugin ActorSequence
LogPluginManager: Mounting plugin ProceduralMeshComponent
LogPluginManager: Mounting plugin PostSplashScreen
LogPluginManager: Mounting plugin LevelSequenceEditor
LogPluginManager: Mounting plugin RuntimePhysXCooking
LogPluginManager: Mounting plugin SignificanceManager
LogPluginManager: Mounting plugin OpenXREyeTracker
LogPluginManager: Mounting plugin SoundFields
LogPluginManager: Mounting plugin PropertyAccessEditor
LogPluginManager: Mounting plugin Synthesis
LogPluginManager: Mounting plugin WebMMoviePlayer
LogPluginManager: Mounting plugin TemplateSequence
LogPluginManager: Mounting plugin MatineeToLevelSequence
LogPluginManager: Mounting plugin WindowsMoviePlayer
LogPluginManager: Mounting plugin TcpMessaging
LogPluginManager: Mounting plugin UdpMessaging
LogPluginManager: Mounting plugin ScreenshotTools
LogPluginManager: Mounting plugin Takes
LogPluginManager: Mounting plugin AnimationSharing
LogPluginManager: Mounting plugin CLionSourceCodeAccess
LogPluginManager: Mounting plugin PixWinPlugin
LogPluginManager: Mounting plugin RiderSourceCodeAccess
LogPluginManager: Mounting plugin SubversionSourceControl
LogPluginManager: Mounting plugin NullSourceCodeAccess
LogPluginManager: Mounting plugin KDevelopSourceCodeAccess
LogPluginManager: Mounting plugin GitSourceControl
LogPluginManager: Mounting plugin PluginUtils
LogPluginManager: Mounting plugin CodeLiteSourceCodeAccess
LogPluginManager: Mounting plugin PerforceSourceControl
LogPluginManager: Mounting plugin PlasticSourceControl
LogPluginManager: Mounting plugin PropertyAccessNode
LogPluginManager: Mounting plugin UObjectPlugin
LogPluginManager: Mounting plugin VisualStudioCodeSourceCodeAccess
LogPluginManager: Mounting plugin GameplayCameras
LogPluginManager: Mounting plugin VisualStudioSourceCodeAccess
LogPluginManager: Mounting plugin TextureFormatOodle
LogPluginManager: Mounting plugin XCodeSourceCodeAccess
LogPluginManager: Mounting plugin CameraShakePreviewer
LogPluginManager: Mounting plugin ContentBrowserAssetDataSource
LogPluginManager: Mounting plugin ContentBrowserClassDataSource
LogPluginManager: Mounting plugin ContentBrowserFileDataSource
LogPluginManager: Mounting plugin OnlineSubsystemGooglePlay
LogPluginManager: Mounting plugin OnlineSubsystemIOS
LogPluginManager: Mounting plugin OculusVR
LogPluginManager: Mounting plugin SteamVR
LogInit: Using libcurl 7.55.1-DEV
LogInit:  - built for x86_64-pc-win32
LogInit:  - supports SSL with OpenSSL/1.1.1
LogInit:  - supports HTTP deflate (compression) using libz 1.2.8
LogInit:  - other features:
LogInit:      CURL_VERSION_SSL
LogInit:      CURL_VERSION_LIBZ
LogInit:      CURL_VERSION_IPV6
LogInit:      CURL_VERSION_ASYNCHDNS
LogInit:      CURL_VERSION_LARGEFILE
LogInit:      CURL_VERSION_IDN
LogInit:  CurlRequestOptions (configurable via config and command line):
LogInit:  - bVerifyPeer = true  - Libcurl will verify peer certificate
LogInit:  - bUseHttpProxy = false  - Libcurl will NOT use HTTP proxy
LogInit:  - bDontReuseConnections = false  - Libcurl will reuse connections
LogInit:  - MaxHostConnections = 16  - Libcurl will limit the number of connections to a host
LogInit:  - LocalHostAddr = Default
LogInit:  - BufferSize = 65536
LogOnline: OSS: Creating online subsystem instance for: NULL
LogInit: WinSock: version 1.1 (2.2), MaxSocks=32767, MaxUdp=65467
LogOnline: OSS: TryLoadSubsystemAndSetDefault: Loaded subsystem for module [NULL]
PixWinPlugin: PIX capture plugin failed to initialize! Check that the process is launched from PIX.
LogOculusPluginWrapper: OculusPlugin initialized successfully
LogHMD: Failed initializing OVRPlugin 1.59.0
LogInit: Build: ++UE4+Release-4.27-CL-18319896
LogInit: Engine Version: 4.27.2-18319896+++UE4+Release-4.27
LogInit: Compatible Engine Version: 4.27.0-17155196+++UE4+Release-4.27
LogInit: Net CL: 17155196
LogInit: OS: Windows 10 (Release 2009) (), CPU: AMD Ryzen 5 3600 6-Core Processor              , GPU: AMD Radeon RX 6700 XT
LogInit: Compiled (64-bit): Nov 30 2021 07:12:08
LogInit: Compiled with Visual C++: 19.24.28315.00
LogInit: Build Configuration: Development
LogInit: Branch Name: ++UE4+Release-4.27
LogInit: Command Line: 
LogInit: Base Directory: C:/Program Files/Epic Games/UE_4.27/Engine/Binaries/Win64/
LogInit: Allocator: TBB
LogInit: Installed Engine Build: 1
LogDevObjectVersion: Number of dev versions registered: 29
LogDevObjectVersion:   Dev-Blueprints (B0D832E4-1F89-4F0D-ACCF-7EB736FD4AA2): 10
LogDevObjectVersion:   Dev-Build (E1C64328-A22C-4D53-A36C-8E866417BD8C): 0
LogDevObjectVersion:   Dev-Core (375EC13C-06E4-48FB-B500-84F0262A717E): 4
LogDevObjectVersion:   Dev-Editor (E4B068ED-F494-42E9-A231-DA0B2E46BB41): 40
LogDevObjectVersion:   Dev-Framework (CFFC743F-43B0-4480-9391-14DF171D2073): 37
LogDevObjectVersion:   Dev-Mobile (B02B49B5-BB20-44E9-A304-32B752E40360): 3
LogDevObjectVersion:   Dev-Networking (A4E4105C-59A1-49B5-A7C5-40C4547EDFEE): 0
LogDevObjectVersion:   Dev-Online (39C831C9-5AE6-47DC-9A44-9C173E1C8E7C): 0
LogDevObjectVersion:   Dev-Physics (78F01B33-EBEA-4F98-B9B4-84EACCB95AA2): 14
LogDevObjectVersion:   Dev-Platform (6631380F-2D4D-43E0-8009-CF276956A95A): 0
LogDevObjectVersion:   Dev-Rendering (12F88B9F-8875-4AFC-A67C-D90C383ABD29): 45
LogDevObjectVersion:   Dev-Sequencer (7B5AE74C-D270-4C10-A958-57980B212A5A): 13
LogDevObjectVersion:   Dev-VR (D7296918-1DD6-4BDD-9DE2-64A83CC13884): 3
LogDevObjectVersion:   Dev-LoadTimes (C2A15278-BFE7-4AFE-6C17-90FF531DF755): 1
LogDevObjectVersion:   Private-Geometry (6EACA3D4-40EC-4CC1-B786-8BED09428FC5): 3
LogDevObjectVersion:   Dev-AnimPhys (29E575DD-E0A3-4627-9D10-D276232CDCEA): 17
LogDevObjectVersion:   Dev-Anim (AF43A65D-7FD3-4947-9873-3E8ED9C1BB05): 15
LogDevObjectVersion:   Dev-ReflectionCapture (6B266CEC-1EC7-4B8F-A30B-E4D90942FC07): 1
LogDevObjectVersion:   Dev-Automation (0DF73D61-A23F-47EA-B727-89E90C41499A): 1
LogDevObjectVersion:   FortniteMain (601D1886-AC64-4F84-AA16-D3DE0DEAC7D6): 47
LogDevObjectVersion:   FortniteRelease (E7086368-6B23-4C58-8439-1B7016265E91): 1
LogDevObjectVersion:   Dev-Enterprise (9DFFBCD6-494F-0158-E221-12823C92A888): 10
LogDevObjectVersion:   Dev-Niagara (F2AED0AC-9AFE-416F-8664-AA7FFA26D6FC): 1
LogDevObjectVersion:   Dev-Destruction (174F1F0B-B4C6-45A5-B13F-2EE8D0FB917D): 10
LogDevObjectVersion:   Dev-Physics-Ext (35F94A83-E258-406C-A318-09F59610247C): 41
LogDevObjectVersion:   Dev-PhysicsMaterial-Chaos (B68FC16E-8B1B-42E2-B453-215C058844FE): 1
LogDevObjectVersion:   Dev-CineCamera (B2E18506-4273-CFC2-A54E-F4BB758BBA07): 1
LogDevObjectVersion:   Dev-VirtualProduction (64F58936-FD1B-42BA-BA96-7289D5D0FA4E): 1
LogDevObjectVersion:   Dev-MediaFramework (6F0ED827-A609-4895-9C91-998D90180EA4): 2
LogInit: Presizing for max 25165824 objects, including 0 objects not considered by GC, pre-allocating 0 bytes for permanent pool.
LogConfig: Applying CVar settings from Section [/Script/Engine.StreamingSettings] File [D:/OneDrive - SNU/github/CPP_Portfolio_2022/ArenaBattle/Saved/Config/Windows/Engine.ini]
LogConfig: Setting CVar [[s.MinBulkDataSizeForAsyncLoading:131072]]
LogConfig: Setting CVar [[s.AsyncLoadingThreadEnabled:0]]
LogConfig: Setting CVar [[s.EventDrivenLoaderEnabled:1]]
LogConfig: Setting CVar [[s.WarnIfTimeLimitExceeded:0]]
LogConfig: Setting CVar [[s.TimeLimitExceededMultiplier:1.5]]
LogConfig: Setting CVar [[s.TimeLimitExceededMinTime:0.005]]
LogConfig: Setting CVar [[s.UseBackgroundLevelStreaming:1]]
LogConfig: Setting CVar [[s.PriorityAsyncLoadingExtraTime:15.0]]
LogConfig: Setting CVar [[s.LevelStreamingActorsUpdateTimeLimit:5.0]]
LogConfig: Setting CVar [[s.PriorityLevelStreamingActorsUpdateExtraTime:5.0]]
LogConfig: Setting CVar [[s.LevelStreamingComponentsRegistrationGranularity:10]]
LogConfig: Setting CVar [[s.UnregisterComponentsTimeLimit:1.0]]
LogConfig: Setting CVar [[s.LevelStreamingComponentsUnregistrationGranularity:5]]
LogConfig: Setting CVar [[s.FlushStreamingOnExit:1]]
LogInit: Object subsystem initialized
LogConfig: Setting CVar [[con.DebugEarlyDefault:1]]
LogConfig: Setting CVar [[r.setres:1280x720]]
[2022.03.22-12.55.09:359][  0]LogConfig: Setting CVar [[r.VSync:0]]
[2022.03.22-12.55.09:359][  0]LogConfig: Setting CVar [[r.RHICmdBypass:0]]
[2022.03.22-12.55.09:359][  0]LogConfig: Applying CVar settings from Section [/Script/Engine.RendererSettings] File [D:/OneDrive - SNU/github/CPP_Portfolio_2022/ArenaBattle/Saved/Config/Windows/Engine.ini]
[2022.03.22-12.55.09:359][  0]LogConfig: Setting CVar [[r.GPUCrashDebugging:0]]
[2022.03.22-12.55.09:359][  0]LogConfig: Applying CVar settings from Section [/Script/Engine.RendererOverrideSettings] File [D:/OneDrive - SNU/github/CPP_Portfolio_2022/ArenaBattle/Saved/Config/Windows/Engine.ini]
[2022.03.22-12.55.09:359][  0]LogConfig: Applying CVar settings from Section [/Script/Engine.StreamingSettings] File [D:/OneDrive - SNU/github/CPP_Portfolio_2022/ArenaBattle/Saved/Config/Windows/Engine.ini]
[2022.03.22-12.55.09:359][  0]LogConfig: Setting CVar [[s.MinBulkDataSizeForAsyncLoading:131072]]
[2022.03.22-12.55.09:359][  0]LogConfig: Setting CVar [[s.AsyncLoadingThreadEnabled:0]]
[2022.03.22-12.55.09:359][  0]LogConfig: Setting CVar [[s.EventDrivenLoaderEnabled:1]]
[2022.03.22-12.55.09:359][  0]LogConfig: Setting CVar [[s.WarnIfTimeLimitExceeded:0]]
[2022.03.22-12.55.09:359][  0]LogConfig: Setting CVar [[s.TimeLimitExceededMultiplier:1.5]]
[2022.03.22-12.55.09:359][  0]LogConfig: Setting CVar [[s.TimeLimitExceededMinTime:0.005]]
[2022.03.22-12.55.09:359][  0]LogConfig: Setting CVar [[s.UseBackgroundLevelStreaming:1]]
[2022.03.22-12.55.09:359][  0]LogConfig: Setting CVar [[s.PriorityAsyncLoadingExtraTime:15.0]]
[2022.03.22-12.55.09:359][  0]LogConfig: Setting CVar [[s.LevelStreamingActorsUpdateTimeLimit:5.0]]
[2022.03.22-12.55.09:359][  0]LogConfig: Setting CVar [[s.PriorityLevelStreamingActorsUpdateExtraTime:5.0]]
[2022.03.22-12.55.09:359][  0]LogConfig: Setting CVar [[s.LevelStreamingComponentsRegistrationGranularity:10]]
[2022.03.22-12.55.09:359][  0]LogConfig: Setting CVar [[s.UnregisterComponentsTimeLimit:1.0]]
[2022.03.22-12.55.09:359][  0]LogConfig: Setting CVar [[s.LevelStreamingComponentsUnregistrationGranularity:5]]
[2022.03.22-12.55.09:359][  0]LogConfig: Setting CVar [[s.FlushStreamingOnExit:1]]
[2022.03.22-12.55.09:359][  0]LogConfig: Applying CVar settings from Section [/Script/Engine.GarbageCollectionSettings] File [D:/OneDrive - SNU/github/CPP_Portfolio_2022/ArenaBattle/Saved/Config/Windows/Engine.ini]
[2022.03.22-12.55.09:359][  0]LogConfig: Setting CVar [[gc.MaxObjectsNotConsideredByGC:1]]
[2022.03.22-12.55.09:359][  0]LogConfig: Setting CVar [[gc.SizeOfPermanentObjectPool:0]]
[2022.03.22-12.55.09:359][  0]LogConfig: Setting CVar [[gc.FlushStreamingOnGC:0]]
[2022.03.22-12.55.09:359][  0]LogConfig: Setting CVar [[gc.NumRetriesBeforeForcingGC:10]]
[2022.03.22-12.55.09:359][  0]LogConfig: Setting CVar [[gc.AllowParallelGC:1]]
[2022.03.22-12.55.09:359][  0]LogConfig: Setting CVar [[gc.TimeBetweenPurgingPendingKillObjects:61.1]]
[2022.03.22-12.55.09:359][  0]LogConfig: Setting CVar [[gc.MaxObjectsInEditor:25165824]]
[2022.03.22-12.55.09:359][  0]LogConfig: Setting CVar [[gc.IncrementalBeginDestroyEnabled:1]]
[2022.03.22-12.55.09:359][  0]LogConfig: Setting CVar [[gc.CreateGCClusters:1]]
[2022.03.22-12.55.09:359][  0]LogConfig: Setting CVar [[gc.MinGCClusterSize:5]]
[2022.03.22-12.55.09:359][  0]LogConfig: Setting CVar [[gc.ActorClusteringEnabled:0]]
[2022.03.22-12.55.09:359][  0]LogConfig: Setting CVar [[gc.BlueprintClusteringEnabled:0]]
[2022.03.22-12.55.09:359][  0]LogConfig: Setting CVar [[gc.UseDisregardForGCOnDedicatedServers:0]]
[2022.03.22-12.55.09:359][  0]LogConfig: Setting CVar [[gc.MultithreadedDestructionEnabled:1]]
[2022.03.22-12.55.09:359][  0]LogConfig: Applying CVar settings from Section [/Script/Engine.NetworkSettings] File [D:/OneDrive - SNU/github/CPP_Portfolio_2022/ArenaBattle/Saved/Config/Windows/Engine.ini]
[2022.03.22-12.55.09:359][  0]LogConfig: Applying CVar settings from Section [/Script/UnrealEd.CookerSettings] File [D:/OneDrive - SNU/github/CPP_Portfolio_2022/ArenaBattle/Saved/Config/Windows/Engine.ini]
[2022.03.22-12.55.09:388][  0]LogConfig: Applying CVar settings from Section [ViewDistanceQuality@3] File [D:/OneDrive - SNU/github/CPP_Portfolio_2022/ArenaBattle/Saved/Config/Windows/Scalability.ini]
[2022.03.22-12.55.09:388][  0]LogConfig: Setting CVar [[r.SkeletalMeshLODBias:0]]
[2022.03.22-12.55.09:388][  0]LogConfig: Setting CVar [[r.ViewDistanceScale:1.0]]
[2022.03.22-12.55.09:388][  0]LogConfig: Applying CVar settings from Section [AntiAliasingQuality@3] File [D:/OneDrive - SNU/github/CPP_Portfolio_2022/ArenaBattle/Saved/Config/Windows/Scalability.ini]
[2022.03.22-12.55.09:388][  0]LogConfig: Setting CVar [[r.PostProcessAAQuality:4]]
[2022.03.22-12.55.09:388][  0]LogConfig: Applying CVar settings from Section [ShadowQuality@3] File [D:/OneDrive - SNU/github/CPP_Portfolio_2022/ArenaBattle/Saved/Config/Windows/Scalability.ini]
[2022.03.22-12.55.09:388][  0]LogConfig: Setting CVar [[r.LightFunctionQuality:1]]
[2022.03.22-12.55.09:388][  0]LogConfig: Setting CVar [[r.ShadowQuality:5]]
[2022.03.22-12.55.09:388][  0]LogConfig: Setting CVar [[r.Shadow.CSM.MaxCascades:10]]
[2022.03.22-12.55.09:388][  0]LogConfig: Setting CVar [[r.Shadow.MaxResolution:2048]]
[2022.03.22-12.55.09:388][  0]LogConfig: Setting CVar [[r.Shadow.MaxCSMResolution:2048]]
[2022.03.22-12.55.09:388][  0]LogConfig: Setting CVar [[r.Shadow.RadiusThreshold:0.01]]
[2022.03.22-12.55.09:388][  0]LogConfig: Setting CVar [[r.Shadow.DistanceScale:1.0]]
[2022.03.22-12.55.09:388][  0]LogConfig: Setting CVar [[r.Shadow.CSM.TransitionScale:1.0]]
[2022.03.22-12.55.09:388][  0]LogConfig: Setting CVar [[r.Shadow.PreShadowResolutionFactor:1.0]]
[2022.03.22-12.55.09:388][  0]LogConfig: Setting CVar [[r.DistanceFieldShadowing:1]]
[2022.03.22-12.55.09:388][  0]LogConfig: Setting CVar [[r.DistanceFieldAO:1]]
[2022.03.22-12.55.09:388][  0]LogConfig: Setting CVar [[r.AOQuality:2]]
[2022.03.22-12.55.09:388][  0]LogConfig: Setting CVar [[r.VolumetricFog:1]]
[2022.03.22-12.55.09:388][  0]LogConfig: Setting CVar [[r.VolumetricFog.GridPixelSize:8]]
[2022.03.22-12.55.09:388][  0]LogConfig: Setting CVar [[r.VolumetricFog.GridSizeZ:128]]
[2022.03.22-12.55.09:388][  0]LogConfig: Setting CVar [[r.VolumetricFog.HistoryMissSupersampleCount:4]]
[2022.03.22-12.55.09:388][  0]LogConfig: Setting CVar [[r.LightMaxDrawDistanceScale:1]]
[2022.03.22-12.55.09:388][  0]LogConfig: Setting CVar [[r.CapsuleShadows:1]]
[2022.03.22-12.55.09:388][  0]LogConfig: Applying CVar settings from Section [PostProcessQuality@3] File [D:/OneDrive - SNU/github/CPP_Portfolio_2022/ArenaBattle/Saved/Config/Windows/Scalability.ini]
[2022.03.22-12.55.09:388][  0]LogConfig: Setting CVar [[r.MotionBlurQuality:4]]
[2022.03.22-12.55.09:388][  0]LogConfig: Setting CVar [[r.AmbientOcclusionMipLevelFactor:0.4]]
[2022.03.22-12.55.09:388][  0]LogConfig: Setting CVar [[r.AmbientOcclusionMaxQuality:100]]
[2022.03.22-12.55.09:388][  0]LogConfig: Setting CVar [[r.AmbientOcclusionLevels:-1]]
[2022.03.22-12.55.09:388][  0]LogConfig: Setting CVar [[r.AmbientOcclusionRadiusScale:1.0]]
[2022.03.22-12.55.09:388][  0]LogConfig: Setting CVar [[r.DepthOfFieldQuality:2]]
[2022.03.22-12.55.09:388][  0]LogConfig: Setting CVar [[r.RenderTargetPoolMin:400]]
[2022.03.22-12.55.09:388][  0]LogConfig: Setting CVar [[r.LensFlareQuality:2]]
[2022.03.22-12.55.09:388][  0]LogConfig: Setting CVar [[r.SceneColorFringeQuality:1]]
[2022.03.22-12.55.09:388][  0]LogConfig: Setting CVar [[r.EyeAdaptationQuality:2]]
[2022.03.22-12.55.09:388][  0]LogConfig: Setting CVar [[r.BloomQuality:5]]
[2022.03.22-12.55.09:388][  0]LogConfig: Setting CVar [[r.FastBlurThreshold:100]]
[2022.03.22-12.55.09:388][  0]LogConfig: Setting CVar [[r.Upscale.Quality:3]]
[2022.03.22-12.55.09:388][  0]LogConfig: Setting CVar [[r.Tonemapper.GrainQuantization:1]]
[2022.03.22-12.55.09:388][  0]LogConfig: Setting CVar [[r.LightShaftQuality:1]]
[2022.03.22-12.55.09:388][  0]LogConfig: Setting CVar [[r.Filter.SizeScale:1]]
[2022.03.22-12.55.09:388][  0]LogConfig: Setting CVar [[r.Tonemapper.Quality:5]]
[2022.03.22-12.55.09:388][  0]LogConfig: Setting CVar [[r.DOF.Gather.AccumulatorQuality:1        ; higher gathering accumulator quality]]
[2022.03.22-12.55.09:388][  0]LogConfig: Setting CVar [[r.DOF.Gather.PostfilterMethod:1          ; Median3x3 postfilering method]]
[2022.03.22-12.55.09:388][  0]LogConfig: Setting CVar [[r.DOF.Gather.EnableBokehSettings:0       ; no bokeh simulation when gathering]]
[2022.03.22-12.55.09:388][  0]LogConfig: Setting CVar [[r.DOF.Gather.RingCount:4                 ; medium number of samples when gathering]]
[2022.03.22-12.55.09:388][  0]LogConfig: Setting CVar [[r.DOF.Scatter.ForegroundCompositing:1    ; additive foreground scattering]]
[2022.03.22-12.55.09:388][  0]LogConfig: Setting CVar [[r.DOF.Scatter.BackgroundCompositing:2    ; additive background scattering]]
[2022.03.22-12.55.09:388][  0]LogConfig: Setting CVar [[r.DOF.Scatter.EnableBokehSettings:1      ; bokeh simulation when scattering]]
[2022.03.22-12.55.09:388][  0]LogConfig: Setting CVar [[r.DOF.Scatter.MaxSpriteRatio:0.1         ; only a maximum of 10% of scattered bokeh]]
[2022.03.22-12.55.09:388][  0]LogConfig: Setting CVar [[r.DOF.Recombine.Quality:1                ; cheap slight out of focus]]
[2022.03.22-12.55.09:388][  0]LogConfig: Setting CVar [[r.DOF.Recombine.EnableBokehSettings:0    ; no bokeh simulation on slight out of focus]]
[2022.03.22-12.55.09:388][  0]LogConfig: Setting CVar [[r.DOF.TemporalAAQuality:1                ; more stable temporal accumulation]]
[2022.03.22-12.55.09:388][  0]LogConfig: Setting CVar [[r.DOF.Kernel.MaxForegroundRadius:0.025]]
[2022.03.22-12.55.09:388][  0]LogConfig: Setting CVar [[r.DOF.Kernel.MaxBackgroundRadius:0.025]]
[2022.03.22-12.55.09:388][  0]LogConfig: Applying CVar settings from Section [TextureQuality@3] File [D:/OneDrive - SNU/github/CPP_Portfolio_2022/ArenaBattle/Saved/Config/Windows/Scalability.ini]
[2022.03.22-12.55.09:388][  0]LogConfig: Setting CVar [[r.Streaming.MipBias:0]]
[2022.03.22-12.55.09:388][  0]LogConfig: Setting CVar [[r.Streaming.AmortizeCPUToGPUCopy:0]]
[2022.03.22-12.55.09:388][  0]LogConfig: Setting CVar [[r.Streaming.MaxNumTexturesToStreamPerFrame:0]]
[2022.03.22-12.55.09:388][  0]LogConfig: Setting CVar [[r.Streaming.Boost:1]]
[2022.03.22-12.55.09:388][  0]LogConfig: Setting CVar [[r.MaxAnisotropy:8]]
[2022.03.22-12.55.09:388][  0]LogConfig: Setting CVar [[r.VT.MaxAnisotropy:8]]
[2022.03.22-12.55.09:388][  0]LogConfig: Setting CVar [[r.Streaming.LimitPoolSizeToVRAM:0]]
[2022.03.22-12.55.09:388][  0]LogConfig: Setting CVar [[r.Streaming.PoolSize:1000]]
[2022.03.22-12.55.09:388][  0]LogConfig: Setting CVar [[r.Streaming.MaxEffectiveScreenSize:0]]
[2022.03.22-12.55.09:388][  0]LogConfig: Applying CVar settings from Section [EffectsQuality@3] File [D:/OneDrive - SNU/github/CPP_Portfolio_2022/ArenaBattle/Saved/Config/Windows/Scalability.ini]
[2022.03.22-12.55.09:388][  0]LogConfig: Setting CVar [[r.TranslucencyLightingVolumeDim:64]]
[2022.03.22-12.55.09:388][  0]LogConfig: Setting CVar [[r.RefractionQuality:2]]
[2022.03.22-12.55.09:388][  0]LogConfig: Setting CVar [[r.SSR.Quality:3]]
[2022.03.22-12.55.09:388][  0]LogConfig: Setting CVar [[r.SSR.HalfResSceneColor:0]]
[2022.03.22-12.55.09:388][  0]LogConfig: Setting CVar [[r.SceneColorFormat:4]]
[2022.03.22-12.55.09:388][  0]LogConfig: Setting CVar [[r.DetailMode:2]]
[2022.03.22-12.55.09:388][  0]LogConfig: Setting CVar [[r.TranslucencyVolumeBlur:1]]
[2022.03.22-12.55.09:388][  0]LogConfig: Setting CVar [[r.MaterialQualityLevel:1 ; High quality]]
[2022.03.22-12.55.09:388][  0]LogConfig: Setting CVar [[r.AnisotropicMaterials:1]]
[2022.03.22-12.55.09:388][  0]LogConfig: Setting CVar [[r.SSS.Scale:1]]
[2022.03.22-12.55.09:388][  0]LogConfig: Setting CVar [[r.SSS.SampleSet:2]]
[2022.03.22-12.55.09:388][  0]LogConfig: Setting CVar [[r.SSS.Quality:1]]
[2022.03.22-12.55.09:388][  0]LogConfig: Setting CVar [[r.SSS.HalfRes:0]]
[2022.03.22-12.55.09:388][  0]LogConfig: Setting CVar [[r.SSGI.Quality:3]]
[2022.03.22-12.55.09:388][  0]LogConfig: Setting CVar [[r.EmitterSpawnRateScale:1.0]]
[2022.03.22-12.55.09:388][  0]LogConfig: Setting CVar [[r.ParticleLightQuality:2]]
[2022.03.22-12.55.09:388][  0]LogConfig: Setting CVar [[r.SkyAtmosphere.AerialPerspectiveLUT.FastApplyOnOpaque:1 ; Always have FastSkyLUT 1 in this case to avoid wrong sky]]
[2022.03.22-12.55.09:388][  0]LogConfig: Setting CVar [[r.SkyAtmosphere.AerialPerspectiveLUT.SampleCountMaxPerSlice:4]]
[2022.03.22-12.55.09:388][  0]LogConfig: Setting CVar [[r.SkyAtmosphere.AerialPerspectiveLUT.DepthResolution:16.0]]
[2022.03.22-12.55.09:388][  0]LogConfig: Setting CVar [[r.SkyAtmosphere.FastSkyLUT:1]]
[2022.03.22-12.55.09:388][  0]LogConfig: Setting CVar [[r.SkyAtmosphere.FastSkyLUT.SampleCountMin:4.0]]
[2022.03.22-12.55.09:388][  0]LogConfig: Setting CVar [[r.SkyAtmosphere.FastSkyLUT.SampleCountMax:128.0]]
[2022.03.22-12.55.09:388][  0]LogConfig: Setting CVar [[r.SkyAtmosphere.SampleCountMin:4.0]]
[2022.03.22-12.55.09:388][  0]LogConfig: Setting CVar [[r.SkyAtmosphere.SampleCountMax:128.0]]
[2022.03.22-12.55.09:388][  0]LogConfig: Setting CVar [[r.SkyAtmosphere.TransmittanceLUT.UseSmallFormat:0]]
[2022.03.22-12.55.09:388][  0]LogConfig: Setting CVar [[r.SkyAtmosphere.TransmittanceLUT.SampleCount:10.0]]
[2022.03.22-12.55.09:389][  0]LogConfig: Setting CVar [[r.SkyAtmosphere.MultiScatteringLUT.SampleCount:15.0]]
[2022.03.22-12.55.09:389][  0]LogConfig: Setting CVar [[r.SkyLight.RealTimeReflectionCapture:1]]
[2022.03.22-12.55.09:389][  0]LogConfig: Applying CVar settings from Section [FoliageQuality@3] File [D:/OneDrive - SNU/github/CPP_Portfolio_2022/ArenaBattle/Saved/Config/Windows/Scalability.ini]
[2022.03.22-12.55.09:389][  0]LogConfig: Setting CVar [[foliage.DensityScale:1.0]]
[2022.03.22-12.55.09:389][  0]LogConfig: Setting CVar [[grass.DensityScale:1.0]]
[2022.03.22-12.55.09:389][  0]LogConfig: Applying CVar settings from Section [ShadingQuality@3] File [D:/OneDrive - SNU/github/CPP_Portfolio_2022/ArenaBattle/Saved/Config/Windows/Scalability.ini]
[2022.03.22-12.55.09:389][  0]LogConfig: Setting CVar [[r.HairStrands.SkyLighting.IntegrationType:2]]
[2022.03.22-12.55.09:389][  0]LogConfig: Setting CVar [[r.HairStrands.SkyAO.SampleCount:4]]
[2022.03.22-12.55.09:389][  0]LogConfig: Setting CVar [[r.HairStrands.Visibility.MSAA.SamplePerPixel:4]]
[2022.03.22-12.55.09:389][  0]LogInit: Selected Device Profile: [Windows]
[2022.03.22-12.55.09:390][  0]LogInit: Applying CVar settings loaded from the selected device profile: [Windows]
[2022.03.22-12.55.09:390][  0]LogHAL: Display: Platform has ~ 16 GB [17101971456 / 17179869184 / 16], which maps to Larger [LargestMinGB=32, LargerMinGB=12, DefaultMinGB=8, SmallerMinGB=6, SmallestMinGB=0)
[2022.03.22-12.55.09:390][  0]LogInit: Going up to parent DeviceProfile []
[2022.03.22-12.55.09:390][  0]LogConfig: Applying CVar settings from Section [ViewDistanceQuality@3] File [D:/OneDrive - SNU/github/CPP_Portfolio_2022/ArenaBattle/Saved/Config/Windows/Scalability.ini]
[2022.03.22-12.55.09:390][  0]LogConfig: Setting CVar [[r.SkeletalMeshLODBias:0]]
[2022.03.22-12.55.09:390][  0]LogConfig: Setting CVar [[r.ViewDistanceScale:1.0]]
[2022.03.22-12.55.09:390][  0]LogConfig: Applying CVar settings from Section [AntiAliasingQuality@3] File [D:/OneDrive - SNU/github/CPP_Portfolio_2022/ArenaBattle/Saved/Config/Windows/Scalability.ini]
[2022.03.22-12.55.09:390][  0]LogConfig: Setting CVar [[r.PostProcessAAQuality:4]]
[2022.03.22-12.55.09:390][  0]LogConfig: Applying CVar settings from Section [ShadowQuality@3] File [D:/OneDrive - SNU/github/CPP_Portfolio_2022/ArenaBattle/Saved/Config/Windows/Scalability.ini]
[2022.03.22-12.55.09:390][  0]LogConfig: Setting CVar [[r.LightFunctionQuality:1]]
[2022.03.22-12.55.09:390][  0]LogConfig: Setting CVar [[r.ShadowQuality:5]]
[2022.03.22-12.55.09:390][  0]LogConfig: Setting CVar [[r.Shadow.CSM.MaxCascades:10]]
[2022.03.22-12.55.09:390][  0]LogConfig: Setting CVar [[r.Shadow.MaxResolution:2048]]
[2022.03.22-12.55.09:390][  0]LogConfig: Setting CVar [[r.Shadow.MaxCSMResolution:2048]]
[2022.03.22-12.55.09:390][  0]LogConfig: Setting CVar [[r.Shadow.RadiusThreshold:0.01]]
[2022.03.22-12.55.09:390][  0]LogConfig: Setting CVar [[r.Shadow.DistanceScale:1.0]]
[2022.03.22-12.55.09:390][  0]LogConfig: Setting CVar [[r.Shadow.CSM.TransitionScale:1.0]]
[2022.03.22-12.55.09:390][  0]LogConfig: Setting CVar [[r.Shadow.PreShadowResolutionFactor:1.0]]
[2022.03.22-12.55.09:390][  0]LogConfig: Setting CVar [[r.DistanceFieldShadowing:1]]
[2022.03.22-12.55.09:390][  0]LogConfig: Setting CVar [[r.DistanceFieldAO:1]]
[2022.03.22-12.55.09:390][  0]LogConfig: Setting CVar [[r.AOQuality:2]]
[2022.03.22-12.55.09:390][  0]LogConfig: Setting CVar [[r.VolumetricFog:1]]
[2022.03.22-12.55.09:390][  0]LogConfig: Setting CVar [[r.VolumetricFog.GridPixelSize:8]]
[2022.03.22-12.55.09:390][  0]LogConfig: Setting CVar [[r.VolumetricFog.GridSizeZ:128]]
[2022.03.22-12.55.09:390][  0]LogConfig: Setting CVar [[r.VolumetricFog.HistoryMissSupersampleCount:4]]
[2022.03.22-12.55.09:390][  0]LogConfig: Setting CVar [[r.LightMaxDrawDistanceScale:1]]
[2022.03.22-12.55.09:390][  0]LogConfig: Setting CVar [[r.CapsuleShadows:1]]
[2022.03.22-12.55.09:390][  0]LogConfig: Applying CVar settings from Section [PostProcessQuality@3] File [D:/OneDrive - SNU/github/CPP_Portfolio_2022/ArenaBattle/Saved/Config/Windows/Scalability.ini]
[2022.03.22-12.55.09:390][  0]LogConfig: Setting CVar [[r.MotionBlurQuality:4]]
[2022.03.22-12.55.09:390][  0]LogConfig: Setting CVar [[r.AmbientOcclusionMipLevelFactor:0.4]]
[2022.03.22-12.55.09:390][  0]LogConfig: Setting CVar [[r.AmbientOcclusionMaxQuality:100]]
[2022.03.22-12.55.09:390][  0]LogConfig: Setting CVar [[r.AmbientOcclusionLevels:-1]]
[2022.03.22-12.55.09:390][  0]LogConfig: Setting CVar [[r.AmbientOcclusionRadiusScale:1.0]]
[2022.03.22-12.55.09:390][  0]LogConfig: Setting CVar [[r.DepthOfFieldQuality:2]]
[2022.03.22-12.55.09:390][  0]LogConfig: Setting CVar [[r.RenderTargetPoolMin:400]]
[2022.03.22-12.55.09:390][  0]LogConfig: Setting CVar [[r.LensFlareQuality:2]]
[2022.03.22-12.55.09:390][  0]LogConfig: Setting CVar [[r.SceneColorFringeQuality:1]]
[2022.03.22-12.55.09:390][  0]LogConfig: Setting CVar [[r.EyeAdaptationQuality:2]]
[2022.03.22-12.55.09:390][  0]LogConfig: Setting CVar [[r.BloomQuality:5]]
[2022.03.22-12.55.09:390][  0]LogConfig: Setting CVar [[r.FastBlurThreshold:100]]
[2022.03.22-12.55.09:390][  0]LogConfig: Setting CVar [[r.Upscale.Quality:3]]
[2022.03.22-12.55.09:390][  0]LogConfig: Setting CVar [[r.Tonemapper.GrainQuantization:1]]
[2022.03.22-12.55.09:390][  0]LogConfig: Setting CVar [[r.LightShaftQuality:1]]
[2022.03.22-12.55.09:390][  0]LogConfig: Setting CVar [[r.Filter.SizeScale:1]]
[2022.03.22-12.55.09:390][  0]LogConfig: Setting CVar [[r.Tonemapper.Quality:5]]
[2022.03.22-12.55.09:390][  0]LogConfig: Setting CVar [[r.DOF.Gather.AccumulatorQuality:1        ; higher gathering accumulator quality]]
[2022.03.22-12.55.09:390][  0]LogConfig: Setting CVar [[r.DOF.Gather.PostfilterMethod:1          ; Median3x3 postfilering method]]
[2022.03.22-12.55.09:390][  0]LogConfig: Setting CVar [[r.DOF.Gather.EnableBokehSettings:0       ; no bokeh simulation when gathering]]
[2022.03.22-12.55.09:390][  0]LogConfig: Setting CVar [[r.DOF.Gather.RingCount:4                 ; medium number of samples when gathering]]
[2022.03.22-12.55.09:390][  0]LogConfig: Setting CVar [[r.DOF.Scatter.ForegroundCompositing:1    ; additive foreground scattering]]
[2022.03.22-12.55.09:390][  0]LogConfig: Setting CVar [[r.DOF.Scatter.BackgroundCompositing:2    ; additive background scattering]]
[2022.03.22-12.55.09:390][  0]LogConfig: Setting CVar [[r.DOF.Scatter.EnableBokehSettings:1      ; bokeh simulation when scattering]]
[2022.03.22-12.55.09:390][  0]LogConfig: Setting CVar [[r.DOF.Scatter.MaxSpriteRatio:0.1         ; only a maximum of 10% of scattered bokeh]]
[2022.03.22-12.55.09:390][  0]LogConfig: Setting CVar [[r.DOF.Recombine.Quality:1                ; cheap slight out of focus]]
[2022.03.22-12.55.09:390][  0]LogConfig: Setting CVar [[r.DOF.Recombine.EnableBokehSettings:0    ; no bokeh simulation on slight out of focus]]
[2022.03.22-12.55.09:390][  0]LogConfig: Setting CVar [[r.DOF.TemporalAAQuality:1                ; more stable temporal accumulation]]
[2022.03.22-12.55.09:390][  0]LogConfig: Setting CVar [[r.DOF.Kernel.MaxForegroundRadius:0.025]]
[2022.03.22-12.55.09:390][  0]LogConfig: Setting CVar [[r.DOF.Kernel.MaxBackgroundRadius:0.025]]
[2022.03.22-12.55.09:390][  0]LogConfig: Applying CVar settings from Section [TextureQuality@3] File [D:/OneDrive - SNU/github/CPP_Portfolio_2022/ArenaBattle/Saved/Config/Windows/Scalability.ini]
[2022.03.22-12.55.09:390][  0]LogConfig: Setting CVar [[r.Streaming.MipBias:0]]
[2022.03.22-12.55.09:390][  0]LogConfig: Setting CVar [[r.Streaming.AmortizeCPUToGPUCopy:0]]
[2022.03.22-12.55.09:390][  0]LogConfig: Setting CVar [[r.Streaming.MaxNumTexturesToStreamPerFrame:0]]
[2022.03.22-12.55.09:390][  0]LogConfig: Setting CVar [[r.Streaming.Boost:1]]
[2022.03.22-12.55.09:390][  0]LogConfig: Setting CVar [[r.MaxAnisotropy:8]]
[2022.03.22-12.55.09:390][  0]LogConfig: Setting CVar [[r.VT.MaxAnisotropy:8]]
[2022.03.22-12.55.09:390][  0]LogConfig: Setting CVar [[r.Streaming.LimitPoolSizeToVRAM:0]]
[2022.03.22-12.55.09:390][  0]LogConfig: Setting CVar [[r.Streaming.PoolSize:1000]]
[2022.03.22-12.55.09:391][  0]LogConfig: Setting CVar [[r.Streaming.MaxEffectiveScreenSize:0]]
[2022.03.22-12.55.09:391][  0]LogConfig: Applying CVar settings from Section [EffectsQuality@3] File [D:/OneDrive - SNU/github/CPP_Portfolio_2022/ArenaBattle/Saved/Config/Windows/Scalability.ini]
[2022.03.22-12.55.09:391][  0]LogConfig: Setting CVar [[r.TranslucencyLightingVolumeDim:64]]
[2022.03.22-12.55.09:391][  0]LogConfig: Setting CVar [[r.RefractionQuality:2]]
[2022.03.22-12.55.09:391][  0]LogConfig: Setting CVar [[r.SSR.Quality:3]]
[2022.03.22-12.55.09:391][  0]LogConfig: Setting CVar [[r.SSR.HalfResSceneColor:0]]
[2022.03.22-12.55.09:391][  0]LogConfig: Setting CVar [[r.SceneColorFormat:4]]
[2022.03.22-12.55.09:391][  0]LogConfig: Setting CVar [[r.DetailMode:2]]
[2022.03.22-12.55.09:391][  0]LogConfig: Setting CVar [[r.TranslucencyVolumeBlur:1]]
[2022.03.22-12.55.09:391][  0]LogConfig: Setting CVar [[r.MaterialQualityLevel:1 ; High quality]]
[2022.03.22-12.55.09:391][  0]LogConfig: Setting CVar [[r.AnisotropicMaterials:1]]
[2022.03.22-12.55.09:391][  0]LogConfig: Setting CVar [[r.SSS.Scale:1]]
[2022.03.22-12.55.09:391][  0]LogConfig: Setting CVar [[r.SSS.SampleSet:2]]
[2022.03.22-12.55.09:391][  0]LogConfig: Setting CVar [[r.SSS.Quality:1]]
[2022.03.22-12.55.09:391][  0]LogConfig: Setting CVar [[r.SSS.HalfRes:0]]
[2022.03.22-12.55.09:391][  0]LogConfig: Setting CVar [[r.SSGI.Quality:3]]
[2022.03.22-12.55.09:391][  0]LogConfig: Setting CVar [[r.EmitterSpawnRateScale:1.0]]
[2022.03.22-12.55.09:391][  0]LogConfig: Setting CVar [[r.ParticleLightQuality:2]]
[2022.03.22-12.55.09:391][  0]LogConfig: Setting CVar [[r.SkyAtmosphere.AerialPerspectiveLUT.FastApplyOnOpaque:1 ; Always have FastSkyLUT 1 in this case to avoid wrong sky]]
[2022.03.22-12.55.09:391][  0]LogConfig: Setting CVar [[r.SkyAtmosphere.AerialPerspectiveLUT.SampleCountMaxPerSlice:4]]
[2022.03.22-12.55.09:391][  0]LogConfig: Setting CVar [[r.SkyAtmosphere.AerialPerspectiveLUT.DepthResolution:16.0]]
[2022.03.22-12.55.09:391][  0]LogConfig: Setting CVar [[r.SkyAtmosphere.FastSkyLUT:1]]
[2022.03.22-12.55.09:391][  0]LogConfig: Setting CVar [[r.SkyAtmosphere.FastSkyLUT.SampleCountMin:4.0]]
[2022.03.22-12.55.09:391][  0]LogConfig: Setting CVar [[r.SkyAtmosphere.FastSkyLUT.SampleCountMax:128.0]]
[2022.03.22-12.55.09:391][  0]LogConfig: Setting CVar [[r.SkyAtmosphere.SampleCountMin:4.0]]
[2022.03.22-12.55.09:391][  0]LogConfig: Setting CVar [[r.SkyAtmosphere.SampleCountMax:128.0]]
[2022.03.22-12.55.09:391][  0]LogConfig: Setting CVar [[r.SkyAtmosphere.TransmittanceLUT.UseSmallFormat:0]]
[2022.03.22-12.55.09:391][  0]LogConfig: Setting CVar [[r.SkyAtmosphere.TransmittanceLUT.SampleCount:10.0]]
[2022.03.22-12.55.09:391][  0]LogConfig: Setting CVar [[r.SkyAtmosphere.MultiScatteringLUT.SampleCount:15.0]]
[2022.03.22-12.55.09:391][  0]LogConfig: Setting CVar [[r.SkyLight.RealTimeReflectionCapture:1]]
[2022.03.22-12.55.09:391][  0]LogConfig: Applying CVar settings from Section [FoliageQuality@3] File [D:/OneDrive - SNU/github/CPP_Portfolio_2022/ArenaBattle/Saved/Config/Windows/Scalability.ini]
[2022.03.22-12.55.09:391][  0]LogConfig: Setting CVar [[foliage.DensityScale:1.0]]
[2022.03.22-12.55.09:391][  0]LogConfig: Setting CVar [[grass.DensityScale:1.0]]
[2022.03.22-12.55.09:391][  0]LogConfig: Applying CVar settings from Section [ShadingQuality@3] File [D:/OneDrive - SNU/github/CPP_Portfolio_2022/ArenaBattle/Saved/Config/Windows/Scalability.ini]
[2022.03.22-12.55.09:391][  0]LogConfig: Setting CVar [[r.HairStrands.SkyLighting.IntegrationType:2]]
[2022.03.22-12.55.09:391][  0]LogConfig: Setting CVar [[r.HairStrands.SkyAO.SampleCount:4]]
[2022.03.22-12.55.09:391][  0]LogConfig: Setting CVar [[r.HairStrands.Visibility.MSAA.SamplePerPixel:4]]
[2022.03.22-12.55.09:391][  0]LogConfig: Applying CVar settings from Section [Startup] File [../../../Engine/Config/ConsoleVariables.ini]
[2022.03.22-12.55.09:392][  0]LogConfig: Setting CVar [[net.UseAdaptiveNetUpdateFrequency:0]]
[2022.03.22-12.55.09:392][  0]LogConfig: Setting CVar [[p.chaos.AllowCreatePhysxBodies:1]]
[2022.03.22-12.55.09:392][  0]LogConfig: Setting CVar [[fx.SkipVectorVMBackendOptimizations:1]]
[2022.03.22-12.55.09:392][  0]LogConfig: Applying CVar settings from Section [ConsoleVariables] File [D:/OneDrive - SNU/github/CPP_Portfolio_2022/ArenaBattle/Saved/Config/Windows/Engine.ini]
[2022.03.22-12.55.09:392][  0]LogConfig: Applying CVar settings from Section [ConsoleVariables] File [D:/OneDrive - SNU/github/CPP_Portfolio_2022/ArenaBattle/Saved/Config/Windows/Editor.ini]
[2022.03.22-12.55.09:393][  0]LogInit: Computer: DESKTOP-79EDH39
[2022.03.22-12.55.09:393][  0]LogInit: User: Tony
[2022.03.22-12.55.09:393][  0]LogInit: CPU Page size=4096, Cores=6
[2022.03.22-12.55.09:393][  0]LogInit: High frequency timer resolution =10.000000 MHz
[2022.03.22-12.55.09:393][  0]LogMemory: Memory total: Physical=15.9GB (16GB approx)
[2022.03.22-12.55.09:393][  0]LogMemory: Platform Memory Stats for Windows
[2022.03.22-12.55.09:393][  0]LogMemory: Process Physical Memory: 153.02 MB used, 153.02 MB peak
[2022.03.22-12.55.09:393][  0]LogMemory: Process Virtual Memory: 136.19 MB used, 136.19 MB peak
[2022.03.22-12.55.09:393][  0]LogMemory: Physical Memory: 5938.11 MB used,  10371.60 MB free, 16309.71 MB total
[2022.03.22-12.55.09:393][  0]LogMemory: Virtual Memory: 134203696.00 MB used,  14033.25 MB free, 134217728.00 MB total
[2022.03.22-12.55.09:399][  0]LogWindows: WindowsPlatformFeatures enabled
[2022.03.22-12.55.09:468][  0]LogInit: Physics initialised using underlying interface: PhysX
[2022.03.22-12.55.09:471][  0]LogInit: Using OS detected language (ko-KR).
[2022.03.22-12.55.09:471][  0]LogInit: Using OS detected locale (ko-KR).
[2022.03.22-12.55.09:484][  0]LogTextLocalizationManager: No specific localization for 'ko-KR' exists, so the 'ko' localization will be used.
[2022.03.22-12.55.09:700][  0]LogInit: Setting process to per monitor DPI aware
[2022.03.22-12.55.09:731][  0]LogWindowsTextInputMethodSystem: Display: IME system deactivated.
[2022.03.22-12.55.09:808][  0]LogSlate: New Slate User Created.  User Index 0, Is Virtual User: 0
[2022.03.22-12.55.09:808][  0]LogSlate: Slate User Registered.  User Index 0, Is Virtual User: 0
[2022.03.22-12.55.12:114][  0]LogD3D11RHI: Loaded GFSDK_Aftermath_Lib.x64.dll
[2022.03.22-12.55.18:381][  0]LogHMD: Failed to initialize OpenVR with code 108
[2022.03.22-12.55.18:382][  0]LogD3D11RHI: D3D11 min allowed feature level: 11_0
[2022.03.22-12.55.18:382][  0]LogD3D11RHI: D3D11 max allowed feature level: 11_0
[2022.03.22-12.55.18:382][  0]LogD3D11RHI: D3D11 adapters:
[2022.03.22-12.55.18:434][  0]LogD3D11RHI:    0. 'AMD Radeon RX 6700 XT' (Feature Level 11_0)
[2022.03.22-12.55.18:434][  0]LogD3D11RHI:       12243/0/8154 MB DedicatedVideo/DedicatedSystem/SharedSystem, Outputs:3, VendorId:0x1002
[2022.03.22-12.55.18:436][  0]LogD3D11RHI:    1. 'Microsoft Basic Render Driver' (Feature Level 11_0)
[2022.03.22-12.55.18:436][  0]LogD3D11RHI:       0/0/8154 MB DedicatedVideo/DedicatedSystem/SharedSystem, Outputs:0, VendorId:0x1414
[2022.03.22-12.55.18:481][  0]LogD3D11RHI:    2. 'AMD Radeon RX 6700 XT' (Feature Level 11_0)
[2022.03.22-12.55.18:481][  0]LogD3D11RHI:       12243/0/8154 MB DedicatedVideo/DedicatedSystem/SharedSystem, Outputs:0, VendorId:0x1002
[2022.03.22-12.55.18:481][  0]LogD3D11RHI: Chosen D3D11 Adapter:
[2022.03.22-12.55.18:481][  0]LogD3D11RHI:     Description : AMD Radeon RX 6700 XT
[2022.03.22-12.55.18:481][  0]LogD3D11RHI:     VendorId    : 1002
[2022.03.22-12.55.18:481][  0]LogD3D11RHI:     DeviceId    : 73df
[2022.03.22-12.55.18:481][  0]LogD3D11RHI:     SubSysId    : 66011eae
[2022.03.22-12.55.18:481][  0]LogD3D11RHI:     Revision    : 00c1
[2022.03.22-12.55.18:481][  0]LogD3D11RHI:     DedicatedVideoMemory : 12838318080 bytes
[2022.03.22-12.55.18:481][  0]LogD3D11RHI:     DedicatedSystemMemory : 0 bytes
[2022.03.22-12.55.18:481][  0]LogD3D11RHI:     SharedSystemMemory : 8550985728 bytes
[2022.03.22-12.55.18:481][  0]LogD3D11RHI:     AdapterLuid : 0 50140
[2022.03.22-12.55.18:487][  0]LogD3D11RHI: Creating new Direct3DDevice
[2022.03.22-12.55.18:487][  0]LogD3D11RHI:     GPU DeviceId: 0x73df (for the marketing name, search the web for "GPU Device Id")
[2022.03.22-12.55.18:487][  0]LogWindows: EnumDisplayDevices:
[2022.03.22-12.55.18:487][  0]LogWindows:    0. 'AMD Radeon RX 6700 XT' (P:0 D:1)
[2022.03.22-12.55.18:488][  0]LogWindows:    1. 'AMD Radeon RX 6700 XT' (P:1 D:1)
[2022.03.22-12.55.18:488][  0]LogWindows:    2. 'AMD Radeon RX 6700 XT' (P:0 D:1)
[2022.03.22-12.55.18:488][  0]LogWindows:    3. 'AMD Radeon RX 6700 XT' (P:0 D:0)
[2022.03.22-12.55.18:488][  0]LogWindows:    4. 'AMD Radeon RX 6700 XT' (P:0 D:0)
[2022.03.22-12.55.18:488][  0]LogWindows:    5. 'AMD Radeon RX 6700 XT' (P:0 D:0)
[2022.03.22-12.55.18:489][  0]LogWindows:    6. 'AMD Radeon RX 6700 XT' (P:0 D:0)
[2022.03.22-12.55.18:489][  0]LogWindows:    7. 'Citrix Indirect Display Adapter' (P:0 D:0)
[2022.03.22-12.55.18:489][  0]LogWindows:    8. 'Citrix Indirect Display Adapter' (P:0 D:0)
[2022.03.22-12.55.18:489][  0]LogWindows:    9. 'Citrix Indirect Display Adapter' (P:0 D:0)
[2022.03.22-12.55.18:489][  0]LogWindows:    10. 'Citrix Indirect Display Adapter' (P:0 D:0)
[2022.03.22-12.55.18:489][  0]LogWindows:    11. 'Citrix Indirect Display Adapter' (P:0 D:0)
[2022.03.22-12.55.18:490][  0]LogWindows:    12. 'Citrix Indirect Display Adapter' (P:0 D:0)
[2022.03.22-12.55.18:490][  0]LogWindows:    13. 'Citrix Indirect Display Adapter' (P:0 D:0)
[2022.03.22-12.55.18:490][  0]LogWindows:    14. 'Citrix Indirect Display Adapter' (P:0 D:0)
[2022.03.22-12.55.18:490][  0]LogWindows: DebugString: GetVideoDriverDetailsInvalid PrimaryIsNotTheChoosenAdapter GetVideoDriverDetailsInvalid PrimaryIsNotTheChoosenAdapter GetVideoDriverDetailsInvalid PrimaryIsNotTheChoosenAdapter GetVideoDriverDetailsInvalid PrimaryIsNotTheChoosenAdapter GetVideoDriverDetailsInvalid PrimaryIsNotTheChoosenAdapter GetVideoDriverDetailsInvalid PrimaryIsNotTheChoosenAdapter GetVideoDriverDetailsInvalid PrimaryIsNotTheChoosenAdapter GetVideoDriverDetailsInvalid PrimaryIsNotTheChoosenAdapter FoundDriverCount:7 
[2022.03.22-12.55.18:490][  0]LogD3D11RHI:     Adapter Name: AMD Radeon RX 6700 XT
[2022.03.22-12.55.18:490][  0]LogD3D11RHI:   Driver Version: Adrenalin 21.30.23.04 (internal:30.0.13023.4001, unified:30.0.13023.4001)
[2022.03.22-12.55.18:490][  0]LogD3D11RHI:      Driver Date: 12-16-2021
[2022.03.22-12.55.18:491][  0]LogRHI: Texture pool is 8032 MB (70% of 11475 MB)
[2022.03.22-12.55.18:525][  0]LogD3D11RHI: Creating D3DDevice with AMD AGS, using adapter:
[2022.03.22-12.55.18:525][  0]LogD3D11RHI:     Description : AMD Radeon RX 6700 XT
[2022.03.22-12.55.18:525][  0]LogD3D11RHI:     VendorId    : 1002
[2022.03.22-12.55.18:525][  0]LogD3D11RHI:     DeviceId    : 73df
[2022.03.22-12.55.18:525][  0]LogD3D11RHI:     SubSysId    : 66011eae
[2022.03.22-12.55.18:525][  0]LogD3D11RHI:     Revision    : 00c1
[2022.03.22-12.55.18:525][  0]LogD3D11RHI:     DedicatedVideoMemory : 12838318080 bytes
[2022.03.22-12.55.18:525][  0]LogD3D11RHI:     DedicatedSystemMemory : 0 bytes
[2022.03.22-12.55.18:525][  0]LogD3D11RHI:     SharedSystemMemory : 8550985728 bytes
[2022.03.22-12.55.18:525][  0]LogD3D11RHI:     AdapterLuid : 0 50140
[2022.03.22-12.55.18:563][  0]LogD3D11RHI: Created device via AGS, feature level 11_0, supported extensions 1fffffbf.
[2022.03.22-12.55.18:563][  0]LogD3D11RHI: RHI has support for 64 bit atomics
[2022.03.22-12.55.18:563][  0]LogD3D11RHI: Async texture creation enabled
[2022.03.22-12.55.18:563][  0]LogD3D11RHI: Array index from any shader is supported
[2022.03.22-12.55.18:592][  0]LogD3D11RHI: GPU Timing Frequency: 100.000000 (Debug: 2 1)
[2022.03.22-12.55.19:077][  0]LogTargetPlatformManager: Display: Loaded TargetPlatform 'AllDesktop'
[2022.03.22-12.55.19:109][  0]LogTargetPlatformManager: Display: Loaded TargetPlatform 'Android'
[2022.03.22-12.55.19:109][  0]LogTargetPlatformManager: Display: Loaded TargetPlatform 'Android_ASTC'
[2022.03.22-12.55.19:109][  0]LogTargetPlatformManager: Display: Loaded TargetPlatform 'Android_DXT'
[2022.03.22-12.55.19:109][  0]LogTargetPlatformManager: Display: Loaded TargetPlatform 'Android_ETC2'
[2022.03.22-12.55.19:109][  0]LogTargetPlatformManager: Display: Loaded TargetPlatform 'AndroidClient'
[2022.03.22-12.55.19:109][  0]LogTargetPlatformManager: Display: Loaded TargetPlatform 'Android_ASTCClient'
[2022.03.22-12.55.19:109][  0]LogTargetPlatformManager: Display: Loaded TargetPlatform 'Android_DXTClient'
[2022.03.22-12.55.19:109][  0]LogTargetPlatformManager: Display: Loaded TargetPlatform 'Android_ETC2Client'
[2022.03.22-12.55.19:109][  0]LogTargetPlatformManager: Display: Loaded TargetPlatform 'Android_Multi'
[2022.03.22-12.55.19:109][  0]LogTargetPlatformManager: Display: Loaded TargetPlatform 'Android_MultiClient'
[2022.03.22-12.55.19:137][  0]LogTargetPlatformManager: Display: Loaded TargetPlatform 'IOSClient'
[2022.03.22-12.55.19:137][  0]LogTargetPlatformManager: Display: Loaded TargetPlatform 'IOS'
[2022.03.22-12.55.19:152][  0]LogTargetPlatformManager: Display: Loaded TargetPlatform 'Linux'
[2022.03.22-12.55.19:159][  0]LogTargetPlatformManager: Display: Loaded TargetPlatform 'LinuxNoEditor'
[2022.03.22-12.55.19:165][  0]LogTargetPlatformManager: Display: Loaded TargetPlatform 'LinuxClient'
[2022.03.22-12.55.19:172][  0]LogTargetPlatformManager: Display: Loaded TargetPlatform 'LinuxServer'
[2022.03.22-12.55.19:188][  0]LogTargetPlatformManager: Display: Loaded TargetPlatform 'LinuxAArch64NoEditor'
[2022.03.22-12.55.19:193][  0]LogTargetPlatformManager: Display: Loaded TargetPlatform 'LinuxAArch64Client'
[2022.03.22-12.55.19:200][  0]LogTargetPlatformManager: Display: Loaded TargetPlatform 'LinuxAArch64Server'
[2022.03.22-12.55.19:230][  0]LogTargetPlatformManager: Display: Loaded TargetPlatform 'Lumin'
[2022.03.22-12.55.19:230][  0]LogTargetPlatformManager: Display: Loaded TargetPlatform 'LuminClient'
[2022.03.22-12.55.19:241][  0]LogTargetPlatformManager: Display: Loaded TargetPlatform 'MacNoEditor'
[2022.03.22-12.55.19:247][  0]LogTargetPlatformManager: Display: Loaded TargetPlatform 'Mac'
[2022.03.22-12.55.19:253][  0]LogTargetPlatformManager: Display: Loaded TargetPlatform 'MacClient'
[2022.03.22-12.55.19:258][  0]LogTargetPlatformManager: Display: Loaded TargetPlatform 'MacServer'
[2022.03.22-12.55.19:270][  0]LogTargetPlatformManager: Display: Loaded TargetPlatform 'TVOSClient'
[2022.03.22-12.55.19:270][  0]LogTargetPlatformManager: Display: Loaded TargetPlatform 'TVOS'
[2022.03.22-12.55.19:282][  0]LogTargetPlatformManager: Display: Loaded TargetPlatform 'WindowsNoEditor'
[2022.03.22-12.55.19:288][  0]LogTargetPlatformManager: Display: Loaded TargetPlatform 'Windows'
[2022.03.22-12.55.19:294][  0]LogTargetPlatformManager: Display: Loaded TargetPlatform 'WindowsClient'
[2022.03.22-12.55.19:300][  0]LogTargetPlatformManager: Display: Loaded TargetPlatform 'WindowsServer'
[2022.03.22-12.55.19:300][  0]LogTargetPlatformManager: Display: Building Assets For Windows
[2022.03.22-12.55.19:311][  0]LogAudioDebug: Display: Lib vorbis DLL was dynamically loaded.
[2022.03.22-12.55.19:355][  0]LogTextureFormatOodle: Display: Oodle Texture 2.9.0 init RDO Off
[2022.03.22-12.55.19:434][  0]LogRendererCore: Ray tracing is disabled. Reason: r.RayTracing=0.
[2022.03.22-12.55.19:436][  0]LogShaderCompilers: Guid format shader working directory is -10 characters bigger than the processId version (D:/OneDrive - SNU/github/CPP_Portfolio_2022/ArenaBattle/Intermediate/Shaders/WorkingDirectory/11780/).
[2022.03.22-12.55.19:436][  0]LogShaderCompilers: Cleaned the shader compiler working directory 'C:/Users/ejrrb/AppData/Local/Temp/UnrealShaderWorkingDir/68812F11428C517E72FB54B394CE5C9D/'.
[2022.03.22-12.55.19:436][  0]LogXGEController: Cannot use XGE Controller as Incredibuild is not installed on this machine.
[2022.03.22-12.55.19:437][  0]LogShaderCompilers: Cannot use XGE Shader Compiler as Incredibuild is not installed on this machine.
[2022.03.22-12.55.19:437][  0]LogShaderCompilers: Display: Using Local Shader Compiler.
[2022.03.22-12.55.21:738][  0]LogDerivedDataCache: Display: Max Cache Size: 512 MB
[2022.03.22-12.55.21:831][  0]LogDerivedDataCache: Loaded boot cache 0.09s 114MB C:/Users/ejrrb/AppData/Local/UnrealEngine/4.27/DerivedDataCache/Boot.ddc.
[2022.03.22-12.55.21:831][  0]LogDerivedDataCache: Display: Loaded Boot cache: C:/Users/ejrrb/AppData/Local/UnrealEngine/4.27/DerivedDataCache/Boot.ddc
[2022.03.22-12.55.21:831][  0]LogDerivedDataCache: FDerivedDataBackendGraph:  Pak pak cache file D:/OneDrive - SNU/github/CPP_Portfolio_2022/ArenaBattle/DerivedDataCache/DDC.ddp not found, will not use a pak cache.
[2022.03.22-12.55.21:831][  0]LogDerivedDataCache: Unable to find inner node Pak for hierarchical cache Hierarchy.
[2022.03.22-12.55.21:832][  0]LogDerivedDataCache: FDerivedDataBackendGraph:  CompressedPak pak cache file D:/OneDrive - SNU/github/CPP_Portfolio_2022/ArenaBattle/DerivedDataCache/Compressed.ddp not found, will not use a pak cache.
[2022.03.22-12.55.21:832][  0]LogDerivedDataCache: Unable to find inner node CompressedPak for hierarchical cache Hierarchy.
[2022.03.22-12.55.21:852][  0]LogDerivedDataCache: Display: Pak cache opened for reading ../../../Engine/DerivedDataCache/Compressed.ddp.
[2022.03.22-12.55.21:852][  0]LogDerivedDataCache: FDerivedDataBackendGraph:  EnterprisePak pak cache file ../../../Enterprise/DerivedDataCache/Compressed.ddp not found, will not use a pak cache.
[2022.03.22-12.55.21:852][  0]LogDerivedDataCache: Unable to find inner node EnterprisePak for hierarchical cache Hierarchy.
[2022.03.22-12.55.21:870][  0]LogDerivedDataCache: Speed tests for C:/Users/ejrrb/AppData/Local/UnrealEngine/Common/DerivedDataCache took 0.02 seconds
[2022.03.22-12.55.21:870][  0]LogDerivedDataCache: Display: Performance to C:/Users/ejrrb/AppData/Local/UnrealEngine/Common/DerivedDataCache: Latency=0.14ms. RandomReadSpeed=107.24MBs, RandomWriteSpeed=128.54MBs. Assigned SpeedClass 'Local'
[2022.03.22-12.55.21:871][  0]LogDerivedDataCache: Using Local data cache path C:/Users/ejrrb/AppData/Local/UnrealEngine/Common/DerivedDataCache: Writable
[2022.03.22-12.55.21:871][  0]LogDerivedDataCache: Shared data cache path not found in *engine.ini, will not use an Shared cache.
[2022.03.22-12.55.21:871][  0]LogDerivedDataCache: Unable to find inner node Shared for hierarchical cache Hierarchy.
[2022.03.22-12.55.21:929][  0]LogSlate: Using FreeType 2.10.0
[2022.03.22-12.55.21:936][  0]LogSlate: SlateFontServices - WITH_FREETYPE: 1, WITH_HARFBUZZ: 1
[2022.03.22-12.55.21:975][  0]LogAssetRegistry: FAssetRegistry took 0.0055 seconds to start up
[2022.03.22-12.55.22:333][  0]LogInit: Selected Device Profile: [Windows]
[2022.03.22-12.55.22:333][  0]LogInit: Active device profile: [00000270B53D4900][00000270B1E32840 49] Windows
[2022.03.22-12.55.22:333][  0]LogInit: Profiles: [00000270B53D4900][00000270B1E32840 49] Windows, [00000270B5397800][00000270B3AAC980 49] WindowsNoEditor, [00000270B53D7500][00000270B1E36AC0 49] WindowsServer, [00000270B5394E00][00000270B1E3EC40 49] WindowsClient, [00000270B53D7800][00000270B1E42DC0 49] IOS, [00000270B5396800][00000270B1E46F40 49] iPadAir, [00000270B53D6000][00000270B1CDB0C0 49] iPadAir2, [00000270B5338A00][00000270B1CE3380 49] IPadPro, [00000270B5338B00][00000270B1CDF3C0 49] iPadAir3, [00000270B5395900][00000270B1CE7540 49] iPadAir4, [00000270B533B400][00000270B1CEB6C0 49] iPadMini2, [00000270B5396A00][00000270B1CEF840 49] iPadMini3, [00000270B5339700][00000270B1CF39C0 49] iPadMini4, [00000270B53D5100][00000270B1CF7B40 49] iPadMini5, [00000270B534C300][00000270B1CFE280 49] iPhone6, [00000270B534C400][00000270B1CFA2C0 49] iPodTouch6, [00000270B5317F00][00000270B1D06580 49] iPhone7, [00000270B5317E00][00000270B1D025C0 49] iPodTouch7, [00000270B5396000][00000270B1D0A740 49] iPhone5S, [00000270B5315A00][00000270B1D0E8C0 49] iPhone6Plus, [00000270B534C200][00000270B1E3AA00 49] iPhone6S, [00000270B5314600][00000270B1D12B40 49] iPhone6SPlus, [00000270B534E900][00000270B1D16C80 49] iPhone7Plus, [00000270B5317100][00000270B1D1ADC0 49] iPhoneSE, [00000270B534E200][00000270B1D22F40 49] iPhone8, [00000270B5317B00][00000270B1D270C0 49] iPhone8Plus, [00000270B534CA00][00000270ABA55240 49] iPhoneX, [00000270B5315400][00000270ABA593C0 49] iPhoneXS, [00000270B534F900][00000270ABA5D540 49] iPhoneXSMax, [00000270B5314900][00000270ABA616C0 49] iPhoneXR, [00000270B534EF00][00000270ABA65840 49] iPhone11, [00000270B5315300][00000270ABA699C0 49] iPhone11Pro, [00000270B534D000][00000270ABA6DB40 49] iPhone11ProMax, [00000270B5316A00][00000270ABA70140 49] iPhoneSE2, [00000270B534D400][00000270ABA742C0 49] iPhone12Mini, [00000270B5316400][00000270ABA78440 49] iPhone12, [00000270B534CD00][00000270ABA7C5C0 49] iPhone12Pro, [00000270B5316B00][00000270ABA80740 49] iPhone12ProMax, [00000270B534F000][00000270ABA848C0 49] iPadPro105, [00000270B5314700][00000270ABA88A40 49] iPadPro129, [00000270B534E800][00000270B1D1EB80 49] iPadPro97, [00000270B5316600][00000270ABA8CCC0 49] iPadPro2_129, [00000270B534FC00][00000270ABA90E00 49] iPad5, [00000270B5316200][00000270ABA94F40 49] iPad6, [00000270B534CF00][00000270ABA9D0C0 49] iPad7, [00000270B5316D00][00000270ABAA1240 49] iPad8, [00000270B534D100][00000270ABAA53C0 49] iPadPro11, [00000270B5315600][00000270B202D540 49] iPadPro2_11, [00000270B534F400][00000270B20316C0 49] iPadPro3_129, [00000270B5316800][00000270B2041840 49] iPadPro4_129, [00000270B534FA00][00000270B20459C0 49] AppleTV, [00000270B5316100][00000270B2065B40 49] AppleTV4K, [00000270B534DF00][00000270B2074140 49] TVOS, [00000270B5317400][00000270B20782C0 49] Mac, [00000270B534F800][00000270B207C440 49] MacClient, [00000270B5315E00][00000270B20805C0 49] MacNoEditor, [00000270B534FF00][00000270B2084740 49] MacServer, [00000270B5317500][00000270B20888C0 49] Linux, [00000270B534CC00][00000270B208CA40 49] LinuxAArch64, [00000270B5316F00][00000270B2090BC0 49] LinuxNoEditor, [00000270B534CB00][00000270B2094D40 49] LinuxAArch64NoEditor, [00000270B5317700][00000270ABA98E80 49] LinuxClient, [00000270B534DA00][00000270B2098FC0 49] LinuxAArch64Client, [00000270B5315000][00000270B5D7F100 49] LinuxServer, [00000270B534E500][00000270B5D87280 49] LinuxAArch64Server, [00000270B5315900][00000270B5D8B400 49] Android, [00000270B534D300][00000270B5D8F580 49] Android_Low, [00000270B5316700][00000270B5D93700 49] Android_Mid, [00000270B534EB00][00000270B5D97880 49] Android_High, [00000270B5317800][00000270B5D9BA00 49] Android_Default, [00000270B534D600][00000270B5D9FB80 49] Android_Adreno4xx, [00000270B5315500][00000270B5DA2180 49] Android_Adreno5xx_Low, [00000270B533B600][00000270B5DA6300 49] Android_Adreno5xx, [00000270B5395800][00000270B5DAA480 49] Android_Adreno6xx, [00000270B5339200][00000270B5DAE600 49] Android_Adreno6xx_Vulkan, [00000270B5397C00][00000270B5DB2780 49] Android_Mali_T6xx, [00000270B5339100][00000270B5DB6900 49] Android_Mali_T7xx, [00000270B5395600][00000270B5DBAA80 49] Android_Mali_T8xx, [00000270B5339E00][00000270B5DBEC00 49] Android_Mali_G71, [00000270B5394500][00000270B5DC2D80 49] Android_Mali_G72, [00000270B5338800][00000270B5DC6F00 49] Android_Mali_G72_Vulkan, [00000270B5395300][00000270B5D83040 49] Android_Mali_G76, [00000270B5338100][00000270B5DCB180 49] Android_Mali_G76_Vulkan, [00000270B5395F00][00000270B5DCF2C0 49] Android_Mali_G77, [00000270B5339000][00000270B5DD7440 49] Android_Mali_G77_Vulkan, [00000270B5394A00][00000270B5DDB5C0 49] Android_Mali_G78, [00000270B533AC00][00000270B5DDF740 49] Android_Mali_G78_Vulkan, [00000270B5397600][00000270B5DE38C0 49] Android_Mali_G710, [00000270B533AA00][00000270B5DE7A40 49] Android_Mali_G710_Vulkan, [00000270B5397F00][00000270B5DEBBC0 49] Android_Vulkan_SM5, [00000270B533BB00][00000270B5DEE1C0 49] Android_PowerVR_G6xxx, [00000270B5397B00][00000270B5DF2340 49] Android_PowerVR_GT7xxx, [00000270B533B900][00000270B5DF64C0 49] Android_PowerVR_GE8xxx, [00000270B5394C00][00000270B5DFA640 49] Android_PowerVR_GM9xxx, [00000270B533A700][00000270B5DFE7C0 49] Android_PowerVR_GM9xxx_Vulkan, [00000270B5396700][00000270B5E02940 49] Android_TegraK1, [00000270B5338900][00000270B5E06AC0 49] Android_Unknown_Vulkan, [00000270B5395D00][00000270B5E0AC40 49] Lumin, [00000270B5338500][00000270B5E0EDC0 49] Lumin_Desktop, [00000270B5397300][00000270B5E12F40 49] HoloLens, 
[2022.03.22-12.55.22:527][  0]LogMeshReduction: Using QuadricMeshReduction for automatic static mesh reduction
[2022.03.22-12.55.22:527][  0]LogMeshReduction: Using SimplygonMeshReduction for automatic skeletal mesh reduction
[2022.03.22-12.55.22:527][  0]LogMeshReduction: Using ProxyLODMeshReduction for automatic mesh merging
[2022.03.22-12.55.22:527][  0]LogMeshReduction: No distributed automatic mesh merging module available
[2022.03.22-12.55.22:527][  0]LogMeshMerging: No distributed automatic mesh merging module available
[2022.03.22-12.55.22:559][  0]LogNetVersion: ArenaBattle 1.0.0, NetCL: 17155196, EngineNetVer: 17, GameNetVer: 0 (Checksum: 2964408555)
[2022.03.22-12.55.23:225][  0]LogTexture: Default maximum texture size for cubemaps generated from long-lat sources has been changed from 512 to unlimited. In order to preserve old behaiour for '/Engine/MapTemplates/Sky/DaylightAmbientCubemap.DaylightAmbientCubemap', its maximum texture size has been explicitly set to 512.
[2022.03.22-12.55.23:292][  0]LogHMD: PokeAHoleMaterial loaded successfully
[2022.03.22-12.55.23:300][  0]LogUObjectArray: 17178 objects as part of root set at end of initial load.
[2022.03.22-12.55.23:300][  0]LogUObjectAllocator: 4302048 out of 0 bytes used by permanent object pool.
[2022.03.22-12.55.23:300][  0]LogUObjectArray: CloseDisregardForGC: 0/0 objects in disregard for GC pool
[2022.03.22-12.55.23:886][  0]LogNiagaraDebuggerClient: Niagara Debugger Client Initialized | Session: 1AC1C199418C21B2B6925ABC736403A7 | Instance: BB5E5A5047CC5140DB7B5B9B366F43DF (DESKTOP-79EDH39-11780).
[2022.03.22-12.55.24:103][  0]LogPython: Using Python 3.7.7
[2022.03.22-12.55.24:870][  0]LogTcpMessaging: Initializing TcpMessaging bridge
[2022.03.22-12.55.24:878][  0]LogUdpMessaging: Initializing bridge on interface 0.0.0.0:0 to multicast group 230.0.0.1:6666.
[2022.03.22-12.55.24:958][  0]LogOutputDevice: Warning: 

Script Stack (0 frames):

[2022.03.22-12.55.24:959][  0]LogWindows: Windows GetLastError: 작업을 완료했습니다. (0)
[2022.03.22-12.55.29:924][  0]LogWindows: Failed to preload 'D:/OneDrive - SNU/github/CPP_Portfolio_2022/ArenaBattle/Binaries/Win64/UE4Editor-ArenaBattleSetting-0001.dll' (GetLastError=1114)
[2022.03.22-12.55.29:933][  0]LogWindows: Error: Error reentered: Assertion failed: GIsHotReload [File:D:/Build/++UE4/Sync/Engine/Source/Runtime/CoreUObject/Private/UObject/UObjectBase.cpp] [Line: 704] 
Trying to recreate class 'UABCharacterSetting' outside of hot reload!

[2022.03.22-12.55.34:180][  0]LogWindows: Failed to load 'D:/OneDrive - SNU/github/CPP_Portfolio_2022/ArenaBattle/Binaries/Win64/UE4Editor-ArenaBattle-5486.dll' (GetLastError=1114)
[2022.03.22-12.55.34:180][  0]LogWindows:   Missing import: UE4Editor-ArenaBattleSetting-0001.dll
[2022.03.22-12.55.34:180][  0]LogWindows:   Looked in: ../../../Engine/Binaries/Win64
[2022.03.22-12.55.34:180][  0]LogWindows:   Looked in: D:/OneDrive - SNU/github/CPP_Portfolio_2022/ArenaBattle/Binaries/Win64
[2022.03.22-12.55.34:180][  0]LogWindows:   Looked in: D:\OneDrive - SNU\github\CPP_Portfolio_2022\ArenaBattle\Binaries\Win64
[2022.03.22-12.55.34:180][  0]LogWindows:   Looked in: C:\Program Files\Epic Games\UE_4.27\Engine\Plugins\MeshPainting\Binaries\Win64
[2022.03.22-12.55.34:180][  0]LogWindows:   Looked in: C:\Program Files\Epic Games\UE_4.27\Engine\Plugins\Experimental\GeometryProcessing\Binaries\Win64
[2022.03.22-12.55.34:180][  0]LogWindows:   Looked in: C:\Program Files\Epic Games\UE_4.27\Engine\Plugins\XGEController\Binaries\Win64
[2022.03.22-12.55.34:180][  0]LogWindows:   Looked in: C:\Program Files\Epic Games\UE_4.27\Engine\Plugins\2D\Paper2D\Binaries\Win64
[2022.03.22-12.55.34:180][  0]LogWindows:   Looked in: C:\Program Files\Epic Games\UE_4.27\Engine\Plugins\AI\AISupport\Binaries\Win64
[2022.03.22-12.55.34:180][  0]LogWindows:   Looked in: C:\Program Files\Epic Games\UE_4.27\Engine\Plugins\AI\EnvironmentQueryEditor\Binaries\Win64
[2022.03.22-12.55.34:180][  0]LogWindows:   Looked in: C:\Program Files\Epic Games\UE_4.27\Engine\Plugins\Blendables\LightPropagationVolume\Binaries\Win64
[2022.03.22-12.55.34:180][  0]LogWindows:   Looked in: C:\Program Files\Epic Games\UE_4.27\Engine\Plugins\Editor\AssetManagerEditor\Binaries\Win64
[2022.03.22-12.55.34:180][  0]LogWindows:   Looked in: C:\Program Files\Epic Games\UE_4.27\Engine\Plugins\Editor\CryptoKeys\Binaries\Win64
[2022.03.22-12.55.34:180][  0]LogWindows:   Looked in: C:\Program Files\Epic Games\UE_4.27\Engine\Plugins\Editor\CurveEditorTools\Binaries\Win64
[2022.03.22-12.55.34:180][  0]LogWindows:   Looked in: C:\Program Files\Epic Games\UE_4.27\Engine\Plugins\Editor\DataValidation\Binaries\Win64
[2022.03.22-12.55.34:180][  0]LogWindows:   Looked in: C:\Program Files\Epic Games\UE_4.27\Engine\Plugins\Editor\FacialAnimation\Binaries\Win64
[2022.03.22-12.55.34:180][  0]LogWindows:   Looked in: C:\Program Files\Epic Games\UE_4.27\Engine\Plugins\Editor\GeometryMode\Binaries\Win64
[2022.03.22-12.55.34:180][  0]LogWindows:   Looked in: C:\Program Files\Epic Games\UE_4.27\Engine\Plugins\Editor\MaterialAnalyzer\Binaries\Win64
[2022.03.22-12.55.34:180][  0]LogWindows:   Looked in: C:\Program Files\Epic Games\UE_4.27\Engine\Plugins\Editor\MacGraphicsSwitching\Binaries\Win64
[2022.03.22-12.55.34:180][  0]LogWindows:   Looked in: C:\Program Files\Epic Games\UE_4.27\Engine\Plugins\Compression\OodleData\Binaries\Win64
[2022.03.22-12.55.34:180][  0]LogWindows:   Looked in: C:\Program Files\Epic Games\UE_4.27\Engine\Plugins\Editor\GameplayTagsEditor\Binaries\Win64
[2022.03.22-12.55.34:180][  0]LogWindows:   Looked in: C:\Program Files\Epic Games\UE_4.27\Engine\Plugins\Editor\PluginBrowser\Binaries\Win64
[2022.03.22-12.55.34:180][  0]LogWindows:   Looked in: C:\Program Files\Epic Games\UE_4.27\Engine\Plugins\Developer\PluginUtils\Binaries\Win64
[2022.03.22-12.55.34:180][  0]LogWindows:   Looked in: C:\Program Files\Epic Games\UE_4.27\Engine\Plugins\Compression\OodleNetwork\Binaries\Win64
[2022.03.22-12.55.34:180][  0]LogWindows:   Looked in: C:\Program Files\Epic Games\UE_4.27\Engine\Plugins\Editor\SpeedTreeImporter\Binaries\Win64
[2022.03.22-12.55.34:181][  0]LogWindows:   Looked in: C:\Program Files\Epic Games\UE_4.27\Engine\Plugins\Editor\MobileLauncherProfileWizard\Binaries\Win64
[2022.03.22-12.55.34:181][  0]LogWindows:   Looked in: C:\Program Files\Epic Games\UE_4.27\Engine\Plugins\Experimental\AlembicImporter\Binaries\Win64
[2022.03.22-12.55.34:181][  0]LogWindows:   Looked in: C:\Program Files\Epic Games\UE_4.27\Engine\Plugins\Experimental\GeometryCache\Binaries\Win64
[2022.03.22-12.55.34:181][  0]LogWindows:   Looked in: C:\Program Files\Epic Games\UE_4.27\Engine\Plugins\Experimental\BackChannel\Binaries\Win64
[2022.03.22-12.55.34:181][  0]LogWindows:   Looked in: C:\Program Files\Epic Games\UE_4.27\Engine\Plugins\Experimental\AutomationUtils\Binaries\Win64
[2022.03.22-12.55.34:181][  0]LogWindows:   Looked in: C:\Program Files\Epic Games\UE_4.27\Engine\Plugins\Tests\ScreenshotTools\Binaries\Win64
[2022.03.22-12.55.34:181][  0]LogWindows:   Looked in: C:\Program Files\Epic Games\UE_4.27\Engine\Plugins\Experimental\ChaosCloth\Binaries\Win64
[2022.03.22-12.55.34:181][  0]LogWindows:   Looked in: C:\Program Files\Epic Games\UE_4.27\Engine\Plugins\Experimental\ChaosNiagara\Binaries\Win64
[2022.03.22-12.55.34:181][  0]LogWindows:   Looked in: C:\Program Files\Epic Games\UE_4.27\Engine\Plugins\FX\Niagara\Binaries\Win64
[2022.03.22-12.55.34:181][  0]LogWindows:   Looked in: C:\Program Files\Epic Games\UE_4.27\Engine\Plugins\Experimental\ChaosSolverPlugin\Binaries\Win64
[2022.03.22-12.55.34:181][  0]LogWindows:   Looked in: C:\Program Files\Epic Games\UE_4.27\Engine\Plugins\Experimental\PythonScriptPlugin\Binaries\Win64
[2022.03.22-12.55.34:181][  0]LogWindows:   Looked in: C:\Program Files\Epic Games\UE_4.27\Engine\Plugins\Editor\ContentBrowser\ContentBrowserFileDataSource\Binaries\Win64
[2022.03.22-12.55.34:181][  0]LogWindows:   Looked in: C:\Program Files\Epic Games\UE_4.27\Engine\Plugins\Experimental\ChaosEditor\Binaries\Win64
[2022.03.22-12.55.34:181][  0]LogWindows:   Looked in: C:\Program Files\Epic Games\UE_4.27\Engine\Plugins\Experimental\PlanarCutPlugin\Binaries\Win64
[2022.03.22-12.55.34:181][  0]LogWindows:   Looked in: C:\Program Files\Epic Games\UE_4.27\Engine\Plugins\Runtime\EditableMesh\Binaries\Win64
[2022.03.22-12.55.34:181][  0]LogWindows:   Looked in: C:\Program Files\Epic Games\UE_4.27\Engine\Plugins\Experimental\GeometryCollectionPlugin\Binaries\Win64
[2022.03.22-12.55.34:181][  0]LogWindows:   Looked in: C:\Program Files\Epic Games\UE_4.27\Engine\Plugins\Runtime\ProceduralMeshComponent\Binaries\Win64
[2022.03.22-12.55.34:181][  0]LogWindows:   Looked in: C:\Program Files\Epic Games\UE_4.27\Engine\Plugins\Experimental\CharacterAI\Binaries\Win64
[2022.03.22-12.55.34:181][  0]LogWindows:   Looked in: C:\Program Files\Epic Games\UE_4.27\Engine\Plugins\Experimental\ChaosClothEditor\Binaries\Win64
[2022.03.22-12.55.34:181][  0]LogWindows:   Looked in: C:\Program Files\Epic Games\UE_4.27\Engine\Plugins\Lumin\MagicLeap\Binaries\Win64
[2022.03.22-12.55.34:181][  0]LogWindows:   Looked in: C:\Program Files\Epic Games\UE_4.27\Engine\Plugins\Lumin\MLSDK\Binaries\Win64
[2022.03.22-12.55.34:181][  0]LogWindows:   Looked in: C:\Program Files\Epic Games\UE_4.27\Engine\Plugins\Lumin\MagicLeapPassableWorld\Binaries\Win64
[2022.03.22-12.55.34:181][  0]LogWindows:   Looked in: C:\Program Files\Epic Games\UE_4.27\Engine\Plugins\Lumin\MagicLeapLightEstimation\Binaries\Win64
[2022.03.22-12.55.34:181][  0]LogWindows:   Looked in: C:\Program Files\Epic Games\UE_4.27\Engine\Plugins\Lumin\LuminPlatformFeatures\Binaries\Win64
[2022.03.22-12.55.34:181][  0]LogWindows:   Looked in: C:\Program Files\Epic Games\UE_4.27\Engine\Plugins\Enterprise\DatasmithContent\Binaries\Win64
[2022.03.22-12.55.34:181][  0]LogWindows:   Looked in: C:\Program Files\Epic Games\UE_4.27\Engine\Plugins\Enterprise\VariantManagerContent\Binaries\Win64
[2022.03.22-12.55.34:181][  0]LogWindows:   Looked in: C:\Program Files\Epic Games\UE_4.27\Engine\Plugins\Lumin\MagicLeapMedia\Binaries\Win64
[2022.03.22-12.55.34:181][  0]LogWindows:   Looked in: C:\Program Files\Epic Games\UE_4.27\Engine\Plugins\Experimental\MotoSynth\Binaries\Win64
[2022.03.22-12.55.34:181][  0]LogWindows:   Looked in: C:\Program Files\Epic Games\UE_4.27\Engine\Plugins\Experimental\PlatformCrypto\Binaries\Win64
[2022.03.22-12.55.34:181][  0]LogWindows:   Looked in: C:\Program Files\Epic Games\UE_4.27\Engine\Plugins\Experimental\ProxyLODPlugin\Binaries\Win64
[2022.03.22-12.55.34:181][  0]LogWindows:   Looked in: C:\Program Files\Epic Games\UE_4.27\Engine\Plugins\Experimental\OpenImageDenoise\Binaries\Win64
[2022.03.22-12.55.34:181][  0]LogWindows:   Looked in: C:\Program Files\Epic Games\UE_4.27\Engine\Plugins\Media\AndroidMedia\Binaries\Win64
[2022.03.22-12.55.34:181][  0]LogWindows:   Looked in: C:\Program Files\Epic Games\UE_4.27\Engine\Plugins\Experimental\SkeletalReduction\Binaries\Win64
[2022.03.22-12.55.34:181][  0]LogWindows:   Looked in: C:\Program Files\Epic Games\UE_4.27\Engine\Plugins\Media\AvfMedia\Binaries\Win64
[2022.03.22-12.55.34:181][  0]LogWindows:   Looked in: C:\Program Files\Epic Games\UE_4.27\Engine\Plugins\Media\ImgMedia\Binaries\Win64
[2022.03.22-12.55.34:181][  0]LogWindows:   Looked in: C:\Program Files\Epic Games\UE_4.27\Engine\Plugins\Media\MediaCompositing\Binaries\Win64
[2022.03.22-12.55.34:181][  0]LogWindows:   Looked in: C:\Program Files\Epic Games\UE_4.27\Engine\Plugins\Media\MediaPlayerEditor\Binaries\Win64
[2022.03.22-12.55.34:181][  0]LogWindows:   Looked in: C:\Program Files\Epic Games\UE_4.27\Engine\Plugins\Media\WmfMedia\Binaries\Win64
[2022.03.22-12.55.34:181][  0]LogWindows:   Looked in: C:\Program Files\Epic Games\UE_4.27\Engine\Plugins\Runtime\ActorLayerUtilities\Binaries\Win64
[2022.03.22-12.55.34:181][  0]LogWindows:   Looked in: C:\Program Files\Epic Games\UE_4.27\Engine\Plugins\Runtime\AndroidDeviceProfileSelector\Binaries\Win64
[2022.03.22-12.55.34:181][  0]LogWindows:   Looked in: C:\Program Files\Epic Games\UE_4.27\Engine\Plugins\Runtime\AndroidPermission\Binaries\Win64
[2022.03.22-12.55.34:181][  0]LogWindows:   Looked in: C:\Program Files\Epic Games\UE_4.27\Engine\Plugins\Runtime\AppleImageUtils\Binaries\Win64
[2022.03.22-12.55.34:181][  0]LogWindows:   Looked in: C:\Program Files\Epic Games\UE_4.27\Engine\Plugins\Runtime\ArchVisCharacter\Binaries\Win64
[2022.03.22-12.55.34:181][  0]LogWindows:   Looked in: C:\Program Files\Epic Games\UE_4.27\Engine\Plugins\Runtime\AssetTags\Binaries\Win64
[2022.03.22-12.55.34:181][  0]LogWindows:   Looked in: C:\Program Files\Epic Games\UE_4.27\Engine\Plugins\Runtime\AudioCapture\Binaries\Win64
[2022.03.22-12.55.34:181][  0]LogWindows:   Looked in: C:\Program Files\Epic Games\UE_4.27\Engine\Plugins\Runtime\CableComponent\Binaries\Win64
[2022.03.22-12.55.34:181][  0]LogWindows:   Looked in: C:\Program Files\Epic Games\UE_4.27\Engine\Plugins\Runtime\ChunkDownloader\Binaries\Win64
[2022.03.22-12.55.34:181][  0]LogWindows:   Looked in: C:\Program Files\Epic Games\UE_4.27\Engine\Plugins\Runtime\CustomMeshComponent\Binaries\Win64
[2022.03.22-12.55.34:181][  0]LogWindows:   Looked in: C:\Program Files\Epic Games\UE_4.27\Engine\Plugins\Runtime\ExampleDeviceProfileSelector\Binaries\Win64
[2022.03.22-12.55.34:181][  0]LogWindows:   Looked in: C:\Program Files\Epic Games\UE_4.27\Engine\Plugins\Runtime\AppleMoviePlayer\Binaries\Win64
[2022.03.22-12.55.34:181][  0]LogWindows:   Looked in: C:\Program Files\Epic Games\UE_4.27\Engine\Plugins\Runtime\GoogleCloudMessaging\Binaries\Win64
[2022.03.22-12.55.34:181][  0]LogWindows:   Looked in: C:\Program Files\Epic Games\UE_4.27\Engine\Plugins\Runtime\AndroidMoviePlayer\Binaries\Win64
[2022.03.22-12.55.34:181][  0]LogWindows:   Looked in: C:\Program Files\Epic Games\UE_4.27\Engine\Plugins\Runtime\GooglePAD\Binaries\Win64
[2022.03.22-12.55.34:181][  0]LogWindows:   Looked in: C:\Program Files\Epic Games\UE_4.27\Engine\Plugins\Online\OnlineSubsystem\Binaries\Win64
[2022.03.22-12.55.34:181][  0]LogWindows:   Looked in: C:\Program Files\Epic Games\UE_4.27\Engine\Plugins\Portal\LauncherChunkInstaller\Binaries\Win64
[2022.03.22-12.55.34:181][  0]LogWindows:   Looked in: C:\Program Files\Epic Games\UE_4.27\Engine\Plugins\Online\OnlineSubsystemNull\Binaries\Win64
[2022.03.22-12.55.34:181][  0]LogWindows:   Looked in: C:\Program Files\Epic Games\UE_4.27\Engine\Plugins\Online\OnlineSubsystemUtils\Binaries\Win64
[2022.03.22-12.55.34:181][  0]LogWindows:   Looked in: C:\Program Files\Epic Games\UE_4.27\Engine\Plugins\Runtime\LocationServicesBPLibrary\Binaries\Win64
[2022.03.22-12.55.34:181][  0]LogWindows:   Looked in: C:\Program Files\Epic Games\UE_4.27\Engine\Plugins\Runtime\IOSDeviceProfileSelector\Binaries\Win64
[2022.03.22-12.55.34:181][  0]LogWindows:   Looked in: C:\Program Files\Epic Games\UE_4.27\Engine\Plugins\Runtime\LinuxDeviceProfileSelector\Binaries\Win64
[2022.03.22-12.55.34:181][  0]LogWindows:   Looked in: C:\Program Files\Epic Games\UE_4.27\Engine\Plugins\Runtime\MobilePatchingUtils\Binaries\Win64
[2022.03.22-12.55.34:181][  0]LogWindows:   Looked in: C:\Program Files\Epic Games\UE_4.27\Engine\Plugins\Runtime\OpenXR\Binaries\Win64
[2022.03.22-12.55.34:181][  0]LogWindows:   Looked in: C:\Program Files\Epic Games\UE_4.27\Engine\Plugins\Runtime\OpenXRHandTracking\Binaries\Win64
[2022.03.22-12.55.34:181][  0]LogWindows:   Looked in: C:\Program Files\Epic Games\UE_4.27\Engine\Plugins\Animation\LiveLink\Binaries\Win64
[2022.03.22-12.55.34:181][  0]LogWindows:   Looked in: C:\Program Files\Epic Games\UE_4.27\Engine\Plugins\VirtualProduction\Takes\Binaries\Win64
[2022.03.22-12.55.34:181][  0]LogWindows:   Looked in: C:\Program Files\Epic Games\UE_4.27\Engine\Plugins\MovieScene\LevelSequenceEditor\Binaries\Win64
[2022.03.22-12.55.34:181][  0]LogWindows:   Looked in: C:\Program Files\Epic Games\UE_4.27\Engine\Plugins\Runtime\PhysXVehicles\Binaries\Win64
[2022.03.22-12.55.34:181][  0]LogWindows:   Looked in: C:\Program Files\Epic Games\UE_4.27\Engine\Plugins\MovieScene\ActorSequence\Binaries\Win64
[2022.03.22-12.55.34:181][  0]LogWindows:   Looked in: C:\Program Files\Epic Games\UE_4.27\Engine\Plugins\Runtime\PostSplashScreen\Binaries\Win64
[2022.03.22-12.55.34:181][  0]LogWindows:   Looked in: C:\Program Files\Epic Games\UE_4.27\Engine\Plugins\Runtime\RuntimePhysXCooking\Binaries\Win64
[2022.03.22-12.55.34:181][  0]LogWindows:   Looked in: C:\Program Files\Epic Games\UE_4.27\Engine\Plugins\Runtime\OpenXREyeTracker\Binaries\Win64
[2022.03.22-12.55.34:181][  0]LogWindows:   Looked in: C:\Program Files\Epic Games\UE_4.27\Engine\Plugins\Runtime\SoundFields\Binaries\Win64
[2022.03.22-12.55.34:181][  0]LogWindows:   Looked in: C:\Program Files\Epic Games\UE_4.27\Engine\Plugins\Runtime\PropertyAccess\Binaries\Win64
[2022.03.22-12.55.34:181][  0]LogWindows:   Looked in: C:\Program Files\Epic Games\UE_4.27\Engine\Plugins\Runtime\Synthesis\Binaries\Win64
[2022.03.22-12.55.34:181][  0]LogWindows:   Looked in: C:\Program Files\Epic Games\UE_4.27\Engine\Plugins\Runtime\AudioSynesthesia\Binaries\Win64
[2022.03.22-12.55.34:181][  0]LogWindows:   Looked in: C:\Program Files\Epic Games\UE_4.27\Engine\Plugins\Runtime\WebMMoviePlayer\Binaries\Win64
[2022.03.22-12.55.34:181][  0]LogWindows:   Looked in: C:\Program Files\Epic Games\UE_4.27\Engine\Plugins\Media\WebMMedia\Binaries\Win64
[2022.03.22-12.55.34:181][  0]LogWindows:   Looked in: C:\Program Files\Epic Games\UE_4.27\Engine\Plugins\MovieScene\MatineeToLevelSequence\Binaries\Win64
[2022.03.22-12.55.34:181][  0]LogWindows:   Looked in: C:\Program Files\Epic Games\UE_4.27\Engine\Plugins\MovieScene\TemplateSequence\Binaries\Win64
[2022.03.22-12.55.34:181][  0]LogWindows:   Looked in: C:\Program Files\Epic Games\UE_4.27\Engine\Plugins\Cameras\GameplayCameras\Binaries\Win64
[2022.03.22-12.55.34:181][  0]LogWindows:   Looked in: C:\Program Files\Epic Games\UE_4.27\Engine\Plugins\Runtime\WindowsMoviePlayer\Binaries\Win64
[2022.03.22-12.55.34:181][  0]LogWindows:   Looked in: C:\Program Files\Epic Games\UE_4.27\Engine\Plugins\Messaging\TcpMessaging\Binaries\Win64
[2022.03.22-12.55.34:181][  0]LogWindows:   Looked in: C:\Program Files\Epic Games\UE_4.27\Engine\Plugins\Messaging\UdpMessaging\Binaries\Win64
[2022.03.22-12.55.34:181][  0]LogWindows:   Looked in: C:\Program Files\Epic Games\UE_4.27\Engine\Plugins\Developer\AnimationSharing\Binaries\Win64
[2022.03.22-12.55.34:181][  0]LogWindows:   Looked in: C:\Program Files\Epic Games\UE_4.27\Engine\Plugins\Runtime\SignificanceManager\Binaries\Win64
[2022.03.22-12.55.34:181][  0]LogWindows:   Looked in: C:\Program Files\Epic Games\UE_4.27\Engine\Plugins\Developer\CLionSourceCodeAccess\Binaries\Win64
[2022.03.22-12.55.34:181][  0]LogWindows:   Looked in: C:\Program Files\Epic Games\UE_4.27\Engine\Plugins\Developer\PixWinPlugin\Binaries\Win64
[2022.03.22-12.55.34:182][  0]LogWindows:   Looked in: C:\Program Files\Epic Games\UE_4.27\Engine\Plugins\Developer\RiderSourceCodeAccess\Binaries\Win64
[2022.03.22-12.55.34:182][  0]LogWindows:   Looked in: C:\Program Files\Epic Games\UE_4.27\Engine\Plugins\Developer\SubversionSourceControl\Binaries\Win64
[2022.03.22-12.55.34:182][  0]LogWindows:   Looked in: C:\Program Files\Epic Games\UE_4.27\Engine\Plugins\Developer\NullSourceCodeAccess\Binaries\Win64
[2022.03.22-12.55.34:182][  0]LogWindows:   Looked in: C:\Program Files\Epic Games\UE_4.27\Engine\Plugins\Developer\KDevelopSourceCodeAccess\Binaries\Win64
[2022.03.22-12.55.34:182][  0]LogWindows:   Looked in: C:\Program Files\Epic Games\UE_4.27\Engine\Plugins\Developer\GitSourceControl\Binaries\Win64
[2022.03.22-12.55.34:182][  0]LogWindows:   Looked in: C:\Program Files\Epic Games\UE_4.27\Engine\Plugins\Developer\CodeLiteSourceCodeAccess\Binaries\Win64
[2022.03.22-12.55.34:182][  0]LogWindows:   Looked in: C:\Program Files\Epic Games\UE_4.27\Engine\Plugins\Developer\PerforceSourceControl\Binaries\Win64
[2022.03.22-12.55.34:182][  0]LogWindows:   Looked in: C:\Program Files\Epic Games\UE_4.27\Engine\Plugins\Developer\PlasticSourceControl\Binaries\Win64
[2022.03.22-12.55.34:182][  0]LogWindows:   Looked in: C:\Program Files\Epic Games\UE_4.27\Engine\Plugins\Developer\PropertyAccessNode\Binaries\Win64
[2022.03.22-12.55.34:182][  0]LogWindows:   Looked in: C:\Program Files\Epic Games\UE_4.27\Engine\Plugins\Developer\UObjectPlugin\Binaries\Win64
[2022.03.22-12.55.34:182][  0]LogWindows:   Looked in: C:\Program Files\Epic Games\UE_4.27\Engine\Plugins\Developer\VisualStudioCodeSourceCodeAccess\Binaries\Win64
[2022.03.22-12.55.34:182][  0]LogWindows:   Looked in: C:\Program Files\Epic Games\UE_4.27\Engine\Plugins\Developer\VisualStudioSourceCodeAccess\Binaries\Win64
[2022.03.22-12.55.34:182][  0]LogWindows:   Looked in: C:\Program Files\Epic Games\UE_4.27\Engine\Plugins\Developer\TextureFormatOodle\Binaries\Win64
[2022.03.22-12.55.34:182][  0]LogWindows:   Looked in: C:\Program Files\Epic Games\UE_4.27\Engine\Plugins\Developer\XCodeSourceCodeAccess\Binaries\Win64
[2022.03.22-12.55.34:182][  0]LogWindows:   Looked in: C:\Program Files\Epic Games\UE_4.27\Engine\Plugins\Cameras\CameraShakePreviewer\Binaries\Win64
[2022.03.22-12.55.34:182][  0]LogWindows:   Looked in: C:\Program Files\Epic Games\UE_4.27\Engine\Plugins\Editor\ContentBrowser\ContentBrowserAssetDataSource\Binaries\Win64
[2022.03.22-12.55.34:182][  0]LogWindows:   Looked in: C:\Program Files\Epic Games\UE_4.27\Engine\Plugins\Editor\ContentBrowser\ContentBrowserClassDataSource\Binaries\Win64
[2022.03.22-12.55.34:182][  0]LogWindows:   Looked in: C:\Program Files\Epic Games\UE_4.27\Engine\Plugins\Online\Android\OnlineSubsystemGooglePlay\Binaries\Win64
[2022.03.22-12.55.34:182][  0]LogWindows:   Looked in: C:\Program Files\Epic Games\UE_4.27\Engine\Plugins\Online\IOS\OnlineSubsystemIOS\Binaries\Win64
[2022.03.22-12.55.34:182][  0]LogWindows:   Looked in: C:\Program Files\Epic Games\UE_4.27\Engine\Plugins\Runtime\Oculus\OculusVR\Binaries\Win64
[2022.03.22-12.55.34:182][  0]LogWindows:   Looked in: C:\Program Files\Epic Games\UE_4.27\Engine\Plugins\Runtime\Steam\SteamVR\Binaries\Win64
[2022.03.22-12.55.34:182][  0]LogWindows:   Looked in: C:\Program Files\Epic Games\UE_4.27\Engine\Binaries\Win64\(Path="")\lib\win64
[2022.03.22-12.55.34:182][  0]LogWindows:   Looked in: C:\Program Files\Epic Games\UE_4.27\Engine\Binaries\Win64\Android
[2022.03.22-12.55.34:182][  0]LogWindows:   Looked in: C:\Program Files\Epic Games\UE_4.27\Engine\Binaries\Win64\IOS
[2022.03.22-12.55.34:182][  0]LogWindows:   Looked in: C:\Program Files\Epic Games\UE_4.27\Engine\Binaries\Win64\Linux
[2022.03.22-12.55.34:182][  0]LogWindows:   Looked in: C:\Program Files\Epic Games\UE_4.27\Engine\Binaries\Win64\Lumin
[2022.03.22-12.55.34:182][  0]LogModuleManager: Warning: ModuleManager: Unable to load module 'D:/OneDrive - SNU/github/CPP_Portfolio_2022/ArenaBattle/Binaries/Win64/UE4Editor-ArenaBattle-5486.dll' because the file couldn't be loaded by the OS.
[2022.03.22-12.55.36:136][  0]Message dialog closed, result: Ok, title: 메시지, text: ArenaBattle' 게임 모듈을 로드하지 못했습니다. 운영체제 오류가 있거나 모듈 설정이 제대로 되지 않았을 수 있습니다. 또는 빌드에 포함된 플러그인이 켜짐 상태가 아닐 수 있습니다.
[2022.03.22-12.55.36:137][  0]LogCore: Engine exit requested (reason: EngineExit() was called)
[2022.03.22-12.55.36:355][  0]LogSlate: Slate User Destroyed.  User Index 0, Is Virtual User: 0
[2022.03.22-12.55.36:355][  0]LogExit: Preparing to exit.
[2022.03.22-12.55.36:951][  0]LogUObjectHash: Compacting FUObjectHashTables data took   1.44ms
[2022.03.22-12.55.37:282][  0]LogWindows: Error: Error reentered: Assertion failed: Object->HasAnyFlags( RF_BeginDestroyed ) && !Object->HasAnyFlags( RF_FinishDestroyed ) [File:D:/Build/++UE4/Sync/Engine/Source/Runtime/CoreUObject/Private/UObject/GarbageCollection.cpp] [Line: 1574] 


[2022.03.22-12.55.38:879][  0]LogWindows: Error: === Critical error: ===
[2022.03.22-12.55.38:879][  0]LogWindows: Error: 
[2022.03.22-12.55.38:879][  0]LogWindows: Error: Assertion failed: GIsHotReload [File:D:/Build/++UE4/Sync/Engine/Source/Runtime/CoreUObject/Private/UObject/UObjectBase.cpp] [Line: 704] 
[2022.03.22-12.55.38:879][  0]LogWindows: Error: Trying to recreate class 'UABCharacterSetting' outside of hot reload!
[2022.03.22-12.55.38:879][  0]LogWindows: Error: 
[2022.03.22-12.55.38:879][  0]LogWindows: Error: 
[2022.03.22-12.55.38:879][  0]LogWindows: Error: [Callstack] 0x00007ffd463a478c KERNELBASE.dll!UnknownFunction []
[2022.03.22-12.55.38:879][  0]LogWindows: Error: [Callstack] 0x00007ffce05a0216 UE4Editor-Core.dll!UnknownFunction []
[2022.03.22-12.55.38:879][  0]LogWindows: Error: [Callstack] 0x00007ffce05a4218 UE4Editor-Core.dll!UnknownFunction []
[2022.03.22-12.55.38:879][  0]LogWindows: Error: [Callstack] 0x00007ffce02c242d UE4Editor-Core.dll!UnknownFunction []
[2022.03.22-12.55.38:879][  0]LogWindows: Error: [Callstack] 0x00007ffce0216a45 UE4Editor-Core.dll!UnknownFunction []
[2022.03.22-12.55.38:879][  0]LogWindows: Error: [Callstack] 0x00007ffce02180a0 UE4Editor-Core.dll!UnknownFunction []
[2022.03.22-12.55.38:879][  0]LogWindows: Error: [Callstack] 0x00007ffcdf9b2a7f UE4Editor-CoreUObject.dll!UnknownFunction []
[2022.03.22-12.55.38:880][  0]LogWindows: Error: [Callstack] 0x00007ffcdf9b3642 UE4Editor-CoreUObject.dll!UnknownFunction []
[2022.03.22-12.55.38:880][  0]LogWindows: Error: [Callstack] 0x00007ffcdfb2ecaf UE4Editor-CoreUObject.dll!UnknownFunction []
[2022.03.22-12.55.38:880][  0]LogWindows: Error: [Callstack] 0x00007ffcdf999bd7 UE4Editor-CoreUObject.dll!UnknownFunction []
[2022.03.22-12.55.38:880][  0]LogWindows: Error: [Callstack] 0x00007ff64bb088ed UE4Editor.exe!UnknownFunction []
[2022.03.22-12.55.38:880][  0]LogWindows: Error: [Callstack] 0x00007ff64bb0823d UE4Editor.exe!UnknownFunction []
[2022.03.22-12.55.38:880][  0]LogWindows: Error: [Callstack] 0x00007ff64bb1048a UE4Editor.exe!UnknownFunction []
[2022.03.22-12.55.38:880][  0]LogWindows: Error: [Callstack] 0x00007ff64bb11063 UE4Editor.exe!UnknownFunction []
[2022.03.22-12.55.38:880][  0]LogWindows: Error: [Callstack] 0x00007ff64bb110ba UE4Editor.exe!UnknownFunction []
[2022.03.22-12.55.38:880][  0]LogWindows: Error: [Callstack] 0x00007ff64bb140dd UE4Editor.exe!UnknownFunction []
[2022.03.22-12.55.38:880][  0]LogWindows: Error: [Callstack] 0x00007ff64bb25984 UE4Editor.exe!UnknownFunction []
[2022.03.22-12.55.38:880][  0]LogWindows: Error: [Callstack] 0x00007ff64bb2853a UE4Editor.exe!UnknownFunction []
[2022.03.22-12.55.38:880][  0]LogWindows: Error: [Callstack] 0x00007ffd46d154e0 KERNEL32.DLL!UnknownFunction []
[2022.03.22-12.55.38:880][  0]LogWindows: Error: [Callstack] 0x00007ffd48e0485b ntdll.dll!UnknownFunction []
[2022.03.22-12.55.38:880][  0]LogWindows: Error: 
[2022.03.22-12.55.38:913][  0]LogExit: Executing StaticShutdownAfterError
[2022.03.22-12.55.38:915][  0]LogWindows: FPlatformMisc::RequestExit(1)
[2022.03.22-12.55.38:915][  0]LogWindows: FPlatformMisc::RequestExitWithStatus(1, 3)
[2022.03.22-12.55.38:915][  0]LogCore: Engine exit requested (reason: Win RequestExit; note: exit was already requested)
[2022.03.22-12.55.38:929][  0]Log file closed, 03/22/22 21:55:38
