Log file open, 03/07/22 21:27:47
LogWindows: Failed to load 'aqProf.dll' (GetLastError=126)
LogWindows: File 'aqProf.dll' does not exist
LogWindows: Failed to load 'VtuneApi.dll' (GetLastError=126)
LogWindows: File 'VtuneApi.dll' does not exist
LogWindows: Failed to load 'VtuneApi32e.dll' (GetLastError=126)
LogWindows: File 'VtuneApi32e.dll' does not exist
LogConsoleResponse: Display: Failed to find resolution value strings in scalability ini. Falling back to default.
LogConsoleResponse: Display: Failed to find resolution value strings in scalability ini. Falling back to default.
LogInit: Display: Running engine for game: ArenaBattle
LogPlatformFile: Not using cached read wrapper
LogTaskGraph: Started task graph with 5 named threads and 35 total threads with 3 sets of task threads.
LogStats: Stats thread started at 0.638780
LogICUInternationalization: ICU TimeZone Detection - Raw Offset: +9:00, Platform Override: ''
LogInit: Display: Loading text-based GConfig....
LogPluginManager: Mounting plugin MeshPainting
LogPluginManager: Mounting plugin XGEController
LogPluginManager: Mounting plugin Paper2D
LogPluginManager: Mounting plugin AISupport
LogPluginManager: Mounting plugin LiveLink
LogPluginManager: Mounting plugin LightPropagationVolume
LogPluginManager: Mounting plugin OodleData
LogPluginManager: Mounting plugin EnvironmentQueryEditor
LogPluginManager: Mounting plugin OodleNetwork
LogPluginManager: Mounting plugin AnimationSharing
LogPluginManager: Mounting plugin CameraShakePreviewer
LogPluginManager: Mounting plugin AssetManagerEditor
LogPluginManager: Mounting plugin CryptoKeys
LogPluginManager: Mounting plugin CurveEditorTools
LogPluginManager: Mounting plugin DataValidation
LogPluginManager: Mounting plugin AlembicImporter
LogPluginManager: Mounting plugin FacialAnimation
LogPluginManager: Mounting plugin GameplayTagsEditor
LogPluginManager: Mounting plugin GeometryMode
LogPluginManager: Mounting plugin LuminPlatformFeatures
LogPluginManager: Mounting plugin MaterialAnalyzer
LogPluginManager: Mounting plugin MacGraphicsSwitching
LogPluginManager: Mounting plugin MobileLauncherProfileWizard
LogPluginManager: Mounting plugin PluginBrowser
LogPluginManager: Mounting plugin MagicLeap
LogPluginManager: Mounting plugin SpeedTreeImporter
LogPluginManager: Mounting plugin DatasmithContent
LogPluginManager: Mounting plugin CLionSourceCodeAccess
LogPluginManager: Mounting plugin AndroidMedia
LogPluginManager: Mounting plugin Niagara
LogPluginManager: Mounting plugin BackChannel
LogPluginManager: Mounting plugin CodeLiteSourceCodeAccess
LogPluginManager: Mounting plugin GameplayCameras
LogPluginManager: Mounting plugin ChaosCloth
LogPluginManager: Mounting plugin ChaosClothEditor
LogPluginManager: Mounting plugin GitSourceControl
LogPluginManager: Mounting plugin ChaosEditor
LogPluginManager: Mounting plugin KDevelopSourceCodeAccess
LogPluginManager: Mounting plugin NullSourceCodeAccess
LogPluginManager: Mounting plugin VariantManagerContent
LogPluginManager: Mounting plugin ChaosNiagara
LogPluginManager: Mounting plugin PerforceSourceControl
LogPluginManager: Mounting plugin PixWinPlugin
LogPluginManager: Mounting plugin RiderSourceCodeAccess
LogPluginManager: Mounting plugin PropertyAccessNode
LogPluginManager: Mounting plugin PlasticSourceControl
LogPluginManager: Mounting plugin PluginUtils
LogPluginManager: Mounting plugin SubversionSourceControl
LogPluginManager: Mounting plugin ChaosSolverPlugin
LogPluginManager: Mounting plugin CharacterAI
LogPluginManager: Mounting plugin AutomationUtils
LogPluginManager: Mounting plugin TextureFormatOodle
LogPluginManager: Mounting plugin UObjectPlugin
LogPluginManager: Mounting plugin MagicLeapLightEstimation
LogPluginManager: Mounting plugin MagicLeapMedia
LogPluginManager: Mounting plugin MagicLeapPassableWorld
LogPluginManager: Mounting plugin VisualStudioCodeSourceCodeAccess
LogPluginManager: Mounting plugin GeometryCache
LogPluginManager: Mounting plugin GeometryCollectionPlugin
LogPluginManager: Mounting plugin VisualStudioSourceCodeAccess
LogPluginManager: Mounting plugin XCodeSourceCodeAccess
LogPluginManager: Mounting plugin MLSDK
LogPluginManager: Mounting plugin GeometryProcessing
LogPluginManager: Mounting plugin OpenImageDenoise
LogPluginManager: Mounting plugin PlatformCrypto
LogPluginManager: Mounting plugin PlanarCut
LogPluginManager: Mounting plugin MotoSynth
LogPluginManager: Mounting plugin TcpMessaging
LogPluginManager: Mounting plugin ProxyLODPlugin
LogPluginManager: Mounting plugin UdpMessaging
LogPluginManager: Mounting plugin ActorSequence
LogPluginManager: Mounting plugin MatineeToLevelSequence
LogPluginManager: Mounting plugin LevelSequenceEditor
LogPluginManager: Mounting plugin PythonScriptPlugin
LogPluginManager: Mounting plugin TemplateSequence
LogPluginManager: Mounting plugin SkeletalReduction
LogPluginManager: Mounting plugin LauncherChunkInstaller
LogPluginManager: Mounting plugin OnlineSubsystemNull
LogPluginManager: Mounting plugin OnlineSubsystemUtils
LogPluginManager: Mounting plugin AvfMedia
LogPluginManager: Mounting plugin ImgMedia
LogPluginManager: Mounting plugin OnlineSubsystem
LogPluginManager: Mounting plugin MediaCompositing
LogPluginManager: Mounting plugin MediaPlayerEditor
LogPluginManager: Mounting plugin WmfMedia
LogPluginManager: Mounting plugin ActorLayerUtilities
LogPluginManager: Mounting plugin AndroidDeviceProfileSelector
LogPluginManager: Mounting plugin WebMMedia
LogPluginManager: Mounting plugin AndroidMoviePlayer
LogPluginManager: Mounting plugin AndroidPermission
LogPluginManager: Mounting plugin AppleMoviePlayer
LogPluginManager: Mounting plugin ArchVisCharacter
LogPluginManager: Mounting plugin AppleImageUtils
LogPluginManager: Mounting plugin AssetTags
LogPluginManager: Mounting plugin AudioCapture
LogPluginManager: Mounting plugin AudioSynesthesia
LogPluginManager: Mounting plugin ChunkDownloader
LogPluginManager: Mounting plugin CableComponent
LogPluginManager: Mounting plugin CustomMeshComponent
LogPluginManager: Mounting plugin EditableMesh
LogPluginManager: Mounting plugin ExampleDeviceProfileSelector
LogPluginManager: Mounting plugin GoogleCloudMessaging
LogPluginManager: Mounting plugin GooglePAD
LogPluginManager: Mounting plugin ScreenshotTools
LogPluginManager: Mounting plugin IOSDeviceProfileSelector
LogPluginManager: Mounting plugin LinuxDeviceProfileSelector
LogPluginManager: Mounting plugin LocationServicesBPLibrary
LogPluginManager: Mounting plugin MobilePatchingUtils
LogPluginManager: Mounting plugin OpenXR
LogPluginManager: Mounting plugin OpenXREyeTracker
LogPluginManager: Mounting plugin Takes
LogPluginManager: Mounting plugin OpenXRHandTracking
LogPluginManager: Mounting plugin PostSplashScreen
LogPluginManager: Mounting plugin ProceduralMeshComponent
LogPluginManager: Mounting plugin PropertyAccessEditor
LogPluginManager: Mounting plugin PhysXVehicles
LogPluginManager: Mounting plugin RuntimePhysXCooking
LogPluginManager: Mounting plugin SignificanceManager
LogPluginManager: Mounting plugin SoundFields
LogPluginManager: Mounting plugin Synthesis
LogPluginManager: Mounting plugin WebMMoviePlayer
LogPluginManager: Mounting plugin WindowsMoviePlayer
LogPluginManager: Mounting plugin ContentBrowserAssetDataSource
LogPluginManager: Mounting plugin ContentBrowserClassDataSource
LogPluginManager: Mounting plugin ContentBrowserFileDataSource
LogPluginManager: Mounting plugin OnlineSubsystemGooglePlay
LogPluginManager: Mounting plugin OnlineSubsystemIOS
LogPluginManager: Mounting plugin OculusVR
LogPluginManager: Mounting plugin SteamVR
PixWinPlugin: PIX capture plugin failed to initialize! Check that the process is launched from PIX.
LogInit: Using libcurl 7.55.1-DEV
LogInit:  - built for x86_64-pc-win32
LogInit:  - supports SSL with OpenSSL/1.1.1
LogInit:  - supports HTTP deflate (compression) using libz 1.2.8
LogInit:  - other features:
LogInit:      CURL_VERSION_SSL
LogInit:      CURL_VERSION_LIBZ
LogInit:      CURL_VERSION_IPV6
LogInit:      CURL_VERSION_ASYNCHDNS
LogInit:      CURL_VERSION_LARGEFILE
LogInit:      CURL_VERSION_IDN
LogInit:  CurlRequestOptions (configurable via config and command line):
LogInit:  - bVerifyPeer = true  - Libcurl will verify peer certificate
LogInit:  - bUseHttpProxy = false  - Libcurl will NOT use HTTP proxy
LogInit:  - bDontReuseConnections = false  - Libcurl will reuse connections
LogInit:  - MaxHostConnections = 16  - Libcurl will limit the number of connections to a host
LogInit:  - LocalHostAddr = Default
LogInit:  - BufferSize = 65536
LogOnline: OSS: Creating online subsystem instance for: NULL
LogInit: WinSock: version 1.1 (2.2), MaxSocks=32767, MaxUdp=65467
LogOnline: OSS: TryLoadSubsystemAndSetDefault: Loaded subsystem for module [NULL]
LogOculusPluginWrapper: OculusPlugin initialized successfully
LogHMD: Failed initializing OVRPlugin 1.59.0
LogInit: Build: ++UE4+Release-4.27-CL-18319896
LogInit: Engine Version: 4.27.2-18319896+++UE4+Release-4.27
LogInit: Compatible Engine Version: 4.27.0-17155196+++UE4+Release-4.27
LogInit: Net CL: 17155196
LogInit: OS: Windows 10 (Release 2009) (), CPU: AMD Ryzen 5 3600 6-Core Processor              , GPU: AMD Radeon RX 6700 XT
LogInit: Compiled (64-bit): Nov 30 2021 07:12:08
LogInit: Compiled with Visual C++: 19.24.28315.00
LogInit: Build Configuration: Development
LogInit: Branch Name: ++UE4+Release-4.27
LogInit: Command Line:  -skipcompile
LogInit: Base Directory: C:/Program Files/Epic Games/UE_4.27/Engine/Binaries/Win64/
LogInit: Allocator: TBB
LogInit: Installed Engine Build: 1
LogDevObjectVersion: Number of dev versions registered: 29
LogDevObjectVersion:   Dev-Blueprints (B0D832E4-1F89-4F0D-ACCF-7EB736FD4AA2): 10
LogDevObjectVersion:   Dev-Build (E1C64328-A22C-4D53-A36C-8E866417BD8C): 0
LogDevObjectVersion:   Dev-Core (375EC13C-06E4-48FB-B500-84F0262A717E): 4
LogDevObjectVersion:   Dev-Editor (E4B068ED-F494-42E9-A231-DA0B2E46BB41): 40
LogDevObjectVersion:   Dev-Framework (CFFC743F-43B0-4480-9391-14DF171D2073): 37
LogDevObjectVersion:   Dev-Mobile (B02B49B5-BB20-44E9-A304-32B752E40360): 3
LogDevObjectVersion:   Dev-Networking (A4E4105C-59A1-49B5-A7C5-40C4547EDFEE): 0
LogDevObjectVersion:   Dev-Online (39C831C9-5AE6-47DC-9A44-9C173E1C8E7C): 0
LogDevObjectVersion:   Dev-Physics (78F01B33-EBEA-4F98-B9B4-84EACCB95AA2): 14
LogDevObjectVersion:   Dev-Platform (6631380F-2D4D-43E0-8009-CF276956A95A): 0
LogDevObjectVersion:   Dev-Rendering (12F88B9F-8875-4AFC-A67C-D90C383ABD29): 45
LogDevObjectVersion:   Dev-Sequencer (7B5AE74C-D270-4C10-A958-57980B212A5A): 13
LogDevObjectVersion:   Dev-VR (D7296918-1DD6-4BDD-9DE2-64A83CC13884): 3
LogDevObjectVersion:   Dev-LoadTimes (C2A15278-BFE7-4AFE-6C17-90FF531DF755): 1
LogDevObjectVersion:   Private-Geometry (6EACA3D4-40EC-4CC1-B786-8BED09428FC5): 3
LogDevObjectVersion:   Dev-AnimPhys (29E575DD-E0A3-4627-9D10-D276232CDCEA): 17
LogDevObjectVersion:   Dev-Anim (AF43A65D-7FD3-4947-9873-3E8ED9C1BB05): 15
LogDevObjectVersion:   Dev-ReflectionCapture (6B266CEC-1EC7-4B8F-A30B-E4D90942FC07): 1
LogDevObjectVersion:   Dev-Automation (0DF73D61-A23F-47EA-B727-89E90C41499A): 1
LogDevObjectVersion:   FortniteMain (601D1886-AC64-4F84-AA16-D3DE0DEAC7D6): 47
LogDevObjectVersion:   FortniteRelease (E7086368-6B23-4C58-8439-1B7016265E91): 1
LogDevObjectVersion:   Dev-Enterprise (9DFFBCD6-494F-0158-E221-12823C92A888): 10
LogDevObjectVersion:   Dev-Niagara (F2AED0AC-9AFE-416F-8664-AA7FFA26D6FC): 1
LogDevObjectVersion:   Dev-Destruction (174F1F0B-B4C6-45A5-B13F-2EE8D0FB917D): 10
LogDevObjectVersion:   Dev-Physics-Ext (35F94A83-E258-406C-A318-09F59610247C): 41
LogDevObjectVersion:   Dev-PhysicsMaterial-Chaos (B68FC16E-8B1B-42E2-B453-215C058844FE): 1
LogDevObjectVersion:   Dev-CineCamera (B2E18506-4273-CFC2-A54E-F4BB758BBA07): 1
LogDevObjectVersion:   Dev-VirtualProduction (64F58936-FD1B-42BA-BA96-7289D5D0FA4E): 1
LogDevObjectVersion:   Dev-MediaFramework (6F0ED827-A609-4895-9C91-998D90180EA4): 2
LogInit: Presizing for max 25165824 objects, including 0 objects not considered by GC, pre-allocating 0 bytes for permanent pool.
LogConfig: Applying CVar settings from Section [/Script/Engine.StreamingSettings] File [D:/OneDrive - SNU/github/CPP_Portfolio_2022/ArenaBattle/Saved/Config/Windows/Engine.ini]
LogConfig: Setting CVar [[s.MinBulkDataSizeForAsyncLoading:131072]]
LogConfig: Setting CVar [[s.AsyncLoadingThreadEnabled:0]]
LogConfig: Setting CVar [[s.EventDrivenLoaderEnabled:1]]
LogConfig: Setting CVar [[s.WarnIfTimeLimitExceeded:0]]
LogConfig: Setting CVar [[s.TimeLimitExceededMultiplier:1.5]]
LogConfig: Setting CVar [[s.TimeLimitExceededMinTime:0.005]]
LogConfig: Setting CVar [[s.UseBackgroundLevelStreaming:1]]
LogConfig: Setting CVar [[s.PriorityAsyncLoadingExtraTime:15.0]]
LogConfig: Setting CVar [[s.LevelStreamingActorsUpdateTimeLimit:5.0]]
LogConfig: Setting CVar [[s.PriorityLevelStreamingActorsUpdateExtraTime:5.0]]
LogConfig: Setting CVar [[s.LevelStreamingComponentsRegistrationGranularity:10]]
LogConfig: Setting CVar [[s.UnregisterComponentsTimeLimit:1.0]]
LogConfig: Setting CVar [[s.LevelStreamingComponentsUnregistrationGranularity:5]]
LogConfig: Setting CVar [[s.FlushStreamingOnExit:1]]
LogInit: Object subsystem initialized
LogConfig: Setting CVar [[con.DebugEarlyDefault:1]]
LogConfig: Setting CVar [[r.setres:1280x720]]
[2022.03.07-12.27.49:197][  0]LogConfig: Setting CVar [[r.VSync:0]]
[2022.03.07-12.27.49:197][  0]LogConfig: Setting CVar [[r.RHICmdBypass:0]]
[2022.03.07-12.27.49:197][  0]LogConfig: Applying CVar settings from Section [/Script/Engine.RendererSettings] File [D:/OneDrive - SNU/github/CPP_Portfolio_2022/ArenaBattle/Saved/Config/Windows/Engine.ini]
[2022.03.07-12.27.49:197][  0]LogConfig: Setting CVar [[r.GPUCrashDebugging:0]]
[2022.03.07-12.27.49:197][  0]LogConfig: Applying CVar settings from Section [/Script/Engine.RendererOverrideSettings] File [D:/OneDrive - SNU/github/CPP_Portfolio_2022/ArenaBattle/Saved/Config/Windows/Engine.ini]
[2022.03.07-12.27.49:197][  0]LogConfig: Applying CVar settings from Section [/Script/Engine.StreamingSettings] File [D:/OneDrive - SNU/github/CPP_Portfolio_2022/ArenaBattle/Saved/Config/Windows/Engine.ini]
[2022.03.07-12.27.49:197][  0]LogConfig: Setting CVar [[s.MinBulkDataSizeForAsyncLoading:131072]]
[2022.03.07-12.27.49:197][  0]LogConfig: Setting CVar [[s.AsyncLoadingThreadEnabled:0]]
[2022.03.07-12.27.49:197][  0]LogConfig: Setting CVar [[s.EventDrivenLoaderEnabled:1]]
[2022.03.07-12.27.49:197][  0]LogConfig: Setting CVar [[s.WarnIfTimeLimitExceeded:0]]
[2022.03.07-12.27.49:197][  0]LogConfig: Setting CVar [[s.TimeLimitExceededMultiplier:1.5]]
[2022.03.07-12.27.49:197][  0]LogConfig: Setting CVar [[s.TimeLimitExceededMinTime:0.005]]
[2022.03.07-12.27.49:197][  0]LogConfig: Setting CVar [[s.UseBackgroundLevelStreaming:1]]
[2022.03.07-12.27.49:197][  0]LogConfig: Setting CVar [[s.PriorityAsyncLoadingExtraTime:15.0]]
[2022.03.07-12.27.49:197][  0]LogConfig: Setting CVar [[s.LevelStreamingActorsUpdateTimeLimit:5.0]]
[2022.03.07-12.27.49:197][  0]LogConfig: Setting CVar [[s.PriorityLevelStreamingActorsUpdateExtraTime:5.0]]
[2022.03.07-12.27.49:197][  0]LogConfig: Setting CVar [[s.LevelStreamingComponentsRegistrationGranularity:10]]
[2022.03.07-12.27.49:198][  0]LogConfig: Setting CVar [[s.UnregisterComponentsTimeLimit:1.0]]
[2022.03.07-12.27.49:198][  0]LogConfig: Setting CVar [[s.LevelStreamingComponentsUnregistrationGranularity:5]]
[2022.03.07-12.27.49:198][  0]LogConfig: Setting CVar [[s.FlushStreamingOnExit:1]]
[2022.03.07-12.27.49:198][  0]LogConfig: Applying CVar settings from Section [/Script/Engine.GarbageCollectionSettings] File [D:/OneDrive - SNU/github/CPP_Portfolio_2022/ArenaBattle/Saved/Config/Windows/Engine.ini]
[2022.03.07-12.27.49:198][  0]LogConfig: Setting CVar [[gc.MaxObjectsNotConsideredByGC:1]]
[2022.03.07-12.27.49:198][  0]LogConfig: Setting CVar [[gc.SizeOfPermanentObjectPool:0]]
[2022.03.07-12.27.49:198][  0]LogConfig: Setting CVar [[gc.FlushStreamingOnGC:0]]
[2022.03.07-12.27.49:198][  0]LogConfig: Setting CVar [[gc.NumRetriesBeforeForcingGC:10]]
[2022.03.07-12.27.49:198][  0]LogConfig: Setting CVar [[gc.AllowParallelGC:1]]
[2022.03.07-12.27.49:198][  0]LogConfig: Setting CVar [[gc.TimeBetweenPurgingPendingKillObjects:61.1]]
[2022.03.07-12.27.49:198][  0]LogConfig: Setting CVar [[gc.MaxObjectsInEditor:25165824]]
[2022.03.07-12.27.49:198][  0]LogConfig: Setting CVar [[gc.IncrementalBeginDestroyEnabled:1]]
[2022.03.07-12.27.49:198][  0]LogConfig: Setting CVar [[gc.CreateGCClusters:1]]
[2022.03.07-12.27.49:198][  0]LogConfig: Setting CVar [[gc.MinGCClusterSize:5]]
[2022.03.07-12.27.49:198][  0]LogConfig: Setting CVar [[gc.ActorClusteringEnabled:0]]
[2022.03.07-12.27.49:198][  0]LogConfig: Setting CVar [[gc.BlueprintClusteringEnabled:0]]
[2022.03.07-12.27.49:198][  0]LogConfig: Setting CVar [[gc.UseDisregardForGCOnDedicatedServers:0]]
[2022.03.07-12.27.49:198][  0]LogConfig: Setting CVar [[gc.MultithreadedDestructionEnabled:1]]
[2022.03.07-12.27.49:198][  0]LogConfig: Applying CVar settings from Section [/Script/Engine.NetworkSettings] File [D:/OneDrive - SNU/github/CPP_Portfolio_2022/ArenaBattle/Saved/Config/Windows/Engine.ini]
[2022.03.07-12.27.49:198][  0]LogConfig: Applying CVar settings from Section [/Script/UnrealEd.CookerSettings] File [D:/OneDrive - SNU/github/CPP_Portfolio_2022/ArenaBattle/Saved/Config/Windows/Engine.ini]
[2022.03.07-12.27.49:223][  0]LogConfig: Applying CVar settings from Section [ViewDistanceQuality@3] File [D:/OneDrive - SNU/github/CPP_Portfolio_2022/ArenaBattle/Saved/Config/Windows/Scalability.ini]
[2022.03.07-12.27.49:223][  0]LogConfig: Setting CVar [[r.SkeletalMeshLODBias:0]]
[2022.03.07-12.27.49:223][  0]LogConfig: Setting CVar [[r.ViewDistanceScale:1.0]]
[2022.03.07-12.27.49:223][  0]LogConfig: Applying CVar settings from Section [AntiAliasingQuality@3] File [D:/OneDrive - SNU/github/CPP_Portfolio_2022/ArenaBattle/Saved/Config/Windows/Scalability.ini]
[2022.03.07-12.27.49:223][  0]LogConfig: Setting CVar [[r.PostProcessAAQuality:4]]
[2022.03.07-12.27.49:223][  0]LogConfig: Applying CVar settings from Section [ShadowQuality@3] File [D:/OneDrive - SNU/github/CPP_Portfolio_2022/ArenaBattle/Saved/Config/Windows/Scalability.ini]
[2022.03.07-12.27.49:223][  0]LogConfig: Setting CVar [[r.LightFunctionQuality:1]]
[2022.03.07-12.27.49:223][  0]LogConfig: Setting CVar [[r.ShadowQuality:5]]
[2022.03.07-12.27.49:223][  0]LogConfig: Setting CVar [[r.Shadow.CSM.MaxCascades:10]]
[2022.03.07-12.27.49:223][  0]LogConfig: Setting CVar [[r.Shadow.MaxResolution:2048]]
[2022.03.07-12.27.49:223][  0]LogConfig: Setting CVar [[r.Shadow.MaxCSMResolution:2048]]
[2022.03.07-12.27.49:223][  0]LogConfig: Setting CVar [[r.Shadow.RadiusThreshold:0.01]]
[2022.03.07-12.27.49:223][  0]LogConfig: Setting CVar [[r.Shadow.DistanceScale:1.0]]
[2022.03.07-12.27.49:223][  0]LogConfig: Setting CVar [[r.Shadow.CSM.TransitionScale:1.0]]
[2022.03.07-12.27.49:223][  0]LogConfig: Setting CVar [[r.Shadow.PreShadowResolutionFactor:1.0]]
[2022.03.07-12.27.49:223][  0]LogConfig: Setting CVar [[r.DistanceFieldShadowing:1]]
[2022.03.07-12.27.49:223][  0]LogConfig: Setting CVar [[r.DistanceFieldAO:1]]
[2022.03.07-12.27.49:223][  0]LogConfig: Setting CVar [[r.AOQuality:2]]
[2022.03.07-12.27.49:224][  0]LogConfig: Setting CVar [[r.VolumetricFog:1]]
[2022.03.07-12.27.49:224][  0]LogConfig: Setting CVar [[r.VolumetricFog.GridPixelSize:8]]
[2022.03.07-12.27.49:224][  0]LogConfig: Setting CVar [[r.VolumetricFog.GridSizeZ:128]]
[2022.03.07-12.27.49:224][  0]LogConfig: Setting CVar [[r.VolumetricFog.HistoryMissSupersampleCount:4]]
[2022.03.07-12.27.49:224][  0]LogConfig: Setting CVar [[r.LightMaxDrawDistanceScale:1]]
[2022.03.07-12.27.49:224][  0]LogConfig: Setting CVar [[r.CapsuleShadows:1]]
[2022.03.07-12.27.49:224][  0]LogConfig: Applying CVar settings from Section [PostProcessQuality@3] File [D:/OneDrive - SNU/github/CPP_Portfolio_2022/ArenaBattle/Saved/Config/Windows/Scalability.ini]
[2022.03.07-12.27.49:224][  0]LogConfig: Setting CVar [[r.MotionBlurQuality:4]]
[2022.03.07-12.27.49:224][  0]LogConfig: Setting CVar [[r.AmbientOcclusionMipLevelFactor:0.4]]
[2022.03.07-12.27.49:224][  0]LogConfig: Setting CVar [[r.AmbientOcclusionMaxQuality:100]]
[2022.03.07-12.27.49:224][  0]LogConfig: Setting CVar [[r.AmbientOcclusionLevels:-1]]
[2022.03.07-12.27.49:224][  0]LogConfig: Setting CVar [[r.AmbientOcclusionRadiusScale:1.0]]
[2022.03.07-12.27.49:224][  0]LogConfig: Setting CVar [[r.DepthOfFieldQuality:2]]
[2022.03.07-12.27.49:224][  0]LogConfig: Setting CVar [[r.RenderTargetPoolMin:400]]
[2022.03.07-12.27.49:224][  0]LogConfig: Setting CVar [[r.LensFlareQuality:2]]
[2022.03.07-12.27.49:224][  0]LogConfig: Setting CVar [[r.SceneColorFringeQuality:1]]
[2022.03.07-12.27.49:224][  0]LogConfig: Setting CVar [[r.EyeAdaptationQuality:2]]
[2022.03.07-12.27.49:224][  0]LogConfig: Setting CVar [[r.BloomQuality:5]]
[2022.03.07-12.27.49:224][  0]LogConfig: Setting CVar [[r.FastBlurThreshold:100]]
[2022.03.07-12.27.49:224][  0]LogConfig: Setting CVar [[r.Upscale.Quality:3]]
[2022.03.07-12.27.49:224][  0]LogConfig: Setting CVar [[r.Tonemapper.GrainQuantization:1]]
[2022.03.07-12.27.49:224][  0]LogConfig: Setting CVar [[r.LightShaftQuality:1]]
[2022.03.07-12.27.49:224][  0]LogConfig: Setting CVar [[r.Filter.SizeScale:1]]
[2022.03.07-12.27.49:225][  0]LogConfig: Setting CVar [[r.Tonemapper.Quality:5]]
[2022.03.07-12.27.49:225][  0]LogConfig: Setting CVar [[r.DOF.Gather.AccumulatorQuality:1        ; higher gathering accumulator quality]]
[2022.03.07-12.27.49:225][  0]LogConfig: Setting CVar [[r.DOF.Gather.PostfilterMethod:1          ; Median3x3 postfilering method]]
[2022.03.07-12.27.49:225][  0]LogConfig: Setting CVar [[r.DOF.Gather.EnableBokehSettings:0       ; no bokeh simulation when gathering]]
[2022.03.07-12.27.49:225][  0]LogConfig: Setting CVar [[r.DOF.Gather.RingCount:4                 ; medium number of samples when gathering]]
[2022.03.07-12.27.49:225][  0]LogConfig: Setting CVar [[r.DOF.Scatter.ForegroundCompositing:1    ; additive foreground scattering]]
[2022.03.07-12.27.49:225][  0]LogConfig: Setting CVar [[r.DOF.Scatter.BackgroundCompositing:2    ; additive background scattering]]
[2022.03.07-12.27.49:225][  0]LogConfig: Setting CVar [[r.DOF.Scatter.EnableBokehSettings:1      ; bokeh simulation when scattering]]
[2022.03.07-12.27.49:225][  0]LogConfig: Setting CVar [[r.DOF.Scatter.MaxSpriteRatio:0.1         ; only a maximum of 10% of scattered bokeh]]
[2022.03.07-12.27.49:225][  0]LogConfig: Setting CVar [[r.DOF.Recombine.Quality:1                ; cheap slight out of focus]]
[2022.03.07-12.27.49:225][  0]LogConfig: Setting CVar [[r.DOF.Recombine.EnableBokehSettings:0    ; no bokeh simulation on slight out of focus]]
[2022.03.07-12.27.49:225][  0]LogConfig: Setting CVar [[r.DOF.TemporalAAQuality:1                ; more stable temporal accumulation]]
[2022.03.07-12.27.49:225][  0]LogConfig: Setting CVar [[r.DOF.Kernel.MaxForegroundRadius:0.025]]
[2022.03.07-12.27.49:225][  0]LogConfig: Setting CVar [[r.DOF.Kernel.MaxBackgroundRadius:0.025]]
[2022.03.07-12.27.49:225][  0]LogConfig: Applying CVar settings from Section [TextureQuality@3] File [D:/OneDrive - SNU/github/CPP_Portfolio_2022/ArenaBattle/Saved/Config/Windows/Scalability.ini]
[2022.03.07-12.27.49:225][  0]LogConfig: Setting CVar [[r.Streaming.MipBias:0]]
[2022.03.07-12.27.49:225][  0]LogConfig: Setting CVar [[r.Streaming.AmortizeCPUToGPUCopy:0]]
[2022.03.07-12.27.49:225][  0]LogConfig: Setting CVar [[r.Streaming.MaxNumTexturesToStreamPerFrame:0]]
[2022.03.07-12.27.49:225][  0]LogConfig: Setting CVar [[r.Streaming.Boost:1]]
[2022.03.07-12.27.49:225][  0]LogConfig: Setting CVar [[r.MaxAnisotropy:8]]
[2022.03.07-12.27.49:225][  0]LogConfig: Setting CVar [[r.VT.MaxAnisotropy:8]]
[2022.03.07-12.27.49:225][  0]LogConfig: Setting CVar [[r.Streaming.LimitPoolSizeToVRAM:0]]
[2022.03.07-12.27.49:226][  0]LogConfig: Setting CVar [[r.Streaming.PoolSize:1000]]
[2022.03.07-12.27.49:226][  0]LogConfig: Setting CVar [[r.Streaming.MaxEffectiveScreenSize:0]]
[2022.03.07-12.27.49:226][  0]LogConfig: Applying CVar settings from Section [EffectsQuality@3] File [D:/OneDrive - SNU/github/CPP_Portfolio_2022/ArenaBattle/Saved/Config/Windows/Scalability.ini]
[2022.03.07-12.27.49:226][  0]LogConfig: Setting CVar [[r.TranslucencyLightingVolumeDim:64]]
[2022.03.07-12.27.49:226][  0]LogConfig: Setting CVar [[r.RefractionQuality:2]]
[2022.03.07-12.27.49:226][  0]LogConfig: Setting CVar [[r.SSR.Quality:3]]
[2022.03.07-12.27.49:226][  0]LogConfig: Setting CVar [[r.SSR.HalfResSceneColor:0]]
[2022.03.07-12.27.49:226][  0]LogConfig: Setting CVar [[r.SceneColorFormat:4]]
[2022.03.07-12.27.49:226][  0]LogConfig: Setting CVar [[r.DetailMode:2]]
[2022.03.07-12.27.49:226][  0]LogConfig: Setting CVar [[r.TranslucencyVolumeBlur:1]]
[2022.03.07-12.27.49:226][  0]LogConfig: Setting CVar [[r.MaterialQualityLevel:1 ; High quality]]
[2022.03.07-12.27.49:226][  0]LogConfig: Setting CVar [[r.AnisotropicMaterials:1]]
[2022.03.07-12.27.49:226][  0]LogConfig: Setting CVar [[r.SSS.Scale:1]]
[2022.03.07-12.27.49:226][  0]LogConfig: Setting CVar [[r.SSS.SampleSet:2]]
[2022.03.07-12.27.49:226][  0]LogConfig: Setting CVar [[r.SSS.Quality:1]]
[2022.03.07-12.27.49:226][  0]LogConfig: Setting CVar [[r.SSS.HalfRes:0]]
[2022.03.07-12.27.49:226][  0]LogConfig: Setting CVar [[r.SSGI.Quality:3]]
[2022.03.07-12.27.49:226][  0]LogConfig: Setting CVar [[r.EmitterSpawnRateScale:1.0]]
[2022.03.07-12.27.49:226][  0]LogConfig: Setting CVar [[r.ParticleLightQuality:2]]
[2022.03.07-12.27.49:227][  0]LogConfig: Setting CVar [[r.SkyAtmosphere.AerialPerspectiveLUT.FastApplyOnOpaque:1 ; Always have FastSkyLUT 1 in this case to avoid wrong sky]]
[2022.03.07-12.27.49:227][  0]LogConfig: Setting CVar [[r.SkyAtmosphere.AerialPerspectiveLUT.SampleCountMaxPerSlice:4]]
[2022.03.07-12.27.49:227][  0]LogConfig: Setting CVar [[r.SkyAtmosphere.AerialPerspectiveLUT.DepthResolution:16.0]]
[2022.03.07-12.27.49:227][  0]LogConfig: Setting CVar [[r.SkyAtmosphere.FastSkyLUT:1]]
[2022.03.07-12.27.49:227][  0]LogConfig: Setting CVar [[r.SkyAtmosphere.FastSkyLUT.SampleCountMin:4.0]]
[2022.03.07-12.27.49:227][  0]LogConfig: Setting CVar [[r.SkyAtmosphere.FastSkyLUT.SampleCountMax:128.0]]
[2022.03.07-12.27.49:227][  0]LogConfig: Setting CVar [[r.SkyAtmosphere.SampleCountMin:4.0]]
[2022.03.07-12.27.49:227][  0]LogConfig: Setting CVar [[r.SkyAtmosphere.SampleCountMax:128.0]]
[2022.03.07-12.27.49:227][  0]LogConfig: Setting CVar [[r.SkyAtmosphere.TransmittanceLUT.UseSmallFormat:0]]
[2022.03.07-12.27.49:227][  0]LogConfig: Setting CVar [[r.SkyAtmosphere.TransmittanceLUT.SampleCount:10.0]]
[2022.03.07-12.27.49:227][  0]LogConfig: Setting CVar [[r.SkyAtmosphere.MultiScatteringLUT.SampleCount:15.0]]
[2022.03.07-12.27.49:227][  0]LogConfig: Setting CVar [[r.SkyLight.RealTimeReflectionCapture:1]]
[2022.03.07-12.27.49:227][  0]LogConfig: Applying CVar settings from Section [FoliageQuality@3] File [D:/OneDrive - SNU/github/CPP_Portfolio_2022/ArenaBattle/Saved/Config/Windows/Scalability.ini]
[2022.03.07-12.27.49:227][  0]LogConfig: Setting CVar [[foliage.DensityScale:1.0]]
[2022.03.07-12.27.49:227][  0]LogConfig: Setting CVar [[grass.DensityScale:1.0]]
[2022.03.07-12.27.49:227][  0]LogConfig: Applying CVar settings from Section [ShadingQuality@3] File [D:/OneDrive - SNU/github/CPP_Portfolio_2022/ArenaBattle/Saved/Config/Windows/Scalability.ini]
[2022.03.07-12.27.49:227][  0]LogConfig: Setting CVar [[r.HairStrands.SkyLighting.IntegrationType:2]]
[2022.03.07-12.27.49:227][  0]LogConfig: Setting CVar [[r.HairStrands.SkyAO.SampleCount:4]]
[2022.03.07-12.27.49:227][  0]LogConfig: Setting CVar [[r.HairStrands.Visibility.MSAA.SamplePerPixel:4]]
[2022.03.07-12.27.49:228][  0]LogInit: Selected Device Profile: [Windows]
[2022.03.07-12.27.49:228][  0]LogInit: Applying CVar settings loaded from the selected device profile: [Windows]
[2022.03.07-12.27.49:228][  0]LogHAL: Display: Platform has ~ 16 GB [17101971456 / 17179869184 / 16], which maps to Larger [LargestMinGB=32, LargerMinGB=12, DefaultMinGB=8, SmallerMinGB=6, SmallestMinGB=0)
[2022.03.07-12.27.49:228][  0]LogInit: Going up to parent DeviceProfile []
[2022.03.07-12.27.49:228][  0]LogConfig: Applying CVar settings from Section [ViewDistanceQuality@3] File [D:/OneDrive - SNU/github/CPP_Portfolio_2022/ArenaBattle/Saved/Config/Windows/Scalability.ini]
[2022.03.07-12.27.49:228][  0]LogConfig: Setting CVar [[r.SkeletalMeshLODBias:0]]
[2022.03.07-12.27.49:228][  0]LogConfig: Setting CVar [[r.ViewDistanceScale:1.0]]
[2022.03.07-12.27.49:228][  0]LogConfig: Applying CVar settings from Section [AntiAliasingQuality@3] File [D:/OneDrive - SNU/github/CPP_Portfolio_2022/ArenaBattle/Saved/Config/Windows/Scalability.ini]
[2022.03.07-12.27.49:228][  0]LogConfig: Setting CVar [[r.PostProcessAAQuality:4]]
[2022.03.07-12.27.49:228][  0]LogConfig: Applying CVar settings from Section [ShadowQuality@3] File [D:/OneDrive - SNU/github/CPP_Portfolio_2022/ArenaBattle/Saved/Config/Windows/Scalability.ini]
[2022.03.07-12.27.49:228][  0]LogConfig: Setting CVar [[r.LightFunctionQuality:1]]
[2022.03.07-12.27.49:228][  0]LogConfig: Setting CVar [[r.ShadowQuality:5]]
[2022.03.07-12.27.49:228][  0]LogConfig: Setting CVar [[r.Shadow.CSM.MaxCascades:10]]
[2022.03.07-12.27.49:228][  0]LogConfig: Setting CVar [[r.Shadow.MaxResolution:2048]]
[2022.03.07-12.27.49:228][  0]LogConfig: Setting CVar [[r.Shadow.MaxCSMResolution:2048]]
[2022.03.07-12.27.49:228][  0]LogConfig: Setting CVar [[r.Shadow.RadiusThreshold:0.01]]
[2022.03.07-12.27.49:228][  0]LogConfig: Setting CVar [[r.Shadow.DistanceScale:1.0]]
[2022.03.07-12.27.49:228][  0]LogConfig: Setting CVar [[r.Shadow.CSM.TransitionScale:1.0]]
[2022.03.07-12.27.49:228][  0]LogConfig: Setting CVar [[r.Shadow.PreShadowResolutionFactor:1.0]]
[2022.03.07-12.27.49:228][  0]LogConfig: Setting CVar [[r.DistanceFieldShadowing:1]]
[2022.03.07-12.27.49:228][  0]LogConfig: Setting CVar [[r.DistanceFieldAO:1]]
[2022.03.07-12.27.49:228][  0]LogConfig: Setting CVar [[r.AOQuality:2]]
[2022.03.07-12.27.49:229][  0]LogConfig: Setting CVar [[r.VolumetricFog:1]]
[2022.03.07-12.27.49:229][  0]LogConfig: Setting CVar [[r.VolumetricFog.GridPixelSize:8]]
[2022.03.07-12.27.49:229][  0]LogConfig: Setting CVar [[r.VolumetricFog.GridSizeZ:128]]
[2022.03.07-12.27.49:229][  0]LogConfig: Setting CVar [[r.VolumetricFog.HistoryMissSupersampleCount:4]]
[2022.03.07-12.27.49:229][  0]LogConfig: Setting CVar [[r.LightMaxDrawDistanceScale:1]]
[2022.03.07-12.27.49:229][  0]LogConfig: Setting CVar [[r.CapsuleShadows:1]]
[2022.03.07-12.27.49:229][  0]LogConfig: Applying CVar settings from Section [PostProcessQuality@3] File [D:/OneDrive - SNU/github/CPP_Portfolio_2022/ArenaBattle/Saved/Config/Windows/Scalability.ini]
[2022.03.07-12.27.49:229][  0]LogConfig: Setting CVar [[r.MotionBlurQuality:4]]
[2022.03.07-12.27.49:229][  0]LogConfig: Setting CVar [[r.AmbientOcclusionMipLevelFactor:0.4]]
[2022.03.07-12.27.49:229][  0]LogConfig: Setting CVar [[r.AmbientOcclusionMaxQuality:100]]
[2022.03.07-12.27.49:229][  0]LogConfig: Setting CVar [[r.AmbientOcclusionLevels:-1]]
[2022.03.07-12.27.49:229][  0]LogConfig: Setting CVar [[r.AmbientOcclusionRadiusScale:1.0]]
[2022.03.07-12.27.49:229][  0]LogConfig: Setting CVar [[r.DepthOfFieldQuality:2]]
[2022.03.07-12.27.49:229][  0]LogConfig: Setting CVar [[r.RenderTargetPoolMin:400]]
[2022.03.07-12.27.49:229][  0]LogConfig: Setting CVar [[r.LensFlareQuality:2]]
[2022.03.07-12.27.49:229][  0]LogConfig: Setting CVar [[r.SceneColorFringeQuality:1]]
[2022.03.07-12.27.49:229][  0]LogConfig: Setting CVar [[r.EyeAdaptationQuality:2]]
[2022.03.07-12.27.49:229][  0]LogConfig: Setting CVar [[r.BloomQuality:5]]
[2022.03.07-12.27.49:229][  0]LogConfig: Setting CVar [[r.FastBlurThreshold:100]]
[2022.03.07-12.27.49:229][  0]LogConfig: Setting CVar [[r.Upscale.Quality:3]]
[2022.03.07-12.27.49:229][  0]LogConfig: Setting CVar [[r.Tonemapper.GrainQuantization:1]]
[2022.03.07-12.27.49:230][  0]LogConfig: Setting CVar [[r.LightShaftQuality:1]]
[2022.03.07-12.27.49:230][  0]LogConfig: Setting CVar [[r.Filter.SizeScale:1]]
[2022.03.07-12.27.49:230][  0]LogConfig: Setting CVar [[r.Tonemapper.Quality:5]]
[2022.03.07-12.27.49:230][  0]LogConfig: Setting CVar [[r.DOF.Gather.AccumulatorQuality:1        ; higher gathering accumulator quality]]
[2022.03.07-12.27.49:230][  0]LogConfig: Setting CVar [[r.DOF.Gather.PostfilterMethod:1          ; Median3x3 postfilering method]]
[2022.03.07-12.27.49:230][  0]LogConfig: Setting CVar [[r.DOF.Gather.EnableBokehSettings:0       ; no bokeh simulation when gathering]]
[2022.03.07-12.27.49:230][  0]LogConfig: Setting CVar [[r.DOF.Gather.RingCount:4                 ; medium number of samples when gathering]]
[2022.03.07-12.27.49:230][  0]LogConfig: Setting CVar [[r.DOF.Scatter.ForegroundCompositing:1    ; additive foreground scattering]]
[2022.03.07-12.27.49:230][  0]LogConfig: Setting CVar [[r.DOF.Scatter.BackgroundCompositing:2    ; additive background scattering]]
[2022.03.07-12.27.49:230][  0]LogConfig: Setting CVar [[r.DOF.Scatter.EnableBokehSettings:1      ; bokeh simulation when scattering]]
[2022.03.07-12.27.49:230][  0]LogConfig: Setting CVar [[r.DOF.Scatter.MaxSpriteRatio:0.1         ; only a maximum of 10% of scattered bokeh]]
[2022.03.07-12.27.49:230][  0]LogConfig: Setting CVar [[r.DOF.Recombine.Quality:1                ; cheap slight out of focus]]
[2022.03.07-12.27.49:230][  0]LogConfig: Setting CVar [[r.DOF.Recombine.EnableBokehSettings:0    ; no bokeh simulation on slight out of focus]]
[2022.03.07-12.27.49:230][  0]LogConfig: Setting CVar [[r.DOF.TemporalAAQuality:1                ; more stable temporal accumulation]]
[2022.03.07-12.27.49:230][  0]LogConfig: Setting CVar [[r.DOF.Kernel.MaxForegroundRadius:0.025]]
[2022.03.07-12.27.49:230][  0]LogConfig: Setting CVar [[r.DOF.Kernel.MaxBackgroundRadius:0.025]]
[2022.03.07-12.27.49:230][  0]LogConfig: Applying CVar settings from Section [TextureQuality@3] File [D:/OneDrive - SNU/github/CPP_Portfolio_2022/ArenaBattle/Saved/Config/Windows/Scalability.ini]
[2022.03.07-12.27.49:230][  0]LogConfig: Setting CVar [[r.Streaming.MipBias:0]]
[2022.03.07-12.27.49:230][  0]LogConfig: Setting CVar [[r.Streaming.AmortizeCPUToGPUCopy:0]]
[2022.03.07-12.27.49:230][  0]LogConfig: Setting CVar [[r.Streaming.MaxNumTexturesToStreamPerFrame:0]]
[2022.03.07-12.27.49:230][  0]LogConfig: Setting CVar [[r.Streaming.Boost:1]]
[2022.03.07-12.27.49:230][  0]LogConfig: Setting CVar [[r.MaxAnisotropy:8]]
[2022.03.07-12.27.49:230][  0]LogConfig: Setting CVar [[r.VT.MaxAnisotropy:8]]
[2022.03.07-12.27.49:231][  0]LogConfig: Setting CVar [[r.Streaming.LimitPoolSizeToVRAM:0]]
[2022.03.07-12.27.49:231][  0]LogConfig: Setting CVar [[r.Streaming.PoolSize:1000]]
[2022.03.07-12.27.49:231][  0]LogConfig: Setting CVar [[r.Streaming.MaxEffectiveScreenSize:0]]
[2022.03.07-12.27.49:231][  0]LogConfig: Applying CVar settings from Section [EffectsQuality@3] File [D:/OneDrive - SNU/github/CPP_Portfolio_2022/ArenaBattle/Saved/Config/Windows/Scalability.ini]
[2022.03.07-12.27.49:231][  0]LogConfig: Setting CVar [[r.TranslucencyLightingVolumeDim:64]]
[2022.03.07-12.27.49:231][  0]LogConfig: Setting CVar [[r.RefractionQuality:2]]
[2022.03.07-12.27.49:231][  0]LogConfig: Setting CVar [[r.SSR.Quality:3]]
[2022.03.07-12.27.49:231][  0]LogConfig: Setting CVar [[r.SSR.HalfResSceneColor:0]]
[2022.03.07-12.27.49:231][  0]LogConfig: Setting CVar [[r.SceneColorFormat:4]]
[2022.03.07-12.27.49:231][  0]LogConfig: Setting CVar [[r.DetailMode:2]]
[2022.03.07-12.27.49:231][  0]LogConfig: Setting CVar [[r.TranslucencyVolumeBlur:1]]
[2022.03.07-12.27.49:231][  0]LogConfig: Setting CVar [[r.MaterialQualityLevel:1 ; High quality]]
[2022.03.07-12.27.49:231][  0]LogConfig: Setting CVar [[r.AnisotropicMaterials:1]]
[2022.03.07-12.27.49:231][  0]LogConfig: Setting CVar [[r.SSS.Scale:1]]
[2022.03.07-12.27.49:231][  0]LogConfig: Setting CVar [[r.SSS.SampleSet:2]]
[2022.03.07-12.27.49:231][  0]LogConfig: Setting CVar [[r.SSS.Quality:1]]
[2022.03.07-12.27.49:231][  0]LogConfig: Setting CVar [[r.SSS.HalfRes:0]]
[2022.03.07-12.27.49:231][  0]LogConfig: Setting CVar [[r.SSGI.Quality:3]]
[2022.03.07-12.27.49:231][  0]LogConfig: Setting CVar [[r.EmitterSpawnRateScale:1.0]]
[2022.03.07-12.27.49:231][  0]LogConfig: Setting CVar [[r.ParticleLightQuality:2]]
[2022.03.07-12.27.49:231][  0]LogConfig: Setting CVar [[r.SkyAtmosphere.AerialPerspectiveLUT.FastApplyOnOpaque:1 ; Always have FastSkyLUT 1 in this case to avoid wrong sky]]
[2022.03.07-12.27.49:231][  0]LogConfig: Setting CVar [[r.SkyAtmosphere.AerialPerspectiveLUT.SampleCountMaxPerSlice:4]]
[2022.03.07-12.27.49:231][  0]LogConfig: Setting CVar [[r.SkyAtmosphere.AerialPerspectiveLUT.DepthResolution:16.0]]
[2022.03.07-12.27.49:232][  0]LogConfig: Setting CVar [[r.SkyAtmosphere.FastSkyLUT:1]]
[2022.03.07-12.27.49:232][  0]LogConfig: Setting CVar [[r.SkyAtmosphere.FastSkyLUT.SampleCountMin:4.0]]
[2022.03.07-12.27.49:232][  0]LogConfig: Setting CVar [[r.SkyAtmosphere.FastSkyLUT.SampleCountMax:128.0]]
[2022.03.07-12.27.49:232][  0]LogConfig: Setting CVar [[r.SkyAtmosphere.SampleCountMin:4.0]]
[2022.03.07-12.27.49:232][  0]LogConfig: Setting CVar [[r.SkyAtmosphere.SampleCountMax:128.0]]
[2022.03.07-12.27.49:232][  0]LogConfig: Setting CVar [[r.SkyAtmosphere.TransmittanceLUT.UseSmallFormat:0]]
[2022.03.07-12.27.49:232][  0]LogConfig: Setting CVar [[r.SkyAtmosphere.TransmittanceLUT.SampleCount:10.0]]
[2022.03.07-12.27.49:232][  0]LogConfig: Setting CVar [[r.SkyAtmosphere.MultiScatteringLUT.SampleCount:15.0]]
[2022.03.07-12.27.49:232][  0]LogConfig: Setting CVar [[r.SkyLight.RealTimeReflectionCapture:1]]
[2022.03.07-12.27.49:232][  0]LogConfig: Applying CVar settings from Section [FoliageQuality@3] File [D:/OneDrive - SNU/github/CPP_Portfolio_2022/ArenaBattle/Saved/Config/Windows/Scalability.ini]
[2022.03.07-12.27.49:232][  0]LogConfig: Setting CVar [[foliage.DensityScale:1.0]]
[2022.03.07-12.27.49:232][  0]LogConfig: Setting CVar [[grass.DensityScale:1.0]]
[2022.03.07-12.27.49:232][  0]LogConfig: Applying CVar settings from Section [ShadingQuality@3] File [D:/OneDrive - SNU/github/CPP_Portfolio_2022/ArenaBattle/Saved/Config/Windows/Scalability.ini]
[2022.03.07-12.27.49:232][  0]LogConfig: Setting CVar [[r.HairStrands.SkyLighting.IntegrationType:2]]
[2022.03.07-12.27.49:232][  0]LogConfig: Setting CVar [[r.HairStrands.SkyAO.SampleCount:4]]
[2022.03.07-12.27.49:232][  0]LogConfig: Setting CVar [[r.HairStrands.Visibility.MSAA.SamplePerPixel:4]]
[2022.03.07-12.27.49:232][  0]LogConfig: Applying CVar settings from Section [Startup] File [../../../Engine/Config/ConsoleVariables.ini]
[2022.03.07-12.27.49:233][  0]LogConfig: Setting CVar [[net.UseAdaptiveNetUpdateFrequency:0]]
[2022.03.07-12.27.49:233][  0]LogConfig: Setting CVar [[p.chaos.AllowCreatePhysxBodies:1]]
[2022.03.07-12.27.49:233][  0]LogConfig: Setting CVar [[fx.SkipVectorVMBackendOptimizations:1]]
[2022.03.07-12.27.49:233][  0]LogConfig: Applying CVar settings from Section [ConsoleVariables] File [D:/OneDrive - SNU/github/CPP_Portfolio_2022/ArenaBattle/Saved/Config/Windows/Engine.ini]
[2022.03.07-12.27.49:233][  0]LogConfig: Applying CVar settings from Section [ConsoleVariables] File [D:/OneDrive - SNU/github/CPP_Portfolio_2022/ArenaBattle/Saved/Config/Windows/Editor.ini]
[2022.03.07-12.27.49:233][  0]LogInit: Computer: DESKTOP-79EDH39
[2022.03.07-12.27.49:233][  0]LogInit: User: Tony
[2022.03.07-12.27.49:233][  0]LogInit: CPU Page size=4096, Cores=6
[2022.03.07-12.27.49:233][  0]LogInit: High frequency timer resolution =10.000000 MHz
[2022.03.07-12.27.49:233][  0]LogMemory: Memory total: Physical=15.9GB (16GB approx)
[2022.03.07-12.27.49:233][  0]LogMemory: Platform Memory Stats for Windows
[2022.03.07-12.27.49:233][  0]LogMemory: Process Physical Memory: 153.66 MB used, 153.66 MB peak
[2022.03.07-12.27.49:233][  0]LogMemory: Process Virtual Memory: 136.37 MB used, 136.37 MB peak
[2022.03.07-12.27.49:233][  0]LogMemory: Physical Memory: 9534.29 MB used,  6775.42 MB free, 16309.71 MB total
[2022.03.07-12.27.49:233][  0]LogMemory: Virtual Memory: 134210952.00 MB used,  6776.89 MB free, 134217728.00 MB total
[2022.03.07-12.27.49:246][  0]LogWindows: WindowsPlatformFeatures enabled
[2022.03.07-12.27.49:382][  0]LogInit: Physics initialised using underlying interface: PhysX
[2022.03.07-12.27.49:382][  0]LogInit: Using OS detected language (ko-KR).
[2022.03.07-12.27.49:382][  0]LogInit: Using OS detected locale (ko-KR).
[2022.03.07-12.27.49:387][  0]LogTextLocalizationManager: No specific localization for 'ko-KR' exists, so the 'ko' localization will be used.
[2022.03.07-12.27.49:481][  0]LogInit: Setting process to per monitor DPI aware
[2022.03.07-12.27.49:520][  0]LogWindowsTextInputMethodSystem: Display: IME system deactivated.
[2022.03.07-12.27.49:546][  0]LogSlate: New Slate User Created.  User Index 0, Is Virtual User: 0
[2022.03.07-12.27.49:546][  0]LogSlate: Slate User Registered.  User Index 0, Is Virtual User: 0
[2022.03.07-12.27.49:706][  0]LogD3D11RHI: Loaded GFSDK_Aftermath_Lib.x64.dll
[2022.03.07-12.27.55:113][  0]LogHMD: Failed to initialize OpenVR with code 108
[2022.03.07-12.27.55:113][  0]LogD3D11RHI: D3D11 min allowed feature level: 11_0
[2022.03.07-12.27.55:113][  0]LogD3D11RHI: D3D11 max allowed feature level: 11_0
[2022.03.07-12.27.55:113][  0]LogD3D11RHI: D3D11 adapters:
[2022.03.07-12.27.55:177][  0]LogD3D11RHI:    0. 'AMD Radeon RX 6700 XT' (Feature Level 11_0)
[2022.03.07-12.27.55:177][  0]LogD3D11RHI:       12243/0/8154 MB DedicatedVideo/DedicatedSystem/SharedSystem, Outputs:3, VendorId:0x1002
[2022.03.07-12.27.55:183][  0]LogD3D11RHI:    1. 'Microsoft Basic Render Driver' (Feature Level 11_0)
[2022.03.07-12.27.55:183][  0]LogD3D11RHI:       0/0/8154 MB DedicatedVideo/DedicatedSystem/SharedSystem, Outputs:0, VendorId:0x1414
[2022.03.07-12.27.55:240][  0]LogD3D11RHI:    2. 'AMD Radeon RX 6700 XT' (Feature Level 11_0)
[2022.03.07-12.27.55:240][  0]LogD3D11RHI:       12243/0/8154 MB DedicatedVideo/DedicatedSystem/SharedSystem, Outputs:0, VendorId:0x1002
[2022.03.07-12.27.55:241][  0]LogD3D11RHI: Chosen D3D11 Adapter:
[2022.03.07-12.27.55:241][  0]LogD3D11RHI:     Description : AMD Radeon RX 6700 XT
[2022.03.07-12.27.55:241][  0]LogD3D11RHI:     VendorId    : 1002
[2022.03.07-12.27.55:241][  0]LogD3D11RHI:     DeviceId    : 73df
[2022.03.07-12.27.55:241][  0]LogD3D11RHI:     SubSysId    : 66011eae
[2022.03.07-12.27.55:241][  0]LogD3D11RHI:     Revision    : 00c1
[2022.03.07-12.27.55:241][  0]LogD3D11RHI:     DedicatedVideoMemory : 12838350848 bytes
[2022.03.07-12.27.55:241][  0]LogD3D11RHI:     DedicatedSystemMemory : 0 bytes
[2022.03.07-12.27.55:241][  0]LogD3D11RHI:     SharedSystemMemory : 8550985728 bytes
[2022.03.07-12.27.55:241][  0]LogD3D11RHI:     AdapterLuid : 0 50474
[2022.03.07-12.27.55:248][  0]LogD3D11RHI: Creating new Direct3DDevice
[2022.03.07-12.27.55:248][  0]LogD3D11RHI:     GPU DeviceId: 0x73df (for the marketing name, search the web for "GPU Device Id")
[2022.03.07-12.27.55:248][  0]LogWindows: EnumDisplayDevices:
[2022.03.07-12.27.55:249][  0]LogWindows:    0. 'AMD Radeon RX 6700 XT' (P:0 D:1)
[2022.03.07-12.27.55:249][  0]LogWindows:    1. 'AMD Radeon RX 6700 XT' (P:1 D:1)
[2022.03.07-12.27.55:249][  0]LogWindows:    2. 'AMD Radeon RX 6700 XT' (P:0 D:1)
[2022.03.07-12.27.55:250][  0]LogWindows:    3. 'AMD Radeon RX 6700 XT' (P:0 D:0)
[2022.03.07-12.27.55:250][  0]LogWindows:    4. 'AMD Radeon RX 6700 XT' (P:0 D:0)
[2022.03.07-12.27.55:250][  0]LogWindows:    5. 'AMD Radeon RX 6700 XT' (P:0 D:0)
[2022.03.07-12.27.55:251][  0]LogWindows:    6. 'AMD Radeon RX 6700 XT' (P:0 D:0)
[2022.03.07-12.27.55:251][  0]LogWindows:    7. 'Citrix Indirect Display Adapter' (P:0 D:0)
[2022.03.07-12.27.55:251][  0]LogWindows:    8. 'Citrix Indirect Display Adapter' (P:0 D:0)
[2022.03.07-12.27.55:251][  0]LogWindows:    9. 'Citrix Indirect Display Adapter' (P:0 D:0)
[2022.03.07-12.27.55:252][  0]LogWindows:    10. 'Citrix Indirect Display Adapter' (P:0 D:0)
[2022.03.07-12.27.55:252][  0]LogWindows:    11. 'Citrix Indirect Display Adapter' (P:0 D:0)
[2022.03.07-12.27.55:252][  0]LogWindows:    12. 'Citrix Indirect Display Adapter' (P:0 D:0)
[2022.03.07-12.27.55:252][  0]LogWindows:    13. 'Citrix Indirect Display Adapter' (P:0 D:0)
[2022.03.07-12.27.55:253][  0]LogWindows:    14. 'Citrix Indirect Display Adapter' (P:0 D:0)
[2022.03.07-12.27.55:253][  0]LogWindows: DebugString: GetVideoDriverDetailsInvalid PrimaryIsNotTheChoosenAdapter GetVideoDriverDetailsInvalid PrimaryIsNotTheChoosenAdapter GetVideoDriverDetailsInvalid PrimaryIsNotTheChoosenAdapter GetVideoDriverDetailsInvalid PrimaryIsNotTheChoosenAdapter GetVideoDriverDetailsInvalid PrimaryIsNotTheChoosenAdapter GetVideoDriverDetailsInvalid PrimaryIsNotTheChoosenAdapter GetVideoDriverDetailsInvalid PrimaryIsNotTheChoosenAdapter GetVideoDriverDetailsInvalid PrimaryIsNotTheChoosenAdapter FoundDriverCount:7 
[2022.03.07-12.27.55:253][  0]LogD3D11RHI:     Adapter Name: AMD Radeon RX 6700 XT
[2022.03.07-12.27.55:253][  0]LogD3D11RHI:   Driver Version: Adrenalin 2020 21.10.2 (internal:30.0.13025.5005, unified:30.0.13025.5005)
[2022.03.07-12.27.55:253][  0]LogD3D11RHI:      Driver Date: 10-5-2021
[2022.03.07-12.27.55:253][  0]LogRHI: Texture pool is 8032 MB (70% of 11475 MB)
[2022.03.07-12.27.55:297][  0]LogD3D11RHI: Creating D3DDevice with AMD AGS, using adapter:
[2022.03.07-12.27.55:297][  0]LogD3D11RHI:     Description : AMD Radeon RX 6700 XT
[2022.03.07-12.27.55:298][  0]LogD3D11RHI:     VendorId    : 1002
[2022.03.07-12.27.55:298][  0]LogD3D11RHI:     DeviceId    : 73df
[2022.03.07-12.27.55:298][  0]LogD3D11RHI:     SubSysId    : 66011eae
[2022.03.07-12.27.55:298][  0]LogD3D11RHI:     Revision    : 00c1
[2022.03.07-12.27.55:298][  0]LogD3D11RHI:     DedicatedVideoMemory : 12838350848 bytes
[2022.03.07-12.27.55:298][  0]LogD3D11RHI:     DedicatedSystemMemory : 0 bytes
[2022.03.07-12.27.55:298][  0]LogD3D11RHI:     SharedSystemMemory : 8550985728 bytes
[2022.03.07-12.27.55:298][  0]LogD3D11RHI:     AdapterLuid : 0 50474
[2022.03.07-12.27.55:347][  0]LogD3D11RHI: Created device via AGS, feature level 11_0, supported extensions 1fffffbf.
[2022.03.07-12.27.55:347][  0]LogD3D11RHI: RHI has support for 64 bit atomics
[2022.03.07-12.27.55:348][  0]LogD3D11RHI: Async texture creation enabled
[2022.03.07-12.27.55:348][  0]LogD3D11RHI: Array index from any shader is supported
[2022.03.07-12.27.55:362][  0]LogD3D11RHI: GPU Timing Frequency: 100.000000 (Debug: 2 1)
[2022.03.07-12.27.55:810][  0]LogTargetPlatformManager: Display: Loaded TargetPlatform 'AllDesktop'
[2022.03.07-12.27.55:832][  0]LogTargetPlatformManager: Display: Loaded TargetPlatform 'Android'
[2022.03.07-12.27.55:833][  0]LogTargetPlatformManager: Display: Loaded TargetPlatform 'Android_ASTC'
[2022.03.07-12.27.55:833][  0]LogTargetPlatformManager: Display: Loaded TargetPlatform 'Android_DXT'
[2022.03.07-12.27.55:833][  0]LogTargetPlatformManager: Display: Loaded TargetPlatform 'Android_ETC2'
[2022.03.07-12.27.55:833][  0]LogTargetPlatformManager: Display: Loaded TargetPlatform 'AndroidClient'
[2022.03.07-12.27.55:833][  0]LogTargetPlatformManager: Display: Loaded TargetPlatform 'Android_ASTCClient'
[2022.03.07-12.27.55:833][  0]LogTargetPlatformManager: Display: Loaded TargetPlatform 'Android_DXTClient'
[2022.03.07-12.27.55:833][  0]LogTargetPlatformManager: Display: Loaded TargetPlatform 'Android_ETC2Client'
[2022.03.07-12.27.55:833][  0]LogTargetPlatformManager: Display: Loaded TargetPlatform 'Android_Multi'
[2022.03.07-12.27.55:833][  0]LogTargetPlatformManager: Display: Loaded TargetPlatform 'Android_MultiClient'
[2022.03.07-12.27.55:866][  0]LogTargetPlatformManager: Display: Loaded TargetPlatform 'IOSClient'
[2022.03.07-12.27.55:866][  0]LogTargetPlatformManager: Display: Loaded TargetPlatform 'IOS'
[2022.03.07-12.27.55:878][  0]LogTargetPlatformManager: Display: Loaded TargetPlatform 'Linux'
[2022.03.07-12.27.55:884][  0]LogTargetPlatformManager: Display: Loaded TargetPlatform 'LinuxNoEditor'
[2022.03.07-12.27.55:891][  0]LogTargetPlatformManager: Display: Loaded TargetPlatform 'LinuxClient'
[2022.03.07-12.27.55:897][  0]LogTargetPlatformManager: Display: Loaded TargetPlatform 'LinuxServer'
[2022.03.07-12.27.55:908][  0]LogTargetPlatformManager: Display: Loaded TargetPlatform 'LinuxAArch64NoEditor'
[2022.03.07-12.27.55:914][  0]LogTargetPlatformManager: Display: Loaded TargetPlatform 'LinuxAArch64Client'
[2022.03.07-12.27.55:922][  0]LogTargetPlatformManager: Display: Loaded TargetPlatform 'LinuxAArch64Server'
[2022.03.07-12.27.55:947][  0]LogTargetPlatformManager: Display: Loaded TargetPlatform 'Lumin'
[2022.03.07-12.27.55:947][  0]LogTargetPlatformManager: Display: Loaded TargetPlatform 'LuminClient'
[2022.03.07-12.27.55:957][  0]LogTargetPlatformManager: Display: Loaded TargetPlatform 'MacNoEditor'
[2022.03.07-12.27.55:963][  0]LogTargetPlatformManager: Display: Loaded TargetPlatform 'Mac'
[2022.03.07-12.27.55:970][  0]LogTargetPlatformManager: Display: Loaded TargetPlatform 'MacClient'
[2022.03.07-12.27.55:976][  0]LogTargetPlatformManager: Display: Loaded TargetPlatform 'MacServer'
[2022.03.07-12.27.55:988][  0]LogTargetPlatformManager: Display: Loaded TargetPlatform 'TVOSClient'
[2022.03.07-12.27.55:988][  0]LogTargetPlatformManager: Display: Loaded TargetPlatform 'TVOS'
[2022.03.07-12.27.55:998][  0]LogTargetPlatformManager: Display: Loaded TargetPlatform 'WindowsNoEditor'
[2022.03.07-12.27.56:005][  0]LogTargetPlatformManager: Display: Loaded TargetPlatform 'Windows'
[2022.03.07-12.27.56:012][  0]LogTargetPlatformManager: Display: Loaded TargetPlatform 'WindowsClient'
[2022.03.07-12.27.56:019][  0]LogTargetPlatformManager: Display: Loaded TargetPlatform 'WindowsServer'
[2022.03.07-12.27.56:020][  0]LogTargetPlatformManager: Display: Building Assets For Windows
[2022.03.07-12.27.56:034][  0]LogAudioDebug: Display: Lib vorbis DLL was dynamically loaded.
[2022.03.07-12.27.56:083][  0]LogTextureFormatOodle: Display: Oodle Texture 2.9.0 init RDO Off
[2022.03.07-12.27.56:141][  0]LogRendererCore: Ray tracing is disabled. Reason: r.RayTracing=0.
[2022.03.07-12.27.56:141][  0]LogShaderCompilers: Guid format shader working directory is -9 characters bigger than the processId version (D:/OneDrive - SNU/github/CPP_Portfolio_2022/ArenaBattle/Intermediate/Shaders/WorkingDirectory/8136/).
[2022.03.07-12.27.56:142][  0]LogShaderCompilers: Cleaned the shader compiler working directory 'C:/Users/ejrrb/AppData/Local/Temp/UnrealShaderWorkingDir/96AB82F5484DB9FEAE0E10BD3AEBFDC5/'.
[2022.03.07-12.27.56:142][  0]LogXGEController: Cannot use XGE Controller as Incredibuild is not installed on this machine.
[2022.03.07-12.27.56:142][  0]LogShaderCompilers: Cannot use XGE Shader Compiler as Incredibuild is not installed on this machine.
[2022.03.07-12.27.56:142][  0]LogShaderCompilers: Display: Using Local Shader Compiler.
[2022.03.07-12.27.56:792][  0]LogDerivedDataCache: Display: Max Cache Size: 512 MB
[2022.03.07-12.27.56:854][  0]LogDerivedDataCache: Loaded boot cache 0.06s 104MB C:/Users/ejrrb/AppData/Local/UnrealEngine/4.27/DerivedDataCache/Boot.ddc.
[2022.03.07-12.27.56:854][  0]LogDerivedDataCache: Display: Loaded Boot cache: C:/Users/ejrrb/AppData/Local/UnrealEngine/4.27/DerivedDataCache/Boot.ddc
[2022.03.07-12.27.56:855][  0]LogDerivedDataCache: FDerivedDataBackendGraph:  Pak pak cache file D:/OneDrive - SNU/github/CPP_Portfolio_2022/ArenaBattle/DerivedDataCache/DDC.ddp not found, will not use a pak cache.
[2022.03.07-12.27.56:855][  0]LogDerivedDataCache: Unable to find inner node Pak for hierarchical cache Hierarchy.
[2022.03.07-12.27.56:855][  0]LogDerivedDataCache: FDerivedDataBackendGraph:  CompressedPak pak cache file D:/OneDrive - SNU/github/CPP_Portfolio_2022/ArenaBattle/DerivedDataCache/Compressed.ddp not found, will not use a pak cache.
[2022.03.07-12.27.56:855][  0]LogDerivedDataCache: Unable to find inner node CompressedPak for hierarchical cache Hierarchy.
[2022.03.07-12.27.56:871][  0]LogDerivedDataCache: Display: Pak cache opened for reading ../../../Engine/DerivedDataCache/Compressed.ddp.
[2022.03.07-12.27.56:871][  0]LogDerivedDataCache: FDerivedDataBackendGraph:  EnterprisePak pak cache file ../../../Enterprise/DerivedDataCache/Compressed.ddp not found, will not use a pak cache.
[2022.03.07-12.27.56:872][  0]LogDerivedDataCache: Unable to find inner node EnterprisePak for hierarchical cache Hierarchy.
[2022.03.07-12.27.56:879][  0]LogDerivedDataCache: Speed tests for C:/Users/ejrrb/AppData/Local/UnrealEngine/Common/DerivedDataCache took 0.01 seconds
[2022.03.07-12.27.56:879][  0]LogDerivedDataCache: Display: Performance to C:/Users/ejrrb/AppData/Local/UnrealEngine/Common/DerivedDataCache: Latency=0.02ms. RandomReadSpeed=1034.94MBs, RandomWriteSpeed=161.63MBs. Assigned SpeedClass 'Local'
[2022.03.07-12.27.56:883][  0]LogDerivedDataCache: Using Local data cache path C:/Users/ejrrb/AppData/Local/UnrealEngine/Common/DerivedDataCache: Writable
[2022.03.07-12.27.56:883][  0]LogDerivedDataCache: Shared data cache path not found in *engine.ini, will not use an Shared cache.
[2022.03.07-12.27.56:883][  0]LogDerivedDataCache: Unable to find inner node Shared for hierarchical cache Hierarchy.
[2022.03.07-12.27.56:926][  0]LogSlate: Using FreeType 2.10.0
[2022.03.07-12.27.56:926][  0]LogSlate: SlateFontServices - WITH_FREETYPE: 1, WITH_HARFBUZZ: 1
[2022.03.07-12.27.56:953][  0]LogAssetRegistry: FAssetRegistry took 0.0034 seconds to start up
[2022.03.07-12.27.57:172][  0]LogInit: Selected Device Profile: [Windows]
[2022.03.07-12.27.57:173][  0]LogInit: Active device profile: [00000279831D8900][00000279FB558880 49] Windows
[2022.03.07-12.27.57:173][  0]LogInit: Profiles: [00000279831D8900][00000279FB558880 49] Windows, [0000027983197200][00000279FB5869C0 49] WindowsNoEditor, [00000279831DB500][00000279FB58EB00 49] WindowsServer, [0000027983197C00][0000027982806C80 49] WindowsClient, [00000279831DB800][0000027982820E00 49] IOS, [0000027983196200][0000027982824F80 49] iPadAir, [00000279831DA000][0000027982829100 49] iPadAir2, [0000027983138A00][00000279828E73C0 49] IPadPro, [0000027983138B00][00000279828E3400 49] iPadAir3, [0000027983195300][00000279828EB580 49] iPadAir4, [000002798313B400][00000279828EF700 49] iPadMini2, [0000027983196400][00000279828F3880 49] iPadMini3, [0000027983139700][000002798282DA00 49] iPadMini4, [00000279831D9100][0000027982831B80 49] iPadMini5, [0000027983140300][00000279828382C0 49] iPhone6, [0000027983140400][0000027982834300 49] iPodTouch6, [0000027983103F00][00000279826FA5C0 49] iPhone7, [0000027983103E00][000002798283C600 49] iPodTouch7, [0000027983195A00][00000279826FE780 49] iPhone5S, [0000027983101A00][0000027982706900 49] iPhone6Plus, [0000027983140200][0000027982802A40 49] iPhone6S, [0000027983100600][000002798270AB80 49] iPhone6SPlus, [0000027983142900][000002798270ECC0 49] iPhone7Plus, [0000027983103100][0000027983A6EE40 49] iPhoneSE, [0000027983142200][0000027983A72FC0 49] iPhone8, [0000027983103B00][0000027983A77140 49] iPhone8Plus, [0000027983140A00][0000027983A7B2C0 49] iPhoneX, [0000027983101400][0000027983A7F440 49] iPhoneXS, [0000027983143900][0000027983A835C0 49] iPhoneXSMax, [0000027983100900][0000027983A87740 49] iPhoneXR, [0000027983142F00][0000027983CEF8C0 49] iPhone11, [0000027983101300][0000027983D09A40 49] iPhone11Pro, [0000027983141000][00000279840F7BC0 49] iPhone11ProMax, [0000027983102A00][00000279841041C0 49] iPhoneSE2, [0000027983141400][0000027984108340 49] iPhone12Mini, [0000027983102400][000002798410C4C0 49] iPhone12, [0000027983140D00][0000027984110640 49] iPhone12Pro, [0000027983102B00][00000279841147C0 49] iPhone12ProMax, [0000027983143000][0000027984118940 49] iPadPro105, [0000027983100700][000002798411CAC0 49] iPadPro129, [0000027983142800][0000027983A6AC00 49] iPadPro97, [0000027983102600][0000027984120D40 49] iPadPro2_129, [0000027983143C00][0000027984124E80 49] iPad5, [0000027983102200][0000027984128FC0 49] iPad6, [0000027983140F00][0000027982893140 49] iPad7, [0000027983102D00][00000279828AB2C0 49] iPad8, [0000027983141100][00000279839E5440 49] iPadPro11, [0000027983101600][0000027983A2B5C0 49] iPadPro2_11, [0000027983143400][0000027983A2F740 49] iPadPro3_129, [0000027983102800][0000027983A338C0 49] iPadPro4_129, [0000027983143A00][0000027983A37A40 49] AppleTV, [0000027983102100][0000027983A3FBC0 49] AppleTV4K, [0000027983141F00][0000027983A421C0 49] TVOS, [0000027983103400][0000027983A4A340 49] Mac, [0000027983143800][0000027983A4E4C0 49] MacClient, [0000027983101E00][0000027983A52640 49] MacNoEditor, [0000027983143F00][0000027983A567C0 49] MacServer, [0000027983103500][0000027983A5A940 49] Linux, [0000027983140C00][0000027983A5EAC0 49] LinuxAArch64, [0000027983102F00][0000027983C8EC40 49] LinuxNoEditor, [0000027983140B00][000002798412CD80 49] LinuxAArch64NoEditor, [0000027983103700][0000027983C92EC0 49] LinuxClient, [0000027983141A00][0000027983C97000 49] LinuxAArch64Client, [0000027983101000][0000027983A47140 49] LinuxServer, [0000027983142500][0000027983C9B2C0 49] LinuxAArch64Server, [0000027983101900][0000027983C9F440 49] Android, [0000027983141300][0000027983CA35C0 49] Android_Low, [0000027983102700][00000279FB583740 49] Android_Mid, [0000027983142B00][00000279FB58B8C0 49] Android_High, [0000027983103800][00000279827B3A40 49] Android_Default, [0000027983141600][00000279827B7BC0 49] Android_Adreno4xx, [0000027983101500][00000279827BA1C0 49] Android_Adreno5xx_Low, [000002798313B600][00000279827BE340 49] Android_Adreno5xx, [0000027983195200][00000279827C24C0 49] Android_Adreno6xx, [0000027983139200][00000279827C6640 49] Android_Adreno6xx_Vulkan, [0000027983197600][00000279827CA7C0 49] Android_Mali_T6xx, [0000027983139100][00000279827CE940 49] Android_Mali_T7xx, [0000027983195000][00000279827D2AC0 49] Android_Mali_T8xx, [0000027983139E00][00000279827D6C40 49] Android_Mali_G71, [0000027983194500][0000027983CA6DC0 49] Android_Mali_G72, [0000027983138800][0000027983CAAF40 49] Android_Mali_G72_Vulkan, [0000027983194D00][0000027983A3B080 49] Android_Mali_G76, [0000027983138100][0000027983CAF1C0 49] Android_Mali_G76_Vulkan, [0000027983195900][0000027983CB3300 49] Android_Mali_G77, [0000027983139000][0000027983CBB480 49] Android_Mali_G77_Vulkan, [0000027983194A00][0000027983CBF600 49] Android_Mali_G78, [000002798313AC00][0000027983CC3780 49] Android_Mali_G78_Vulkan, [0000027983197000][0000027983CC7900 49] Android_Mali_G710, [000002798313AA00][0000027983CCBA80 49] Android_Mali_G710_Vulkan, [0000027983197900][0000027983CCFC00 49] Android_Vulkan_SM5, [000002798313BB00][0000027983CD2200 49] Android_PowerVR_G6xxx, [0000027983197500][0000027983CD6380 49] Android_PowerVR_GT7xxx, [000002798313B900][0000027983CDA500 49] Android_PowerVR_GE8xxx, [0000027983197E00][0000027983CDE680 49] Android_PowerVR_GM9xxx, [000002798313A700][0000027983CE2800 49] Android_PowerVR_GM9xxx_Vulkan, [0000027983196100][0000027983CE6980 49] Android_TegraK1, [0000027983138900][0000027983CEAB00 49] Android_Unknown_Vulkan, [0000027983195700][0000027983BCAC80 49] Lumin, [0000027983138500][0000027983BCEE00 49] Lumin_Desktop, [0000027983196D00][0000027983BD2F80 49] HoloLens, 
[2022.03.07-12.27.57:478][  0]LogMeshReduction: Using QuadricMeshReduction for automatic static mesh reduction
[2022.03.07-12.27.57:478][  0]LogMeshReduction: Using SimplygonMeshReduction for automatic skeletal mesh reduction
[2022.03.07-12.27.57:478][  0]LogMeshReduction: Using ProxyLODMeshReduction for automatic mesh merging
[2022.03.07-12.27.57:478][  0]LogMeshReduction: No distributed automatic mesh merging module available
[2022.03.07-12.27.57:478][  0]LogMeshMerging: No distributed automatic mesh merging module available
[2022.03.07-12.27.57:492][  0]LogNetVersion: ArenaBattle 1.0.0, NetCL: 17155196, EngineNetVer: 17, GameNetVer: 0 (Checksum: 2964408555)
[2022.03.07-12.27.57:829][  0]LogTexture: Default maximum texture size for cubemaps generated from long-lat sources has been changed from 512 to unlimited. In order to preserve old behaiour for '/Engine/MapTemplates/Sky/DaylightAmbientCubemap.DaylightAmbientCubemap', its maximum texture size has been explicitly set to 512.
[2022.03.07-12.27.57:877][  0]LogHMD: PokeAHoleMaterial loaded successfully
[2022.03.07-12.27.57:883][  0]LogUObjectArray: 17178 objects as part of root set at end of initial load.
[2022.03.07-12.27.57:883][  0]LogUObjectAllocator: 4302048 out of 0 bytes used by permanent object pool.
[2022.03.07-12.27.57:883][  0]LogUObjectArray: CloseDisregardForGC: 0/0 objects in disregard for GC pool
[2022.03.07-12.27.58:322][  0]LogNiagaraDebuggerClient: Niagara Debugger Client Initialized | Session: C35618E2417F37B9309E4DA6F033818B | Instance: 13A5CF6F41BD8211E9098E9F4EEF962A (DESKTOP-79EDH39-8136).
[2022.03.07-12.27.58:385][  0]LogTcpMessaging: Initializing TcpMessaging bridge
[2022.03.07-12.27.58:394][  0]LogUdpMessaging: Initializing bridge on interface 0.0.0.0:0 to multicast group 230.0.0.1:6666.
[2022.03.07-12.27.58:417][  0]LogPython: Using Python 3.7.7
[2022.03.07-12.27.59:111][  0]LogSkeletalMesh: Display: [AssetLog] D:\OneDrive - SNU\github\CPP_Portfolio_2022\ArenaBattle\Content\InfinityBladeWarriors\Character\CompleteCharacters\SK_CharM_Cardboard.uasset: Find and fix some bad tangent! please re-import this skeletal mesh asset to fix the issue. The shading of the skeletal mesh will be bad and faceted.
[2022.03.07-12.27.59:434][  0]SourceControl: 소스 컨트롤이 꺼졌습니다.
[2022.03.07-12.27.59:435][  0]SourceControl: 소스 컨트롤이 꺼졌습니다.
[2022.03.07-12.27.59:516][  0]SourceControl: 소스 컨트롤이 꺼졌습니다.
[2022.03.07-12.27.59:525][  0]SourceControl: 소스 컨트롤이 꺼졌습니다.
[2022.03.07-12.27.59:531][  0]SourceControl: 소스 컨트롤이 꺼졌습니다.
[2022.03.07-12.27.59:564][  0]LogUProjectInfo: Found projects:
[2022.03.07-12.27.59:605][  0]LogOpenImageDenoise: OIDN starting up
[2022.03.07-12.27.59:661][  0]LogAndroidPermission: UAndroidPermissionCallbackProxy::GetInstance
[2022.03.07-12.27.59:694][  0]LogAudioCaptureCore: Display: No Audio Capture implementations found. Audio input will be silent.
[2022.03.07-12.27.59:694][  0]LogAudioCaptureCore: Display: No Audio Capture implementations found. Audio input will be silent.
[2022.03.07-12.27.59:834][  0]LogCollectionManager: Loaded 0 collections in 0.001479 seconds
[2022.03.07-12.27.59:866][  0]LogFileCache: Scanning file cache for directory 'D:/OneDrive - SNU/github/CPP_Portfolio_2022/ArenaBattle/Saved/Collections/' took 0.00s
[2022.03.07-12.27.59:866][  0]LogFileCache: Scanning file cache for directory 'D:/OneDrive - SNU/github/CPP_Portfolio_2022/ArenaBattle/Content/Developers/Tony/Collections/' took 0.00s
[2022.03.07-12.27.59:866][  0]LogFileCache: Scanning file cache for directory 'D:/OneDrive - SNU/github/CPP_Portfolio_2022/ArenaBattle/Content/Collections/' took 0.00s
[2022.03.07-12.27.59:866][  0]LogOcInput: OculusInput pre-init called
[2022.03.07-12.28.00:108][  0]LogEngine: Initializing Engine...
[2022.03.07-12.28.00:166][  0]LogHMD: Failed to initialize OpenVR with code 108
[2022.03.07-12.28.00:187][  0]LogHMD: Optional extension XR_VARJO_quad_views is not available
[2022.03.07-12.28.00:187][  0]LogHMD: Warning: Required extension XR_EXT_eye_gaze_interaction is not available
[2022.03.07-12.28.00:187][  0]LogHMD: Could not enable all required OpenXR extensions for OpenXREyeTracker on current system. This plugin will be loaded but ignored, but will be enabled on a target platform that supports the required extension.
[2022.03.07-12.28.00:218][  0]LogHMD: Failed to create an OpenXR instance, result is XR_ERROR_RUNTIME_FAILURE. Please check if you have an OpenXR runtime installed. The following extensions were enabled:
[2022.03.07-12.28.00:218][  0]LogHMD: - XR_KHR_D3D11_enable
[2022.03.07-12.28.00:218][  0]LogHMD: - XR_KHR_D3D12_enable
[2022.03.07-12.28.00:218][  0]LogHMD: - XR_KHR_opengl_enable
[2022.03.07-12.28.00:218][  0]LogHMD: - XR_KHR_vulkan_enable
[2022.03.07-12.28.00:218][  0]LogHMD: - XR_KHR_composition_layer_depth
[2022.03.07-12.28.00:218][  0]LogHMD: - XR_KHR_visibility_mask
[2022.03.07-12.28.00:219][  0]LogHMD: - XR_EXT_hand_tracking
[2022.03.07-12.28.00:219][  0]LogMagicLeap: Warning: VR disabled because ZI is not enabled.  To enable, in the editor, Edit -> Project Settings -> Plugins -> Magic Leap Plugin -> Enable Zero Iteration
[2022.03.07-12.28.00:219][  0]LogStats: UGameplayTagsManager::InitializeManager -  0.000 s
[2022.03.07-12.28.00:342][  0]LogInit: Initializing FReadOnlyCVARCache
[2022.03.07-12.28.00:352][  0]LogAIModule: Creating AISystem for world Untitled
[2022.03.07-12.28.00:353][  0]LogAudio: Display: Initializing Audio Device Manager...
[2022.03.07-12.28.00:357][  0]LogAudio: Display: Loading Default Audio Settings Objects...
[2022.03.07-12.28.00:358][  0]LogAudio: Display: No default SoundConcurrencyObject specified (or failed to load).
[2022.03.07-12.28.00:358][  0]LogAudio: Display: Audio Device Manager Initialized
[2022.03.07-12.28.00:358][  0]LogAudio: Display: Creating Audio Device:                 Id: 1, Scope: Shared, Realtime: True
[2022.03.07-12.28.00:358][  0]LogAudioMixer: Display: Audio Mixer Platform Settings:
[2022.03.07-12.28.00:359][  0]LogAudioMixer: Display: 	Sample Rate:						  48000
[2022.03.07-12.28.00:359][  0]LogAudioMixer: Display: 	Callback Buffer Frame Size Requested: 1024
[2022.03.07-12.28.00:359][  0]LogAudioMixer: Display: 	Callback Buffer Frame Size To Use:	  1024
[2022.03.07-12.28.00:359][  0]LogAudioMixer: Display: 	Number of buffers to queue:			  2
[2022.03.07-12.28.00:359][  0]LogAudioMixer: Display: 	Max Channels (voices):				  32
[2022.03.07-12.28.00:359][  0]LogAudioMixer: Display: 	Number of Async Source Workers:		  0
[2022.03.07-12.28.00:359][  0]LogAudio: Display: AudioDevice MaxSources: 32
[2022.03.07-12.28.00:359][  0]LogAudio: Display: Audio Spatialization Plugin: None (built-in).
[2022.03.07-12.28.00:359][  0]LogAudio: Display: Audio Reverb Plugin: None (built-in).
[2022.03.07-12.28.00:359][  0]LogAudio: Display: Audio Occlusion Plugin: None (built-in).
[2022.03.07-12.28.00:359][  0]LogAudioMixer: Display: Initializing audio mixer.
[2022.03.07-12.28.00:377][  0]LogAudioMixer: Display: 0: FrontLeft
[2022.03.07-12.28.00:377][  0]LogAudioMixer: Display: 1: FrontRight
[2022.03.07-12.28.00:399][  0]LogAudioMixer: Display: Using Audio Device 페블스피커(Realtek High Definition Audio)
[2022.03.07-12.28.00:404][  0]LogAudioMixer: Display: Initializing Sound Submixes...
[2022.03.07-12.28.00:405][  0]LogAudioMixer: Display: Creating Master Submix 'MasterSubmixDefault'
[2022.03.07-12.28.00:406][  0]LogAudioMixer: Display: Creating Master Submix 'MasterReverbSubmixDefault'
[2022.03.07-12.28.00:407][  0]LogAudioMixer: Display: Creating Master Submix 'MasterEQSubmixDefault'
[2022.03.07-12.28.00:407][  0]LogAudioMixer: FMixerPlatformXAudio2::StartAudioStream() called
[2022.03.07-12.28.00:407][  0]LogAudioMixer: Display: Output buffers initialized: Frames=1024, Channels=2, Samples=2048
[2022.03.07-12.28.00:409][  0]LogAudioMixer: Display: Starting AudioMixerPlatformInterface::RunInternal()
[2022.03.07-12.28.00:409][  0]LogAudioMixer: Display: FMixerPlatformXAudio2::SubmitBuffer() called for the first time
[2022.03.07-12.28.00:409][  0]LogInit: FAudioDevice initialized.
[2022.03.07-12.28.00:409][  0]LogAudio: Display: Audio Device (ID: 1) registered with world 'Untitled'.
[2022.03.07-12.28.00:409][  0]LogNetVersion: Set ProjectVersion to 1.0.0.0. Version Checksum will be recalculated on next use.
[2022.03.07-12.28.00:466][  0]LogDerivedDataCache: Saved boot cache 0.06s 104MB C:/Users/ejrrb/AppData/Local/UnrealEngine/4.27/DerivedDataCache/Boot.ddc.
[2022.03.07-12.28.00:470][  0]LogInit: Texture streaming: Enabled
[2022.03.07-12.28.00:489][  0]LogAnalytics: Display: [UEEditor.Rocket.Release] APIServer = https://datarouter.ol.epicgames.com/. AppVersion = 4.27.2-18319896+++UE4+Release-4.27
[2022.03.07-12.28.00:494][  0]LogEngineSessionManager: EngineSessionManager initialized
[2022.03.07-12.28.00:494][  0]LogEditorSessionSummary: Verbose: Initializing EditorSessionSummaryWriter for editor session tracking
[2022.03.07-12.28.00:496][  0]LogEditorSessionSummary: EditorSessionSummaryWriter initialized
[2022.03.07-12.28.00:590][  0]LogInit: Transaction tracking system initialized
[2022.03.07-12.28.00:635][  0]BlueprintLog: New page: 에디터 로드
[2022.03.07-12.28.00:758][  0]LocalizationService: 현지화 서비스가 비활성화되었습니다.
[2022.03.07-12.28.00:803][  0]TimingProfiler: Initialize
[2022.03.07-12.28.00:804][  0]TimingProfiler: OnSessionChanged
[2022.03.07-12.28.00:804][  0]LoadingProfiler: Initialize
[2022.03.07-12.28.00:804][  0]LoadingProfiler: OnSessionChanged
[2022.03.07-12.28.00:804][  0]NetworkingProfiler: Initialize
[2022.03.07-12.28.00:804][  0]NetworkingProfiler: OnSessionChanged
[2022.03.07-12.28.00:804][  0]MemoryProfiler: Initialize
[2022.03.07-12.28.00:804][  0]MemoryProfiler: OnSessionChanged
[2022.03.07-12.28.00:993][  0]LogCook: Display: CookSettings for Memory: MemoryMaxUsedVirtual 0MiB, MemoryMaxUsedPhysical 16384MiB, MemoryMinFreeVirtual 0MiB, MemoryMinFreePhysical 1024MiB
[2022.03.07-12.28.00:993][  0]LogCook: Display: Mobile HDR setting 1
[2022.03.07-12.28.01:277][  0]LogFileCache: Scanning file cache for directory 'D:/OneDrive - SNU/github/CPP_Portfolio_2022/ArenaBattle/Content/' took 0.02s
[2022.03.07-12.28.01:459][  0]LogInit: Display: Engine is initialized. Leaving FEngineLoop::Init()
[2022.03.07-12.28.01:462][  0]SourceControl: 소스 컨트롤이 꺼졌습니다.
[2022.03.07-12.28.01:463][  0]LogUnrealEdMisc: Loading editor; pre map load, took 14.545
[2022.03.07-12.28.01:463][  0]Cmd: MAP LOAD FILE="D:/OneDrive - SNU/github/CPP_Portfolio_2022/ArenaBattle/Content/Book/Maps/Step2.umap" TEMPLATE=0 SHOWPROGRESS=1 FEATURELEVEL=3
[2022.03.07-12.28.01:463][  0]LightingResults: New page: 라이팅 빌드
[2022.03.07-12.28.01:465][  0]LogWorld: UWorld::CleanupWorld for Untitled, bSessionEnded=true, bCleanupResources=true
[2022.03.07-12.28.01:465][  0]LogSlate: InvalidateAllWidgets triggered.  All widgets were invalidated
[2022.03.07-12.28.01:465][  0]MapCheck: New page: 맵 체크
[2022.03.07-12.28.01:465][  0]LightingResults: New page: 라이팅 빌드
[2022.03.07-12.28.01:470][  0]LogAudio: Display: Audio Device unregistered from world 'None'.
[2022.03.07-12.28.01:474][  0]LogUObjectHash: Compacting FUObjectHashTables data took   1.00ms
[2022.03.07-12.28.01:535][  0]LogAudio: Display: Audio Device (ID: 1) registered with world 'Step2'.
[2022.03.07-12.28.01:536][  0]LogAIModule: Creating AISystem for world Step2
[2022.03.07-12.28.01:542][  0]LogEditorServer: Finished looking for orphan Actors (0.000 secs)
[2022.03.07-12.28.01:565][  0]LogUObjectHash: Compacting FUObjectHashTables data took   1.22ms
[2022.03.07-12.28.01:565][  0]Cmd: MAP CHECKDEP NOCLEARLOG
[2022.03.07-12.28.01:566][  0]MapCheck: 맵 체크 완료: 오류 0 회, 경고 0 회, 소요 시간 0.191ms.
[2022.03.07-12.28.01:566][  0]LogFileHelpers: Loading map 'Step2' took 0.103
[2022.03.07-12.28.01:568][  0]LogUnrealEdMisc: Total Editor Startup Time, took 14.651
[2022.03.07-12.28.01:690][  0]LogSlate: Updating window title bar state: overlay mode, drag disabled, window buttons hidden, title bar hidden
[2022.03.07-12.28.01:696][  0]LogSlate: Updating window title bar state: overlay mode, drag disabled, window buttons hidden, title bar hidden
[2022.03.07-12.28.01:701][  0]LogSlate: Updating window title bar state: overlay mode, drag disabled, window buttons hidden, title bar hidden
[2022.03.07-12.28.01:706][  0]LogSlate: Updating window title bar state: overlay mode, drag disabled, window buttons hidden, title bar hidden
[2022.03.07-12.28.01:718][  0]LogNativeClassHierarchy: Verbose: Native class hierarchy populated in 0.0091 seconds. Added 3830 classes and 930 folders.
[2022.03.07-12.28.01:720][  0]LogNativeClassHierarchy: Verbose: Native class hierarchy updated for 'WidgetCarousel' in 0.0002 seconds. Added 0 classes and 0 folders.
[2022.03.07-12.28.01:721][  0]LogPakFile: PakFile PrimaryIndexSize=187
[2022.03.07-12.28.01:721][  0]LogPakFile: PakFile PathHashIndexSize=101
[2022.03.07-12.28.01:721][  0]LogPakFile: PakFile FullDirectoryIndexSize=148
[2022.03.07-12.28.01:722][  0]LogShaderLibrary: Display: ShaderCodeLibraryPakFileMountedCallback: PakFile 'C:/Program Files/Epic Games/UE_4.27/FeaturePacks/FP_FirstPerson.upack' (chunk index -1, root 'root:/') mounted
[2022.03.07-12.28.01:722][  0]LogShaderLibrary: Display: ShaderCodeLibraryPakFileMountedCallback: pending pak file info (ChunkID:-1 Root:root:/ File:C:/Program Files/Epic Games/UE_4.27/FeaturePacks/FP_FirstPerson.upack)
[2022.03.07-12.28.01:722][  0]LogPakFile: OnPakFileMounted2Time == 0.000150
[2022.03.07-12.28.01:722][  0]LogPakFile: PakFile PrimaryIndexSize=189
[2022.03.07-12.28.01:722][  0]LogPakFile: PakFile PathHashIndexSize=101
[2022.03.07-12.28.01:723][  0]LogPakFile: PakFile FullDirectoryIndexSize=152
[2022.03.07-12.28.01:723][  0]LogShaderLibrary: Display: ShaderCodeLibraryPakFileMountedCallback: PakFile 'C:/Program Files/Epic Games/UE_4.27/FeaturePacks/FP_FirstPersonBP.upack' (chunk index -1, root 'root:/') mounted
[2022.03.07-12.28.01:723][  0]LogShaderLibrary: Display: ShaderCodeLibraryPakFileMountedCallback: pending pak file info (ChunkID:-1 Root:root:/ File:C:/Program Files/Epic Games/UE_4.27/FeaturePacks/FP_FirstPersonBP.upack)
[2022.03.07-12.28.01:723][  0]LogPakFile: OnPakFileMounted2Time == 0.000127
[2022.03.07-12.28.01:723][  0]LogPakFile: PakFile PrimaryIndexSize=191
[2022.03.07-12.28.01:723][  0]LogPakFile: PakFile PathHashIndexSize=101
[2022.03.07-12.28.01:723][  0]LogPakFile: PakFile FullDirectoryIndexSize=160
[2022.03.07-12.28.01:723][  0]LogShaderLibrary: Display: ShaderCodeLibraryPakFileMountedCallback: PakFile 'C:/Program Files/Epic Games/UE_4.27/FeaturePacks/MobileStarterContent.upack' (chunk index -1, root 'root:/') mounted
[2022.03.07-12.28.01:723][  0]LogShaderLibrary: Display: ShaderCodeLibraryPakFileMountedCallback: pending pak file info (ChunkID:-1 Root:root:/ File:C:/Program Files/Epic Games/UE_4.27/FeaturePacks/MobileStarterContent.upack)
[2022.03.07-12.28.01:723][  0]LogPakFile: OnPakFileMounted2Time == 0.000116
[2022.03.07-12.28.01:724][  0]LogPakFile: PakFile PrimaryIndexSize=185
[2022.03.07-12.28.01:724][  0]LogPakFile: PakFile PathHashIndexSize=101
[2022.03.07-12.28.01:724][  0]LogPakFile: PakFile FullDirectoryIndexSize=148
[2022.03.07-12.28.01:724][  0]LogShaderLibrary: Display: ShaderCodeLibraryPakFileMountedCallback: PakFile 'C:/Program Files/Epic Games/UE_4.27/FeaturePacks/StarterContent.upack' (chunk index -1, root 'root:/') mounted
[2022.03.07-12.28.01:724][  0]LogShaderLibrary: Display: ShaderCodeLibraryPakFileMountedCallback: pending pak file info (ChunkID:-1 Root:root:/ File:C:/Program Files/Epic Games/UE_4.27/FeaturePacks/StarterContent.upack)
[2022.03.07-12.28.01:724][  0]LogPakFile: OnPakFileMounted2Time == 0.000137
[2022.03.07-12.28.01:725][  0]LogPakFile: PakFile PrimaryIndexSize=190
[2022.03.07-12.28.01:725][  0]LogPakFile: PakFile PathHashIndexSize=101
[2022.03.07-12.28.01:725][  0]LogPakFile: PakFile FullDirectoryIndexSize=154
[2022.03.07-12.28.01:725][  0]LogShaderLibrary: Display: ShaderCodeLibraryPakFileMountedCallback: PakFile 'C:/Program Files/Epic Games/UE_4.27/FeaturePacks/TP_2DSideScroller.upack' (chunk index -1, root 'root:/') mounted
[2022.03.07-12.28.01:725][  0]LogShaderLibrary: Display: ShaderCodeLibraryPakFileMountedCallback: pending pak file info (ChunkID:-1 Root:root:/ File:C:/Program Files/Epic Games/UE_4.27/FeaturePacks/TP_2DSideScroller.upack)
[2022.03.07-12.28.01:725][  0]LogPakFile: OnPakFileMounted2Time == 0.000101
[2022.03.07-12.28.01:726][  0]LogPakFile: PakFile PrimaryIndexSize=192
[2022.03.07-12.28.01:726][  0]LogPakFile: PakFile PathHashIndexSize=101
[2022.03.07-12.28.01:726][  0]LogPakFile: PakFile FullDirectoryIndexSize=158
[2022.03.07-12.28.01:726][  0]LogShaderLibrary: Display: ShaderCodeLibraryPakFileMountedCallback: PakFile 'C:/Program Files/Epic Games/UE_4.27/FeaturePacks/TP_2DSideScrollerBP.upack' (chunk index -1, root 'root:/') mounted
[2022.03.07-12.28.01:726][  0]LogShaderLibrary: Display: ShaderCodeLibraryPakFileMountedCallback: pending pak file info (ChunkID:-1 Root:root:/ File:C:/Program Files/Epic Games/UE_4.27/FeaturePacks/TP_2DSideScrollerBP.upack)
[2022.03.07-12.28.01:726][  0]LogPakFile: OnPakFileMounted2Time == 0.000144
[2022.03.07-12.28.01:726][  0]LogPakFile: PakFile PrimaryIndexSize=182
[2022.03.07-12.28.01:726][  0]LogPakFile: PakFile PathHashIndexSize=101
[2022.03.07-12.28.01:727][  0]LogPakFile: PakFile FullDirectoryIndexSize=138
[2022.03.07-12.28.01:727][  0]LogShaderLibrary: Display: ShaderCodeLibraryPakFileMountedCallback: PakFile 'C:/Program Files/Epic Games/UE_4.27/FeaturePacks/TP_Flying.upack' (chunk index -1, root 'root:/') mounted
[2022.03.07-12.28.01:727][  0]LogShaderLibrary: Display: ShaderCodeLibraryPakFileMountedCallback: pending pak file info (ChunkID:-1 Root:root:/ File:C:/Program Files/Epic Games/UE_4.27/FeaturePacks/TP_Flying.upack)
[2022.03.07-12.28.01:727][  0]LogPakFile: OnPakFileMounted2Time == 0.000086
[2022.03.07-12.28.01:727][  0]LogPakFile: PakFile PrimaryIndexSize=184
[2022.03.07-12.28.01:727][  0]LogPakFile: PakFile PathHashIndexSize=101
[2022.03.07-12.28.01:727][  0]LogPakFile: PakFile FullDirectoryIndexSize=142
[2022.03.07-12.28.01:727][  0]LogShaderLibrary: Display: ShaderCodeLibraryPakFileMountedCallback: PakFile 'C:/Program Files/Epic Games/UE_4.27/FeaturePacks/TP_FlyingBP.upack' (chunk index -1, root 'root:/') mounted
[2022.03.07-12.28.01:727][  0]LogShaderLibrary: Display: ShaderCodeLibraryPakFileMountedCallback: pending pak file info (ChunkID:-1 Root:root:/ File:C:/Program Files/Epic Games/UE_4.27/FeaturePacks/TP_FlyingBP.upack)
[2022.03.07-12.28.01:727][  0]LogPakFile: OnPakFileMounted2Time == 0.000094
[2022.03.07-12.28.01:728][  0]LogPakFile: PakFile PrimaryIndexSize=188
[2022.03.07-12.28.01:728][  0]LogPakFile: PakFile PathHashIndexSize=101
[2022.03.07-12.28.01:728][  0]LogPakFile: PakFile FullDirectoryIndexSize=150
[2022.03.07-12.28.01:728][  0]LogShaderLibrary: Display: ShaderCodeLibraryPakFileMountedCallback: PakFile 'C:/Program Files/Epic Games/UE_4.27/FeaturePacks/TP_HandheldARBP.upack' (chunk index -1, root 'root:/') mounted
[2022.03.07-12.28.01:728][  0]LogShaderLibrary: Display: ShaderCodeLibraryPakFileMountedCallback: pending pak file info (ChunkID:-1 Root:root:/ File:C:/Program Files/Epic Games/UE_4.27/FeaturePacks/TP_HandheldARBP.upack)
[2022.03.07-12.28.01:728][  0]LogPakFile: OnPakFileMounted2Time == 0.000140
[2022.03.07-12.28.01:729][  0]LogPakFile: PakFile PrimaryIndexSize=182
[2022.03.07-12.28.01:729][  0]LogPakFile: PakFile PathHashIndexSize=101
[2022.03.07-12.28.01:729][  0]LogPakFile: PakFile FullDirectoryIndexSize=138
[2022.03.07-12.28.01:729][  0]LogShaderLibrary: Display: ShaderCodeLibraryPakFileMountedCallback: PakFile 'C:/Program Files/Epic Games/UE_4.27/FeaturePacks/TP_Puzzle.upack' (chunk index -1, root 'root:/') mounted
[2022.03.07-12.28.01:729][  0]LogShaderLibrary: Display: ShaderCodeLibraryPakFileMountedCallback: pending pak file info (ChunkID:-1 Root:root:/ File:C:/Program Files/Epic Games/UE_4.27/FeaturePacks/TP_Puzzle.upack)
[2022.03.07-12.28.01:729][  0]LogPakFile: OnPakFileMounted2Time == 0.000103
[2022.03.07-12.28.01:730][  0]LogPakFile: PakFile PrimaryIndexSize=184
[2022.03.07-12.28.01:730][  0]LogPakFile: PakFile PathHashIndexSize=101
[2022.03.07-12.28.01:730][  0]LogPakFile: PakFile FullDirectoryIndexSize=142
[2022.03.07-12.28.01:730][  0]LogShaderLibrary: Display: ShaderCodeLibraryPakFileMountedCallback: PakFile 'C:/Program Files/Epic Games/UE_4.27/FeaturePacks/TP_PuzzleBP.upack' (chunk index -1, root 'root:/') mounted
[2022.03.07-12.28.01:730][  0]LogShaderLibrary: Display: ShaderCodeLibraryPakFileMountedCallback: pending pak file info (ChunkID:-1 Root:root:/ File:C:/Program Files/Epic Games/UE_4.27/FeaturePacks/TP_PuzzleBP.upack)
[2022.03.07-12.28.01:730][  0]LogPakFile: OnPakFileMounted2Time == 0.000102
[2022.03.07-12.28.01:731][  0]LogPakFile: PakFile PrimaryIndexSize=183
[2022.03.07-12.28.01:731][  0]LogPakFile: PakFile PathHashIndexSize=101
[2022.03.07-12.28.01:731][  0]LogPakFile: PakFile FullDirectoryIndexSize=140
[2022.03.07-12.28.01:731][  0]LogShaderLibrary: Display: ShaderCodeLibraryPakFileMountedCallback: PakFile 'C:/Program Files/Epic Games/UE_4.27/FeaturePacks/TP_Rolling.upack' (chunk index -1, root 'root:/') mounted
[2022.03.07-12.28.01:731][  0]LogShaderLibrary: Display: ShaderCodeLibraryPakFileMountedCallback: pending pak file info (ChunkID:-1 Root:root:/ File:C:/Program Files/Epic Games/UE_4.27/FeaturePacks/TP_Rolling.upack)
[2022.03.07-12.28.01:731][  0]LogPakFile: OnPakFileMounted2Time == 0.000097
[2022.03.07-12.28.01:731][  0]LogPakFile: PakFile PrimaryIndexSize=185
[2022.03.07-12.28.01:731][  0]LogPakFile: PakFile PathHashIndexSize=101
[2022.03.07-12.28.01:731][  0]LogPakFile: PakFile FullDirectoryIndexSize=144
[2022.03.07-12.28.01:732][  0]LogShaderLibrary: Display: ShaderCodeLibraryPakFileMountedCallback: PakFile 'C:/Program Files/Epic Games/UE_4.27/FeaturePacks/TP_RollingBP.upack' (chunk index -1, root 'root:/') mounted
[2022.03.07-12.28.01:732][  0]LogShaderLibrary: Display: ShaderCodeLibraryPakFileMountedCallback: pending pak file info (ChunkID:-1 Root:root:/ File:C:/Program Files/Epic Games/UE_4.27/FeaturePacks/TP_RollingBP.upack)
[2022.03.07-12.28.01:732][  0]LogPakFile: OnPakFileMounted2Time == 0.000123
[2022.03.07-12.28.01:732][  0]LogPakFile: PakFile PrimaryIndexSize=188
[2022.03.07-12.28.01:732][  0]LogPakFile: PakFile PathHashIndexSize=101
[2022.03.07-12.28.01:732][  0]LogPakFile: PakFile FullDirectoryIndexSize=150
[2022.03.07-12.28.01:732][  0]LogShaderLibrary: Display: ShaderCodeLibraryPakFileMountedCallback: PakFile 'C:/Program Files/Epic Games/UE_4.27/FeaturePacks/TP_SideScroller.upack' (chunk index -1, root 'root:/') mounted
[2022.03.07-12.28.01:732][  0]LogShaderLibrary: Display: ShaderCodeLibraryPakFileMountedCallback: pending pak file info (ChunkID:-1 Root:root:/ File:C:/Program Files/Epic Games/UE_4.27/FeaturePacks/TP_SideScroller.upack)
[2022.03.07-12.28.01:732][  0]LogPakFile: OnPakFileMounted2Time == 0.000152
[2022.03.07-12.28.01:733][  0]LogPakFile: PakFile PrimaryIndexSize=190
[2022.03.07-12.28.01:733][  0]LogPakFile: PakFile PathHashIndexSize=101
[2022.03.07-12.28.01:733][  0]LogPakFile: PakFile FullDirectoryIndexSize=154
[2022.03.07-12.28.01:733][  0]LogShaderLibrary: Display: ShaderCodeLibraryPakFileMountedCallback: PakFile 'C:/Program Files/Epic Games/UE_4.27/FeaturePacks/TP_SideScrollerBP.upack' (chunk index -1, root 'root:/') mounted
[2022.03.07-12.28.01:733][  0]LogShaderLibrary: Display: ShaderCodeLibraryPakFileMountedCallback: pending pak file info (ChunkID:-1 Root:root:/ File:C:/Program Files/Epic Games/UE_4.27/FeaturePacks/TP_SideScrollerBP.upack)
[2022.03.07-12.28.01:733][  0]LogPakFile: OnPakFileMounted2Time == 0.000134
[2022.03.07-12.28.01:734][  0]LogPakFile: PakFile PrimaryIndexSize=187
[2022.03.07-12.28.01:734][  0]LogPakFile: PakFile PathHashIndexSize=101
[2022.03.07-12.28.01:734][  0]LogPakFile: PakFile FullDirectoryIndexSize=148
[2022.03.07-12.28.01:734][  0]LogShaderLibrary: Display: ShaderCodeLibraryPakFileMountedCallback: PakFile 'C:/Program Files/Epic Games/UE_4.27/FeaturePacks/TP_ThirdPerson.upack' (chunk index -1, root 'root:/') mounted
[2022.03.07-12.28.01:734][  0]LogShaderLibrary: Display: ShaderCodeLibraryPakFileMountedCallback: pending pak file info (ChunkID:-1 Root:root:/ File:C:/Program Files/Epic Games/UE_4.27/FeaturePacks/TP_ThirdPerson.upack)
[2022.03.07-12.28.01:734][  0]LogPakFile: OnPakFileMounted2Time == 0.000111
[2022.03.07-12.28.01:735][  0]LogPakFile: PakFile PrimaryIndexSize=189
[2022.03.07-12.28.01:735][  0]LogPakFile: PakFile PathHashIndexSize=101
[2022.03.07-12.28.01:735][  0]LogPakFile: PakFile FullDirectoryIndexSize=152
[2022.03.07-12.28.01:735][  0]LogShaderLibrary: Display: ShaderCodeLibraryPakFileMountedCallback: PakFile 'C:/Program Files/Epic Games/UE_4.27/FeaturePacks/TP_ThirdPersonBP.upack' (chunk index -1, root 'root:/') mounted
[2022.03.07-12.28.01:735][  0]LogShaderLibrary: Display: ShaderCodeLibraryPakFileMountedCallback: pending pak file info (ChunkID:-1 Root:root:/ File:C:/Program Files/Epic Games/UE_4.27/FeaturePacks/TP_ThirdPersonBP.upack)
[2022.03.07-12.28.01:735][  0]LogPakFile: OnPakFileMounted2Time == 0.000108
[2022.03.07-12.28.01:735][  0]LogPakFile: PakFile PrimaryIndexSize=183
[2022.03.07-12.28.01:736][  0]LogPakFile: PakFile PathHashIndexSize=101
[2022.03.07-12.28.01:736][  0]LogPakFile: PakFile FullDirectoryIndexSize=140
[2022.03.07-12.28.01:736][  0]LogShaderLibrary: Display: ShaderCodeLibraryPakFileMountedCallback: PakFile 'C:/Program Files/Epic Games/UE_4.27/FeaturePacks/TP_TopDown.upack' (chunk index -1, root 'root:/') mounted
[2022.03.07-12.28.01:736][  0]LogShaderLibrary: Display: ShaderCodeLibraryPakFileMountedCallback: pending pak file info (ChunkID:-1 Root:root:/ File:C:/Program Files/Epic Games/UE_4.27/FeaturePacks/TP_TopDown.upack)
[2022.03.07-12.28.01:736][  0]LogPakFile: OnPakFileMounted2Time == 0.000158
[2022.03.07-12.28.01:736][  0]LogPakFile: PakFile PrimaryIndexSize=185
[2022.03.07-12.28.01:736][  0]LogPakFile: PakFile PathHashIndexSize=101
[2022.03.07-12.28.01:736][  0]LogPakFile: PakFile FullDirectoryIndexSize=144
[2022.03.07-12.28.01:737][  0]LogShaderLibrary: Display: ShaderCodeLibraryPakFileMountedCallback: PakFile 'C:/Program Files/Epic Games/UE_4.27/FeaturePacks/TP_TopDownBP.upack' (chunk index -1, root 'root:/') mounted
[2022.03.07-12.28.01:737][  0]LogShaderLibrary: Display: ShaderCodeLibraryPakFileMountedCallback: pending pak file info (ChunkID:-1 Root:root:/ File:C:/Program Files/Epic Games/UE_4.27/FeaturePacks/TP_TopDownBP.upack)
[2022.03.07-12.28.01:737][  0]LogPakFile: OnPakFileMounted2Time == 0.000124
[2022.03.07-12.28.01:737][  0]LogPakFile: PakFile PrimaryIndexSize=185
[2022.03.07-12.28.01:737][  0]LogPakFile: PakFile PathHashIndexSize=101
[2022.03.07-12.28.01:737][  0]LogPakFile: PakFile FullDirectoryIndexSize=144
[2022.03.07-12.28.01:737][  0]LogShaderLibrary: Display: ShaderCodeLibraryPakFileMountedCallback: PakFile 'C:/Program Files/Epic Games/UE_4.27/FeaturePacks/TP_TwinStick.upack' (chunk index -1, root 'root:/') mounted
[2022.03.07-12.28.01:737][  0]LogShaderLibrary: Display: ShaderCodeLibraryPakFileMountedCallback: pending pak file info (ChunkID:-1 Root:root:/ File:C:/Program Files/Epic Games/UE_4.27/FeaturePacks/TP_TwinStick.upack)
[2022.03.07-12.28.01:737][  0]LogPakFile: OnPakFileMounted2Time == 0.000111
[2022.03.07-12.28.01:738][  0]LogPakFile: PakFile PrimaryIndexSize=187
[2022.03.07-12.28.01:738][  0]LogPakFile: PakFile PathHashIndexSize=101
[2022.03.07-12.28.01:738][  0]LogPakFile: PakFile FullDirectoryIndexSize=148
[2022.03.07-12.28.01:738][  0]LogShaderLibrary: Display: ShaderCodeLibraryPakFileMountedCallback: PakFile 'C:/Program Files/Epic Games/UE_4.27/FeaturePacks/TP_TwinStickBP.upack' (chunk index -1, root 'root:/') mounted
[2022.03.07-12.28.01:738][  0]LogShaderLibrary: Display: ShaderCodeLibraryPakFileMountedCallback: pending pak file info (ChunkID:-1 Root:root:/ File:C:/Program Files/Epic Games/UE_4.27/FeaturePacks/TP_TwinStickBP.upack)
[2022.03.07-12.28.01:738][  0]LogPakFile: OnPakFileMounted2Time == 0.000089
[2022.03.07-12.28.01:739][  0]LogPakFile: PakFile PrimaryIndexSize=183
[2022.03.07-12.28.01:739][  0]LogPakFile: PakFile PathHashIndexSize=101
[2022.03.07-12.28.01:739][  0]LogPakFile: PakFile FullDirectoryIndexSize=140
[2022.03.07-12.28.01:739][  0]LogShaderLibrary: Display: ShaderCodeLibraryPakFileMountedCallback: PakFile 'C:/Program Files/Epic Games/UE_4.27/FeaturePacks/TP_Vehicle.upack' (chunk index -1, root 'root:/') mounted
[2022.03.07-12.28.01:739][  0]LogShaderLibrary: Display: ShaderCodeLibraryPakFileMountedCallback: pending pak file info (ChunkID:-1 Root:root:/ File:C:/Program Files/Epic Games/UE_4.27/FeaturePacks/TP_Vehicle.upack)
[2022.03.07-12.28.01:739][  0]LogPakFile: OnPakFileMounted2Time == 0.000148
[2022.03.07-12.28.01:740][  0]LogPakFile: PakFile PrimaryIndexSize=186
[2022.03.07-12.28.01:740][  0]LogPakFile: PakFile PathHashIndexSize=101
[2022.03.07-12.28.01:740][  0]LogPakFile: PakFile FullDirectoryIndexSize=146
[2022.03.07-12.28.01:740][  0]LogShaderLibrary: Display: ShaderCodeLibraryPakFileMountedCallback: PakFile 'C:/Program Files/Epic Games/UE_4.27/FeaturePacks/TP_VehicleAdv.upack' (chunk index -1, root 'root:/') mounted
[2022.03.07-12.28.01:740][  0]LogShaderLibrary: Display: ShaderCodeLibraryPakFileMountedCallback: pending pak file info (ChunkID:-1 Root:root:/ File:C:/Program Files/Epic Games/UE_4.27/FeaturePacks/TP_VehicleAdv.upack)
[2022.03.07-12.28.01:740][  0]LogPakFile: OnPakFileMounted2Time == 0.000156
[2022.03.07-12.28.01:741][  0]LogPakFile: PakFile PrimaryIndexSize=188
[2022.03.07-12.28.01:741][  0]LogPakFile: PakFile PathHashIndexSize=101
[2022.03.07-12.28.01:741][  0]LogPakFile: PakFile FullDirectoryIndexSize=150
[2022.03.07-12.28.01:741][  0]LogShaderLibrary: Display: ShaderCodeLibraryPakFileMountedCallback: PakFile 'C:/Program Files/Epic Games/UE_4.27/FeaturePacks/TP_VehicleAdvBP.upack' (chunk index -1, root 'root:/') mounted
[2022.03.07-12.28.01:741][  0]LogShaderLibrary: Display: ShaderCodeLibraryPakFileMountedCallback: pending pak file info (ChunkID:-1 Root:root:/ File:C:/Program Files/Epic Games/UE_4.27/FeaturePacks/TP_VehicleAdvBP.upack)
[2022.03.07-12.28.01:741][  0]LogPakFile: OnPakFileMounted2Time == 0.000116
[2022.03.07-12.28.01:741][  0]LogPakFile: PakFile PrimaryIndexSize=185
[2022.03.07-12.28.01:742][  0]LogPakFile: PakFile PathHashIndexSize=101
[2022.03.07-12.28.01:742][  0]LogPakFile: PakFile FullDirectoryIndexSize=144
[2022.03.07-12.28.01:742][  0]LogShaderLibrary: Display: ShaderCodeLibraryPakFileMountedCallback: PakFile 'C:/Program Files/Epic Games/UE_4.27/FeaturePacks/TP_VehicleBP.upack' (chunk index -1, root 'root:/') mounted
[2022.03.07-12.28.01:742][  0]LogShaderLibrary: Display: ShaderCodeLibraryPakFileMountedCallback: pending pak file info (ChunkID:-1 Root:root:/ File:C:/Program Files/Epic Games/UE_4.27/FeaturePacks/TP_VehicleBP.upack)
[2022.03.07-12.28.01:742][  0]LogPakFile: OnPakFileMounted2Time == 0.000121
[2022.03.07-12.28.01:742][  0]LogPakFile: PakFile PrimaryIndexSize=192
[2022.03.07-12.28.01:742][  0]LogPakFile: PakFile PathHashIndexSize=101
[2022.03.07-12.28.01:742][  0]LogPakFile: PakFile FullDirectoryIndexSize=158
[2022.03.07-12.28.01:743][  0]LogShaderLibrary: Display: ShaderCodeLibraryPakFileMountedCallback: PakFile 'C:/Program Files/Epic Games/UE_4.27/FeaturePacks/TP_VirtualRealityBP.upack' (chunk index -1, root 'root:/') mounted
[2022.03.07-12.28.01:743][  0]LogShaderLibrary: Display: ShaderCodeLibraryPakFileMountedCallback: pending pak file info (ChunkID:-1 Root:root:/ File:C:/Program Files/Epic Games/UE_4.27/FeaturePacks/TP_VirtualRealityBP.upack)
[2022.03.07-12.28.01:743][  0]LogPakFile: OnPakFileMounted2Time == 0.000128
[2022.03.07-12.28.01:782][  0]LogNativeClassHierarchy: Verbose: Native class hierarchy updated for 'AddContentDialog' in 0.0003 seconds. Added 0 classes and 0 folders.
[2022.03.07-12.28.01:786][  0]LogNativeClassHierarchy: Verbose: Native class hierarchy updated for 'SceneOutliner' in 0.0002 seconds. Added 2 classes and 0 folders.
[2022.03.07-12.28.02:097][  0]LogSlate: Only BGRA pngs, bmps or icos are supported in by External Image Picker
[2022.03.07-12.28.02:171][  0]LogSlate: Took 0.000269 seconds to synchronously load lazily loaded font '../../../Engine/Content/Slate/Fonts/Roboto-Regular.ttf' (155K)
[2022.03.07-12.28.02:174][  0]LogSlate: Took 0.001460 seconds to synchronously load lazily loaded font '../../../Engine/Content/Editor/Slate/Fonts/NanumGothic.ttf' (4243K)
[2022.03.07-12.28.02:174][  0]LogSlate: Took 0.000233 seconds to synchronously load lazily loaded font '../../../Engine/Content/Editor/Slate/Fonts/FontAwesome.ttf' (139K)
[2022.03.07-12.28.02:176][  0]LogSlate: Took 0.001427 seconds to synchronously load lazily loaded font '../../../Engine/Content/Editor/Slate/Fonts/NanumGothicBold.ttf' (4188K)
[2022.03.07-12.28.02:177][  0]LogSlate: Took 0.000197 seconds to synchronously load lazily loaded font '../../../Engine/Content/Slate/Fonts/Roboto-Bold.ttf' (160K)
[2022.03.07-12.28.02:177][  0]LogSlate: Took 0.000107 seconds to synchronously load lazily loaded font '../../../Engine/Content/Slate/Fonts/DroidSansMono.ttf' (77K)
[2022.03.07-12.28.02:220][  0]LogSlate: Took 0.001680 seconds to synchronously load lazily loaded font '../../../Engine/Content/Editor/Slate/Fonts/NanumGothicExtraBold.ttf' (4074K)
[2022.03.07-12.28.02:299][  0]LogRenderer: Reallocating scene render targets to support 1036x540 Format 10 NumSamples 1 (Frame:1).
[2022.03.07-12.28.02:377][  0]LogSlate: Took 0.000258 seconds to synchronously load lazily loaded font '../../../Engine/Content/Slate/Fonts/Roboto-Light.ttf' (167K)
[2022.03.07-12.28.02:473][  0]LogNativeClassHierarchy: Verbose: Native class hierarchy updated for 'HierarchicalLODOutliner' in 0.0003 seconds. Added 0 classes and 0 folders.
[2022.03.07-12.28.02:474][  0]LogInput: Warning: Action Jump uses invalid key OculusGo_Left_Trigger_Click.
[2022.03.07-12.28.02:474][  0]LogInput: Warning: Action ResetVR uses invalid key OculusGo_Left_Trackpad_Click.
[2022.03.07-12.28.02:474][  0]LogInput: Warning: Use -RemoveInvalidKeys to remove instances of these keys from the action mapping.
[2022.03.07-12.28.02:474][  0]LogLoad: (Engine Initialization) Total time: 15.56 seconds
[2022.03.07-12.28.02:474][  0]LogLoad: (Engine Initialization) Total Blueprint compile time: 0.00 seconds
[2022.03.07-12.28.02:504][  0]ArenaBattle: Warning: AFountain::PostInitializeComponents(70)
[2022.03.07-12.28.02:570][  0]LogAssetRegistry: Asset discovery search completed in 5.6189 seconds
[2022.03.07-12.28.02:575][  0]LogCollectionManager: Fixed up redirectors for 0 collections in 0.000004 seconds (updated 0 objects)
[2022.03.07-12.28.02:577][  0]LogContentStreaming: Texture pool size now 1000 MB
[2022.03.07-12.28.02:837][  1]ArenaBattle: Warning: AABPawn::PostInitializeComponents(79)
[2022.03.07-12.28.03:841][  4]LogSlate: Took 0.000263 seconds to synchronously load lazily loaded font '../../../Engine/Content/Slate/Fonts/Roboto-Light.ttf' (167K)
