Log file open, 03/22/22 18:12:04
LogWindows: Failed to load 'aqProf.dll' (GetLastError=126)
LogWindows: File 'aqProf.dll' does not exist
LogWindows: Failed to load 'VtuneApi.dll' (GetLastError=126)
LogWindows: File 'VtuneApi.dll' does not exist
LogWindows: Failed to load 'VtuneApi32e.dll' (GetLastError=126)
LogWindows: File 'VtuneApi32e.dll' does not exist
LogConsoleResponse: Display: Failed to find resolution value strings in scalability ini. Falling back to default.
LogConsoleResponse: Display: Failed to find resolution value strings in scalability ini. Falling back to default.
LogInit: Display: Running engine for game: ArenaBattle
LogPlatformFile: Not using cached read wrapper
LogTaskGraph: Started task graph with 5 named threads and 35 total threads with 3 sets of task threads.
LogStats: Stats thread started at 0.500017
LogICUInternationalization: ICU TimeZone Detection - Raw Offset: +9:00, Platform Override: ''
LogInit: Display: Loading text-based GConfig....
LogPluginManager: Mounting plugin MeshPainting
LogPluginManager: Mounting plugin XGEController
LogPluginManager: Mounting plugin Paper2D
LogPluginManager: Mounting plugin LiveLink
LogPluginManager: Mounting plugin AISupport
LogPluginManager: Mounting plugin EnvironmentQueryEditor
LogPluginManager: Mounting plugin OodleData
LogPluginManager: Mounting plugin AssetManagerEditor
LogPluginManager: Mounting plugin LightPropagationVolume
LogPluginManager: Mounting plugin CameraShakePreviewer
LogPluginManager: Mounting plugin OodleNetwork
LogPluginManager: Mounting plugin CryptoKeys
LogPluginManager: Mounting plugin CurveEditorTools
LogPluginManager: Mounting plugin DataValidation
LogPluginManager: Mounting plugin FacialAnimation
LogPluginManager: Mounting plugin GameplayTagsEditor
LogPluginManager: Mounting plugin GeometryMode
LogPluginManager: Mounting plugin MacGraphicsSwitching
LogPluginManager: Mounting plugin MobileLauncherProfileWizard
LogPluginManager: Mounting plugin MaterialAnalyzer
LogPluginManager: Mounting plugin PluginBrowser
LogPluginManager: Mounting plugin SpeedTreeImporter
LogPluginManager: Mounting plugin AlembicImporter
LogPluginManager: Mounting plugin AutomationUtils
LogPluginManager: Mounting plugin BackChannel
LogPluginManager: Mounting plugin ChaosCloth
LogPluginManager: Mounting plugin ChaosNiagara
LogPluginManager: Mounting plugin ChaosEditor
LogPluginManager: Mounting plugin ChaosSolverPlugin
LogPluginManager: Mounting plugin CharacterAI
LogPluginManager: Mounting plugin ChaosClothEditor
LogPluginManager: Mounting plugin GeometryCollectionPlugin
LogPluginManager: Mounting plugin GeometryCache
LogPluginManager: Mounting plugin GeometryProcessing
LogPluginManager: Mounting plugin MotoSynth
LogPluginManager: Mounting plugin OpenImageDenoise
LogPluginManager: Mounting plugin Niagara
LogPluginManager: Mounting plugin PlanarCut
LogPluginManager: Mounting plugin PlatformCrypto
LogPluginManager: Mounting plugin ProxyLODPlugin
LogPluginManager: Mounting plugin PythonScriptPlugin
LogPluginManager: Mounting plugin DatasmithContent
LogPluginManager: Mounting plugin VariantManagerContent
LogPluginManager: Mounting plugin SkeletalReduction
LogPluginManager: Mounting plugin AnimationSharing
LogPluginManager: Mounting plugin CLionSourceCodeAccess
LogPluginManager: Mounting plugin CodeLiteSourceCodeAccess
LogPluginManager: Mounting plugin GitSourceControl
LogPluginManager: Mounting plugin NullSourceCodeAccess
LogPluginManager: Mounting plugin KDevelopSourceCodeAccess
LogPluginManager: Mounting plugin PerforceSourceControl
LogPluginManager: Mounting plugin PixWinPlugin
LogPluginManager: Mounting plugin PluginUtils
LogPluginManager: Mounting plugin PlasticSourceControl
LogPluginManager: Mounting plugin PropertyAccessNode
LogPluginManager: Mounting plugin SubversionSourceControl
LogPluginManager: Mounting plugin RiderSourceCodeAccess
LogPluginManager: Mounting plugin TextureFormatOodle
LogPluginManager: Mounting plugin VisualStudioSourceCodeAccess
LogPluginManager: Mounting plugin XCodeSourceCodeAccess
LogPluginManager: Mounting plugin LuminPlatformFeatures
LogPluginManager: Mounting plugin VisualStudioCodeSourceCodeAccess
LogPluginManager: Mounting plugin MagicLeap
LogPluginManager: Mounting plugin MagicLeapLightEstimation
LogPluginManager: Mounting plugin UObjectPlugin
LogPluginManager: Mounting plugin MagicLeapMedia
LogPluginManager: Mounting plugin TcpMessaging
LogPluginManager: Mounting plugin UdpMessaging
LogPluginManager: Mounting plugin AndroidMedia
LogPluginManager: Mounting plugin MagicLeapPassableWorld
LogPluginManager: Mounting plugin MLSDK
LogPluginManager: Mounting plugin AvfMedia
LogPluginManager: Mounting plugin ImgMedia
LogPluginManager: Mounting plugin MediaCompositing
LogPluginManager: Mounting plugin MediaPlayerEditor
LogPluginManager: Mounting plugin ActorSequence
LogPluginManager: Mounting plugin WebMMedia
LogPluginManager: Mounting plugin WmfMedia
LogPluginManager: Mounting plugin LevelSequenceEditor
LogPluginManager: Mounting plugin MatineeToLevelSequence
LogPluginManager: Mounting plugin TemplateSequence
LogPluginManager: Mounting plugin OnlineSubsystem
LogPluginManager: Mounting plugin OnlineSubsystemNull
LogPluginManager: Mounting plugin OnlineSubsystemUtils
LogPluginManager: Mounting plugin LauncherChunkInstaller
LogPluginManager: Mounting plugin ActorLayerUtilities
LogPluginManager: Mounting plugin AndroidDeviceProfileSelector
LogPluginManager: Mounting plugin AndroidMoviePlayer
LogPluginManager: Mounting plugin AndroidPermission
LogPluginManager: Mounting plugin AppleMoviePlayer
LogPluginManager: Mounting plugin AppleImageUtils
LogPluginManager: Mounting plugin AssetTags
LogPluginManager: Mounting plugin ArchVisCharacter
LogPluginManager: Mounting plugin AudioCapture
LogPluginManager: Mounting plugin AudioSynesthesia
LogPluginManager: Mounting plugin CableComponent
LogPluginManager: Mounting plugin ChunkDownloader
LogPluginManager: Mounting plugin CustomMeshComponent
LogPluginManager: Mounting plugin ExampleDeviceProfileSelector
LogPluginManager: Mounting plugin EditableMesh
LogPluginManager: Mounting plugin GoogleCloudMessaging
LogPluginManager: Mounting plugin GooglePAD
LogPluginManager: Mounting plugin ScreenshotTools
LogPluginManager: Mounting plugin IOSDeviceProfileSelector
LogPluginManager: Mounting plugin LinuxDeviceProfileSelector
LogPluginManager: Mounting plugin LocationServicesBPLibrary
LogPluginManager: Mounting plugin MobilePatchingUtils
LogPluginManager: Mounting plugin OpenXR
LogPluginManager: Mounting plugin OpenXREyeTracker
LogPluginManager: Mounting plugin OpenXRHandTracking
LogPluginManager: Mounting plugin PostSplashScreen
LogPluginManager: Mounting plugin PhysXVehicles
LogPluginManager: Mounting plugin ProceduralMeshComponent
LogPluginManager: Mounting plugin PropertyAccessEditor
LogPluginManager: Mounting plugin RuntimePhysXCooking
LogPluginManager: Mounting plugin SignificanceManager
LogPluginManager: Mounting plugin SoundFields
LogPluginManager: Mounting plugin Synthesis
LogPluginManager: Mounting plugin WebMMoviePlayer
LogPluginManager: Mounting plugin WindowsMoviePlayer
LogPluginManager: Mounting plugin Takes
LogPluginManager: Mounting plugin GameplayCameras
LogPluginManager: Mounting plugin ContentBrowserAssetDataSource
LogPluginManager: Mounting plugin ContentBrowserFileDataSource
LogPluginManager: Mounting plugin ContentBrowserClassDataSource
LogPluginManager: Mounting plugin OnlineSubsystemGooglePlay
LogPluginManager: Mounting plugin OnlineSubsystemIOS
LogPluginManager: Mounting plugin OculusVR
LogPluginManager: Mounting plugin SteamVR
PixWinPlugin: PIX capture plugin failed to initialize! Check that the process is launched from PIX.
LogInit: Using libcurl 7.55.1-DEV
LogInit:  - built for x86_64-pc-win32
LogInit:  - supports SSL with OpenSSL/1.1.1
LogInit:  - supports HTTP deflate (compression) using libz 1.2.8
LogInit:  - other features:
LogInit:      CURL_VERSION_SSL
LogInit:      CURL_VERSION_LIBZ
LogInit:      CURL_VERSION_IPV6
LogInit:      CURL_VERSION_ASYNCHDNS
LogInit:      CURL_VERSION_LARGEFILE
LogInit:      CURL_VERSION_IDN
LogInit:  CurlRequestOptions (configurable via config and command line):
LogInit:  - bVerifyPeer = true  - Libcurl will verify peer certificate
LogInit:  - bUseHttpProxy = false  - Libcurl will NOT use HTTP proxy
LogInit:  - bDontReuseConnections = false  - Libcurl will reuse connections
LogInit:  - MaxHostConnections = 16  - Libcurl will limit the number of connections to a host
LogInit:  - LocalHostAddr = Default
LogInit:  - BufferSize = 65536
LogOnline: OSS: Creating online subsystem instance for: NULL
LogInit: WinSock: version 1.1 (2.2), MaxSocks=32767, MaxUdp=65467
LogOnline: OSS: TryLoadSubsystemAndSetDefault: Loaded subsystem for module [NULL]
LogOculusPluginWrapper: OculusPlugin initialized successfully
LogHMD: Failed initializing OVRPlugin 1.59.0
LogInit: Build: ++UE4+Release-4.27-CL-18319896
LogInit: Engine Version: 4.27.2-18319896+++UE4+Release-4.27
LogInit: Compatible Engine Version: 4.27.0-17155196+++UE4+Release-4.27
LogInit: Net CL: 17155196
LogInit: OS: Windows 10 (Release 2009) (), CPU: AMD Ryzen 5 3600 6-Core Processor              , GPU: AMD Radeon RX 6700 XT
LogInit: Compiled (64-bit): Nov 30 2021 07:12:08
LogInit: Compiled with Visual C++: 19.24.28315.00
LogInit: Build Configuration: Development
LogInit: Branch Name: ++UE4+Release-4.27
LogInit: Command Line: 
LogInit: Base Directory: C:/Program Files/Epic Games/UE_4.27/Engine/Binaries/Win64/
LogInit: Allocator: TBB
LogInit: Installed Engine Build: 1
LogDevObjectVersion: Number of dev versions registered: 29
LogDevObjectVersion:   Dev-Blueprints (B0D832E4-1F89-4F0D-ACCF-7EB736FD4AA2): 10
LogDevObjectVersion:   Dev-Build (E1C64328-A22C-4D53-A36C-8E866417BD8C): 0
LogDevObjectVersion:   Dev-Core (375EC13C-06E4-48FB-B500-84F0262A717E): 4
LogDevObjectVersion:   Dev-Editor (E4B068ED-F494-42E9-A231-DA0B2E46BB41): 40
LogDevObjectVersion:   Dev-Framework (CFFC743F-43B0-4480-9391-14DF171D2073): 37
LogDevObjectVersion:   Dev-Mobile (B02B49B5-BB20-44E9-A304-32B752E40360): 3
LogDevObjectVersion:   Dev-Networking (A4E4105C-59A1-49B5-A7C5-40C4547EDFEE): 0
LogDevObjectVersion:   Dev-Online (39C831C9-5AE6-47DC-9A44-9C173E1C8E7C): 0
LogDevObjectVersion:   Dev-Physics (78F01B33-EBEA-4F98-B9B4-84EACCB95AA2): 14
LogDevObjectVersion:   Dev-Platform (6631380F-2D4D-43E0-8009-CF276956A95A): 0
LogDevObjectVersion:   Dev-Rendering (12F88B9F-8875-4AFC-A67C-D90C383ABD29): 45
LogDevObjectVersion:   Dev-Sequencer (7B5AE74C-D270-4C10-A958-57980B212A5A): 13
LogDevObjectVersion:   Dev-VR (D7296918-1DD6-4BDD-9DE2-64A83CC13884): 3
LogDevObjectVersion:   Dev-LoadTimes (C2A15278-BFE7-4AFE-6C17-90FF531DF755): 1
LogDevObjectVersion:   Private-Geometry (6EACA3D4-40EC-4CC1-B786-8BED09428FC5): 3
LogDevObjectVersion:   Dev-AnimPhys (29E575DD-E0A3-4627-9D10-D276232CDCEA): 17
LogDevObjectVersion:   Dev-Anim (AF43A65D-7FD3-4947-9873-3E8ED9C1BB05): 15
LogDevObjectVersion:   Dev-ReflectionCapture (6B266CEC-1EC7-4B8F-A30B-E4D90942FC07): 1
LogDevObjectVersion:   Dev-Automation (0DF73D61-A23F-47EA-B727-89E90C41499A): 1
LogDevObjectVersion:   FortniteMain (601D1886-AC64-4F84-AA16-D3DE0DEAC7D6): 47
LogDevObjectVersion:   FortniteRelease (E7086368-6B23-4C58-8439-1B7016265E91): 1
LogDevObjectVersion:   Dev-Enterprise (9DFFBCD6-494F-0158-E221-12823C92A888): 10
LogDevObjectVersion:   Dev-Niagara (F2AED0AC-9AFE-416F-8664-AA7FFA26D6FC): 1
LogDevObjectVersion:   Dev-Destruction (174F1F0B-B4C6-45A5-B13F-2EE8D0FB917D): 10
LogDevObjectVersion:   Dev-Physics-Ext (35F94A83-E258-406C-A318-09F59610247C): 41
LogDevObjectVersion:   Dev-PhysicsMaterial-Chaos (B68FC16E-8B1B-42E2-B453-215C058844FE): 1
LogDevObjectVersion:   Dev-CineCamera (B2E18506-4273-CFC2-A54E-F4BB758BBA07): 1
LogDevObjectVersion:   Dev-VirtualProduction (64F58936-FD1B-42BA-BA96-7289D5D0FA4E): 1
LogDevObjectVersion:   Dev-MediaFramework (6F0ED827-A609-4895-9C91-998D90180EA4): 2
LogInit: Presizing for max 25165824 objects, including 0 objects not considered by GC, pre-allocating 0 bytes for permanent pool.
LogConfig: Applying CVar settings from Section [/Script/Engine.StreamingSettings] File [D:/OneDrive - SNU/github/CPP_Portfolio_2022/ArenaBattle/Saved/Config/Windows/Engine.ini]
LogConfig: Setting CVar [[s.MinBulkDataSizeForAsyncLoading:131072]]
LogConfig: Setting CVar [[s.AsyncLoadingThreadEnabled:0]]
LogConfig: Setting CVar [[s.EventDrivenLoaderEnabled:1]]
LogConfig: Setting CVar [[s.WarnIfTimeLimitExceeded:0]]
LogConfig: Setting CVar [[s.TimeLimitExceededMultiplier:1.5]]
LogConfig: Setting CVar [[s.TimeLimitExceededMinTime:0.005]]
LogConfig: Setting CVar [[s.UseBackgroundLevelStreaming:1]]
LogConfig: Setting CVar [[s.PriorityAsyncLoadingExtraTime:15.0]]
LogConfig: Setting CVar [[s.LevelStreamingActorsUpdateTimeLimit:5.0]]
LogConfig: Setting CVar [[s.PriorityLevelStreamingActorsUpdateExtraTime:5.0]]
LogConfig: Setting CVar [[s.LevelStreamingComponentsRegistrationGranularity:10]]
LogConfig: Setting CVar [[s.UnregisterComponentsTimeLimit:1.0]]
LogConfig: Setting CVar [[s.LevelStreamingComponentsUnregistrationGranularity:5]]
LogConfig: Setting CVar [[s.FlushStreamingOnExit:1]]
LogInit: Object subsystem initialized
LogConfig: Setting CVar [[con.DebugEarlyDefault:1]]
LogConfig: Setting CVar [[r.setres:1280x720]]
[2022.03.22-09.12.05:394][  0]LogConfig: Setting CVar [[r.VSync:0]]
[2022.03.22-09.12.05:394][  0]LogConfig: Setting CVar [[r.RHICmdBypass:0]]
[2022.03.22-09.12.05:394][  0]LogConfig: Applying CVar settings from Section [/Script/Engine.RendererSettings] File [D:/OneDrive - SNU/github/CPP_Portfolio_2022/ArenaBattle/Saved/Config/Windows/Engine.ini]
[2022.03.22-09.12.05:394][  0]LogConfig: Setting CVar [[r.GPUCrashDebugging:0]]
[2022.03.22-09.12.05:394][  0]LogConfig: Applying CVar settings from Section [/Script/Engine.RendererOverrideSettings] File [D:/OneDrive - SNU/github/CPP_Portfolio_2022/ArenaBattle/Saved/Config/Windows/Engine.ini]
[2022.03.22-09.12.05:394][  0]LogConfig: Applying CVar settings from Section [/Script/Engine.StreamingSettings] File [D:/OneDrive - SNU/github/CPP_Portfolio_2022/ArenaBattle/Saved/Config/Windows/Engine.ini]
[2022.03.22-09.12.05:394][  0]LogConfig: Setting CVar [[s.MinBulkDataSizeForAsyncLoading:131072]]
[2022.03.22-09.12.05:394][  0]LogConfig: Setting CVar [[s.AsyncLoadingThreadEnabled:0]]
[2022.03.22-09.12.05:394][  0]LogConfig: Setting CVar [[s.EventDrivenLoaderEnabled:1]]
[2022.03.22-09.12.05:394][  0]LogConfig: Setting CVar [[s.WarnIfTimeLimitExceeded:0]]
[2022.03.22-09.12.05:394][  0]LogConfig: Setting CVar [[s.TimeLimitExceededMultiplier:1.5]]
[2022.03.22-09.12.05:394][  0]LogConfig: Setting CVar [[s.TimeLimitExceededMinTime:0.005]]
[2022.03.22-09.12.05:394][  0]LogConfig: Setting CVar [[s.UseBackgroundLevelStreaming:1]]
[2022.03.22-09.12.05:394][  0]LogConfig: Setting CVar [[s.PriorityAsyncLoadingExtraTime:15.0]]
[2022.03.22-09.12.05:394][  0]LogConfig: Setting CVar [[s.LevelStreamingActorsUpdateTimeLimit:5.0]]
[2022.03.22-09.12.05:394][  0]LogConfig: Setting CVar [[s.PriorityLevelStreamingActorsUpdateExtraTime:5.0]]
[2022.03.22-09.12.05:394][  0]LogConfig: Setting CVar [[s.LevelStreamingComponentsRegistrationGranularity:10]]
[2022.03.22-09.12.05:394][  0]LogConfig: Setting CVar [[s.UnregisterComponentsTimeLimit:1.0]]
[2022.03.22-09.12.05:394][  0]LogConfig: Setting CVar [[s.LevelStreamingComponentsUnregistrationGranularity:5]]
[2022.03.22-09.12.05:394][  0]LogConfig: Setting CVar [[s.FlushStreamingOnExit:1]]
[2022.03.22-09.12.05:394][  0]LogConfig: Applying CVar settings from Section [/Script/Engine.GarbageCollectionSettings] File [D:/OneDrive - SNU/github/CPP_Portfolio_2022/ArenaBattle/Saved/Config/Windows/Engine.ini]
[2022.03.22-09.12.05:394][  0]LogConfig: Setting CVar [[gc.MaxObjectsNotConsideredByGC:1]]
[2022.03.22-09.12.05:394][  0]LogConfig: Setting CVar [[gc.SizeOfPermanentObjectPool:0]]
[2022.03.22-09.12.05:394][  0]LogConfig: Setting CVar [[gc.FlushStreamingOnGC:0]]
[2022.03.22-09.12.05:394][  0]LogConfig: Setting CVar [[gc.NumRetriesBeforeForcingGC:10]]
[2022.03.22-09.12.05:394][  0]LogConfig: Setting CVar [[gc.AllowParallelGC:1]]
[2022.03.22-09.12.05:394][  0]LogConfig: Setting CVar [[gc.TimeBetweenPurgingPendingKillObjects:61.1]]
[2022.03.22-09.12.05:394][  0]LogConfig: Setting CVar [[gc.MaxObjectsInEditor:25165824]]
[2022.03.22-09.12.05:394][  0]LogConfig: Setting CVar [[gc.IncrementalBeginDestroyEnabled:1]]
[2022.03.22-09.12.05:394][  0]LogConfig: Setting CVar [[gc.CreateGCClusters:1]]
[2022.03.22-09.12.05:394][  0]LogConfig: Setting CVar [[gc.MinGCClusterSize:5]]
[2022.03.22-09.12.05:394][  0]LogConfig: Setting CVar [[gc.ActorClusteringEnabled:0]]
[2022.03.22-09.12.05:394][  0]LogConfig: Setting CVar [[gc.BlueprintClusteringEnabled:0]]
[2022.03.22-09.12.05:394][  0]LogConfig: Setting CVar [[gc.UseDisregardForGCOnDedicatedServers:0]]
[2022.03.22-09.12.05:395][  0]LogConfig: Setting CVar [[gc.MultithreadedDestructionEnabled:1]]
[2022.03.22-09.12.05:395][  0]LogConfig: Applying CVar settings from Section [/Script/Engine.NetworkSettings] File [D:/OneDrive - SNU/github/CPP_Portfolio_2022/ArenaBattle/Saved/Config/Windows/Engine.ini]
[2022.03.22-09.12.05:395][  0]LogConfig: Applying CVar settings from Section [/Script/UnrealEd.CookerSettings] File [D:/OneDrive - SNU/github/CPP_Portfolio_2022/ArenaBattle/Saved/Config/Windows/Engine.ini]
[2022.03.22-09.12.05:416][  0]LogConfig: Applying CVar settings from Section [ViewDistanceQuality@3] File [D:/OneDrive - SNU/github/CPP_Portfolio_2022/ArenaBattle/Saved/Config/Windows/Scalability.ini]
[2022.03.22-09.12.05:416][  0]LogConfig: Setting CVar [[r.SkeletalMeshLODBias:0]]
[2022.03.22-09.12.05:416][  0]LogConfig: Setting CVar [[r.ViewDistanceScale:1.0]]
[2022.03.22-09.12.05:416][  0]LogConfig: Applying CVar settings from Section [AntiAliasingQuality@3] File [D:/OneDrive - SNU/github/CPP_Portfolio_2022/ArenaBattle/Saved/Config/Windows/Scalability.ini]
[2022.03.22-09.12.05:416][  0]LogConfig: Setting CVar [[r.PostProcessAAQuality:4]]
[2022.03.22-09.12.05:416][  0]LogConfig: Applying CVar settings from Section [ShadowQuality@3] File [D:/OneDrive - SNU/github/CPP_Portfolio_2022/ArenaBattle/Saved/Config/Windows/Scalability.ini]
[2022.03.22-09.12.05:416][  0]LogConfig: Setting CVar [[r.LightFunctionQuality:1]]
[2022.03.22-09.12.05:416][  0]LogConfig: Setting CVar [[r.ShadowQuality:5]]
[2022.03.22-09.12.05:416][  0]LogConfig: Setting CVar [[r.Shadow.CSM.MaxCascades:10]]
[2022.03.22-09.12.05:416][  0]LogConfig: Setting CVar [[r.Shadow.MaxResolution:2048]]
[2022.03.22-09.12.05:416][  0]LogConfig: Setting CVar [[r.Shadow.MaxCSMResolution:2048]]
[2022.03.22-09.12.05:416][  0]LogConfig: Setting CVar [[r.Shadow.RadiusThreshold:0.01]]
[2022.03.22-09.12.05:416][  0]LogConfig: Setting CVar [[r.Shadow.DistanceScale:1.0]]
[2022.03.22-09.12.05:416][  0]LogConfig: Setting CVar [[r.Shadow.CSM.TransitionScale:1.0]]
[2022.03.22-09.12.05:416][  0]LogConfig: Setting CVar [[r.Shadow.PreShadowResolutionFactor:1.0]]
[2022.03.22-09.12.05:416][  0]LogConfig: Setting CVar [[r.DistanceFieldShadowing:1]]
[2022.03.22-09.12.05:416][  0]LogConfig: Setting CVar [[r.DistanceFieldAO:1]]
[2022.03.22-09.12.05:416][  0]LogConfig: Setting CVar [[r.AOQuality:2]]
[2022.03.22-09.12.05:416][  0]LogConfig: Setting CVar [[r.VolumetricFog:1]]
[2022.03.22-09.12.05:416][  0]LogConfig: Setting CVar [[r.VolumetricFog.GridPixelSize:8]]
[2022.03.22-09.12.05:416][  0]LogConfig: Setting CVar [[r.VolumetricFog.GridSizeZ:128]]
[2022.03.22-09.12.05:416][  0]LogConfig: Setting CVar [[r.VolumetricFog.HistoryMissSupersampleCount:4]]
[2022.03.22-09.12.05:416][  0]LogConfig: Setting CVar [[r.LightMaxDrawDistanceScale:1]]
[2022.03.22-09.12.05:416][  0]LogConfig: Setting CVar [[r.CapsuleShadows:1]]
[2022.03.22-09.12.05:416][  0]LogConfig: Applying CVar settings from Section [PostProcessQuality@3] File [D:/OneDrive - SNU/github/CPP_Portfolio_2022/ArenaBattle/Saved/Config/Windows/Scalability.ini]
[2022.03.22-09.12.05:416][  0]LogConfig: Setting CVar [[r.MotionBlurQuality:4]]
[2022.03.22-09.12.05:416][  0]LogConfig: Setting CVar [[r.AmbientOcclusionMipLevelFactor:0.4]]
[2022.03.22-09.12.05:416][  0]LogConfig: Setting CVar [[r.AmbientOcclusionMaxQuality:100]]
[2022.03.22-09.12.05:416][  0]LogConfig: Setting CVar [[r.AmbientOcclusionLevels:-1]]
[2022.03.22-09.12.05:416][  0]LogConfig: Setting CVar [[r.AmbientOcclusionRadiusScale:1.0]]
[2022.03.22-09.12.05:416][  0]LogConfig: Setting CVar [[r.DepthOfFieldQuality:2]]
[2022.03.22-09.12.05:416][  0]LogConfig: Setting CVar [[r.RenderTargetPoolMin:400]]
[2022.03.22-09.12.05:416][  0]LogConfig: Setting CVar [[r.LensFlareQuality:2]]
[2022.03.22-09.12.05:416][  0]LogConfig: Setting CVar [[r.SceneColorFringeQuality:1]]
[2022.03.22-09.12.05:416][  0]LogConfig: Setting CVar [[r.EyeAdaptationQuality:2]]
[2022.03.22-09.12.05:416][  0]LogConfig: Setting CVar [[r.BloomQuality:5]]
[2022.03.22-09.12.05:416][  0]LogConfig: Setting CVar [[r.FastBlurThreshold:100]]
[2022.03.22-09.12.05:416][  0]LogConfig: Setting CVar [[r.Upscale.Quality:3]]
[2022.03.22-09.12.05:416][  0]LogConfig: Setting CVar [[r.Tonemapper.GrainQuantization:1]]
[2022.03.22-09.12.05:416][  0]LogConfig: Setting CVar [[r.LightShaftQuality:1]]
[2022.03.22-09.12.05:416][  0]LogConfig: Setting CVar [[r.Filter.SizeScale:1]]
[2022.03.22-09.12.05:416][  0]LogConfig: Setting CVar [[r.Tonemapper.Quality:5]]
[2022.03.22-09.12.05:416][  0]LogConfig: Setting CVar [[r.DOF.Gather.AccumulatorQuality:1        ; higher gathering accumulator quality]]
[2022.03.22-09.12.05:416][  0]LogConfig: Setting CVar [[r.DOF.Gather.PostfilterMethod:1          ; Median3x3 postfilering method]]
[2022.03.22-09.12.05:416][  0]LogConfig: Setting CVar [[r.DOF.Gather.EnableBokehSettings:0       ; no bokeh simulation when gathering]]
[2022.03.22-09.12.05:416][  0]LogConfig: Setting CVar [[r.DOF.Gather.RingCount:4                 ; medium number of samples when gathering]]
[2022.03.22-09.12.05:416][  0]LogConfig: Setting CVar [[r.DOF.Scatter.ForegroundCompositing:1    ; additive foreground scattering]]
[2022.03.22-09.12.05:416][  0]LogConfig: Setting CVar [[r.DOF.Scatter.BackgroundCompositing:2    ; additive background scattering]]
[2022.03.22-09.12.05:416][  0]LogConfig: Setting CVar [[r.DOF.Scatter.EnableBokehSettings:1      ; bokeh simulation when scattering]]
[2022.03.22-09.12.05:416][  0]LogConfig: Setting CVar [[r.DOF.Scatter.MaxSpriteRatio:0.1         ; only a maximum of 10% of scattered bokeh]]
[2022.03.22-09.12.05:417][  0]LogConfig: Setting CVar [[r.DOF.Recombine.Quality:1                ; cheap slight out of focus]]
[2022.03.22-09.12.05:417][  0]LogConfig: Setting CVar [[r.DOF.Recombine.EnableBokehSettings:0    ; no bokeh simulation on slight out of focus]]
[2022.03.22-09.12.05:417][  0]LogConfig: Setting CVar [[r.DOF.TemporalAAQuality:1                ; more stable temporal accumulation]]
[2022.03.22-09.12.05:417][  0]LogConfig: Setting CVar [[r.DOF.Kernel.MaxForegroundRadius:0.025]]
[2022.03.22-09.12.05:417][  0]LogConfig: Setting CVar [[r.DOF.Kernel.MaxBackgroundRadius:0.025]]
[2022.03.22-09.12.05:417][  0]LogConfig: Applying CVar settings from Section [TextureQuality@3] File [D:/OneDrive - SNU/github/CPP_Portfolio_2022/ArenaBattle/Saved/Config/Windows/Scalability.ini]
[2022.03.22-09.12.05:417][  0]LogConfig: Setting CVar [[r.Streaming.MipBias:0]]
[2022.03.22-09.12.05:417][  0]LogConfig: Setting CVar [[r.Streaming.AmortizeCPUToGPUCopy:0]]
[2022.03.22-09.12.05:417][  0]LogConfig: Setting CVar [[r.Streaming.MaxNumTexturesToStreamPerFrame:0]]
[2022.03.22-09.12.05:417][  0]LogConfig: Setting CVar [[r.Streaming.Boost:1]]
[2022.03.22-09.12.05:417][  0]LogConfig: Setting CVar [[r.MaxAnisotropy:8]]
[2022.03.22-09.12.05:417][  0]LogConfig: Setting CVar [[r.VT.MaxAnisotropy:8]]
[2022.03.22-09.12.05:417][  0]LogConfig: Setting CVar [[r.Streaming.LimitPoolSizeToVRAM:0]]
[2022.03.22-09.12.05:417][  0]LogConfig: Setting CVar [[r.Streaming.PoolSize:1000]]
[2022.03.22-09.12.05:417][  0]LogConfig: Setting CVar [[r.Streaming.MaxEffectiveScreenSize:0]]
[2022.03.22-09.12.05:417][  0]LogConfig: Applying CVar settings from Section [EffectsQuality@3] File [D:/OneDrive - SNU/github/CPP_Portfolio_2022/ArenaBattle/Saved/Config/Windows/Scalability.ini]
[2022.03.22-09.12.05:417][  0]LogConfig: Setting CVar [[r.TranslucencyLightingVolumeDim:64]]
[2022.03.22-09.12.05:417][  0]LogConfig: Setting CVar [[r.RefractionQuality:2]]
[2022.03.22-09.12.05:417][  0]LogConfig: Setting CVar [[r.SSR.Quality:3]]
[2022.03.22-09.12.05:417][  0]LogConfig: Setting CVar [[r.SSR.HalfResSceneColor:0]]
[2022.03.22-09.12.05:417][  0]LogConfig: Setting CVar [[r.SceneColorFormat:4]]
[2022.03.22-09.12.05:417][  0]LogConfig: Setting CVar [[r.DetailMode:2]]
[2022.03.22-09.12.05:417][  0]LogConfig: Setting CVar [[r.TranslucencyVolumeBlur:1]]
[2022.03.22-09.12.05:417][  0]LogConfig: Setting CVar [[r.MaterialQualityLevel:1 ; High quality]]
[2022.03.22-09.12.05:417][  0]LogConfig: Setting CVar [[r.AnisotropicMaterials:1]]
[2022.03.22-09.12.05:417][  0]LogConfig: Setting CVar [[r.SSS.Scale:1]]
[2022.03.22-09.12.05:417][  0]LogConfig: Setting CVar [[r.SSS.SampleSet:2]]
[2022.03.22-09.12.05:417][  0]LogConfig: Setting CVar [[r.SSS.Quality:1]]
[2022.03.22-09.12.05:417][  0]LogConfig: Setting CVar [[r.SSS.HalfRes:0]]
[2022.03.22-09.12.05:417][  0]LogConfig: Setting CVar [[r.SSGI.Quality:3]]
[2022.03.22-09.12.05:417][  0]LogConfig: Setting CVar [[r.EmitterSpawnRateScale:1.0]]
[2022.03.22-09.12.05:417][  0]LogConfig: Setting CVar [[r.ParticleLightQuality:2]]
[2022.03.22-09.12.05:417][  0]LogConfig: Setting CVar [[r.SkyAtmosphere.AerialPerspectiveLUT.FastApplyOnOpaque:1 ; Always have FastSkyLUT 1 in this case to avoid wrong sky]]
[2022.03.22-09.12.05:417][  0]LogConfig: Setting CVar [[r.SkyAtmosphere.AerialPerspectiveLUT.SampleCountMaxPerSlice:4]]
[2022.03.22-09.12.05:417][  0]LogConfig: Setting CVar [[r.SkyAtmosphere.AerialPerspectiveLUT.DepthResolution:16.0]]
[2022.03.22-09.12.05:417][  0]LogConfig: Setting CVar [[r.SkyAtmosphere.FastSkyLUT:1]]
[2022.03.22-09.12.05:417][  0]LogConfig: Setting CVar [[r.SkyAtmosphere.FastSkyLUT.SampleCountMin:4.0]]
[2022.03.22-09.12.05:417][  0]LogConfig: Setting CVar [[r.SkyAtmosphere.FastSkyLUT.SampleCountMax:128.0]]
[2022.03.22-09.12.05:417][  0]LogConfig: Setting CVar [[r.SkyAtmosphere.SampleCountMin:4.0]]
[2022.03.22-09.12.05:417][  0]LogConfig: Setting CVar [[r.SkyAtmosphere.SampleCountMax:128.0]]
[2022.03.22-09.12.05:417][  0]LogConfig: Setting CVar [[r.SkyAtmosphere.TransmittanceLUT.UseSmallFormat:0]]
[2022.03.22-09.12.05:417][  0]LogConfig: Setting CVar [[r.SkyAtmosphere.TransmittanceLUT.SampleCount:10.0]]
[2022.03.22-09.12.05:417][  0]LogConfig: Setting CVar [[r.SkyAtmosphere.MultiScatteringLUT.SampleCount:15.0]]
[2022.03.22-09.12.05:417][  0]LogConfig: Setting CVar [[r.SkyLight.RealTimeReflectionCapture:1]]
[2022.03.22-09.12.05:417][  0]LogConfig: Applying CVar settings from Section [FoliageQuality@3] File [D:/OneDrive - SNU/github/CPP_Portfolio_2022/ArenaBattle/Saved/Config/Windows/Scalability.ini]
[2022.03.22-09.12.05:417][  0]LogConfig: Setting CVar [[foliage.DensityScale:1.0]]
[2022.03.22-09.12.05:417][  0]LogConfig: Setting CVar [[grass.DensityScale:1.0]]
[2022.03.22-09.12.05:417][  0]LogConfig: Applying CVar settings from Section [ShadingQuality@3] File [D:/OneDrive - SNU/github/CPP_Portfolio_2022/ArenaBattle/Saved/Config/Windows/Scalability.ini]
[2022.03.22-09.12.05:417][  0]LogConfig: Setting CVar [[r.HairStrands.SkyLighting.IntegrationType:2]]
[2022.03.22-09.12.05:417][  0]LogConfig: Setting CVar [[r.HairStrands.SkyAO.SampleCount:4]]
[2022.03.22-09.12.05:417][  0]LogConfig: Setting CVar [[r.HairStrands.Visibility.MSAA.SamplePerPixel:4]]
[2022.03.22-09.12.05:417][  0]LogInit: Selected Device Profile: [Windows]
[2022.03.22-09.12.05:417][  0]LogInit: Applying CVar settings loaded from the selected device profile: [Windows]
[2022.03.22-09.12.05:417][  0]LogHAL: Display: Platform has ~ 16 GB [17101971456 / 17179869184 / 16], which maps to Larger [LargestMinGB=32, LargerMinGB=12, DefaultMinGB=8, SmallerMinGB=6, SmallestMinGB=0)
[2022.03.22-09.12.05:417][  0]LogInit: Going up to parent DeviceProfile []
[2022.03.22-09.12.05:417][  0]LogConfig: Applying CVar settings from Section [ViewDistanceQuality@3] File [D:/OneDrive - SNU/github/CPP_Portfolio_2022/ArenaBattle/Saved/Config/Windows/Scalability.ini]
[2022.03.22-09.12.05:417][  0]LogConfig: Setting CVar [[r.SkeletalMeshLODBias:0]]
[2022.03.22-09.12.05:417][  0]LogConfig: Setting CVar [[r.ViewDistanceScale:1.0]]
[2022.03.22-09.12.05:417][  0]LogConfig: Applying CVar settings from Section [AntiAliasingQuality@3] File [D:/OneDrive - SNU/github/CPP_Portfolio_2022/ArenaBattle/Saved/Config/Windows/Scalability.ini]
[2022.03.22-09.12.05:417][  0]LogConfig: Setting CVar [[r.PostProcessAAQuality:4]]
[2022.03.22-09.12.05:417][  0]LogConfig: Applying CVar settings from Section [ShadowQuality@3] File [D:/OneDrive - SNU/github/CPP_Portfolio_2022/ArenaBattle/Saved/Config/Windows/Scalability.ini]
[2022.03.22-09.12.05:417][  0]LogConfig: Setting CVar [[r.LightFunctionQuality:1]]
[2022.03.22-09.12.05:417][  0]LogConfig: Setting CVar [[r.ShadowQuality:5]]
[2022.03.22-09.12.05:417][  0]LogConfig: Setting CVar [[r.Shadow.CSM.MaxCascades:10]]
[2022.03.22-09.12.05:417][  0]LogConfig: Setting CVar [[r.Shadow.MaxResolution:2048]]
[2022.03.22-09.12.05:417][  0]LogConfig: Setting CVar [[r.Shadow.MaxCSMResolution:2048]]
[2022.03.22-09.12.05:417][  0]LogConfig: Setting CVar [[r.Shadow.RadiusThreshold:0.01]]
[2022.03.22-09.12.05:417][  0]LogConfig: Setting CVar [[r.Shadow.DistanceScale:1.0]]
[2022.03.22-09.12.05:417][  0]LogConfig: Setting CVar [[r.Shadow.CSM.TransitionScale:1.0]]
[2022.03.22-09.12.05:417][  0]LogConfig: Setting CVar [[r.Shadow.PreShadowResolutionFactor:1.0]]
[2022.03.22-09.12.05:417][  0]LogConfig: Setting CVar [[r.DistanceFieldShadowing:1]]
[2022.03.22-09.12.05:417][  0]LogConfig: Setting CVar [[r.DistanceFieldAO:1]]
[2022.03.22-09.12.05:417][  0]LogConfig: Setting CVar [[r.AOQuality:2]]
[2022.03.22-09.12.05:417][  0]LogConfig: Setting CVar [[r.VolumetricFog:1]]
[2022.03.22-09.12.05:417][  0]LogConfig: Setting CVar [[r.VolumetricFog.GridPixelSize:8]]
[2022.03.22-09.12.05:417][  0]LogConfig: Setting CVar [[r.VolumetricFog.GridSizeZ:128]]
[2022.03.22-09.12.05:417][  0]LogConfig: Setting CVar [[r.VolumetricFog.HistoryMissSupersampleCount:4]]
[2022.03.22-09.12.05:417][  0]LogConfig: Setting CVar [[r.LightMaxDrawDistanceScale:1]]
[2022.03.22-09.12.05:417][  0]LogConfig: Setting CVar [[r.CapsuleShadows:1]]
[2022.03.22-09.12.05:417][  0]LogConfig: Applying CVar settings from Section [PostProcessQuality@3] File [D:/OneDrive - SNU/github/CPP_Portfolio_2022/ArenaBattle/Saved/Config/Windows/Scalability.ini]
[2022.03.22-09.12.05:417][  0]LogConfig: Setting CVar [[r.MotionBlurQuality:4]]
[2022.03.22-09.12.05:417][  0]LogConfig: Setting CVar [[r.AmbientOcclusionMipLevelFactor:0.4]]
[2022.03.22-09.12.05:417][  0]LogConfig: Setting CVar [[r.AmbientOcclusionMaxQuality:100]]
[2022.03.22-09.12.05:417][  0]LogConfig: Setting CVar [[r.AmbientOcclusionLevels:-1]]
[2022.03.22-09.12.05:417][  0]LogConfig: Setting CVar [[r.AmbientOcclusionRadiusScale:1.0]]
[2022.03.22-09.12.05:417][  0]LogConfig: Setting CVar [[r.DepthOfFieldQuality:2]]
[2022.03.22-09.12.05:417][  0]LogConfig: Setting CVar [[r.RenderTargetPoolMin:400]]
[2022.03.22-09.12.05:417][  0]LogConfig: Setting CVar [[r.LensFlareQuality:2]]
[2022.03.22-09.12.05:417][  0]LogConfig: Setting CVar [[r.SceneColorFringeQuality:1]]
[2022.03.22-09.12.05:417][  0]LogConfig: Setting CVar [[r.EyeAdaptationQuality:2]]
[2022.03.22-09.12.05:418][  0]LogConfig: Setting CVar [[r.BloomQuality:5]]
[2022.03.22-09.12.05:418][  0]LogConfig: Setting CVar [[r.FastBlurThreshold:100]]
[2022.03.22-09.12.05:418][  0]LogConfig: Setting CVar [[r.Upscale.Quality:3]]
[2022.03.22-09.12.05:418][  0]LogConfig: Setting CVar [[r.Tonemapper.GrainQuantization:1]]
[2022.03.22-09.12.05:418][  0]LogConfig: Setting CVar [[r.LightShaftQuality:1]]
[2022.03.22-09.12.05:418][  0]LogConfig: Setting CVar [[r.Filter.SizeScale:1]]
[2022.03.22-09.12.05:418][  0]LogConfig: Setting CVar [[r.Tonemapper.Quality:5]]
[2022.03.22-09.12.05:418][  0]LogConfig: Setting CVar [[r.DOF.Gather.AccumulatorQuality:1        ; higher gathering accumulator quality]]
[2022.03.22-09.12.05:418][  0]LogConfig: Setting CVar [[r.DOF.Gather.PostfilterMethod:1          ; Median3x3 postfilering method]]
[2022.03.22-09.12.05:418][  0]LogConfig: Setting CVar [[r.DOF.Gather.EnableBokehSettings:0       ; no bokeh simulation when gathering]]
[2022.03.22-09.12.05:418][  0]LogConfig: Setting CVar [[r.DOF.Gather.RingCount:4                 ; medium number of samples when gathering]]
[2022.03.22-09.12.05:418][  0]LogConfig: Setting CVar [[r.DOF.Scatter.ForegroundCompositing:1    ; additive foreground scattering]]
[2022.03.22-09.12.05:418][  0]LogConfig: Setting CVar [[r.DOF.Scatter.BackgroundCompositing:2    ; additive background scattering]]
[2022.03.22-09.12.05:418][  0]LogConfig: Setting CVar [[r.DOF.Scatter.EnableBokehSettings:1      ; bokeh simulation when scattering]]
[2022.03.22-09.12.05:418][  0]LogConfig: Setting CVar [[r.DOF.Scatter.MaxSpriteRatio:0.1         ; only a maximum of 10% of scattered bokeh]]
[2022.03.22-09.12.05:418][  0]LogConfig: Setting CVar [[r.DOF.Recombine.Quality:1                ; cheap slight out of focus]]
[2022.03.22-09.12.05:418][  0]LogConfig: Setting CVar [[r.DOF.Recombine.EnableBokehSettings:0    ; no bokeh simulation on slight out of focus]]
[2022.03.22-09.12.05:418][  0]LogConfig: Setting CVar [[r.DOF.TemporalAAQuality:1                ; more stable temporal accumulation]]
[2022.03.22-09.12.05:418][  0]LogConfig: Setting CVar [[r.DOF.Kernel.MaxForegroundRadius:0.025]]
[2022.03.22-09.12.05:418][  0]LogConfig: Setting CVar [[r.DOF.Kernel.MaxBackgroundRadius:0.025]]
[2022.03.22-09.12.05:418][  0]LogConfig: Applying CVar settings from Section [TextureQuality@3] File [D:/OneDrive - SNU/github/CPP_Portfolio_2022/ArenaBattle/Saved/Config/Windows/Scalability.ini]
[2022.03.22-09.12.05:418][  0]LogConfig: Setting CVar [[r.Streaming.MipBias:0]]
[2022.03.22-09.12.05:418][  0]LogConfig: Setting CVar [[r.Streaming.AmortizeCPUToGPUCopy:0]]
[2022.03.22-09.12.05:418][  0]LogConfig: Setting CVar [[r.Streaming.MaxNumTexturesToStreamPerFrame:0]]
[2022.03.22-09.12.05:418][  0]LogConfig: Setting CVar [[r.Streaming.Boost:1]]
[2022.03.22-09.12.05:418][  0]LogConfig: Setting CVar [[r.MaxAnisotropy:8]]
[2022.03.22-09.12.05:418][  0]LogConfig: Setting CVar [[r.VT.MaxAnisotropy:8]]
[2022.03.22-09.12.05:418][  0]LogConfig: Setting CVar [[r.Streaming.LimitPoolSizeToVRAM:0]]
[2022.03.22-09.12.05:418][  0]LogConfig: Setting CVar [[r.Streaming.PoolSize:1000]]
[2022.03.22-09.12.05:418][  0]LogConfig: Setting CVar [[r.Streaming.MaxEffectiveScreenSize:0]]
[2022.03.22-09.12.05:418][  0]LogConfig: Applying CVar settings from Section [EffectsQuality@3] File [D:/OneDrive - SNU/github/CPP_Portfolio_2022/ArenaBattle/Saved/Config/Windows/Scalability.ini]
[2022.03.22-09.12.05:418][  0]LogConfig: Setting CVar [[r.TranslucencyLightingVolumeDim:64]]
[2022.03.22-09.12.05:418][  0]LogConfig: Setting CVar [[r.RefractionQuality:2]]
[2022.03.22-09.12.05:418][  0]LogConfig: Setting CVar [[r.SSR.Quality:3]]
[2022.03.22-09.12.05:418][  0]LogConfig: Setting CVar [[r.SSR.HalfResSceneColor:0]]
[2022.03.22-09.12.05:418][  0]LogConfig: Setting CVar [[r.SceneColorFormat:4]]
[2022.03.22-09.12.05:418][  0]LogConfig: Setting CVar [[r.DetailMode:2]]
[2022.03.22-09.12.05:418][  0]LogConfig: Setting CVar [[r.TranslucencyVolumeBlur:1]]
[2022.03.22-09.12.05:418][  0]LogConfig: Setting CVar [[r.MaterialQualityLevel:1 ; High quality]]
[2022.03.22-09.12.05:418][  0]LogConfig: Setting CVar [[r.AnisotropicMaterials:1]]
[2022.03.22-09.12.05:418][  0]LogConfig: Setting CVar [[r.SSS.Scale:1]]
[2022.03.22-09.12.05:418][  0]LogConfig: Setting CVar [[r.SSS.SampleSet:2]]
[2022.03.22-09.12.05:418][  0]LogConfig: Setting CVar [[r.SSS.Quality:1]]
[2022.03.22-09.12.05:418][  0]LogConfig: Setting CVar [[r.SSS.HalfRes:0]]
[2022.03.22-09.12.05:418][  0]LogConfig: Setting CVar [[r.SSGI.Quality:3]]
[2022.03.22-09.12.05:418][  0]LogConfig: Setting CVar [[r.EmitterSpawnRateScale:1.0]]
[2022.03.22-09.12.05:418][  0]LogConfig: Setting CVar [[r.ParticleLightQuality:2]]
[2022.03.22-09.12.05:418][  0]LogConfig: Setting CVar [[r.SkyAtmosphere.AerialPerspectiveLUT.FastApplyOnOpaque:1 ; Always have FastSkyLUT 1 in this case to avoid wrong sky]]
[2022.03.22-09.12.05:418][  0]LogConfig: Setting CVar [[r.SkyAtmosphere.AerialPerspectiveLUT.SampleCountMaxPerSlice:4]]
[2022.03.22-09.12.05:418][  0]LogConfig: Setting CVar [[r.SkyAtmosphere.AerialPerspectiveLUT.DepthResolution:16.0]]
[2022.03.22-09.12.05:418][  0]LogConfig: Setting CVar [[r.SkyAtmosphere.FastSkyLUT:1]]
[2022.03.22-09.12.05:418][  0]LogConfig: Setting CVar [[r.SkyAtmosphere.FastSkyLUT.SampleCountMin:4.0]]
[2022.03.22-09.12.05:418][  0]LogConfig: Setting CVar [[r.SkyAtmosphere.FastSkyLUT.SampleCountMax:128.0]]
[2022.03.22-09.12.05:418][  0]LogConfig: Setting CVar [[r.SkyAtmosphere.SampleCountMin:4.0]]
[2022.03.22-09.12.05:418][  0]LogConfig: Setting CVar [[r.SkyAtmosphere.SampleCountMax:128.0]]
[2022.03.22-09.12.05:418][  0]LogConfig: Setting CVar [[r.SkyAtmosphere.TransmittanceLUT.UseSmallFormat:0]]
[2022.03.22-09.12.05:418][  0]LogConfig: Setting CVar [[r.SkyAtmosphere.TransmittanceLUT.SampleCount:10.0]]
[2022.03.22-09.12.05:418][  0]LogConfig: Setting CVar [[r.SkyAtmosphere.MultiScatteringLUT.SampleCount:15.0]]
[2022.03.22-09.12.05:418][  0]LogConfig: Setting CVar [[r.SkyLight.RealTimeReflectionCapture:1]]
[2022.03.22-09.12.05:418][  0]LogConfig: Applying CVar settings from Section [FoliageQuality@3] File [D:/OneDrive - SNU/github/CPP_Portfolio_2022/ArenaBattle/Saved/Config/Windows/Scalability.ini]
[2022.03.22-09.12.05:418][  0]LogConfig: Setting CVar [[foliage.DensityScale:1.0]]
[2022.03.22-09.12.05:418][  0]LogConfig: Setting CVar [[grass.DensityScale:1.0]]
[2022.03.22-09.12.05:418][  0]LogConfig: Applying CVar settings from Section [ShadingQuality@3] File [D:/OneDrive - SNU/github/CPP_Portfolio_2022/ArenaBattle/Saved/Config/Windows/Scalability.ini]
[2022.03.22-09.12.05:418][  0]LogConfig: Setting CVar [[r.HairStrands.SkyLighting.IntegrationType:2]]
[2022.03.22-09.12.05:418][  0]LogConfig: Setting CVar [[r.HairStrands.SkyAO.SampleCount:4]]
[2022.03.22-09.12.05:418][  0]LogConfig: Setting CVar [[r.HairStrands.Visibility.MSAA.SamplePerPixel:4]]
[2022.03.22-09.12.05:418][  0]LogConfig: Applying CVar settings from Section [Startup] File [../../../Engine/Config/ConsoleVariables.ini]
[2022.03.22-09.12.05:419][  0]LogConfig: Setting CVar [[net.UseAdaptiveNetUpdateFrequency:0]]
[2022.03.22-09.12.05:419][  0]LogConfig: Setting CVar [[p.chaos.AllowCreatePhysxBodies:1]]
[2022.03.22-09.12.05:419][  0]LogConfig: Setting CVar [[fx.SkipVectorVMBackendOptimizations:1]]
[2022.03.22-09.12.05:419][  0]LogConfig: Applying CVar settings from Section [ConsoleVariables] File [D:/OneDrive - SNU/github/CPP_Portfolio_2022/ArenaBattle/Saved/Config/Windows/Engine.ini]
[2022.03.22-09.12.05:419][  0]LogConfig: Applying CVar settings from Section [ConsoleVariables] File [D:/OneDrive - SNU/github/CPP_Portfolio_2022/ArenaBattle/Saved/Config/Windows/Editor.ini]
[2022.03.22-09.12.05:419][  0]LogInit: Computer: DESKTOP-79EDH39
[2022.03.22-09.12.05:419][  0]LogInit: User: Tony
[2022.03.22-09.12.05:419][  0]LogInit: CPU Page size=4096, Cores=6
[2022.03.22-09.12.05:419][  0]LogInit: High frequency timer resolution =10.000000 MHz
[2022.03.22-09.12.05:419][  0]LogMemory: Memory total: Physical=15.9GB (16GB approx)
[2022.03.22-09.12.05:419][  0]LogMemory: Platform Memory Stats for Windows
[2022.03.22-09.12.05:419][  0]LogMemory: Process Physical Memory: 152.00 MB used, 152.08 MB peak
[2022.03.22-09.12.05:419][  0]LogMemory: Process Virtual Memory: 130.00 MB used, 130.00 MB peak
[2022.03.22-09.12.05:419][  0]LogMemory: Physical Memory: 9118.57 MB used,  7191.14 MB free, 16309.71 MB total
[2022.03.22-09.12.05:419][  0]LogMemory: Virtual Memory: 134206864.00 MB used,  10867.82 MB free, 134217728.00 MB total
[2022.03.22-09.12.05:424][  0]LogWindows: WindowsPlatformFeatures enabled
[2022.03.22-09.12.05:443][  0]LogInit: Physics initialised using underlying interface: PhysX
[2022.03.22-09.12.05:444][  0]LogInit: Using OS detected language (ko-KR).
[2022.03.22-09.12.05:444][  0]LogInit: Using OS detected locale (ko-KR).
[2022.03.22-09.12.05:448][  0]LogTextLocalizationManager: No specific localization for 'ko-KR' exists, so the 'ko' localization will be used.
[2022.03.22-09.12.05:539][  0]LogInit: Setting process to per monitor DPI aware
[2022.03.22-09.12.05:557][  0]LogWindowsTextInputMethodSystem: Display: IME system deactivated.
[2022.03.22-09.12.05:574][  0]LogSlate: New Slate User Created.  User Index 0, Is Virtual User: 0
[2022.03.22-09.12.05:574][  0]LogSlate: Slate User Registered.  User Index 0, Is Virtual User: 0
[2022.03.22-09.12.05:738][  0]LogD3D11RHI: Loaded GFSDK_Aftermath_Lib.x64.dll
[2022.03.22-09.12.11:379][  0]LogHMD: Failed to initialize OpenVR with code 108
[2022.03.22-09.12.11:379][  0]LogD3D11RHI: D3D11 min allowed feature level: 11_0
[2022.03.22-09.12.11:379][  0]LogD3D11RHI: D3D11 max allowed feature level: 11_0
[2022.03.22-09.12.11:379][  0]LogD3D11RHI: D3D11 adapters:
[2022.03.22-09.12.11:420][  0]LogD3D11RHI:    0. 'AMD Radeon RX 6700 XT' (Feature Level 11_0)
[2022.03.22-09.12.11:420][  0]LogD3D11RHI:       12243/0/8154 MB DedicatedVideo/DedicatedSystem/SharedSystem, Outputs:3, VendorId:0x1002
[2022.03.22-09.12.11:422][  0]LogD3D11RHI:    1. 'Microsoft Basic Render Driver' (Feature Level 11_0)
[2022.03.22-09.12.11:422][  0]LogD3D11RHI:       0/0/8154 MB DedicatedVideo/DedicatedSystem/SharedSystem, Outputs:0, VendorId:0x1414
[2022.03.22-09.12.11:461][  0]LogD3D11RHI:    2. 'AMD Radeon RX 6700 XT' (Feature Level 11_0)
[2022.03.22-09.12.11:461][  0]LogD3D11RHI:       12243/0/8154 MB DedicatedVideo/DedicatedSystem/SharedSystem, Outputs:0, VendorId:0x1002
[2022.03.22-09.12.11:461][  0]LogD3D11RHI: Chosen D3D11 Adapter:
[2022.03.22-09.12.11:461][  0]LogD3D11RHI:     Description : AMD Radeon RX 6700 XT
[2022.03.22-09.12.11:461][  0]LogD3D11RHI:     VendorId    : 1002
[2022.03.22-09.12.11:461][  0]LogD3D11RHI:     DeviceId    : 73df
[2022.03.22-09.12.11:462][  0]LogD3D11RHI:     SubSysId    : 66011eae
[2022.03.22-09.12.11:462][  0]LogD3D11RHI:     Revision    : 00c1
[2022.03.22-09.12.11:462][  0]LogD3D11RHI:     DedicatedVideoMemory : 12838318080 bytes
[2022.03.22-09.12.11:462][  0]LogD3D11RHI:     DedicatedSystemMemory : 0 bytes
[2022.03.22-09.12.11:462][  0]LogD3D11RHI:     SharedSystemMemory : 8550985728 bytes
[2022.03.22-09.12.11:462][  0]LogD3D11RHI:     AdapterLuid : 0 50140
[2022.03.22-09.12.11:467][  0]LogD3D11RHI: Creating new Direct3DDevice
[2022.03.22-09.12.11:467][  0]LogD3D11RHI:     GPU DeviceId: 0x73df (for the marketing name, search the web for "GPU Device Id")
[2022.03.22-09.12.11:467][  0]LogWindows: EnumDisplayDevices:
[2022.03.22-09.12.11:467][  0]LogWindows:    0. 'AMD Radeon RX 6700 XT' (P:0 D:1)
[2022.03.22-09.12.11:467][  0]LogWindows:    1. 'AMD Radeon RX 6700 XT' (P:1 D:1)
[2022.03.22-09.12.11:468][  0]LogWindows:    2. 'AMD Radeon RX 6700 XT' (P:0 D:1)
[2022.03.22-09.12.11:468][  0]LogWindows:    3. 'AMD Radeon RX 6700 XT' (P:0 D:0)
[2022.03.22-09.12.11:468][  0]LogWindows:    4. 'AMD Radeon RX 6700 XT' (P:0 D:0)
[2022.03.22-09.12.11:468][  0]LogWindows:    5. 'AMD Radeon RX 6700 XT' (P:0 D:0)
[2022.03.22-09.12.11:468][  0]LogWindows:    6. 'AMD Radeon RX 6700 XT' (P:0 D:0)
[2022.03.22-09.12.11:469][  0]LogWindows:    7. 'Citrix Indirect Display Adapter' (P:0 D:0)
[2022.03.22-09.12.11:469][  0]LogWindows:    8. 'Citrix Indirect Display Adapter' (P:0 D:0)
[2022.03.22-09.12.11:469][  0]LogWindows:    9. 'Citrix Indirect Display Adapter' (P:0 D:0)
[2022.03.22-09.12.11:469][  0]LogWindows:    10. 'Citrix Indirect Display Adapter' (P:0 D:0)
[2022.03.22-09.12.11:469][  0]LogWindows:    11. 'Citrix Indirect Display Adapter' (P:0 D:0)
[2022.03.22-09.12.11:469][  0]LogWindows:    12. 'Citrix Indirect Display Adapter' (P:0 D:0)
[2022.03.22-09.12.11:469][  0]LogWindows:    13. 'Citrix Indirect Display Adapter' (P:0 D:0)
[2022.03.22-09.12.11:470][  0]LogWindows:    14. 'Citrix Indirect Display Adapter' (P:0 D:0)
[2022.03.22-09.12.11:470][  0]LogWindows: DebugString: GetVideoDriverDetailsInvalid PrimaryIsNotTheChoosenAdapter GetVideoDriverDetailsInvalid PrimaryIsNotTheChoosenAdapter GetVideoDriverDetailsInvalid PrimaryIsNotTheChoosenAdapter GetVideoDriverDetailsInvalid PrimaryIsNotTheChoosenAdapter GetVideoDriverDetailsInvalid PrimaryIsNotTheChoosenAdapter GetVideoDriverDetailsInvalid PrimaryIsNotTheChoosenAdapter GetVideoDriverDetailsInvalid PrimaryIsNotTheChoosenAdapter GetVideoDriverDetailsInvalid PrimaryIsNotTheChoosenAdapter FoundDriverCount:7 
[2022.03.22-09.12.11:470][  0]LogD3D11RHI:     Adapter Name: AMD Radeon RX 6700 XT
[2022.03.22-09.12.11:470][  0]LogD3D11RHI:   Driver Version: Adrenalin 21.30.23.04 (internal:30.0.13023.4001, unified:30.0.13023.4001)
[2022.03.22-09.12.11:470][  0]LogD3D11RHI:      Driver Date: 12-16-2021
[2022.03.22-09.12.11:470][  0]LogRHI: Texture pool is 8032 MB (70% of 11475 MB)
[2022.03.22-09.12.11:501][  0]LogD3D11RHI: Creating D3DDevice with AMD AGS, using adapter:
[2022.03.22-09.12.11:501][  0]LogD3D11RHI:     Description : AMD Radeon RX 6700 XT
[2022.03.22-09.12.11:501][  0]LogD3D11RHI:     VendorId    : 1002
[2022.03.22-09.12.11:501][  0]LogD3D11RHI:     DeviceId    : 73df
[2022.03.22-09.12.11:501][  0]LogD3D11RHI:     SubSysId    : 66011eae
[2022.03.22-09.12.11:501][  0]LogD3D11RHI:     Revision    : 00c1
[2022.03.22-09.12.11:501][  0]LogD3D11RHI:     DedicatedVideoMemory : 12838318080 bytes
[2022.03.22-09.12.11:501][  0]LogD3D11RHI:     DedicatedSystemMemory : 0 bytes
[2022.03.22-09.12.11:501][  0]LogD3D11RHI:     SharedSystemMemory : 8550985728 bytes
[2022.03.22-09.12.11:501][  0]LogD3D11RHI:     AdapterLuid : 0 50140
[2022.03.22-09.12.11:538][  0]LogD3D11RHI: Created device via AGS, feature level 11_0, supported extensions 1fffffbf.
[2022.03.22-09.12.11:538][  0]LogD3D11RHI: RHI has support for 64 bit atomics
[2022.03.22-09.12.11:538][  0]LogD3D11RHI: Async texture creation enabled
[2022.03.22-09.12.11:538][  0]LogD3D11RHI: Array index from any shader is supported
[2022.03.22-09.12.11:550][  0]LogD3D11RHI: GPU Timing Frequency: 100.000000 (Debug: 2 1)
[2022.03.22-09.12.12:039][  0]LogTargetPlatformManager: Display: Loaded TargetPlatform 'AllDesktop'
[2022.03.22-09.12.12:060][  0]LogTargetPlatformManager: Display: Loaded TargetPlatform 'Android'
[2022.03.22-09.12.12:060][  0]LogTargetPlatformManager: Display: Loaded TargetPlatform 'Android_ASTC'
[2022.03.22-09.12.12:060][  0]LogTargetPlatformManager: Display: Loaded TargetPlatform 'Android_DXT'
[2022.03.22-09.12.12:060][  0]LogTargetPlatformManager: Display: Loaded TargetPlatform 'Android_ETC2'
[2022.03.22-09.12.12:060][  0]LogTargetPlatformManager: Display: Loaded TargetPlatform 'AndroidClient'
[2022.03.22-09.12.12:060][  0]LogTargetPlatformManager: Display: Loaded TargetPlatform 'Android_ASTCClient'
[2022.03.22-09.12.12:060][  0]LogTargetPlatformManager: Display: Loaded TargetPlatform 'Android_DXTClient'
[2022.03.22-09.12.12:061][  0]LogTargetPlatformManager: Display: Loaded TargetPlatform 'Android_ETC2Client'
[2022.03.22-09.12.12:061][  0]LogTargetPlatformManager: Display: Loaded TargetPlatform 'Android_Multi'
[2022.03.22-09.12.12:061][  0]LogTargetPlatformManager: Display: Loaded TargetPlatform 'Android_MultiClient'
[2022.03.22-09.12.12:079][  0]LogTargetPlatformManager: Display: Loaded TargetPlatform 'IOSClient'
[2022.03.22-09.12.12:079][  0]LogTargetPlatformManager: Display: Loaded TargetPlatform 'IOS'
[2022.03.22-09.12.12:089][  0]LogTargetPlatformManager: Display: Loaded TargetPlatform 'Linux'
[2022.03.22-09.12.12:093][  0]LogTargetPlatformManager: Display: Loaded TargetPlatform 'LinuxNoEditor'
[2022.03.22-09.12.12:097][  0]LogTargetPlatformManager: Display: Loaded TargetPlatform 'LinuxClient'
[2022.03.22-09.12.12:101][  0]LogTargetPlatformManager: Display: Loaded TargetPlatform 'LinuxServer'
[2022.03.22-09.12.12:110][  0]LogTargetPlatformManager: Display: Loaded TargetPlatform 'LinuxAArch64NoEditor'
[2022.03.22-09.12.12:115][  0]LogTargetPlatformManager: Display: Loaded TargetPlatform 'LinuxAArch64Client'
[2022.03.22-09.12.12:119][  0]LogTargetPlatformManager: Display: Loaded TargetPlatform 'LinuxAArch64Server'
[2022.03.22-09.12.12:143][  0]LogTargetPlatformManager: Display: Loaded TargetPlatform 'Lumin'
[2022.03.22-09.12.12:143][  0]LogTargetPlatformManager: Display: Loaded TargetPlatform 'LuminClient'
[2022.03.22-09.12.12:152][  0]LogTargetPlatformManager: Display: Loaded TargetPlatform 'MacNoEditor'
[2022.03.22-09.12.12:158][  0]LogTargetPlatformManager: Display: Loaded TargetPlatform 'Mac'
[2022.03.22-09.12.12:163][  0]LogTargetPlatformManager: Display: Loaded TargetPlatform 'MacClient'
[2022.03.22-09.12.12:168][  0]LogTargetPlatformManager: Display: Loaded TargetPlatform 'MacServer'
[2022.03.22-09.12.12:180][  0]LogTargetPlatformManager: Display: Loaded TargetPlatform 'TVOSClient'
[2022.03.22-09.12.12:180][  0]LogTargetPlatformManager: Display: Loaded TargetPlatform 'TVOS'
[2022.03.22-09.12.12:191][  0]LogTargetPlatformManager: Display: Loaded TargetPlatform 'WindowsNoEditor'
[2022.03.22-09.12.12:197][  0]LogTargetPlatformManager: Display: Loaded TargetPlatform 'Windows'
[2022.03.22-09.12.12:203][  0]LogTargetPlatformManager: Display: Loaded TargetPlatform 'WindowsClient'
[2022.03.22-09.12.12:209][  0]LogTargetPlatformManager: Display: Loaded TargetPlatform 'WindowsServer'
[2022.03.22-09.12.12:209][  0]LogTargetPlatformManager: Display: Building Assets For Windows
[2022.03.22-09.12.12:217][  0]LogAudioDebug: Display: Lib vorbis DLL was dynamically loaded.
[2022.03.22-09.12.12:245][  0]LogTextureFormatOodle: Display: Oodle Texture 2.9.0 init RDO Off
[2022.03.22-09.12.12:275][  0]LogRendererCore: Ray tracing is disabled. Reason: r.RayTracing=0.
[2022.03.22-09.12.12:275][  0]LogShaderCompilers: Guid format shader working directory is -10 characters bigger than the processId version (D:/OneDrive - SNU/github/CPP_Portfolio_2022/ArenaBattle/Intermediate/Shaders/WorkingDirectory/11336/).
[2022.03.22-09.12.12:275][  0]LogShaderCompilers: Cleaned the shader compiler working directory 'C:/Users/ejrrb/AppData/Local/Temp/UnrealShaderWorkingDir/731608A2435F131C5C3EB09B7B80307E/'.
[2022.03.22-09.12.12:275][  0]LogXGEController: Cannot use XGE Controller as Incredibuild is not installed on this machine.
[2022.03.22-09.12.12:275][  0]LogShaderCompilers: Cannot use XGE Shader Compiler as Incredibuild is not installed on this machine.
[2022.03.22-09.12.12:275][  0]LogShaderCompilers: Display: Using Local Shader Compiler.
[2022.03.22-09.12.12:914][  0]LogDerivedDataCache: Display: Max Cache Size: 512 MB
[2022.03.22-09.12.12:972][  0]LogDerivedDataCache: Loaded boot cache 0.06s 114MB C:/Users/ejrrb/AppData/Local/UnrealEngine/4.27/DerivedDataCache/Boot.ddc.
[2022.03.22-09.12.12:972][  0]LogDerivedDataCache: Display: Loaded Boot cache: C:/Users/ejrrb/AppData/Local/UnrealEngine/4.27/DerivedDataCache/Boot.ddc
[2022.03.22-09.12.12:972][  0]LogDerivedDataCache: FDerivedDataBackendGraph:  Pak pak cache file D:/OneDrive - SNU/github/CPP_Portfolio_2022/ArenaBattle/DerivedDataCache/DDC.ddp not found, will not use a pak cache.
[2022.03.22-09.12.12:972][  0]LogDerivedDataCache: Unable to find inner node Pak for hierarchical cache Hierarchy.
[2022.03.22-09.12.12:972][  0]LogDerivedDataCache: FDerivedDataBackendGraph:  CompressedPak pak cache file D:/OneDrive - SNU/github/CPP_Portfolio_2022/ArenaBattle/DerivedDataCache/Compressed.ddp not found, will not use a pak cache.
[2022.03.22-09.12.12:972][  0]LogDerivedDataCache: Unable to find inner node CompressedPak for hierarchical cache Hierarchy.
[2022.03.22-09.12.12:989][  0]LogDerivedDataCache: Display: Pak cache opened for reading ../../../Engine/DerivedDataCache/Compressed.ddp.
[2022.03.22-09.12.12:989][  0]LogDerivedDataCache: FDerivedDataBackendGraph:  EnterprisePak pak cache file ../../../Enterprise/DerivedDataCache/Compressed.ddp not found, will not use a pak cache.
[2022.03.22-09.12.12:989][  0]LogDerivedDataCache: Unable to find inner node EnterprisePak for hierarchical cache Hierarchy.
[2022.03.22-09.12.12:996][  0]LogDerivedDataCache: Speed tests for C:/Users/ejrrb/AppData/Local/UnrealEngine/Common/DerivedDataCache took 0.01 seconds
[2022.03.22-09.12.12:996][  0]LogDerivedDataCache: Display: Performance to C:/Users/ejrrb/AppData/Local/UnrealEngine/Common/DerivedDataCache: Latency=0.02ms. RandomReadSpeed=340.22MBs, RandomWriteSpeed=213.13MBs. Assigned SpeedClass 'Local'
[2022.03.22-09.12.12:997][  0]LogDerivedDataCache: Using Local data cache path C:/Users/ejrrb/AppData/Local/UnrealEngine/Common/DerivedDataCache: Writable
[2022.03.22-09.12.12:997][  0]LogDerivedDataCache: Shared data cache path not found in *engine.ini, will not use an Shared cache.
[2022.03.22-09.12.12:997][  0]LogDerivedDataCache: Unable to find inner node Shared for hierarchical cache Hierarchy.
[2022.03.22-09.12.13:038][  0]LogSlate: Using FreeType 2.10.0
[2022.03.22-09.12.13:038][  0]LogSlate: SlateFontServices - WITH_FREETYPE: 1, WITH_HARFBUZZ: 1
[2022.03.22-09.12.13:061][  0]LogAssetRegistry: FAssetRegistry took 0.0029 seconds to start up
[2022.03.22-09.12.13:274][  0]LogInit: Selected Device Profile: [Windows]
[2022.03.22-09.12.13:274][  0]LogInit: Active device profile: [00000201A8C24900][00000201A999B680 49] Windows
[2022.03.22-09.12.13:275][  0]LogInit: Profiles: [00000201A8C24900][00000201A999B680 49] Windows, [00000201A8B9F300][00000201A99A3800 49] WindowsNoEditor, [00000201A8C27500][00000201A99AB980 49] WindowsServer, [00000201A8B9FD00][00000201A991DB00 49] WindowsClient, [00000201A8C27800][00000201A9924100 49] IOS, [00000201A8B9E300][00000201A9928280 49] iPadAir, [00000201A8C26000][00000201A992C400 49] iPadAir2, [00000201AA5ACA00][00000201AA1726C0 49] IPadPro, [00000201AA5ACB00][00000201A9956700 49] iPadAir3, [00000201A8B9D400][00000201A999E840 49] iPadAir4, [00000201AA5AF400][00000201A6532980 49] iPadMini2, [00000201A8B9E500][00000201A6536AC0 49] iPadMini3, [00000201AA5AD700][00000201A6578C40 49] iPadMini4, [00000201A8C25100][00000201A657CDC0 49] iPadMini5, [00000201AA5D0300][00000201A6581080 49] iPhone6, [00000201AA5D0400][00000201A9DBB0C0 49] iPodTouch6, [00000201AA5ABF00][00000201A6589380 49] iPhone7, [00000201AA5ABE00][00000201A65853C0 49] iPodTouch7, [00000201A8B9DB00][00000201A658D540 49] iPhone5S, [00000201AA5A9A00][00000201A0A316C0 49] iPhone6Plus, [00000201AA5D0200][00000201A9B47840 49] iPhone6S, [00000201AA5A8600][00000201A9B4B9C0 49] iPhone6SPlus, [00000201AA5D2900][00000201A0A35B40 49] iPhone7Plus, [00000201AA5AB100][00000201A0A38140 49] iPhoneSE, [00000201AA5D2200][00000201A0A3C2C0 49] iPhone8, [00000201AA5ABB00][00000201A0A40440 49] iPhone8Plus, [00000201AA5D0A00][00000201A98D45C0 49] iPhoneX, [00000201AA5A9400][00000201A98DC740 49] iPhoneXS, [00000201AA5D3900][00000201A98E08C0 49] iPhoneXSMax, [00000201AA5A8900][00000201A6574A00 49] iPhoneXR, [00000201AA5D2F00][00000201A98E4B40 49] iPhone11, [00000201AA5A9300][00000201A98E8C80 49] iPhone11Pro, [00000201AA5D1000][00000201A98ECDC0 49] iPhone11ProMax, [00000201AA5AAA00][00000201A98F4F40 49] iPhoneSE2, [00000201AA5D1400][00000201A98F90C0 49] iPhone12Mini, [00000201AA5AA400][00000201A98FD240 49] iPhone12, [00000201AA5D0D00][00000201A99013C0 49] iPhone12Pro, [00000201AA5AAB00][00000201A9905540 49] iPhone12ProMax, [00000201AA5D3000][00000201A9EA56C0 49] iPadPro105, [00000201AA5A8700][00000201A9EA9840 49] iPadPro129, [00000201AA5D2800][00000201A9EAD9C0 49] iPadPro97, [00000201AA5AA600][00000201A9EB1B40 49] iPadPro2_129, [00000201AA5D3C00][00000201A9EB4140 49] iPad5, [00000201AA5AA200][00000201A9EB82C0 49] iPad6, [00000201AA5D0F00][00000201A9EBC440 49] iPad7, [00000201AA5AAD00][00000201A9D4A5C0 49] iPad8, [00000201AA5D1100][00000201A9D4E740 49] iPadPro11, [00000201AA5A9600][00000201A9D528C0 49] iPadPro2_11, [00000201AA5D3400][00000201A9D56A40 49] iPadPro3_129, [00000201AA5AA800][00000201A98F0B80 49] iPadPro4_129, [00000201AA5D3A00][00000201AA16ECC0 49] AppleTV, [00000201AA5AA100][00000201A9D94E00 49] AppleTV4K, [00000201AA5D1F00][00000201A9DA4F40 49] TVOS, [00000201AA5AB400][00000201A9DAD0C0 49] Mac, [00000201AA5D3800][00000201A09DF240 49] MacClient, [00000201AA5A9E00][00000201A9B0D3C0 49] MacNoEditor, [00000201AA5D3F00][00000201A9B11540 49] MacServer, [00000201AA5AB500][00000201A09E36C0 49] Linux, [00000201AA5D0C00][00000201A09E7840 49] LinuxAArch64, [00000201AA5AAF00][00000201A09EF9C0 49] LinuxNoEditor, [00000201AA5D0B00][00000201A09F3B40 49] LinuxAArch64NoEditor, [00000201AA5AB700][00000201A09FA140 49] LinuxClient, [00000201AA5D1A00][00000201A09FE2C0 49] LinuxAArch64Client, [00000201AA5A9000][00000201A988E440 49] LinuxServer, [00000201AA5D2500][00000201A98925C0 49] LinuxAArch64Server, [00000201AA5A9900][00000201A9896740 49] Android, [00000201AA5D1300][00000201A989A8C0 49] Android_Low, [00000201AA5AA700][00000201A98B6A40 49] Android_Mid, [00000201AA5D2B00][00000201A98BABC0 49] Android_High, [00000201AA5AB800][00000201A98BED40 49] Android_Default, [00000201AA5D1600][00000201A9DA8E80 49] Android_Adreno4xx, [00000201AA5A9500][00000201A09F6FC0 49] Android_Adreno5xx_Low, [00000201AA5AF600][00000201A09EB100 49] Android_Adreno5xx, [00000201A8B9D300][00000201A98C7280 49] Android_Adreno6xx, [00000201AA5AD200][00000201A98CB400 49] Android_Adreno6xx_Vulkan, [00000201A8B9F700][00000201AA16B580 49] Android_Mali_T6xx, [00000201AA5AD100][00000201A98D9700 49] Android_Mali_T7xx, [00000201A8B9D100][00000201AA177880 49] Android_Mali_T8xx, [00000201AA5ADE00][00000201AA17BA00 49] Android_Mali_G71, [00000201A8B9C500][00000201AA17FB80 49] Android_Mali_G72, [00000201AA5AC800][00000201AA182180 49] Android_Mali_G72_Vulkan, [00000201A8B9CE00][00000201AA186300 49] Android_Mali_G76, [00000201AA5AC100][00000201AA18A480 49] Android_Mali_G76_Vulkan, [00000201A8B9DA00][00000201AA18E600 49] Android_Mali_G77, [00000201AA5AD000][00000201AA192780 49] Android_Mali_G77_Vulkan, [00000201A8B9CA00][00000201AA196900 49] Android_Mali_G78, [00000201AA5AEC00][00000201AA19AA80 49] Android_Mali_G78_Vulkan, [00000201A8B9F100][00000201A9E0CC00 49] Android_Mali_G710, [00000201AA5AEA00][00000201A9E10D80 49] Android_Mali_G710_Vulkan, [00000201A8B9FA00][00000201A9E14F00 49] Android_Vulkan_SM5, [00000201AA5AFB00][00000201A98C3040 49] Android_PowerVR_G6xxx, [00000201A8B9F600][00000201A9E19180 49] Android_PowerVR_GT7xxx, [00000201AA5AF900][00000201A9E1D2C0 49] Android_PowerVR_GE8xxx, [00000201A8B9FF00][00000201A9E25440 49] Android_PowerVR_GM9xxx, [00000201AA5AE700][00000201A9E295C0 49] Android_PowerVR_GM9xxx_Vulkan, [00000201A8B9E200][00000201A9E2D740 49] Android_TegraK1, [00000201AA5AC900][00000201A9E318C0 49] Android_Unknown_Vulkan, [00000201A8B9D800][00000201A9E35A40 49] Lumin, [00000201AA5AC500][00000201A9E39BC0 49] Lumin_Desktop, [00000201A8B9EE00][00000201A9E3C1C0 49] HoloLens, 
[2022.03.22-09.12.13:570][  0]LogMeshReduction: Using QuadricMeshReduction for automatic static mesh reduction
[2022.03.22-09.12.13:570][  0]LogMeshReduction: Using SimplygonMeshReduction for automatic skeletal mesh reduction
[2022.03.22-09.12.13:570][  0]LogMeshReduction: Using ProxyLODMeshReduction for automatic mesh merging
[2022.03.22-09.12.13:570][  0]LogMeshReduction: No distributed automatic mesh merging module available
[2022.03.22-09.12.13:570][  0]LogMeshMerging: No distributed automatic mesh merging module available
[2022.03.22-09.12.13:584][  0]LogNetVersion: ArenaBattle 1.0.0, NetCL: 17155196, EngineNetVer: 17, GameNetVer: 0 (Checksum: 2964408555)
[2022.03.22-09.12.13:928][  0]LogTexture: Default maximum texture size for cubemaps generated from long-lat sources has been changed from 512 to unlimited. In order to preserve old behaiour for '/Engine/MapTemplates/Sky/DaylightAmbientCubemap.DaylightAmbientCubemap', its maximum texture size has been explicitly set to 512.
[2022.03.22-09.12.13:976][  0]LogHMD: PokeAHoleMaterial loaded successfully
[2022.03.22-09.12.13:981][  0]LogUObjectArray: 17178 objects as part of root set at end of initial load.
[2022.03.22-09.12.13:981][  0]LogUObjectAllocator: 4302048 out of 0 bytes used by permanent object pool.
[2022.03.22-09.12.13:981][  0]LogUObjectArray: CloseDisregardForGC: 0/0 objects in disregard for GC pool
[2022.03.22-09.12.14:218][  0]LogNiagaraDebuggerClient: Niagara Debugger Client Initialized | Session: DADC5AEC465DA037D1F869BC33733D9B | Instance: 25D29DC343706F6E0484758379A88C5B (DESKTOP-79EDH39-11336).
[2022.03.22-09.12.14:249][  0]LogPython: Using Python 3.7.7
[2022.03.22-09.12.14:803][  0]LogTcpMessaging: Initializing TcpMessaging bridge
[2022.03.22-09.12.14:807][  0]LogUdpMessaging: Initializing bridge on interface 0.0.0.0:0 to multicast group 230.0.0.1:6666.
[2022.03.22-09.12.14:864][  0]LogOutputDevice: Warning: 

Script Stack (0 frames):

[2022.03.22-09.12.14:864][  0]LogWindows: Windows GetLastError: 작업을 완료했습니다. (0)
[2022.03.22-09.12.18:231][  0]LogWindows: Failed to preload 'D:/OneDrive - SNU/github/CPP_Portfolio_2022/ArenaBattle/Binaries/Win64/UE4Editor-ArenaBattleSetting-0006.dll' (GetLastError=1114)
[2022.03.22-09.12.18:239][  0]LogWindows: Error: Error reentered: Assertion failed: GIsHotReload [File:D:/Build/++UE4/Sync/Engine/Source/Runtime/CoreUObject/Private/UObject/UObjectBase.cpp] [Line: 704] 
Trying to recreate class 'UABCharacterSetting' outside of hot reload!

[2022.03.22-09.12.21:600][  0]LogWindows: Failed to load 'D:/OneDrive - SNU/github/CPP_Portfolio_2022/ArenaBattle/Binaries/Win64/UE4Editor-ArenaBattle-8656.dll' (GetLastError=1114)
[2022.03.22-09.12.21:600][  0]LogWindows:   Missing import: UE4Editor-ArenaBattleSetting-0006.dll
[2022.03.22-09.12.21:600][  0]LogWindows:   Looked in: ../../../Engine/Binaries/Win64
[2022.03.22-09.12.21:600][  0]LogWindows:   Looked in: D:/OneDrive - SNU/github/CPP_Portfolio_2022/ArenaBattle/Binaries/Win64
[2022.03.22-09.12.21:600][  0]LogWindows:   Looked in: D:\OneDrive - SNU\github\CPP_Portfolio_2022\ArenaBattle\Binaries\Win64
[2022.03.22-09.12.21:601][  0]LogWindows:   Looked in: C:\Program Files\Epic Games\UE_4.27\Engine\Plugins\MeshPainting\Binaries\Win64
[2022.03.22-09.12.21:601][  0]LogWindows:   Looked in: C:\Program Files\Epic Games\UE_4.27\Engine\Plugins\Experimental\GeometryProcessing\Binaries\Win64
[2022.03.22-09.12.21:601][  0]LogWindows:   Looked in: C:\Program Files\Epic Games\UE_4.27\Engine\Plugins\XGEController\Binaries\Win64
[2022.03.22-09.12.21:601][  0]LogWindows:   Looked in: C:\Program Files\Epic Games\UE_4.27\Engine\Plugins\2D\Paper2D\Binaries\Win64
[2022.03.22-09.12.21:601][  0]LogWindows:   Looked in: C:\Program Files\Epic Games\UE_4.27\Engine\Plugins\AI\AISupport\Binaries\Win64
[2022.03.22-09.12.21:601][  0]LogWindows:   Looked in: C:\Program Files\Epic Games\UE_4.27\Engine\Plugins\AI\EnvironmentQueryEditor\Binaries\Win64
[2022.03.22-09.12.21:601][  0]LogWindows:   Looked in: C:\Program Files\Epic Games\UE_4.27\Engine\Plugins\Compression\OodleData\Binaries\Win64
[2022.03.22-09.12.21:601][  0]LogWindows:   Looked in: C:\Program Files\Epic Games\UE_4.27\Engine\Plugins\Editor\AssetManagerEditor\Binaries\Win64
[2022.03.22-09.12.21:601][  0]LogWindows:   Looked in: C:\Program Files\Epic Games\UE_4.27\Engine\Plugins\Blendables\LightPropagationVolume\Binaries\Win64
[2022.03.22-09.12.21:601][  0]LogWindows:   Looked in: C:\Program Files\Epic Games\UE_4.27\Engine\Plugins\Cameras\CameraShakePreviewer\Binaries\Win64
[2022.03.22-09.12.21:601][  0]LogWindows:   Looked in: C:\Program Files\Epic Games\UE_4.27\Engine\Plugins\Cameras\GameplayCameras\Binaries\Win64
[2022.03.22-09.12.21:601][  0]LogWindows:   Looked in: C:\Program Files\Epic Games\UE_4.27\Engine\Plugins\MovieScene\TemplateSequence\Binaries\Win64
[2022.03.22-09.12.21:601][  0]LogWindows:   Looked in: C:\Program Files\Epic Games\UE_4.27\Engine\Plugins\MovieScene\LevelSequenceEditor\Binaries\Win64
[2022.03.22-09.12.21:601][  0]LogWindows:   Looked in: C:\Program Files\Epic Games\UE_4.27\Engine\Plugins\Compression\OodleNetwork\Binaries\Win64
[2022.03.22-09.12.21:601][  0]LogWindows:   Looked in: C:\Program Files\Epic Games\UE_4.27\Engine\Plugins\Editor\CryptoKeys\Binaries\Win64
[2022.03.22-09.12.21:601][  0]LogWindows:   Looked in: C:\Program Files\Epic Games\UE_4.27\Engine\Plugins\Editor\CurveEditorTools\Binaries\Win64
[2022.03.22-09.12.21:601][  0]LogWindows:   Looked in: C:\Program Files\Epic Games\UE_4.27\Engine\Plugins\Editor\DataValidation\Binaries\Win64
[2022.03.22-09.12.21:601][  0]LogWindows:   Looked in: C:\Program Files\Epic Games\UE_4.27\Engine\Plugins\Editor\FacialAnimation\Binaries\Win64
[2022.03.22-09.12.21:601][  0]LogWindows:   Looked in: C:\Program Files\Epic Games\UE_4.27\Engine\Plugins\Editor\GameplayTagsEditor\Binaries\Win64
[2022.03.22-09.12.21:601][  0]LogWindows:   Looked in: C:\Program Files\Epic Games\UE_4.27\Engine\Plugins\Editor\GeometryMode\Binaries\Win64
[2022.03.22-09.12.21:601][  0]LogWindows:   Looked in: C:\Program Files\Epic Games\UE_4.27\Engine\Plugins\Editor\MacGraphicsSwitching\Binaries\Win64
[2022.03.22-09.12.21:601][  0]LogWindows:   Looked in: C:\Program Files\Epic Games\UE_4.27\Engine\Plugins\Editor\MobileLauncherProfileWizard\Binaries\Win64
[2022.03.22-09.12.21:601][  0]LogWindows:   Looked in: C:\Program Files\Epic Games\UE_4.27\Engine\Plugins\Editor\MaterialAnalyzer\Binaries\Win64
[2022.03.22-09.12.21:601][  0]LogWindows:   Looked in: C:\Program Files\Epic Games\UE_4.27\Engine\Plugins\Editor\PluginBrowser\Binaries\Win64
[2022.03.22-09.12.21:601][  0]LogWindows:   Looked in: C:\Program Files\Epic Games\UE_4.27\Engine\Plugins\Developer\PluginUtils\Binaries\Win64
[2022.03.22-09.12.21:601][  0]LogWindows:   Looked in: C:\Program Files\Epic Games\UE_4.27\Engine\Plugins\Editor\SpeedTreeImporter\Binaries\Win64
[2022.03.22-09.12.21:601][  0]LogWindows:   Looked in: C:\Program Files\Epic Games\UE_4.27\Engine\Plugins\Experimental\AlembicImporter\Binaries\Win64
[2022.03.22-09.12.21:601][  0]LogWindows:   Looked in: C:\Program Files\Epic Games\UE_4.27\Engine\Plugins\Experimental\GeometryCache\Binaries\Win64
[2022.03.22-09.12.21:601][  0]LogWindows:   Looked in: C:\Program Files\Epic Games\UE_4.27\Engine\Plugins\Experimental\AutomationUtils\Binaries\Win64
[2022.03.22-09.12.21:601][  0]LogWindows:   Looked in: C:\Program Files\Epic Games\UE_4.27\Engine\Plugins\Tests\ScreenshotTools\Binaries\Win64
[2022.03.22-09.12.21:601][  0]LogWindows:   Looked in: C:\Program Files\Epic Games\UE_4.27\Engine\Plugins\Experimental\BackChannel\Binaries\Win64
[2022.03.22-09.12.21:601][  0]LogWindows:   Looked in: C:\Program Files\Epic Games\UE_4.27\Engine\Plugins\Experimental\ChaosCloth\Binaries\Win64
[2022.03.22-09.12.21:601][  0]LogWindows:   Looked in: C:\Program Files\Epic Games\UE_4.27\Engine\Plugins\Experimental\ChaosNiagara\Binaries\Win64
[2022.03.22-09.12.21:601][  0]LogWindows:   Looked in: C:\Program Files\Epic Games\UE_4.27\Engine\Plugins\FX\Niagara\Binaries\Win64
[2022.03.22-09.12.21:601][  0]LogWindows:   Looked in: C:\Program Files\Epic Games\UE_4.27\Engine\Plugins\Experimental\ChaosSolverPlugin\Binaries\Win64
[2022.03.22-09.12.21:601][  0]LogWindows:   Looked in: C:\Program Files\Epic Games\UE_4.27\Engine\Plugins\Experimental\PythonScriptPlugin\Binaries\Win64
[2022.03.22-09.12.21:601][  0]LogWindows:   Looked in: C:\Program Files\Epic Games\UE_4.27\Engine\Plugins\Editor\ContentBrowser\ContentBrowserFileDataSource\Binaries\Win64
[2022.03.22-09.12.21:601][  0]LogWindows:   Looked in: C:\Program Files\Epic Games\UE_4.27\Engine\Plugins\Experimental\ChaosEditor\Binaries\Win64
[2022.03.22-09.12.21:601][  0]LogWindows:   Looked in: C:\Program Files\Epic Games\UE_4.27\Engine\Plugins\Experimental\PlanarCutPlugin\Binaries\Win64
[2022.03.22-09.12.21:601][  0]LogWindows:   Looked in: C:\Program Files\Epic Games\UE_4.27\Engine\Plugins\Runtime\EditableMesh\Binaries\Win64
[2022.03.22-09.12.21:601][  0]LogWindows:   Looked in: C:\Program Files\Epic Games\UE_4.27\Engine\Plugins\Experimental\GeometryCollectionPlugin\Binaries\Win64
[2022.03.22-09.12.21:601][  0]LogWindows:   Looked in: C:\Program Files\Epic Games\UE_4.27\Engine\Plugins\Runtime\ProceduralMeshComponent\Binaries\Win64
[2022.03.22-09.12.21:601][  0]LogWindows:   Looked in: C:\Program Files\Epic Games\UE_4.27\Engine\Plugins\Experimental\CharacterAI\Binaries\Win64
[2022.03.22-09.12.21:601][  0]LogWindows:   Looked in: C:\Program Files\Epic Games\UE_4.27\Engine\Plugins\Experimental\ChaosClothEditor\Binaries\Win64
[2022.03.22-09.12.21:601][  0]LogWindows:   Looked in: C:\Program Files\Epic Games\UE_4.27\Engine\Plugins\Experimental\MotoSynth\Binaries\Win64
[2022.03.22-09.12.21:601][  0]LogWindows:   Looked in: C:\Program Files\Epic Games\UE_4.27\Engine\Plugins\Experimental\OpenImageDenoise\Binaries\Win64
[2022.03.22-09.12.21:601][  0]LogWindows:   Looked in: C:\Program Files\Epic Games\UE_4.27\Engine\Plugins\Experimental\PlatformCrypto\Binaries\Win64
[2022.03.22-09.12.21:601][  0]LogWindows:   Looked in: C:\Program Files\Epic Games\UE_4.27\Engine\Plugins\Experimental\ProxyLODPlugin\Binaries\Win64
[2022.03.22-09.12.21:601][  0]LogWindows:   Looked in: C:\Program Files\Epic Games\UE_4.27\Engine\Plugins\Enterprise\DatasmithContent\Binaries\Win64
[2022.03.22-09.12.21:601][  0]LogWindows:   Looked in: C:\Program Files\Epic Games\UE_4.27\Engine\Plugins\Enterprise\VariantManagerContent\Binaries\Win64
[2022.03.22-09.12.21:601][  0]LogWindows:   Looked in: C:\Program Files\Epic Games\UE_4.27\Engine\Plugins\Experimental\SkeletalReduction\Binaries\Win64
[2022.03.22-09.12.21:601][  0]LogWindows:   Looked in: C:\Program Files\Epic Games\UE_4.27\Engine\Plugins\Developer\AnimationSharing\Binaries\Win64
[2022.03.22-09.12.21:601][  0]LogWindows:   Looked in: C:\Program Files\Epic Games\UE_4.27\Engine\Plugins\Runtime\SignificanceManager\Binaries\Win64
[2022.03.22-09.12.21:601][  0]LogWindows:   Looked in: C:\Program Files\Epic Games\UE_4.27\Engine\Plugins\Developer\CLionSourceCodeAccess\Binaries\Win64
[2022.03.22-09.12.21:601][  0]LogWindows:   Looked in: C:\Program Files\Epic Games\UE_4.27\Engine\Plugins\Developer\CodeLiteSourceCodeAccess\Binaries\Win64
[2022.03.22-09.12.21:601][  0]LogWindows:   Looked in: C:\Program Files\Epic Games\UE_4.27\Engine\Plugins\Developer\GitSourceControl\Binaries\Win64
[2022.03.22-09.12.21:601][  0]LogWindows:   Looked in: C:\Program Files\Epic Games\UE_4.27\Engine\Plugins\Developer\NullSourceCodeAccess\Binaries\Win64
[2022.03.22-09.12.21:601][  0]LogWindows:   Looked in: C:\Program Files\Epic Games\UE_4.27\Engine\Plugins\Developer\KDevelopSourceCodeAccess\Binaries\Win64
[2022.03.22-09.12.21:601][  0]LogWindows:   Looked in: C:\Program Files\Epic Games\UE_4.27\Engine\Plugins\Developer\PerforceSourceControl\Binaries\Win64
[2022.03.22-09.12.21:601][  0]LogWindows:   Looked in: C:\Program Files\Epic Games\UE_4.27\Engine\Plugins\Developer\PixWinPlugin\Binaries\Win64
[2022.03.22-09.12.21:601][  0]LogWindows:   Looked in: C:\Program Files\Epic Games\UE_4.27\Engine\Plugins\Developer\PlasticSourceControl\Binaries\Win64
[2022.03.22-09.12.21:601][  0]LogWindows:   Looked in: C:\Program Files\Epic Games\UE_4.27\Engine\Plugins\Developer\PropertyAccessNode\Binaries\Win64
[2022.03.22-09.12.21:601][  0]LogWindows:   Looked in: C:\Program Files\Epic Games\UE_4.27\Engine\Plugins\Runtime\PropertyAccess\Binaries\Win64
[2022.03.22-09.12.21:601][  0]LogWindows:   Looked in: C:\Program Files\Epic Games\UE_4.27\Engine\Plugins\Developer\SubversionSourceControl\Binaries\Win64
[2022.03.22-09.12.21:601][  0]LogWindows:   Looked in: C:\Program Files\Epic Games\UE_4.27\Engine\Plugins\Developer\RiderSourceCodeAccess\Binaries\Win64
[2022.03.22-09.12.21:601][  0]LogWindows:   Looked in: C:\Program Files\Epic Games\UE_4.27\Engine\Plugins\Developer\TextureFormatOodle\Binaries\Win64
[2022.03.22-09.12.21:601][  0]LogWindows:   Looked in: C:\Program Files\Epic Games\UE_4.27\Engine\Plugins\Developer\VisualStudioSourceCodeAccess\Binaries\Win64
[2022.03.22-09.12.21:601][  0]LogWindows:   Looked in: C:\Program Files\Epic Games\UE_4.27\Engine\Plugins\Developer\XCodeSourceCodeAccess\Binaries\Win64
[2022.03.22-09.12.21:601][  0]LogWindows:   Looked in: C:\Program Files\Epic Games\UE_4.27\Engine\Plugins\Lumin\LuminPlatformFeatures\Binaries\Win64
[2022.03.22-09.12.21:601][  0]LogWindows:   Looked in: C:\Program Files\Epic Games\UE_4.27\Engine\Plugins\Lumin\MLSDK\Binaries\Win64
[2022.03.22-09.12.21:601][  0]LogWindows:   Looked in: C:\Program Files\Epic Games\UE_4.27\Engine\Plugins\Developer\VisualStudioCodeSourceCodeAccess\Binaries\Win64
[2022.03.22-09.12.21:601][  0]LogWindows:   Looked in: C:\Program Files\Epic Games\UE_4.27\Engine\Plugins\Lumin\MagicLeap\Binaries\Win64
[2022.03.22-09.12.21:601][  0]LogWindows:   Looked in: C:\Program Files\Epic Games\UE_4.27\Engine\Plugins\Lumin\MagicLeapPassableWorld\Binaries\Win64
[2022.03.22-09.12.21:601][  0]LogWindows:   Looked in: C:\Program Files\Epic Games\UE_4.27\Engine\Plugins\Lumin\MagicLeapLightEstimation\Binaries\Win64
[2022.03.22-09.12.21:601][  0]LogWindows:   Looked in: C:\Program Files\Epic Games\UE_4.27\Engine\Plugins\Developer\UObjectPlugin\Binaries\Win64
[2022.03.22-09.12.21:601][  0]LogWindows:   Looked in: C:\Program Files\Epic Games\UE_4.27\Engine\Plugins\Lumin\MagicLeapMedia\Binaries\Win64
[2022.03.22-09.12.21:601][  0]LogWindows:   Looked in: C:\Program Files\Epic Games\UE_4.27\Engine\Plugins\Messaging\TcpMessaging\Binaries\Win64
[2022.03.22-09.12.21:601][  0]LogWindows:   Looked in: C:\Program Files\Epic Games\UE_4.27\Engine\Plugins\Messaging\UdpMessaging\Binaries\Win64
[2022.03.22-09.12.21:601][  0]LogWindows:   Looked in: C:\Program Files\Epic Games\UE_4.27\Engine\Plugins\Media\AndroidMedia\Binaries\Win64
[2022.03.22-09.12.21:601][  0]LogWindows:   Looked in: C:\Program Files\Epic Games\UE_4.27\Engine\Plugins\Media\AvfMedia\Binaries\Win64
[2022.03.22-09.12.21:601][  0]LogWindows:   Looked in: C:\Program Files\Epic Games\UE_4.27\Engine\Plugins\Media\ImgMedia\Binaries\Win64
[2022.03.22-09.12.21:601][  0]LogWindows:   Looked in: C:\Program Files\Epic Games\UE_4.27\Engine\Plugins\Media\MediaCompositing\Binaries\Win64
[2022.03.22-09.12.21:601][  0]LogWindows:   Looked in: C:\Program Files\Epic Games\UE_4.27\Engine\Plugins\Media\MediaPlayerEditor\Binaries\Win64
[2022.03.22-09.12.21:601][  0]LogWindows:   Looked in: C:\Program Files\Epic Games\UE_4.27\Engine\Plugins\MovieScene\ActorSequence\Binaries\Win64
[2022.03.22-09.12.21:601][  0]LogWindows:   Looked in: C:\Program Files\Epic Games\UE_4.27\Engine\Plugins\Media\WmfMedia\Binaries\Win64
[2022.03.22-09.12.21:601][  0]LogWindows:   Looked in: C:\Program Files\Epic Games\UE_4.27\Engine\Plugins\MovieScene\MatineeToLevelSequence\Binaries\Win64
[2022.03.22-09.12.21:601][  0]LogWindows:   Looked in: C:\Program Files\Epic Games\UE_4.27\Engine\Plugins\Online\OnlineSubsystem\Binaries\Win64
[2022.03.22-09.12.21:601][  0]LogWindows:   Looked in: C:\Program Files\Epic Games\UE_4.27\Engine\Plugins\Online\OnlineSubsystemNull\Binaries\Win64
[2022.03.22-09.12.21:601][  0]LogWindows:   Looked in: C:\Program Files\Epic Games\UE_4.27\Engine\Plugins\Online\OnlineSubsystemUtils\Binaries\Win64
[2022.03.22-09.12.21:601][  0]LogWindows:   Looked in: C:\Program Files\Epic Games\UE_4.27\Engine\Plugins\Portal\LauncherChunkInstaller\Binaries\Win64
[2022.03.22-09.12.21:601][  0]LogWindows:   Looked in: C:\Program Files\Epic Games\UE_4.27\Engine\Plugins\Runtime\ActorLayerUtilities\Binaries\Win64
[2022.03.22-09.12.21:601][  0]LogWindows:   Looked in: C:\Program Files\Epic Games\UE_4.27\Engine\Plugins\Runtime\AndroidDeviceProfileSelector\Binaries\Win64
[2022.03.22-09.12.21:601][  0]LogWindows:   Looked in: C:\Program Files\Epic Games\UE_4.27\Engine\Plugins\Runtime\AndroidMoviePlayer\Binaries\Win64
[2022.03.22-09.12.21:601][  0]LogWindows:   Looked in: C:\Program Files\Epic Games\UE_4.27\Engine\Plugins\Runtime\AndroidPermission\Binaries\Win64
[2022.03.22-09.12.21:601][  0]LogWindows:   Looked in: C:\Program Files\Epic Games\UE_4.27\Engine\Plugins\Runtime\AppleMoviePlayer\Binaries\Win64
[2022.03.22-09.12.21:601][  0]LogWindows:   Looked in: C:\Program Files\Epic Games\UE_4.27\Engine\Plugins\Runtime\AppleImageUtils\Binaries\Win64
[2022.03.22-09.12.21:601][  0]LogWindows:   Looked in: C:\Program Files\Epic Games\UE_4.27\Engine\Plugins\Runtime\AssetTags\Binaries\Win64
[2022.03.22-09.12.21:601][  0]LogWindows:   Looked in: C:\Program Files\Epic Games\UE_4.27\Engine\Plugins\Runtime\ArchVisCharacter\Binaries\Win64
[2022.03.22-09.12.21:601][  0]LogWindows:   Looked in: C:\Program Files\Epic Games\UE_4.27\Engine\Plugins\Runtime\AudioCapture\Binaries\Win64
[2022.03.22-09.12.21:601][  0]LogWindows:   Looked in: C:\Program Files\Epic Games\UE_4.27\Engine\Plugins\Runtime\CableComponent\Binaries\Win64
[2022.03.22-09.12.21:601][  0]LogWindows:   Looked in: C:\Program Files\Epic Games\UE_4.27\Engine\Plugins\Runtime\ChunkDownloader\Binaries\Win64
[2022.03.22-09.12.21:602][  0]LogWindows:   Looked in: C:\Program Files\Epic Games\UE_4.27\Engine\Plugins\Runtime\CustomMeshComponent\Binaries\Win64
[2022.03.22-09.12.21:602][  0]LogWindows:   Looked in: C:\Program Files\Epic Games\UE_4.27\Engine\Plugins\Runtime\ExampleDeviceProfileSelector\Binaries\Win64
[2022.03.22-09.12.21:602][  0]LogWindows:   Looked in: C:\Program Files\Epic Games\UE_4.27\Engine\Plugins\Runtime\GoogleCloudMessaging\Binaries\Win64
[2022.03.22-09.12.21:602][  0]LogWindows:   Looked in: C:\Program Files\Epic Games\UE_4.27\Engine\Plugins\Runtime\GooglePAD\Binaries\Win64
[2022.03.22-09.12.21:602][  0]LogWindows:   Looked in: C:\Program Files\Epic Games\UE_4.27\Engine\Plugins\Runtime\IOSDeviceProfileSelector\Binaries\Win64
[2022.03.22-09.12.21:602][  0]LogWindows:   Looked in: C:\Program Files\Epic Games\UE_4.27\Engine\Plugins\Runtime\LinuxDeviceProfileSelector\Binaries\Win64
[2022.03.22-09.12.21:602][  0]LogWindows:   Looked in: C:\Program Files\Epic Games\UE_4.27\Engine\Plugins\Runtime\LocationServicesBPLibrary\Binaries\Win64
[2022.03.22-09.12.21:602][  0]LogWindows:   Looked in: C:\Program Files\Epic Games\UE_4.27\Engine\Plugins\Runtime\MobilePatchingUtils\Binaries\Win64
[2022.03.22-09.12.21:602][  0]LogWindows:   Looked in: C:\Program Files\Epic Games\UE_4.27\Engine\Plugins\Runtime\OpenXR\Binaries\Win64
[2022.03.22-09.12.21:602][  0]LogWindows:   Looked in: C:\Program Files\Epic Games\UE_4.27\Engine\Plugins\Runtime\OpenXREyeTracker\Binaries\Win64
[2022.03.22-09.12.21:602][  0]LogWindows:   Looked in: C:\Program Files\Epic Games\UE_4.27\Engine\Plugins\Runtime\OpenXRHandTracking\Binaries\Win64
[2022.03.22-09.12.21:602][  0]LogWindows:   Looked in: C:\Program Files\Epic Games\UE_4.27\Engine\Plugins\Animation\LiveLink\Binaries\Win64
[2022.03.22-09.12.21:602][  0]LogWindows:   Looked in: C:\Program Files\Epic Games\UE_4.27\Engine\Plugins\VirtualProduction\Takes\Binaries\Win64
[2022.03.22-09.12.21:602][  0]LogWindows:   Looked in: C:\Program Files\Epic Games\UE_4.27\Engine\Plugins\Runtime\PostSplashScreen\Binaries\Win64
[2022.03.22-09.12.21:602][  0]LogWindows:   Looked in: C:\Program Files\Epic Games\UE_4.27\Engine\Plugins\Runtime\PhysXVehicles\Binaries\Win64
[2022.03.22-09.12.21:602][  0]LogWindows:   Looked in: C:\Program Files\Epic Games\UE_4.27\Engine\Plugins\Runtime\RuntimePhysXCooking\Binaries\Win64
[2022.03.22-09.12.21:602][  0]LogWindows:   Looked in: C:\Program Files\Epic Games\UE_4.27\Engine\Plugins\Runtime\SoundFields\Binaries\Win64
[2022.03.22-09.12.21:602][  0]LogWindows:   Looked in: C:\Program Files\Epic Games\UE_4.27\Engine\Plugins\Runtime\Synthesis\Binaries\Win64
[2022.03.22-09.12.21:602][  0]LogWindows:   Looked in: C:\Program Files\Epic Games\UE_4.27\Engine\Plugins\Runtime\AudioSynesthesia\Binaries\Win64
[2022.03.22-09.12.21:602][  0]LogWindows:   Looked in: C:\Program Files\Epic Games\UE_4.27\Engine\Plugins\Runtime\WebMMoviePlayer\Binaries\Win64
[2022.03.22-09.12.21:602][  0]LogWindows:   Looked in: C:\Program Files\Epic Games\UE_4.27\Engine\Plugins\Media\WebMMedia\Binaries\Win64
[2022.03.22-09.12.21:602][  0]LogWindows:   Looked in: C:\Program Files\Epic Games\UE_4.27\Engine\Plugins\Runtime\WindowsMoviePlayer\Binaries\Win64
[2022.03.22-09.12.21:602][  0]LogWindows:   Looked in: C:\Program Files\Epic Games\UE_4.27\Engine\Plugins\Editor\ContentBrowser\ContentBrowserAssetDataSource\Binaries\Win64
[2022.03.22-09.12.21:602][  0]LogWindows:   Looked in: C:\Program Files\Epic Games\UE_4.27\Engine\Plugins\Editor\ContentBrowser\ContentBrowserClassDataSource\Binaries\Win64
[2022.03.22-09.12.21:602][  0]LogWindows:   Looked in: C:\Program Files\Epic Games\UE_4.27\Engine\Plugins\Online\Android\OnlineSubsystemGooglePlay\Binaries\Win64
[2022.03.22-09.12.21:602][  0]LogWindows:   Looked in: C:\Program Files\Epic Games\UE_4.27\Engine\Plugins\Online\IOS\OnlineSubsystemIOS\Binaries\Win64
[2022.03.22-09.12.21:602][  0]LogWindows:   Looked in: C:\Program Files\Epic Games\UE_4.27\Engine\Plugins\Runtime\Oculus\OculusVR\Binaries\Win64
[2022.03.22-09.12.21:602][  0]LogWindows:   Looked in: C:\Program Files\Epic Games\UE_4.27\Engine\Plugins\Runtime\Steam\SteamVR\Binaries\Win64
[2022.03.22-09.12.21:602][  0]LogWindows:   Looked in: C:\Program Files\Epic Games\UE_4.27\Engine\Binaries\Win64\(Path="")\lib\win64
[2022.03.22-09.12.21:602][  0]LogWindows:   Looked in: C:\Program Files\Epic Games\UE_4.27\Engine\Binaries\Win64\Android
[2022.03.22-09.12.21:602][  0]LogWindows:   Looked in: C:\Program Files\Epic Games\UE_4.27\Engine\Binaries\Win64\IOS
[2022.03.22-09.12.21:602][  0]LogWindows:   Looked in: C:\Program Files\Epic Games\UE_4.27\Engine\Binaries\Win64\Linux
[2022.03.22-09.12.21:602][  0]LogWindows:   Looked in: C:\Program Files\Epic Games\UE_4.27\Engine\Binaries\Win64\Lumin
[2022.03.22-09.12.21:602][  0]LogModuleManager: Warning: ModuleManager: Unable to load module 'D:/OneDrive - SNU/github/CPP_Portfolio_2022/ArenaBattle/Binaries/Win64/UE4Editor-ArenaBattle-8656.dll' because the file couldn't be loaded by the OS.
[2022.03.22-09.12.56:714][  0]Message dialog closed, result: Ok, title: 메시지, text: ArenaBattle' 게임 모듈을 로드하지 못했습니다. 운영체제 오류가 있거나 모듈 설정이 제대로 되지 않았을 수 있습니다. 또는 빌드에 포함된 플러그인이 켜짐 상태가 아닐 수 있습니다.
[2022.03.22-09.12.56:714][  0]LogCore: Engine exit requested (reason: EngineExit() was called)
[2022.03.22-09.12.56:727][  0]LogSlate: Slate User Destroyed.  User Index 0, Is Virtual User: 0
[2022.03.22-09.12.56:727][  0]LogExit: Preparing to exit.
[2022.03.22-09.12.57:451][  0]LogUObjectHash: Compacting FUObjectHashTables data took   1.43ms
[2022.03.22-09.12.57:571][  0]LogWindows: Error: Error reentered: Assertion failed: Object->HasAnyFlags( RF_BeginDestroyed ) && !Object->HasAnyFlags( RF_FinishDestroyed ) [File:D:/Build/++UE4/Sync/Engine/Source/Runtime/CoreUObject/Private/UObject/GarbageCollection.cpp] [Line: 1574] 


[2022.03.22-09.12.58:422][  0]LogWindows: Error: === Critical error: ===
[2022.03.22-09.12.58:422][  0]LogWindows: Error: 
[2022.03.22-09.12.58:422][  0]LogWindows: Error: Assertion failed: GIsHotReload [File:D:/Build/++UE4/Sync/Engine/Source/Runtime/CoreUObject/Private/UObject/UObjectBase.cpp] [Line: 704] 
[2022.03.22-09.12.58:422][  0]LogWindows: Error: Trying to recreate class 'UABCharacterSetting' outside of hot reload!
[2022.03.22-09.12.58:422][  0]LogWindows: Error: 
[2022.03.22-09.12.58:422][  0]LogWindows: Error: 
[2022.03.22-09.12.58:422][  0]LogWindows: Error: [Callstack] 0x00007ffd463a478c KERNELBASE.dll!UnknownFunction []
[2022.03.22-09.12.58:422][  0]LogWindows: Error: [Callstack] 0x00007ffcf1c10216 UE4Editor-Core.dll!UnknownFunction []
[2022.03.22-09.12.58:422][  0]LogWindows: Error: [Callstack] 0x00007ffcf1c14218 UE4Editor-Core.dll!UnknownFunction []
[2022.03.22-09.12.58:422][  0]LogWindows: Error: [Callstack] 0x00007ffcf193242d UE4Editor-Core.dll!UnknownFunction []
[2022.03.22-09.12.58:422][  0]LogWindows: Error: [Callstack] 0x00007ffcf1886a45 UE4Editor-Core.dll!UnknownFunction []
[2022.03.22-09.12.58:422][  0]LogWindows: Error: [Callstack] 0x00007ffcf18880a0 UE4Editor-Core.dll!UnknownFunction []
[2022.03.22-09.12.58:422][  0]LogWindows: Error: [Callstack] 0x00007ffcf3ed2a7f UE4Editor-CoreUObject.dll!UnknownFunction []
[2022.03.22-09.12.58:422][  0]LogWindows: Error: [Callstack] 0x00007ffcf3ed3642 UE4Editor-CoreUObject.dll!UnknownFunction []
[2022.03.22-09.12.58:422][  0]LogWindows: Error: [Callstack] 0x00007ffcf404ecaf UE4Editor-CoreUObject.dll!UnknownFunction []
[2022.03.22-09.12.58:422][  0]LogWindows: Error: [Callstack] 0x00007ffcf3eb9bd7 UE4Editor-CoreUObject.dll!UnknownFunction []
[2022.03.22-09.12.58:422][  0]LogWindows: Error: [Callstack] 0x00007ff6965488ed UE4Editor.exe!UnknownFunction []
[2022.03.22-09.12.58:422][  0]LogWindows: Error: [Callstack] 0x00007ff69654823d UE4Editor.exe!UnknownFunction []
[2022.03.22-09.12.58:422][  0]LogWindows: Error: [Callstack] 0x00007ff69655048a UE4Editor.exe!UnknownFunction []
[2022.03.22-09.12.58:422][  0]LogWindows: Error: [Callstack] 0x00007ff696551063 UE4Editor.exe!UnknownFunction []
[2022.03.22-09.12.58:422][  0]LogWindows: Error: [Callstack] 0x00007ff6965510ba UE4Editor.exe!UnknownFunction []
[2022.03.22-09.12.58:422][  0]LogWindows: Error: [Callstack] 0x00007ff6965540dd UE4Editor.exe!UnknownFunction []
[2022.03.22-09.12.58:422][  0]LogWindows: Error: [Callstack] 0x00007ff696565984 UE4Editor.exe!UnknownFunction []
[2022.03.22-09.12.58:422][  0]LogWindows: Error: [Callstack] 0x00007ff69656853a UE4Editor.exe!UnknownFunction []
[2022.03.22-09.12.58:422][  0]LogWindows: Error: [Callstack] 0x00007ffd46d154e0 KERNEL32.DLL!UnknownFunction []
[2022.03.22-09.12.58:422][  0]LogWindows: Error: [Callstack] 0x00007ffd48e0485b ntdll.dll!UnknownFunction []
[2022.03.22-09.12.58:422][  0]LogWindows: Error: 
[2022.03.22-09.12.58:435][  0]LogExit: Executing StaticShutdownAfterError
[2022.03.22-09.12.58:435][  0]LogWindows: FPlatformMisc::RequestExit(1)
[2022.03.22-09.12.58:435][  0]LogWindows: FPlatformMisc::RequestExitWithStatus(1, 3)
[2022.03.22-09.12.58:435][  0]LogCore: Engine exit requested (reason: Win RequestExit; note: exit was already requested)
[2022.03.22-09.12.58:446][  0]Log file closed, 03/22/22 18:12:58
