  Cleaning ArenaBattleEditor and UnrealHeaderTool binaries...
  Using 'git status' to determine working set for adaptive non-unity build (D:\OneDrive - SNU\github\CPP_Portfolio_2022).
  Creating makefile for ArenaBattleEditor (no existing makefile)
UnrealBuildTool : error : Circular dependency on ArenaBattleSetting.Build.cs detected.
                          	Full Route: Target -> ArenaBattle.Build.cs -> ArenaBattleSetting.Build.cs -> ArenaBattleSetting.Build.cs
                          	Cycled Route: is ArenaBattle -> ArenaBattleSetting -> ArenaBattleSetting.
                          Break this loop by moving dependencies into a separate module or using Private/PublicIncludePathModuleNames to reference declarations
  Parsing headers for ArenaBattleEditor
    Running UnrealHeaderTool "D:\OneDrive - SNU\github\CPP_Portfolio_2022\ArenaBattle\ArenaBattle.uproject" "D:\OneDrive - SNU\github\CPP_Portfolio_2022\ArenaBattle\Intermediate\Build\Win64\ArenaBattleEditor\Development\ArenaBattleEditor.uhtmanifest" -LogCmds="loginit warning, logexit warning, logdatabase error" -Unattended -WarningsAsErrors -abslog="C:\Users\ejrrb\AppData\Local\UnrealBuildTool\Log_UHT.txt" -installed
  LogInit: Display: Loading text-based GConfig....
  Reflection code generated for ArenaBattleEditor in 3.8179531 seconds
  Building ArenaBattleEditor...
  Using Visual Studio 2019 14.29.30140 toolchain (C:\Program Files (x86)\Microsoft Visual Studio\2019\Community\VC\Tools\MSVC\14.29.30133) and Windows 10.0.19041.0 SDK (C:\Program Files (x86)\Windows Kits\10).
  [Upgrade]
  [Upgrade] Using backward-compatible build settings. The latest version of UE4 sets the following values by default, which may require code changes:
  [Upgrade]     bLegacyPublicIncludePaths = false                 => Omits subfolders from public include paths to reduce compiler command line length. (Previously: true).
  [Upgrade]     ShadowVariableWarningLevel = WarningLevel.Error   => Treats shadowed variable warnings as errors. (Previously: WarningLevel.Warning).
  [Upgrade]     PCHUsage = PCHUsageMode.UseExplicitOrSharedPCHs   => Set in build.cs files to enables IWYU-style PCH model. See https://docs.unrealengine.com/en-US/Programming/BuildTools/UnrealBuildTool/IWYU/index.html. (Previously: PCHUsageMode.UseSharedPCHs).
  [Upgrade] Suppress this message by setting 'DefaultBuildSettings = BuildSettingsVersion.V2;' in ArenaBattleEditor.Target.cs, and explicitly overriding settings that differ from the new defaults.
  [Upgrade]
  Building 52 actions with 12 processes...
    [1/52] Default.rc2
    [2/52] Default.rc2
    [3/52] SharedPCH.Engine.cpp
    [4/52] ArenaBattleSetting.cpp
    [5/52] ArenaBattleSetting.init.gen.cpp
    [6/52] ABCharacterSetting.cpp
    [7/52] ABCharacterSetting.gen.cpp
    [8/52] ArenaBattleCharacter.cpp
    [9/52] ABItemBox.cpp
    [10/52] ABCharacterStatComponent.cpp
    [11/52] ABPawn.cpp
    [12/52] ABGameInstance.cpp
    [13/52] ABAnimInstance.cpp
    [14/52] ABGameMode.cpp
    [15/52] ABPlayerController.cpp
    [16/52] ArenaBattleGameMode.cpp
    [17/52] ArenaBattle.cpp
    [18/52] ABWeapon.cpp
    [19/52] ABCharacterWidget.cpp
    [20/52] ABAIController.cpp
    [21/52] Fountain.cpp
    [22/52] BTTask_Attack.cpp
    [23/52] BTService_Detect.cpp
    [24/52] ABCharacterStatComponent.gen.cpp
    [25/52] BTDecorator_IsInAttackRange.cpp
    [26/52] BTTask_TurnToTarget.cpp
    [27/52] ABAIController.gen.cpp
    [28/52] ABAnimInstance.gen.cpp
    [29/52] ABGameMode.gen.cpp
    [30/52] BTTask_FindPatrolPos.cpp
    [31/52] ArenaBattle.init.gen.cpp
    [32/52] ABCharacter.cpp
    [33/52] ABGameInstance.gen.cpp
    [34/52] ArenaBattleCharacter.gen.cpp
    [35/52] ABPlayerController.gen.cpp
    [36/52] ABCharacter.gen.cpp
    [37/52] ABWeapon.gen.cpp
    [38/52] ABItemBox.gen.cpp
    [39/52] UE4Editor-ArenaBattleSetting-0001.lib
       D:\OneDrive - SNU\github\CPP_Portfolio_2022\ArenaBattle\Intermediate\Build\Win64\UE4Editor\Development\ArenaBattleSetting\UE4Editor-ArenaBattleSetting-0001.lib 라이브러리 및 D:\OneDrive - SNU\github\CPP_Portfolio_2022\ArenaBattle\Intermediate\Build\Win64\UE4Editor\Development\ArenaBattleSetting\UE4Editor-ArenaBattleSetting-0001.exp 개체를 생성하고 있습니다.
    [40/52] ABCharacterWidget.gen.cpp
    [41/52] ArenaBattleGameMode.gen.cpp
    [42/52] UE4Editor-ArenaBattleSetting-0001.dll
LINK : fatal error LNK1104: 'D:\OneDrive - SNU\github\CPP_Portfolio_2022\ArenaBattle\Binaries\Win64\UE4Editor-ArenaBattleSetting-0001.dll' 파일을 열 수 없습니다.
    [43/52] BTService_Detect.gen.cpp
    [44/52] BTTask_Attack.gen.cpp
    [45/52] BTDecorator_IsInAttackRange.gen.cpp
    [46/52] Fountain.gen.cpp
    [47/52] BTTask_FindPatrolPos.gen.cpp
    [48/52] ABPawn.gen.cpp
    [49/52] BTTask_TurnToTarget.gen.cpp
    [50/52] UE4Editor-ArenaBattle-0001.lib
       D:\OneDrive - SNU\github\CPP_Portfolio_2022\ArenaBattle\Intermediate\Build\Win64\UE4Editor\Development\ArenaBattle\UE4Editor-ArenaBattle-0001.lib 라이브러리 및 D:\OneDrive - SNU\github\CPP_Portfolio_2022\ArenaBattle\Intermediate\Build\Win64\UE4Editor\Development\ArenaBattle\UE4Editor-ArenaBattle-0001.exp 개체를 생성하고 있습니다.
    [51/52] UE4Editor-ArenaBattle-0001.dll
LINK : fatal error LNK1104: 'D:\OneDrive - SNU\github\CPP_Portfolio_2022\ArenaBattle\Binaries\Win64\UE4Editor-ArenaBattle-0001.dll' 파일을 열 수 없습니다.
C:\Program Files (x86)\Microsoft Visual Studio\2019\Community\MSBuild\Microsoft\VC\v160\Microsoft.MakeFile.Targets(51,5): error MSB3073: ""C:\Program Files\Epic Games\UE_4.27\Engine\Build\BatchFiles\Rebuild.bat" ArenaBattleEditor Win64 Development -Project="D:\OneDrive - SNU\github\CPP_Portfolio_2022\ArenaBattle\ArenaBattle.uproject" -WaitMutex -FromMsBuild" 명령이 종료되었습니다(코드: -1).
